


[00:21:02] Faemz worships Onesickcraftingwench!
[00:21:02] <Begin Info: Sanguine Robe>
[00:21:02]  
[00:21:02] Total Utility: 60
[00:21:02]  
[00:21:02] Magical Bonuses:
[00:21:02] 20.00 | Dexterity: +30 pts
[00:21:02] 20.00 | Constitution: +30 pts
[00:21:02] 20.00 | Hits: +80 pts
[00:21:02]  
[00:21:02] Level Requirement: 50 Level
[00:21:02]  
[00:21:02] Magical Ability:
[00:21:02] Damages the target. A portion of damage inflicted is used to heal the caster.
[00:21:02] 
[00:21:02] Damage: 65
[00:21:02] (This figure is modified by your specialization in the skill and your primary casting stat.)
[00:21:02] Damage returned to caster as health: 100%
[00:21:02] Target: Enemy Target
[00:21:02] Range: 300
[00:21:02] Damage Type: Body
[00:21:02] Casting time: Instant
[00:21:02]  
[00:21:02] - Spell has a chance of casting when enemy strikes at this armor.
[00:21:02]  
[00:21:02] Armor Modifiers:
[00:21:02] - 51 Base Factor
[00:21:02] - 50 Clamped Factor
[00:21:02] - 0% Absorption
[00:21:02] - 100% Quality
[00:21:02] - 100% Condition
[00:21:02]  
[00:21:02] Effective Armor:
[00:21:02] - 50 Factor
[00:21:02] <End Info>
[00:21:03] <Begin Info: Sanguine Silk Crown>
[00:21:03] Usable by:
[00:21:03] - Wizard
[00:21:03]  
[00:21:03] Total Utility: 56
[00:21:03]  
[00:21:03] Magical Bonuses:
[00:21:03] 10.00 | Intelligence: +15 pts
[00:21:03] 10.00 | Hits: +40 pts
[00:21:03] 20.00 | Slash: +10 %
[00:21:03] 16.00 | Thrust: +8 %
[00:21:03]  
[00:21:03] Level Requirement: 50 Level
[00:21:03]  
[00:21:03] Magical Ability:
[00:21:03] Damages the target.
[00:21:03] 
[00:21:03] Damage: 95
[00:21:03] (This figure is modified by your specialization in the skill and your primary casting stat.)
[00:21:03] Target: Enemy Target
[00:21:03] Range: 1500
[00:21:03] Damage Type: Cold
[00:21:03] Casting time: Instant
[00:21:03]  
[00:21:03] - Spell has a chance of casting when enemy strikes at this armor.
[00:21:03]  
[00:21:03] Armor Modifiers:
[00:21:03] - 51 Base Factor
[00:21:03] - 50 Clamped Factor
[00:21:03] - 0% Absorption
[00:21:03] - 100% Quality
[00:21:03] - 100% Condition
[00:21:03]  
[00:21:03] Effective Armor:
[00:21:03] - 50 Factor
[00:21:03] <End Info>
[00:21:04] <Begin Info: Sanguine Silk Boots>
[00:21:04] Usable by:
[00:21:04] - Wizard
[00:21:04]  
[00:21:04] Total Utility: 54
[00:21:04]  
[00:21:04] Magical Bonuses:
[00:21:04] 12.00 | Dexterity: +18 pts
[00:21:04] 14.00 | Constitution: +21 pts
[00:21:04] 16.00 | Intelligence: +24 pts
[00:21:04] 12.00 | Hits: +48 pts
[00:21:04]  
[00:21:04] Level Requirement: 50 Level
[00:21:04]  
[00:21:04] Magical Ability:
[00:21:04] Damages the target.
[00:21:04] 
[00:21:04] Damage: 95
[00:21:04] (This figure is modified by your specialization in the skill and your primary casting stat.)
[00:21:04] Target: Enemy Target
[00:21:04] Range: 1500
[00:21:04] Damage Type: Cold
[00:21:04] Casting time: Instant
[00:21:04]  
[00:21:04] - Spell has a chance of casting when enemy strikes at this armor.
[00:21:04]  
[00:21:04] Armor Modifiers:
[00:21:04] - 51 Base Factor
[00:21:04] - 50 Clamped Factor
[00:21:04] - 0% Absorption
[00:21:04] - 100% Quality
[00:21:04] - 100% Condition
[00:21:04]  
[00:21:04] Effective Armor:
[00:21:04] - 50 Factor
[00:21:04] <End Info>
[00:21:05] <Begin Info: Sanguine Silk Gloves>
[00:21:05] Usable by:
[00:21:05] - Wizard
[00:21:05]  
[00:21:05] Total Utility: 76
[00:21:05] Single Skill Utility: 61
[00:21:05]  
[00:21:05] Magical Bonuses:
[00:21:05] 10.00 | Hits: +40 pts
[00:21:05] 16.00 | Crush: +8 %
[00:21:05] 20.00 | Thrust: +10 %
[00:21:05] 30.00 | ALL magic skills: +3 pts
[00:21:05]  
[00:21:05] Level Requirement: 50 Level
[00:21:05]  
[00:21:05] Magical Ability:
[00:21:05] Damages the target.
[00:21:05] 
[00:21:05] Damage: 95
[00:21:05] (This figure is modified by your specialization in the skill and your primary casting stat.)
[00:21:05] Target: Enemy Target
[00:21:05] Range: 1500
[00:21:05] Damage Type: Cold
[00:21:05] Casting time: Instant
[00:21:05]  
[00:21:05] - Spell has a chance of casting when enemy strikes at this armor.
[00:21:05]  
[00:21:05] Armor Modifiers:
[00:21:05] - 51 Base Factor
[00:21:05] - 50 Clamped Factor
[00:21:05] - 0% Absorption
[00:21:05] - 100% Quality
[00:21:05] - 100% Condition
[00:21:05]  
[00:21:05] Effective Armor:
[00:21:05] - 50 Factor
[00:21:05] <End Info>
[00:21:05] @@Onesickcraftingwench says, "my pleasure bud"
[00:21:05] <Begin Info: Sanguine Silk Sleeves>
[00:21:05] Usable by:
[00:21:05] - Wizard
[00:21:05]  
[00:21:05] Total Utility: 76
[00:21:05] Single Skill Utility: 61
[00:21:05]  
[00:21:05] Magical Bonuses:
[00:21:05] 10.00 | Dexterity: +15 pts
[00:21:05] 20.00 | Crush: +10 %
[00:21:05] 16.00 | Slash: +8 %
[00:21:05] 30.00 | ALL magic skills: +3 pts
[00:21:05]  
[00:21:05] Level Requirement: 50 Level
[00:21:05]  
[00:21:05] Magical Ability:
[00:21:05] Function: melee health buffer
[00:21:05] 
[00:21:05] Adds a shield to recipient which will temporarily absorb some of the damage type specified.
[00:21:05] 
[00:21:05] Absorption: 50%
[00:21:05] Value: 150
[00:21:05] Target: Self
[00:21:05] Duration: 10:00 min
[00:21:05] Casting time: Instant
[00:21:05] Function: melee health buffer
[00:21:05]  
[00:21:05] - Spell has a chance of casting when enemy strikes at this armor.
[00:21:05]  
[00:21:05] Armor Modifiers:
[00:21:05] - 51 Base Factor
[00:21:05] - 50 Clamped Factor
[00:21:05] - 0% Absorption
[00:21:05] - 100% Quality
[00:21:05] - 100% Condition
[00:21:05]  
[00:21:05] Effective Armor:
[00:21:05] - 50 Factor
[00:21:05] <End Info>
[00:21:06] <Begin Info: Sanguine Silk Pants>
[00:21:06] Usable by:
[00:21:06] - Wizard
[00:21:06]  
[00:21:06] Total Utility: 76
[00:21:06] Single Skill Utility: 61
[00:21:06]  
[00:21:06] Magical Bonuses:
[00:21:06] 10.00 | Hits: +40 pts
[00:21:06] 20.00 | Body: +10 %
[00:21:06] 16.00 | Spirit: +8 %
[00:21:06] 30.00 | ALL magic skills: +3 pts
[00:21:06]  
[00:21:06] Level Requirement: 50 Level
[00:21:06]  
[00:21:06] Magical Ability:
[00:21:06] Function: melee health buffer
[00:21:06] 
[00:21:06] Adds a shield to recipient which will temporarily absorb some of the damage type specified.
[00:21:06] 
[00:21:06] Absorption: 50%
[00:21:06] Value: 150
[00:21:06] Target: Self
[00:21:06] Duration: 10:00 min
[00:21:06] Casting time: Instant
[00:21:06] Function: melee health buffer
[00:21:06]  
[00:21:06] - Spell has a chance of casting when enemy strikes at this armor.
[00:21:06]  
[00:21:06] Armor Modifiers:
[00:21:06] - 51 Base Factor
[00:21:06] - 50 Clamped Factor
[00:21:06] - 0% Absorption
[00:21:06] - 100% Quality
[00:21:06] - 100% Condition
[00:21:06]  
[00:21:06] Effective Armor:
[00:21:06] - 50 Factor
[00:21:06] <End Info>
[00:21:07] <Begin Info: Sanguine Silk Robe>
[00:21:07] Usable by:
[00:21:07] - Wizard
[00:21:07]  
[00:21:07] Total Utility: 60
[00:21:07]  
[00:21:07] Magical Bonuses:
[00:21:07] 14.00 | Dexterity: +21 pts
[00:21:07] 14.00 | Intelligence: +21 pts
[00:21:07] 16.00 | Cold: +8 %
[00:21:07] 16.00 | Heat: +8 %
[00:21:07]  
[00:21:07] Level Requirement: 50 Level
[00:21:07]  
[00:21:07] Magical Ability:
[00:21:07] Heals the target.
[00:21:07]  
[00:21:07] Value: 180
[00:21:07] Target: Self
[00:21:07] Casting time: instant
[00:21:07]  
[00:21:07] - Spell has a chance of casting when enemy strikes at this armor.
[00:21:07]  
[00:21:07] Armor Modifiers:
[00:21:07] - 51 Base Factor
[00:21:07] - 50 Clamped Factor
[00:21:07] - 0% Absorption
[00:21:07] - 100% Quality
[00:21:07] - 100% Condition
[00:21:07]  
[00:21:07] Effective Armor:
[00:21:07] - 50 Factor
[00:21:07] <End Info>
[00:21:16] <Begin Info: Crown of Forebearance>
[00:21:16] Usable by:
[00:21:16] - Theurgist
[00:21:16]  
[00:21:16] Total Utility: 56
[00:21:16]  
[00:21:16] Magical Bonuses:
[00:21:16] 10.00 | Intelligence: +15 pts
[00:21:16] 10.00 | Hits: +40 pts
[00:21:16] 20.00 | Slash: +10 %
[00:21:16] 16.00 | Thrust: +8 %
[00:21:16]  
[00:21:16] Level Requirement: 50 Level
[00:21:16]  
[00:21:16] Magical Ability:
[00:21:16] Damages the target.
[00:21:16] 
[00:21:16] Damage: 95
[00:21:16] (This figure is modified by your specialization in the skill and your primary casting stat.)
[00:21:16] Target: Enemy Target
[00:21:16] Range: 1500
[00:21:16] Damage Type: Energy
[00:21:16] Casting time: Instant
[00:21:16]  
[00:21:16] - Spell has a chance of casting when enemy strikes at this armor.
[00:21:16]  
[00:21:16] Armor Modifiers:
[00:21:16] - 51 Base Factor
[00:21:16] - 50 Clamped Factor
[00:21:16] - 0% Absorption
[00:21:16] - 100% Quality
[00:21:16] - 100% Condition
[00:21:16]  
[00:21:16] Effective Armor:
[00:21:16] - 50 Factor
[00:21:16] <End Info>
[00:21:17] <Begin Info: Boots of Forebearance>
[00:21:17] Usable by:
[00:21:17] - Theurgist
[00:21:17]  
[00:21:17] Total Utility: 54
[00:21:17]  
[00:21:17] Magical Bonuses:
[00:21:17] 12.00 | Dexterity: +18 pts
[00:21:17] 14.00 | Constitution: +21 pts
[00:21:17] 16.00 | Intelligence: +24 pts
[00:21:17] 12.00 | Hits: +48 pts
[00:21:17]  
[00:21:17] Level Requirement: 50 Level
[00:21:17]  
[00:21:17] Magical Ability:
[00:21:17] Damages the target.
[00:21:17] 
[00:21:17] Damage: 95
[00:21:17] (This figure is modified by your specialization in the skill and your primary casting stat.)
[00:21:17] Target: Enemy Target
[00:21:17] Range: 1500
[00:21:17] Damage Type: Cold
[00:21:17] Casting time: Instant
[00:21:17]  
[00:21:17] - Spell has a chance of casting when enemy strikes at this armor.
[00:21:17]  
[00:21:17] Armor Modifiers:
[00:21:17] - 51 Base Factor
[00:21:17] - 50 Clamped Factor
[00:21:17] - 0% Absorption
[00:21:17] - 100% Quality
[00:21:17] - 100% Condition
[00:21:17]  
[00:21:17] Effective Armor:
[00:21:17] - 50 Factor
[00:21:17] <End Info>
[00:21:17] <Begin Info: Gloves of Forebearance>
[00:21:17] Usable by:
[00:21:17] - Theurgist
[00:21:17]  
[00:21:17] Total Utility: 76
[00:21:17] Single Skill Utility: 61
[00:21:17]  
[00:21:17] Magical Bonuses:
[00:21:17] 10.00 | Hits: +40 pts
[00:21:17] 16.00 | Crush: +8 %
[00:21:17] 20.00 | Thrust: +10 %
[00:21:17] 30.00 | ALL magic skills: +3 pts
[00:21:17]  
[00:21:17] Level Requirement: 50 Level
[00:21:17]  
[00:21:17] Magical Ability:
[00:21:17] Damages the target.
[00:21:17] 
[00:21:17] Damage: 95
[00:21:17] (This figure is modified by your specialization in the skill and your primary casting stat.)
[00:21:17] Target: Enemy Target
[00:21:17] Range: 1500
[00:21:17] Damage Type: Cold
[00:21:17] Casting time: Instant
[00:21:17]  
[00:21:17] - Spell has a chance of casting when enemy strikes at this armor.
[00:21:17]  
[00:21:17] Armor Modifiers:
[00:21:17] - 51 Base Factor
[00:21:17] - 50 Clamped Factor
[00:21:17] - 0% Absorption
[00:21:17] - 100% Quality
[00:21:17] - 100% Condition
[00:21:17]  
[00:21:17] Effective Armor:
[00:21:17] - 50 Factor
[00:21:17] <End Info>
[00:21:18] <Begin Info: Sleeves of Forebearance>
[00:21:18] Usable by:
[00:21:18] - Theurgist
[00:21:18]  
[00:21:18] Total Utility: 76
[00:21:18] Single Skill Utility: 61
[00:21:18]  
[00:21:18] Magical Bonuses:
[00:21:18] 10.00 | Dexterity: +15 pts
[00:21:18] 20.00 | Crush: +10 %
[00:21:18] 16.00 | Slash: +8 %
[00:21:18] 30.00 | ALL magic skills: +3 pts
[00:21:18]  
[00:21:18] Level Requirement: 50 Level
[00:21:18]  
[00:21:18] Magical Ability:
[00:21:18] Function: melee health buffer
[00:21:18] 
[00:21:18] Adds a shield to recipient which will temporarily absorb some of the damage type specified.
[00:21:18] 
[00:21:18] Absorption: 50%
[00:21:18] Value: 150
[00:21:18] Target: Self
[00:21:18] Duration: 10:00 min
[00:21:18] Casting time: Instant
[00:21:18] Function: melee health buffer
[00:21:18]  
[00:21:18] - Spell has a chance of casting when enemy strikes at this armor.
[00:21:18]  
[00:21:18] Armor Modifiers:
[00:21:18] - 51 Base Factor
[00:21:18] - 50 Clamped Factor
[00:21:18] - 0% Absorption
[00:21:18] - 100% Quality
[00:21:18] - 100% Condition
[00:21:18]  
[00:21:18] Effective Armor:
[00:21:18] - 50 Factor
[00:21:18] <End Info>
[00:21:18] <Begin Info: Pants of Forebearance>
[00:21:18] Usable by:
[00:21:18] - Theurgist
[00:21:18]  
[00:21:18] Total Utility: 66
[00:21:18]  
[00:21:18] Magical Bonuses:
[00:21:18] 20.00 | Body: +10 %
[00:21:18] 16.00 | Spirit: +8 %
[00:21:18] 15.00 | Earth Magic: +3 pts
[00:21:18] 15.00 | Cold Magic: +3 pts
[00:21:18]  
[00:21:18] Level Requirement: 50 Level
[00:21:18]  
[00:21:18] Magical Ability:
[00:21:18] Function: melee health buffer
[00:21:18] 
[00:21:18] Adds a shield to recipient which will temporarily absorb some of the damage type specified.
[00:21:18] 
[00:21:18] Absorption: 50%
[00:21:18] Value: 150
[00:21:18] Target: Self
[00:21:18] Duration: 10:00 min
[00:21:18] Casting time: Instant
[00:21:18] Function: melee health buffer
[00:21:18]  
[00:21:18] - Spell has a chance of casting when enemy strikes at this armor.
[00:21:18]  
[00:21:18] Armor Modifiers:
[00:21:18] - 51 Base Factor
[00:21:18] - 50 Clamped Factor
[00:21:18] - 0% Absorption
[00:21:18] - 100% Quality
[00:21:18] - 100% Condition
[00:21:18]  
[00:21:18] Effective Armor:
[00:21:18] - 50 Factor
[00:21:18] <End Info>
[00:21:19] <Begin Info: Robe of Forebearance>
[00:21:19] Usable by:
[00:21:19] - Theurgist
[00:21:19]  
[00:21:19] Total Utility: 60
[00:21:19]  
[00:21:19] Magical Bonuses:
[00:21:19] 14.00 | Dexterity: +21 pts
[00:21:19] 14.00 | Intelligence: +21 pts
[00:21:19] 16.00 | Cold: +8 %
[00:21:19] 16.00 | Heat: +8 %
[00:21:19]  
[00:21:19] Level Requirement: 50 Level
[00:21:19]  
[00:21:19] Magical Ability:
[00:21:19] Heals the target.
[00:21:19]  
[00:21:19] Value: 180
[00:21:19] Target: Self
[00:21:19] Casting time: instant
[00:21:19]  
[00:21:19] - Spell has a chance of casting when enemy strikes at this armor.
[00:21:19]  
[00:21:19] Armor Modifiers:
[00:21:19] - 51 Base Factor
[00:21:19] - 50 Clamped Factor
[00:21:19] - 0% Absorption
[00:21:19] - 100% Quality
[00:21:19] - 100% Condition
[00:21:19]  
[00:21:19] Effective Armor:
[00:21:19] - 50 Factor
[00:21:19] <End Info>
[00:21:22] <Begin Info: Sable Warlock's Crown>
[00:21:22] Usable by:
[00:21:22] - Sorcerer
[00:21:22]  
[00:21:22] Total Utility: 56
[00:21:22]  
[00:21:22] Magical Bonuses:
[00:21:22] 10.00 | Intelligence: +15 pts
[00:21:22] 10.00 | Hits: +40 pts
[00:21:22] 20.00 | Slash: +10 %
[00:21:22] 16.00 | Thrust: +8 %
[00:21:22]  
[00:21:22] Level Requirement: 50 Level
[00:21:22]  
[00:21:22] Magical Ability:
[00:21:22] Damages the target.
[00:21:22] 
[00:21:22] Damage: 95
[00:21:22] (This figure is modified by your specialization in the skill and your primary casting stat.)
[00:21:22] Target: Enemy Target
[00:21:22] Range: 1500
[00:21:22] Damage Type: Cold
[00:21:22] Casting time: Instant
[00:21:22]  
[00:21:22] - Spell has a chance of casting when enemy strikes at this armor.
[00:21:22]  
[00:21:22] Armor Modifiers:
[00:21:22] - 51 Base Factor
[00:21:22] - 50 Clamped Factor
[00:21:22] - 0% Absorption
[00:21:22] - 100% Quality
[00:21:22] - 100% Condition
[00:21:22]  
[00:21:22] Effective Armor:
[00:21:22] - 50 Factor
[00:21:22] <End Info>
[00:21:22] <Begin Info: Sable Warlock's Boots>
[00:21:22] Usable by:
[00:21:22] - Sorcerer
[00:21:22]  
[00:21:22] Total Utility: 54
[00:21:22]  
[00:21:22] Magical Bonuses:
[00:21:22] 12.00 | Dexterity: +18 pts
[00:21:22] 14.00 | Constitution: +21 pts
[00:21:22] 16.00 | Intelligence: +24 pts
[00:21:22] 12.00 | Hits: +48 pts
[00:21:22]  
[00:21:22] Level Requirement: 50 Level
[00:21:22]  
[00:21:22] Magical Ability:
[00:21:22] Damages the target.
[00:21:22] 
[00:21:22] Damage: 95
[00:21:22] (This figure is modified by your specialization in the skill and your primary casting stat.)
[00:21:22] Target: Enemy Target
[00:21:22] Range: 1500
[00:21:22] Damage Type: Cold
[00:21:22] Casting time: Instant
[00:21:22]  
[00:21:22] - Spell has a chance of casting when enemy strikes at this armor.
[00:21:22]  
[00:21:22] Armor Modifiers:
[00:21:22] - 51 Base Factor
[00:21:22] - 50 Clamped Factor
[00:21:22] - 0% Absorption
[00:21:22] - 100% Quality
[00:21:22] - 100% Condition
[00:21:22]  
[00:21:22] Effective Armor:
[00:21:22] - 50 Factor
[00:21:22] <End Info>
[00:21:23] <Begin Info: Sable Warlock's Gloves>
[00:21:23] Usable by:
[00:21:23] - Sorcerer
[00:21:23]  
[00:21:23] Total Utility: 61
[00:21:23]  
[00:21:23] Magical Bonuses:
[00:21:23] 10.00 | Hits: +40 pts
[00:21:23] 16.00 | Crush: +8 %
[00:21:23] 20.00 | Thrust: +10 %
[00:21:23] 15.00 | Mind Magic: +3 pts
[00:21:23]  
[00:21:23] Level Requirement: 50 Level
[00:21:23]  
[00:21:23] Magical Ability:
[00:21:23] Damages the target.
[00:21:23] 
[00:21:23] Damage: 95
[00:21:23] (This figure is modified by your specialization in the skill and your primary casting stat.)
[00:21:23] Target: Enemy Target
[00:21:23] Range: 1500
[00:21:23] Damage Type: Cold
[00:21:23] Casting time: Instant
[00:21:23]  
[00:21:23] - Spell has a chance of casting when enemy strikes at this armor.
[00:21:23]  
[00:21:23] Armor Modifiers:
[00:21:23] - 51 Base Factor
[00:21:23] - 50 Clamped Factor
[00:21:23] - 0% Absorption
[00:21:23] - 100% Quality
[00:21:23] - 100% Condition
[00:21:23]  
[00:21:23] Effective Armor:
[00:21:23] - 50 Factor
[00:21:23] <End Info>
[00:21:24] <Begin Info: Sable Warlock's Sleeves>
[00:21:24] Usable by:
[00:21:24] - Sorcerer
[00:21:24]  
[00:21:24] Total Utility: 66
[00:21:24]  
[00:21:24] Magical Bonuses:
[00:21:24] 20.00 | Crush: +10 %
[00:21:24] 16.00 | Slash: +8 %
[00:21:24] 15.00 | Body Magic: +3 pts
[00:21:24] 15.00 | Matter Magic: +3 pts
[00:21:24]  
[00:21:24] Level Requirement: 50 Level
[00:21:24]  
[00:21:24] Magical Ability:
[00:21:24] Function: melee health buffer
[00:21:24] 
[00:21:24] Adds a shield to recipient which will temporarily absorb some of the damage type specified.
[00:21:24] 
[00:21:24] Absorption: 50%
[00:21:24] Value: 150
[00:21:24] Target: Self
[00:21:24] Duration: 10:00 min
[00:21:24] Casting time: Instant
[00:21:24] Function: melee health buffer
[00:21:24]  
[00:21:24] - Spell has a chance of casting when enemy strikes at this armor.
[00:21:24]  
[00:21:24] Armor Modifiers:
[00:21:24] - 51 Base Factor
[00:21:24] - 50 Clamped Factor
[00:21:24] - 0% Absorption
[00:21:24] - 100% Quality
[00:21:24] - 100% Condition
[00:21:24]  
[00:21:24] Effective Armor:
[00:21:24] - 50 Factor
[00:21:24] <End Info>
[00:21:25] <Begin Info: Sable Warlock's Pants>
[00:21:25] Usable by:
[00:21:25] - Sorcerer
[00:21:25]  
[00:21:25] Total Utility: 66
[00:21:25]  
[00:21:25] Magical Bonuses:
[00:21:25] 20.00 | Body: +10 %
[00:21:25] 16.00 | Spirit: +8 %
[00:21:25] 15.00 | Body Magic: +3 pts
[00:21:25] 15.00 | Matter Magic: +3 pts
[00:21:25]  
[00:21:25] Level Requirement: 50 Level
[00:21:25]  
[00:21:25] Magical Ability:
[00:21:25] Function: melee health buffer
[00:21:25] 
[00:21:25] Adds a shield to recipient which will temporarily absorb some of the damage type specified.
[00:21:25] 
[00:21:25] Absorption: 50%
[00:21:25] Value: 150
[00:21:25] Target: Self
[00:21:25] Duration: 10:00 min
[00:21:25] Casting time: Instant
[00:21:25] Function: melee health buffer
[00:21:25]  
[00:21:25] - Spell has a chance of casting when enemy strikes at this armor.
[00:21:25]  
[00:21:25] Armor Modifiers:
[00:21:25] - 51 Base Factor
[00:21:25] - 50 Clamped Factor
[00:21:25] - 0% Absorption
[00:21:25] - 100% Quality
[00:21:25] - 100% Condition
[00:21:25]  
[00:21:25] Effective Armor:
[00:21:25] - 50 Factor
[00:21:25] <End Info>
[00:21:25] <Begin Info: Sable Warlock's Robe>
[00:21:25] Usable by:
[00:21:25] - Sorcerer
[00:21:25]  
[00:21:25] Total Utility: 60
[00:21:25]  
[00:21:25] Magical Bonuses:
[00:21:25] 14.00 | Dexterity: +21 pts
[00:21:25] 14.00 | Intelligence: +21 pts
[00:21:25] 16.00 | Body: +8 %
[00:21:25] 16.00 | Matter: +8 %
[00:21:25]  
[00:21:25] Level Requirement: 50 Level
[00:21:25]  
[00:21:25] Magical Ability:
[00:21:25] Heals the target.
[00:21:25]  
[00:21:25] Value: 180
[00:21:25] Target: Self
[00:21:25] Casting time: instant
[00:21:25]  
[00:21:25] - Spell has a chance of casting when enemy strikes at this armor.
[00:21:25]  
[00:21:25] Armor Modifiers:
[00:21:25] - 51 Base Factor
[00:21:25] - 50 Clamped Factor
[00:21:25] - 0% Absorption
[00:21:25] - 100% Quality
[00:21:25] - 100% Condition
[00:21:25]  
[00:21:25] Effective Armor:
[00:21:25] - 50 Factor
[00:21:25] <End Info>
[00:21:28] <Begin Info: Defiled Sanguine Robe>
[00:21:28] Usable by:
[00:21:28] - Theurgist
[00:21:28] - Wizard
[00:21:28]  
[00:21:28] Total Utility: 64
[00:21:28]  
[00:21:28] Magical Bonuses:
[00:21:28] 10.00 | Constitution: +15 pts
[00:21:28] 10.00 | Intelligence: +15 pts
[00:21:28] 22.00 | Body: +11 %
[00:21:28] 22.00 | Thrust: +11 %
[00:21:28]  
[00:21:28] Level Requirement: 50 Level
[00:21:28]  
[00:21:28] Magical Ability:
[00:21:28] Spell line: Damage over Time
[00:21:28] 
[00:21:28] Inflicts damage to the target repeatedly over a given time period. This spell can be cast during combat.
[00:21:28] 
[00:21:28] Damage per tick: 64
[00:21:28] (This figure is modified by your specialization in the skill and your primary casting stat.)
[00:21:28] Target: Enemy Target
[00:21:28] Range: 1500
[00:21:28] Damage Type: Matter
[00:21:28] Duration: 20 seconds
[00:21:28] Casting time: Instant
[00:21:28]  
[00:21:28] - Spell has a chance of casting when enemy strikes at this armor.
[00:21:28]  
[00:21:28] Armor Modifiers:
[00:21:28] - 51 Base Factor
[00:21:28] - 50 Clamped Factor
[00:21:28] - 0% Absorption
[00:21:28] - 100% Quality
[00:21:28] - 100% Condition
[00:21:28]  
[00:21:28] Effective Armor:
[00:21:28] - 50 Factor
[00:21:28] <End Info>
[00:21:28] <Begin Info: Defiled Petulant Crown>
[00:21:28] Usable by:
[00:21:28] - Cabalist
[00:21:28]  
[00:21:28] Total Utility: 56
[00:21:28]  
[00:21:28] Magical Bonuses:
[00:21:28] 10.00 | Dexterity: +15 pts
[00:21:28] 10.00 | Hits: +40 pts
[00:21:28] 20.00 | Slash: +10 %
[00:21:28] 16.00 | Thrust: +8 %
[00:21:28]  
[00:21:28] Level Requirement: 50 Level
[00:21:28]  
[00:21:28] Magical Ability:
[00:21:28] Damages the target.
[00:21:28] 
[00:21:28] Damage: 95
[00:21:28] (This figure is modified by your specialization in the skill and your primary casting stat.)
[00:21:28] Target: Enemy Target
[00:21:28] Range: 1500
[00:21:28] Damage Type: Cold
[00:21:28] Casting time: Instant
[00:21:28]  
[00:21:28] - Spell has a chance of casting when enemy strikes at this armor.
[00:21:28]  
[00:21:28] Armor Modifiers:
[00:21:28] - 51 Base Factor
[00:21:28] - 50 Clamped Factor
[00:21:28] - 0% Absorption
[00:21:28] - 100% Quality
[00:21:28] - 100% Condition
[00:21:28]  
[00:21:28] Effective Armor:
[00:21:28] - 50 Factor
[00:21:28] <End Info>
[00:21:29] <Begin Info: Defiled Petulant Boots>
[00:21:29] Usable by:
[00:21:29] - Cabalist
[00:21:29]  
[00:21:29] Total Utility: 54
[00:21:29]  
[00:21:29] Magical Bonuses:
[00:21:29] 12.00 | Dexterity: +18 pts
[00:21:29] 14.00 | Constitution: +21 pts
[00:21:29] 16.00 | Intelligence: +24 pts
[00:21:29] 12.00 | Hits: +48 pts
[00:21:29]  
[00:21:29] Level Requirement: 50 Level
[00:21:29]  
[00:21:29] Magical Ability:
[00:21:29] Damages the target.
[00:21:29] 
[00:21:29] Damage: 95
[00:21:29] (This figure is modified by your specialization in the skill and your primary casting stat.)
[00:21:29] Target: Enemy Target
[00:21:29] Range: 1500
[00:21:29] Damage Type: Cold
[00:21:29] Casting time: Instant
[00:21:29]  
[00:21:29] - Spell has a chance of casting when enemy strikes at this armor.
[00:21:29]  
[00:21:29] Armor Modifiers:
[00:21:29] - 51 Base Factor
[00:21:29] - 50 Clamped Factor
[00:21:29] - 0% Absorption
[00:21:29] - 100% Quality
[00:21:29] - 100% Condition
[00:21:29]  
[00:21:29] Effective Armor:
[00:21:29] - 50 Factor
[00:21:29] <End Info>
[00:21:30] <Begin Info: Defiled Petulant Gloves>
[00:21:30] Usable by:
[00:21:30] - Cabalist
[00:21:30]  
[00:21:30] Total Utility: 76
[00:21:30] Single Skill Utility: 61
[00:21:30]  
[00:21:30] Magical Bonuses:
[00:21:30] 10.00 | Hits: +40 pts
[00:21:30] 16.00 | Crush: +8 %
[00:21:30] 20.00 | Thrust: +10 %
[00:21:30] 30.00 | ALL magic skills: +3 pts
[00:21:30]  
[00:21:30] Level Requirement: 50 Level
[00:21:30]  
[00:21:30] Magical Ability:
[00:21:30] Damages the target.
[00:21:30] 
[00:21:30] Damage: 95
[00:21:30] (This figure is modified by your specialization in the skill and your primary casting stat.)
[00:21:30] Target: Enemy Target
[00:21:30] Range: 1500
[00:21:30] Damage Type: Cold
[00:21:30] Casting time: Instant
[00:21:30]  
[00:21:30] - Spell has a chance of casting when enemy strikes at this armor.
[00:21:30]  
[00:21:30] Armor Modifiers:
[00:21:30] - 51 Base Factor
[00:21:30] - 50 Clamped Factor
[00:21:30] - 0% Absorption
[00:21:30] - 100% Quality
[00:21:30] - 100% Condition
[00:21:30]  
[00:21:30] Effective Armor:
[00:21:30] - 50 Factor
[00:21:30] <End Info>
[00:21:31] <Begin Info: Defiled Petulant Sleeves>
[00:21:31] Usable by:
[00:21:31] - Cabalist
[00:21:31]  
[00:21:31] Total Utility: 76
[00:21:31] Single Skill Utility: 61
[00:21:31]  
[00:21:31] Magical Bonuses:
[00:21:31] 10.00 | Intelligence: +15 pts
[00:21:31] 20.00 | Crush: +10 %
[00:21:31] 16.00 | Slash: +8 %
[00:21:31] 30.00 | ALL magic skills: +3 pts
[00:21:31]  
[00:21:31] Level Requirement: 50 Level
[00:21:31]  
[00:21:31] Magical Ability:
[00:21:31] Function: melee health buffer
[00:21:31] 
[00:21:31] Adds a shield to recipient which will temporarily absorb some of the damage type specified.
[00:21:31] 
[00:21:31] Absorption: 50%
[00:21:31] Value: 150
[00:21:31] Target: Self
[00:21:31] Duration: 10:00 min
[00:21:31] Casting time: Instant
[00:21:31] Function: melee health buffer
[00:21:31]  
[00:21:31] - Spell has a chance of casting when enemy strikes at this armor.
[00:21:31]  
[00:21:31] Armor Modifiers:
[00:21:31] - 51 Base Factor
[00:21:31] - 50 Clamped Factor
[00:21:31] - 0% Absorption
[00:21:31] - 100% Quality
[00:21:31] - 100% Condition
[00:21:31]  
[00:21:31] Effective Armor:
[00:21:31] - 50 Factor
[00:21:31] <End Info>
[00:21:32] <Begin Info: Defiled Petulant Pants>
[00:21:32] Usable by:
[00:21:32] - Cabalist
[00:21:32]  
[00:21:32] Total Utility: 76
[00:21:32] Single Skill Utility: 61
[00:21:32]  
[00:21:32] Magical Bonuses:
[00:21:32] 10.00 | Hits: +40 pts
[00:21:32] 20.00 | Body: +10 %
[00:21:32] 16.00 | Spirit: +8 %
[00:21:32] 30.00 | ALL magic skills: +3 pts
[00:21:32]  
[00:21:32] Level Requirement: 50 Level
[00:21:32]  
[00:21:32] Magical Ability:
[00:21:32] Function: melee health buffer
[00:21:32] 
[00:21:32] Adds a shield to recipient which will temporarily absorb some of the damage type specified.
[00:21:32] 
[00:21:32] Absorption: 50%
[00:21:32] Value: 150
[00:21:32] Target: Self
[00:21:32] Duration: 10:00 min
[00:21:32] Casting time: Instant
[00:21:32] Function: melee health buffer
[00:21:32]  
[00:21:32] - Spell has a chance of casting when enemy strikes at this armor.
[00:21:32]  
[00:21:32] Armor Modifiers:
[00:21:32] - 51 Base Factor
[00:21:32] - 50 Clamped Factor
[00:21:32] - 0% Absorption
[00:21:32] - 100% Quality
[00:21:32] - 100% Condition
[00:21:32]  
[00:21:32] Effective Armor:
[00:21:32] - 50 Factor
[00:21:32] <End Info>
[00:21:33] <Begin Info: Defiled Petulant Robe>
[00:21:33] Usable by:
[00:21:33] - Cabalist
[00:21:33]  
[00:21:33] Total Utility: 60
[00:21:33]  
[00:21:33] Magical Bonuses:
[00:21:33] 14.00 | Dexterity: +21 pts
[00:21:33] 14.00 | Intelligence: +21 pts
[00:21:33] 16.00 | Cold: +8 %
[00:21:33] 16.00 | Heat: +8 %
[00:21:33]  
[00:21:33] Level Requirement: 50 Level
[00:21:33]  
[00:21:33] Magical Ability:
[00:21:33] Heals the target.
[00:21:33]  
[00:21:33] Value: 180
[00:21:33] Target: Self
[00:21:33] Casting time: instant
[00:21:33]  
[00:21:33] - Spell has a chance of casting when enemy strikes at this armor.
[00:21:33]  
[00:21:33] Armor Modifiers:
[00:21:33] - 51 Base Factor
[00:21:33] - 50 Clamped Factor
[00:21:33] - 0% Absorption
[00:21:33] - 100% Quality
[00:21:33] - 100% Condition
[00:21:33]  
[00:21:33] Effective Armor:
[00:21:33] - 50 Factor
[00:21:33] <End Info>
[00:21:41] <Begin Info: Host's Regenerative Skin>
[00:21:41] Usable by:
[00:21:41] - Friar
[00:21:41]  
[00:21:41] Total Utility: 60
[00:21:41]  
[00:21:41] Magical Bonuses:
[00:21:41] 10.00 | Dexterity: +15 pts
[00:21:41] 10.00 | Constitution: +15 pts
[00:21:41] 10.00 | Piety: +15 pts
[00:21:41] 30.00 | Enhancement: +6 pts
[00:21:41]  
[00:21:41] Level Requirement: 50 Level
[00:21:41]  
[00:21:41] Magical Ability:
[00:21:41] Target regenerates health during the duration of the spell
[00:21:41]  
[00:21:41] Value: 6
[00:21:41] Target: Self
[00:21:41] Duration: 10:00 min
[00:21:41] Casting time: instant
[00:21:41]  
[00:21:41] - Spell has a chance of casting when enemy strikes at this armor.
[00:21:41]  
[00:21:41] Armor Modifiers:
[00:21:41] - 102 Base Factor
[00:21:41] - 100 Clamped Factor
[00:21:41] - 10% Absorption
[00:21:41] - 100% Quality
[00:21:41] - 100% Condition
[00:21:41]  
[00:21:41] Effective Armor:
[00:21:41] - 110 Factor
[00:21:41] <End Info>
[00:21:42] <Begin Info: Azure Prayerbound Crown>
[00:21:42] Usable by:
[00:21:42] - Friar
[00:21:42]  
[00:21:42] Total Utility: 52.5
[00:21:42]  
[00:21:42] Magical Bonuses:
[00:21:42] 12.00 | Piety: +18 pts
[00:21:42] 4.50 | Hits: +18 pts
[00:21:42] 18.00 | Energy: +9 %
[00:21:42] 18.00 | Matter: +9 %
[00:21:42]  
[00:21:42] Level Requirement: 50 Level
[00:21:42]  
[00:21:42] Magical Ability:
[00:21:42] Damages the target.
[00:21:42] 
[00:21:42] Damage: 95
[00:21:42] (This figure is modified by your specialization in the skill and your primary casting stat.)
[00:21:42] Target: Enemy Target
[00:21:42] Range: 1500
[00:21:42] Damage Type: Cold
[00:21:42] Casting time: Instant
[00:21:42]  
[00:21:42] - Spell has a chance of casting when enemy strikes at this armor.
[00:21:42]  
[00:21:42] Armor Modifiers:
[00:21:42] - 102 Base Factor
[00:21:42] - 100 Clamped Factor
[00:21:42] - 10% Absorption
[00:21:42] - 100% Quality
[00:21:42] - 100% Condition
[00:21:42]  
[00:21:42] Effective Armor:
[00:21:42] - 110 Factor
[00:21:42] <End Info>
[00:21:43] <Begin Info: Azure Prayerbound Boots>
[00:21:43] Usable by:
[00:21:43] - Friar
[00:21:43]  
[00:21:43] Total Utility: 56
[00:21:43]  
[00:21:43] Magical Bonuses:
[00:21:43] 10.00 | Piety: +15 pts
[00:21:43] 10.00 | Hits: +40 pts
[00:21:43] 16.00 | Energy: +8 %
[00:21:43] 20.00 | Matter: +10 %
[00:21:43]  
[00:21:43] Level Requirement: 50 Level
[00:21:43]  
[00:21:43] Magical Ability:
[00:21:43] Damages the target.
[00:21:43] 
[00:21:43] Damage: 95
[00:21:43] (This figure is modified by your specialization in the skill and your primary casting stat.)
[00:21:43] Target: Enemy Target
[00:21:43] Range: 1500
[00:21:43] Damage Type: Cold
[00:21:43] Casting time: Instant
[00:21:43]  
[00:21:43] - Spell has a chance of casting when enemy strikes at this armor.
[00:21:43]  
[00:21:43] Armor Modifiers:
[00:21:43] - 102 Base Factor
[00:21:43] - 100 Clamped Factor
[00:21:43] - 10% Absorption
[00:21:43] - 100% Quality
[00:21:43] - 100% Condition
[00:21:43]  
[00:21:43] Effective Armor:
[00:21:43] - 110 Factor
[00:21:43] <End Info>
[00:21:43] @@[LFG] Adweel (25, Friar): Cherche guilde FR
[00:21:44] <Begin Info: Azure Prayerbound Gloves>
[00:21:44] Usable by:
[00:21:44] - Friar
[00:21:44]  
[00:21:44] Total Utility: 60
[00:21:44]  
[00:21:44] Magical Bonuses:
[00:21:44] 10.00 | Hits: +40 pts
[00:21:44] 18.00 | Crush: +9 %
[00:21:44] 18.00 | Slash: +9 %
[00:21:44] 14.00 | Thrust: +7 %
[00:21:44]  
[00:21:44] Level Requirement: 50 Level
[00:21:44]  
[00:21:44] Magical Ability:
[00:21:44] Damages the target.
[00:21:44] 
[00:21:44] Damage: 95
[00:21:44] (This figure is modified by your specialization in the skill and your primary casting stat.)
[00:21:44] Target: Enemy Target
[00:21:44] Range: 1500
[00:21:44] Damage Type: Cold
[00:21:44] Casting time: Instant
[00:21:44]  
[00:21:44] - Spell has a chance of casting when enemy strikes at this armor.
[00:21:44]  
[00:21:44] Armor Modifiers:
[00:21:44] - 102 Base Factor
[00:21:44] - 100 Clamped Factor
[00:21:44] - 10% Absorption
[00:21:44] - 100% Quality
[00:21:44] - 100% Condition
[00:21:44]  
[00:21:44] Effective Armor:
[00:21:44] - 110 Factor
[00:21:44] <End Info>
[00:21:45] <Begin Info: Azure Prayerbound Sleeves>
[00:21:45] Usable by:
[00:21:45] - Friar
[00:21:45]  
[00:21:45] Total Utility: 76
[00:21:45] Single Skill Utility: 61
[00:21:45]  
[00:21:45] Magical Bonuses:
[00:21:45] 10.00 | Quickness: +15 pts
[00:21:45] 16.00 | Cold: +8 %
[00:21:45] 20.00 | Heat: +10 %
[00:21:45] 30.00 | ALL magic skills: +3 pts
[00:21:45]  
[00:21:45] Level Requirement: 50 Level
[00:21:45]  
[00:21:45] Magical Ability:
[00:21:45] Function: melee health buffer
[00:21:45] 
[00:21:45] Adds a shield to recipient which will temporarily absorb some of the damage type specified.
[00:21:45] 
[00:21:45] Absorption: 50%
[00:21:45] Value: 150
[00:21:45] Target: Self
[00:21:45] Duration: 10:00 min
[00:21:45] Casting time: Instant
[00:21:45] Function: melee health buffer
[00:21:45]  
[00:21:45] - Spell has a chance of casting when enemy strikes at this armor.
[00:21:45]  
[00:21:45] Armor Modifiers:
[00:21:45] - 102 Base Factor
[00:21:45] - 100 Clamped Factor
[00:21:45] - 10% Absorption
[00:21:45] - 100% Quality
[00:21:45] - 100% Condition
[00:21:45]  
[00:21:45] Effective Armor:
[00:21:45] - 110 Factor
[00:21:45] <End Info>
[00:21:45] <Begin Info: Azure Prayerbound Pants>
[00:21:45] Usable by:
[00:21:45] - Friar
[00:21:45]  
[00:21:45] Total Utility: 61
[00:21:45]  
[00:21:45] Magical Bonuses:
[00:21:45] 10.00 | Piety: +15 pts
[00:21:45] 20.00 | Body: +10 %
[00:21:45] 16.00 | Spirit: +8 %
[00:21:45] 15.00 | Enhancement: +3 pts
[00:21:45]  
[00:21:45] Level Requirement: 50 Level
[00:21:45]  
[00:21:45] Magical Ability:
[00:21:45] Function: melee health buffer
[00:21:45] 
[00:21:45] Adds a shield to recipient which will temporarily absorb some of the damage type specified.
[00:21:45] 
[00:21:45] Absorption: 50%
[00:21:45] Value: 150
[00:21:45] Target: Self
[00:21:45] Duration: 10:00 min
[00:21:45] Casting time: Instant
[00:21:45] Function: melee health buffer
[00:21:45]  
[00:21:45] - Spell has a chance of casting when enemy strikes at this armor.
[00:21:45]  
[00:21:45] Armor Modifiers:
[00:21:45] - 102 Base Factor
[00:21:45] - 100 Clamped Factor
[00:21:45] - 10% Absorption
[00:21:45] - 100% Quality
[00:21:45] - 100% Condition
[00:21:45]  
[00:21:45] Effective Armor:
[00:21:45] - 110 Factor
[00:21:45] <End Info>
[00:21:46] @@[LFG] Cutndotem (50, Cabalist): body cap lf rvr grp
[00:21:46] <Begin Info: Azure Prayerbound Robe>
[00:21:46] Usable by:
[00:21:46] - Friar
[00:21:46]  
[00:21:46] Total Utility: 55
[00:21:46]  
[00:21:46] Magical Bonuses:
[00:21:46] 10.00 | Dexterity: +15 pts
[00:21:46] 10.00 | Constitution: +15 pts
[00:21:46] 15.00 | Parry: +3 pts
[00:21:46] 20.00 | Staff: +4 pts
[00:21:46]  
[00:21:46] Level Requirement: 50 Level
[00:21:46]  
[00:21:46] Magical Ability:
[00:21:46] Heals the target.
[00:21:46]  
[00:21:46] Value: 180
[00:21:46] Target: Self
[00:21:46] Casting time: instant
[00:21:46]  
[00:21:46] - Spell has a chance of casting when enemy strikes at this armor.
[00:21:46]  
[00:21:46] Armor Modifiers:
[00:21:46] - 102 Base Factor
[00:21:46] - 100 Clamped Factor
[00:21:46] - 10% Absorption
[00:21:46] - 100% Quality
[00:21:46] - 100% Condition
[00:21:46]  
[00:21:46] Effective Armor:
[00:21:46] - 110 Factor
[00:21:46] <End Info>
[00:21:48] <Begin Info: Royal Assassin's Gloves>
[00:21:48] Usable by:
[00:21:48] - Infiltrator
[00:21:48]  
[00:21:48] Total Utility: 61
[00:21:48]  
[00:21:48] Magical Bonuses:
[00:21:48] 10.00 | Hits: +40 pts
[00:21:48] 16.00 | Heat: +8 %
[00:21:48] 20.00 | Thrust: +10 %
[00:21:48] 15.00 | Slashing: +3 pts
[00:21:48]  
[00:21:48] Level Requirement: 50 Level
[00:21:48]  
[00:21:48] Magical Ability:
[00:21:48] Damages the target.
[00:21:48] 
[00:21:48] Damage: 95
[00:21:48] (This figure is modified by your specialization in the skill and your primary casting stat.)
[00:21:48] Target: Enemy Target
[00:21:48] Range: 1500
[00:21:48] Damage Type: Cold
[00:21:48] Casting time: Instant
[00:21:48]  
[00:21:48] - Spell has a chance of casting when enemy strikes at this armor.
[00:21:48]  
[00:21:48] Armor Modifiers:
[00:21:48] - 102 Base Factor
[00:21:48] - 100 Clamped Factor
[00:21:48] - 10% Absorption
[00:21:48] - 100% Quality
[00:21:48] - 100% Condition
[00:21:48]  
[00:21:48] Effective Armor:
[00:21:48] - 110 Factor
[00:21:48] <End Info>
[00:21:50] <Begin Info: Royal Assassin's Crown>
[00:21:50] Usable by:
[00:21:50] - Infiltrator
[00:21:50]  
[00:21:50] Total Utility: 61
[00:21:50]  
[00:21:50] Magical Bonuses:
[00:21:50] 10.00 | Dexterity: +15 pts
[00:21:50] 20.00 | Body: +10 %
[00:21:50] 16.00 | Spirit: +8 %
[00:21:50] 15.00 | Stealth: +3 pts
[00:21:50]  
[00:21:50] Level Requirement: 50 Level
[00:21:50]  
[00:21:50] Magical Ability:
[00:21:50] Damages the target.
[00:21:50] 
[00:21:50] Damage: 95
[00:21:50] (This figure is modified by your specialization in the skill and your primary casting stat.)
[00:21:50] Target: Enemy Target
[00:21:50] Range: 1500
[00:21:50] Damage Type: Cold
[00:21:50] Casting time: Instant
[00:21:50]  
[00:21:50] - Spell has a chance of casting when enemy strikes at this armor.
[00:21:50]  
[00:21:50] Armor Modifiers:
[00:21:50] - 102 Base Factor
[00:21:50] - 100 Clamped Factor
[00:21:50] - 10% Absorption
[00:21:50] - 100% Quality
[00:21:50] - 100% Condition
[00:21:50]  
[00:21:50] Effective Armor:
[00:21:50] - 110 Factor
[00:21:50] <End Info>
[00:21:50] <Begin Info: Royal Assassin's Boots>
[00:21:50] Usable by:
[00:21:50] - Infiltrator
[00:21:50]  
[00:21:50] Total Utility: 76
[00:21:50] Single Skill Utility: 61
[00:21:50]  
[00:21:50] Magical Bonuses:
[00:21:50] 10.00 | Quickness: +15 pts
[00:21:50] 16.00 | Cold: +8 %
[00:21:50] 20.00 | Thrust: +10 %
[00:21:50] 30.00 | ALL melee weapon skills: +3 pts
[00:21:50]  
[00:21:50] Level Requirement: 50 Level
[00:21:50]  
[00:21:50] Magical Ability:
[00:21:50] Damages the target.
[00:21:50] 
[00:21:50] Damage: 95
[00:21:50] (This figure is modified by your specialization in the skill and your primary casting stat.)
[00:21:50] Target: Enemy Target
[00:21:50] Range: 1500
[00:21:50] Damage Type: Cold
[00:21:50] Casting time: Instant
[00:21:50]  
[00:21:50] - Spell has a chance of casting when enemy strikes at this armor.
[00:21:50]  
[00:21:50] Armor Modifiers:
[00:21:50] - 102 Base Factor
[00:21:50] - 100 Clamped Factor
[00:21:50] - 10% Absorption
[00:21:50] - 100% Quality
[00:21:50] - 100% Condition
[00:21:50]  
[00:21:50] Effective Armor:
[00:21:50] - 110 Factor
[00:21:50] <End Info>
[00:21:51] <Begin Info: Royal Assassin's Sleeves>
[00:21:51] Usable by:
[00:21:51] - Infiltrator
[00:21:51]  
[00:21:51] Total Utility: 61
[00:21:51]  
[00:21:51] Magical Bonuses:
[00:21:51] 10.00 | Hits: +40 pts
[00:21:51] 20.00 | Cold: +10 %
[00:21:51] 16.00 | Slash: +8 %
[00:21:51] 15.00 | Critical Strike: +3 pts
[00:21:51]  
[00:21:51] Level Requirement: 50 Level
[00:21:51]  
[00:21:51] Magical Ability:
[00:21:51] Function: melee health buffer
[00:21:51] 
[00:21:51] Adds a shield to recipient which will temporarily absorb some of the damage type specified.
[00:21:51] 
[00:21:51] Absorption: 50%
[00:21:51] Value: 150
[00:21:51] Target: Self
[00:21:51] Duration: 10:00 min
[00:21:51] Casting time: Instant
[00:21:51] Function: melee health buffer
[00:21:51]  
[00:21:51] - Spell has a chance of casting when enemy strikes at this armor.
[00:21:51]  
[00:21:51] Armor Modifiers:
[00:21:51] - 102 Base Factor
[00:21:51] - 100 Clamped Factor
[00:21:51] - 10% Absorption
[00:21:51] - 100% Quality
[00:21:51] - 100% Condition
[00:21:51]  
[00:21:51] Effective Armor:
[00:21:51] - 110 Factor
[00:21:51] <End Info>
[00:21:52] <Begin Info: Royal Assassin's Leggings>
[00:21:52] Usable by:
[00:21:52] - Infiltrator
[00:21:52]  
[00:21:52] Total Utility: 61
[00:21:52]  
[00:21:52] Magical Bonuses:
[00:21:52] 10.00 | Hits: +40 pts
[00:21:52] 20.00 | Crush: +10 %
[00:21:52] 16.00 | Slash: +8 %
[00:21:52] 15.00 | Envenom: +3 pts
[00:21:52]  
[00:21:52] Level Requirement: 50 Level
[00:21:52]  
[00:21:52] Magical Ability:
[00:21:52] Function: melee health buffer
[00:21:52] 
[00:21:52] Adds a shield to recipient which will temporarily absorb some of the damage type specified.
[00:21:52] 
[00:21:52] Absorption: 50%
[00:21:52] Value: 150
[00:21:52] Target: Self
[00:21:52] Duration: 10:00 min
[00:21:52] Casting time: Instant
[00:21:52] Function: melee health buffer
[00:21:52]  
[00:21:52] - Spell has a chance of casting when enemy strikes at this armor.
[00:21:52]  
[00:21:52] Armor Modifiers:
[00:21:52] - 102 Base Factor
[00:21:52] - 100 Clamped Factor
[00:21:52] - 10% Absorption
[00:21:52] - 100% Quality
[00:21:52] - 100% Condition
[00:21:52]  
[00:21:52] Effective Armor:
[00:21:52] - 110 Factor
[00:21:52] <End Info>
[00:21:52] <Begin Info: Royal Assassin's Vest>
[00:21:52] Usable by:
[00:21:52] - Infiltrator
[00:21:52]  
[00:21:52] Total Utility: 59.333
[00:21:52]  
[00:21:52] Magical Bonuses:
[00:21:52] 14.67 | Strength: +22 pts
[00:21:52] 14.67 | Dexterity: +22 pts
[00:21:52] 10.00 | Constitution: +15 pts
[00:21:52] 20.00 | Stealth: +4 pts
[00:21:52]  
[00:21:52] Level Requirement: 50 Level
[00:21:52]  
[00:21:52] Magical Ability:
[00:21:52] Heals the target.
[00:21:52]  
[00:21:52] Value: 180
[00:21:52] Target: Self
[00:21:52] Casting time: instant
[00:21:52]  
[00:21:52] - Spell has a chance of casting when enemy strikes at this armor.
[00:21:52]  
[00:21:52] Armor Modifiers:
[00:21:52] - 102 Base Factor
[00:21:52] - 100 Clamped Factor
[00:21:52] - 10% Absorption
[00:21:52] - 100% Quality
[00:21:52] - 100% Condition
[00:21:52]  
[00:21:52] Effective Armor:
[00:21:52] - 110 Factor
[00:21:52] <End Info>
[00:21:55] <Begin Info: Shadowed Fatebinder's Crown>
[00:21:55] Usable by:
[00:21:55] - Necromancer
[00:21:55]  
[00:21:55] Total Utility: 56
[00:21:55]  
[00:21:55] Magical Bonuses:
[00:21:55] 10.00 | Intelligence: +15 pts
[00:21:55] 10.00 | Hits: +40 pts
[00:21:55] 20.00 | Slash: +10 %
[00:21:55] 16.00 | Thrust: +8 %
[00:21:55]  
[00:21:55] Level Requirement: 50 Level
[00:21:55]  
[00:21:55] Magical Ability:
[00:21:55] Damages the target.
[00:21:55] 
[00:21:55] Damage: 95
[00:21:55] (This figure is modified by your specialization in the skill and your primary casting stat.)
[00:21:55] Target: Enemy Target
[00:21:55] Range: 1500
[00:21:55] Damage Type: Cold
[00:21:55] Casting time: Instant
[00:21:55]  
[00:21:55] - Spell has a chance of casting when enemy strikes at this armor.
[00:21:55]  
[00:21:55] Armor Modifiers:
[00:21:55] - 51 Base Factor
[00:21:55] - 50 Clamped Factor
[00:21:55] - 0% Absorption
[00:21:55] - 100% Quality
[00:21:55] - 100% Condition
[00:21:55]  
[00:21:55] Effective Armor:
[00:21:55] - 50 Factor
[00:21:55] <End Info>
[00:21:56] <Begin Info: Shadowed Fatebinder's Boots>
[00:21:56] Usable by:
[00:21:56] - Necromancer
[00:21:56]  
[00:21:56] Total Utility: 54
[00:21:56]  
[00:21:56] Magical Bonuses:
[00:21:56] 12.00 | Dexterity: +18 pts
[00:21:56] 14.00 | Constitution: +21 pts
[00:21:56] 16.00 | Intelligence: +24 pts
[00:21:56] 12.00 | Hits: +48 pts
[00:21:56]  
[00:21:56] Level Requirement: 50 Level
[00:21:56]  
[00:21:56] Magical Ability:
[00:21:56] Damages the target.
[00:21:56] 
[00:21:56] Damage: 95
[00:21:56] (This figure is modified by your specialization in the skill and your primary casting stat.)
[00:21:56] Target: Enemy Target
[00:21:56] Range: 1500
[00:21:56] Damage Type: Cold
[00:21:56] Casting time: Instant
[00:21:56]  
[00:21:56] - Spell has a chance of casting when enemy strikes at this armor.
[00:21:56]  
[00:21:56] Armor Modifiers:
[00:21:56] - 51 Base Factor
[00:21:56] - 50 Clamped Factor
[00:21:56] - 0% Absorption
[00:21:56] - 100% Quality
[00:21:56] - 100% Condition
[00:21:56]  
[00:21:56] Effective Armor:
[00:21:56] - 50 Factor
[00:21:56] <End Info>
[00:21:56] <Begin Info: Shadowed Fatebinder's Gloves>
[00:21:56] Usable by:
[00:21:56] - Necromancer
[00:21:56]  
[00:21:56] Total Utility: 76
[00:21:56] Single Skill Utility: 61
[00:21:56]  
[00:21:56] Magical Bonuses:
[00:21:56] 10.00 | Hits: +40 pts
[00:21:56] 16.00 | Crush: +8 %
[00:21:56] 20.00 | Thrust: +10 %
[00:21:56] 30.00 | ALL magic skills: +3 pts
[00:21:56]  
[00:21:56] Level Requirement: 50 Level
[00:21:56]  
[00:21:56] Magical Ability:
[00:21:56] Damages the target.
[00:21:56] 
[00:21:56] Damage: 95
[00:21:56] (This figure is modified by your specialization in the skill and your primary casting stat.)
[00:21:56] Target: Enemy Target
[00:21:56] Range: 1500
[00:21:56] Damage Type: Cold
[00:21:56] Casting time: Instant
[00:21:56]  
[00:21:56] - Spell has a chance of casting when enemy strikes at this armor.
[00:21:56]  
[00:21:56] Armor Modifiers:
[00:21:56] - 51 Base Factor
[00:21:56] - 50 Clamped Factor
[00:21:56] - 0% Absorption
[00:21:56] - 100% Quality
[00:21:56] - 100% Condition
[00:21:56]  
[00:21:56] Effective Armor:
[00:21:56] - 50 Factor
[00:21:56] <End Info>
[00:21:57] <Begin Info: Shadowed Fatebinder's Sleeves>
[00:21:57] Usable by:
[00:21:57] - Necromancer
[00:21:57]  
[00:21:57] Total Utility: 76
[00:21:57] Single Skill Utility: 61
[00:21:57]  
[00:21:57] Magical Bonuses:
[00:21:57] 10.00 | Intelligence: +15 pts
[00:21:57] 20.00 | Crush: +10 %
[00:21:57] 16.00 | Slash: +8 %
[00:21:57] 30.00 | ALL magic skills: +3 pts
[00:21:57]  
[00:21:57] Level Requirement: 50 Level
[00:21:57]  
[00:21:57] Magical Ability:
[00:21:57] Function: melee health buffer
[00:21:57] 
[00:21:57] Adds a shield to recipient which will temporarily absorb some of the damage type specified.
[00:21:57] 
[00:21:57] Absorption: 50%
[00:21:57] Value: 150
[00:21:57] Target: Self
[00:21:57] Duration: 10:00 min
[00:21:57] Casting time: Instant
[00:21:57] Function: melee health buffer
[00:21:57]  
[00:21:57] - Spell has a chance of casting when enemy strikes at this armor.
[00:21:57]  
[00:21:57] Armor Modifiers:
[00:21:57] - 51 Base Factor
[00:21:57] - 50 Clamped Factor
[00:21:57] - 0% Absorption
[00:21:57] - 100% Quality
[00:21:57] - 100% Condition
[00:21:57]  
[00:21:57] Effective Armor:
[00:21:57] - 50 Factor
[00:21:57] <End Info>
[00:21:58] <Begin Info: Shadowed Fatebinder's Pants>
[00:21:58] Usable by:
[00:21:58] - Necromancer
[00:21:58]  
[00:21:58] Total Utility: 76
[00:21:58] Single Skill Utility: 61
[00:21:58]  
[00:21:58] Magical Bonuses:
[00:21:58] 10.00 | Dexterity: +15 pts
[00:21:58] 20.00 | Body: +10 %
[00:21:58] 16.00 | Spirit: +8 %
[00:21:58] 30.00 | ALL magic skills: +3 pts
[00:21:58]  
[00:21:58] Level Requirement: 50 Level
[00:21:58]  
[00:21:58] Magical Ability:
[00:21:58] Function: melee health buffer
[00:21:58] 
[00:21:58] Adds a shield to recipient which will temporarily absorb some of the damage type specified.
[00:21:58] 
[00:21:58] Absorption: 50%
[00:21:58] Value: 150
[00:21:58] Target: Self
[00:21:58] Duration: 10:00 min
[00:21:58] Casting time: Instant
[00:21:58] Function: melee health buffer
[00:21:58]  
[00:21:58] - Spell has a chance of casting when enemy strikes at this armor.
[00:21:58]  
[00:21:58] Armor Modifiers:
[00:21:58] - 51 Base Factor
[00:21:58] - 50 Clamped Factor
[00:21:58] - 0% Absorption
[00:21:58] - 100% Quality
[00:21:58] - 100% Condition
[00:21:58]  
[00:21:58] Effective Armor:
[00:21:58] - 50 Factor
[00:21:58] <End Info>
[00:21:58] <Begin Info: Shadowed Fatebinder's Robe>
[00:21:58] Usable by:
[00:21:58] - Necromancer
[00:21:58]  
[00:21:58] Total Utility: 60
[00:21:58]  
[00:21:58] Magical Bonuses:
[00:21:58] 14.00 | Dexterity: +21 pts
[00:21:58] 14.00 | Intelligence: +21 pts
[00:21:58] 16.00 | Body: +8 %
[00:21:58] 16.00 | Matter: +8 %
[00:21:58]  
[00:21:58] Level Requirement: 50 Level
[00:21:58]  
[00:21:58] Magical Ability:
[00:21:58] Heals the target.
[00:21:58]  
[00:21:58] Value: 180
[00:21:58] Target: Self
[00:21:58] Casting time: instant
[00:21:58]  
[00:21:58] - Spell has a chance of casting when enemy strikes at this armor.
[00:21:58]  
[00:21:58] Armor Modifiers:
[00:21:58] - 51 Base Factor
[00:21:58] - 50 Clamped Factor
[00:21:58] - 0% Absorption
[00:21:58] - 100% Quality
[00:21:58] - 100% Condition
[00:21:58]  
[00:21:58] Effective Armor:
[00:21:58] - 50 Factor
[00:21:58] <End Info>
[00:22:04] <Begin Info: Fire Thorn Vest>
[00:22:04]  
[00:22:04] Total Utility: 64
[00:22:04]  
[00:22:04] Magical Bonuses:
[00:22:04] 10.00 | Constitution: +15 pts
[00:22:04] 10.00 | Quickness: +15 pts
[00:22:04] 22.00 | Body: +11 %
[00:22:04] 22.00 | Heat: +11 %
[00:22:04]  
[00:22:04] Level Requirement: 50 Level
[00:22:04]  
[00:22:04] Magical Ability:
[00:22:04] Creates a field that damages anyone who attacks the target in melee.
[00:22:04] 
[00:22:04] Creates a field that damages anyone who attacks the target in melee.
[00:22:04] Damage: 5.1 DPS
[00:22:04] Target: Self
[00:22:04] Duration: 20 seconds
[00:22:04] Casting time: Instant
[00:22:04]  
[00:22:04] - Spell has a chance of casting when enemy strikes at this armor.
[00:22:04]  
[00:22:04] Armor Modifiers:
[00:22:04] - 102 Base Factor
[00:22:04] - 100 Clamped Factor
[00:22:04] - 19% Absorption
[00:22:04] - 100% Quality
[00:22:04] - 100% Condition
[00:22:04]  
[00:22:04] Effective Armor:
[00:22:04] - 119 Factor
[00:22:04] <End Info>
[00:22:05] <Begin Info: Sanguine Bowyer Crown>
[00:22:05] Usable by:
[00:22:05] - Scout
[00:22:05]  
[00:22:05] Total Utility: 60
[00:22:05]  
[00:22:05] Magical Bonuses:
[00:22:05] 10.00 | Hits: +40 pts
[00:22:05] 18.00 | Body: +9 %
[00:22:05] 18.00 | Matter: +9 %
[00:22:05] 14.00 | Spirit: +7 %
[00:22:05]  
[00:22:05] Level Requirement: 50 Level
[00:22:05]  
[00:22:05] Magical Ability:
[00:22:05] Damages the target.
[00:22:05] 
[00:22:05] Damage: 95
[00:22:05] (This figure is modified by your specialization in the skill and your primary casting stat.)
[00:22:05] Target: Enemy Target
[00:22:05] Range: 1500
[00:22:05] Damage Type: Cold
[00:22:05] Casting time: Instant
[00:22:05]  
[00:22:05] - Spell has a chance of casting when enemy strikes at this armor.
[00:22:05]  
[00:22:05] Armor Modifiers:
[00:22:05] - 102 Base Factor
[00:22:05] - 100 Clamped Factor
[00:22:05] - 19% Absorption
[00:22:05] - 100% Quality
[00:22:05] - 100% Condition
[00:22:05]  
[00:22:05] Effective Armor:
[00:22:05] - 119 Factor
[00:22:05] <End Info>
[00:22:05] <Begin Info: Sanguine Bowyer Boots>
[00:22:05] Usable by:
[00:22:05] - Scout
[00:22:05]  
[00:22:05] Total Utility: 60
[00:22:05]  
[00:22:05] Magical Bonuses:
[00:22:05] 10.00 | Hits: +40 pts
[00:22:05] 18.00 | Cold: +9 %
[00:22:05] 14.00 | Energy: +7 %
[00:22:05] 18.00 | Heat: +9 %
[00:22:05]  
[00:22:05] Level Requirement: 50 Level
[00:22:05]  
[00:22:05] Magical Ability:
[00:22:05] Damages the target.
[00:22:05] 
[00:22:05] Damage: 95
[00:22:05] (This figure is modified by your specialization in the skill and your primary casting stat.)
[00:22:05] Target: Enemy Target
[00:22:05] Range: 1500
[00:22:05] Damage Type: Cold
[00:22:05] Casting time: Instant
[00:22:05]  
[00:22:05] - Spell has a chance of casting when enemy strikes at this armor.
[00:22:05]  
[00:22:05] Armor Modifiers:
[00:22:05] - 102 Base Factor
[00:22:05] - 100 Clamped Factor
[00:22:05] - 19% Absorption
[00:22:05] - 100% Quality
[00:22:05] - 100% Condition
[00:22:05]  
[00:22:05] Effective Armor:
[00:22:05] - 119 Factor
[00:22:05] <End Info>
[00:22:06] <Begin Info: Sanguine Bowyers Gauntlets>
[00:22:06] Usable by:
[00:22:06] - Scout
[00:22:06]  
[00:22:06] Total Utility: 60
[00:22:06]  
[00:22:06] Magical Bonuses:
[00:22:06] 10.00 | Hits: +40 pts
[00:22:06] 18.00 | Crush: +9 %
[00:22:06] 18.00 | Slash: +9 %
[00:22:06] 14.00 | Thrust: +7 %
[00:22:06]  
[00:22:06] Level Requirement: 50 Level
[00:22:06]  
[00:22:06] Magical Ability:
[00:22:06] Damages the target.
[00:22:06] 
[00:22:06] Damage: 95
[00:22:06] (This figure is modified by your specialization in the skill and your primary casting stat.)
[00:22:06] Target: Enemy Target
[00:22:06] Range: 1500
[00:22:06] Damage Type: Cold
[00:22:06] Casting time: Instant
[00:22:06]  
[00:22:06] - Spell has a chance of casting when enemy strikes at this armor.
[00:22:06]  
[00:22:06] Armor Modifiers:
[00:22:06] - 102 Base Factor
[00:22:06] - 100 Clamped Factor
[00:22:06] - 19% Absorption
[00:22:06] - 100% Quality
[00:22:06] - 100% Condition
[00:22:06]  
[00:22:06] Effective Armor:
[00:22:06] - 119 Factor
[00:22:06] <End Info>
[00:22:07] <Begin Info: Sanguine Bowyers Sleeves>
[00:22:07] Usable by:
[00:22:07] - Scout
[00:22:07]  
[00:22:07] Total Utility: 77
[00:22:07] Single Skill Utility: 62
[00:22:07]  
[00:22:07] Magical Bonuses:
[00:22:07] 18.00 | Strength: +27 pts
[00:22:07] 14.00 | Dexterity: +21 pts
[00:22:07] 30.00 | ALL melee weapon skills: +3 pts
[00:22:07] 15.00 | ALL archery skills: +3 pts
[00:22:07]  
[00:22:07] Level Requirement: 50 Level
[00:22:07]  
[00:22:07] Magical Ability:
[00:22:07] Function: melee health buffer
[00:22:07] 
[00:22:07] Adds a shield to recipient which will temporarily absorb some of the damage type specified.
[00:22:07] 
[00:22:07] Absorption: 50%
[00:22:07] Value: 150
[00:22:07] Target: Self
[00:22:07] Duration: 10:00 min
[00:22:07] Casting time: Instant
[00:22:07] Function: melee health buffer
[00:22:07]  
[00:22:07] - Spell has a chance of casting when enemy strikes at this armor.
[00:22:07]  
[00:22:07] Armor Modifiers:
[00:22:07] - 102 Base Factor
[00:22:07] - 100 Clamped Factor
[00:22:07] - 19% Absorption
[00:22:07] - 100% Quality
[00:22:07] - 100% Condition
[00:22:07]  
[00:22:07] Effective Armor:
[00:22:07] - 119 Factor
[00:22:07] <End Info>
[00:22:07] <Begin Info: Sanguine Bowyers Leggings>
[00:22:07] Usable by:
[00:22:07] - Scout
[00:22:07]  
[00:22:07] Total Utility: 62
[00:22:07]  
[00:22:07] Magical Bonuses:
[00:22:07] 18.00 | Constitution: +27 pts
[00:22:07] 14.00 | Quickness: +21 pts
[00:22:07] 15.00 | Shields: +3 pts
[00:22:07] 15.00 | Stealth: +3 pts
[00:22:07]  
[00:22:07] Level Requirement: 50 Level
[00:22:07]  
[00:22:07] Magical Ability:
[00:22:07] Function: melee health buffer
[00:22:07] 
[00:22:07] Adds a shield to recipient which will temporarily absorb some of the damage type specified.
[00:22:07] 
[00:22:07] Absorption: 50%
[00:22:07] Value: 150
[00:22:07] Target: Self
[00:22:07] Duration: 10:00 min
[00:22:07] Casting time: Instant
[00:22:07] Function: melee health buffer
[00:22:07]  
[00:22:07] - Spell has a chance of casting when enemy strikes at this armor.
[00:22:07]  
[00:22:07] Armor Modifiers:
[00:22:07] - 102 Base Factor
[00:22:07] - 100 Clamped Factor
[00:22:07] - 19% Absorption
[00:22:07] - 100% Quality
[00:22:07] - 100% Condition
[00:22:07]  
[00:22:07] Effective Armor:
[00:22:07] - 119 Factor
[00:22:07] <End Info>
[00:22:08] <Begin Info: Sanguine Bowyers Vest>
[00:22:08] Usable by:
[00:22:08] - Scout
[00:22:08]  
[00:22:08] Total Utility: 59.333
[00:22:08]  
[00:22:08] Magical Bonuses:
[00:22:08] 14.67 | Strength: +22 pts
[00:22:08] 14.67 | Dexterity: +22 pts
[00:22:08] 10.00 | Hits: +40 pts
[00:22:08] 20.00 | ALL archery skills: +4 pts
[00:22:08]  
[00:22:08] Level Requirement: 50 Level
[00:22:08]  
[00:22:08] Magical Ability:
[00:22:08] Heals the target.
[00:22:08]  
[00:22:08] Value: 180
[00:22:08] Target: Self
[00:22:08] Casting time: instant
[00:22:08]  
[00:22:08] - Spell has a chance of casting when enemy strikes at this armor.
[00:22:08]  
[00:22:08] Armor Modifiers:
[00:22:08] - 102 Base Factor
[00:22:08] - 100 Clamped Factor
[00:22:08] - 19% Absorption
[00:22:08] - 100% Quality
[00:22:08] - 100% Condition
[00:22:08]  
[00:22:08] Effective Armor:
[00:22:08] - 119 Factor
[00:22:08] <End Info>
[00:22:13] <Begin Info: Fire Thorn Hauberk>
[00:22:13]  
[00:22:13] Total Utility: 64
[00:22:13]  
[00:22:13] Magical Bonuses:
[00:22:13] 10.00 | Constitution: +15 pts
[00:22:13] 10.00 | Piety: +15 pts
[00:22:13] 22.00 | Body: +11 %
[00:22:13] 22.00 | Heat: +11 %
[00:22:13]  
[00:22:13] Level Requirement: 50 Level
[00:22:13]  
[00:22:13] Magical Ability:
[00:22:13] Creates a field that damages anyone who attacks the target in melee.
[00:22:13] 
[00:22:13] Creates a field that damages anyone who attacks the target in melee.
[00:22:13] Damage: 5.1 DPS
[00:22:13] Target: Self
[00:22:13] Duration: 20 seconds
[00:22:13] Casting time: Instant
[00:22:13]  
[00:22:13] - Spell has a chance of casting when enemy strikes at this armor.
[00:22:13]  
[00:22:13] Armor Modifiers:
[00:22:13] - 102 Base Factor
[00:22:13] - 100 Clamped Factor
[00:22:13] - 27% Absorption
[00:22:13] - 100% Quality
[00:22:13] - 100% Condition
[00:22:13]  
[00:22:13] Effective Armor:
[00:22:13] - 127 Factor
[00:22:13] <End Info>
[00:22:13] <Begin Info: Ebon Vanquisher's Crown>
[00:22:13] Usable by:
[00:22:13] - Reaver
[00:22:13]  
[00:22:13] Total Utility: 54
[00:22:13]  
[00:22:13] Magical Bonuses:
[00:22:13] 14.00 | Strength: +21 pts
[00:22:13] 12.00 | Dexterity: +18 pts
[00:22:13] 16.00 | Piety: +24 pts
[00:22:13] 12.00 | Hits: +48 pts
[00:22:13]  
[00:22:13] Level Requirement: 50 Level
[00:22:13]  
[00:22:13] Magical Ability:
[00:22:13] Damages the target.
[00:22:13] 
[00:22:13] Damage: 95
[00:22:13] (This figure is modified by your specialization in the skill and your primary casting stat.)
[00:22:13] Target: Enemy Target
[00:22:13] Range: 1500
[00:22:13] Damage Type: Cold
[00:22:13] Casting time: Instant
[00:22:13]  
[00:22:13] - Spell has a chance of casting when enemy strikes at this armor.
[00:22:13]  
[00:22:13] Armor Modifiers:
[00:22:13] - 102 Base Factor
[00:22:13] - 100 Clamped Factor
[00:22:13] - 27% Absorption
[00:22:13] - 100% Quality
[00:22:13] - 100% Condition
[00:22:13]  
[00:22:13] Effective Armor:
[00:22:13] - 127 Factor
[00:22:13] <End Info>
[00:22:14] <Begin Info: Ebon Vanquisher's Boots>
[00:22:14] Usable by:
[00:22:14] - Reaver
[00:22:14]  
[00:22:14] Total Utility: 60
[00:22:14]  
[00:22:14] Magical Bonuses:
[00:22:14] 12.00 | Hits: +48 pts
[00:22:14] 18.00 | Crush: +9 %
[00:22:14] 16.00 | Slash: +8 %
[00:22:14] 14.00 | Thrust: +7 %
[00:22:14]  
[00:22:14] Level Requirement: 50 Level
[00:22:14]  
[00:22:14] Magical Ability:
[00:22:14] Damages the target.
[00:22:14] 
[00:22:14] Damage: 95
[00:22:14] (This figure is modified by your specialization in the skill and your primary casting stat.)
[00:22:14] Target: Enemy Target
[00:22:14] Range: 1500
[00:22:14] Damage Type: Cold
[00:22:14] Casting time: Instant
[00:22:14]  
[00:22:14] - Spell has a chance of casting when enemy strikes at this armor.
[00:22:14]  
[00:22:14] Armor Modifiers:
[00:22:14] - 102 Base Factor
[00:22:14] - 100 Clamped Factor
[00:22:14] - 27% Absorption
[00:22:14] - 100% Quality
[00:22:14] - 100% Condition
[00:22:14]  
[00:22:14] Effective Armor:
[00:22:14] - 127 Factor
[00:22:14] <End Info>
[00:22:15] <Begin Info: Ebon Vanquisher's Gauntlets>
[00:22:15] Usable by:
[00:22:15] - Reaver
[00:22:15]  
[00:22:15] Total Utility: 58
[00:22:15]  
[00:22:15] Magical Bonuses:
[00:22:15] 12.00 | Strength: +18 pts
[00:22:15] 12.00 | Hits: +48 pts
[00:22:15] 16.00 | Energy: +8 %
[00:22:15] 18.00 | Spirit: +9 %
[00:22:15]  
[00:22:15] Level Requirement: 50 Level
[00:22:15]  
[00:22:15] Magical Ability:
[00:22:15] Damages the target.
[00:22:15] 
[00:22:15] Damage: 95
[00:22:15] (This figure is modified by your specialization in the skill and your primary casting stat.)
[00:22:15] Target: Enemy Target
[00:22:15] Range: 1500
[00:22:15] Damage Type: Cold
[00:22:15] Casting time: Instant
[00:22:15]  
[00:22:15] - Spell has a chance of casting when enemy strikes at this armor.
[00:22:15]  
[00:22:15] Armor Modifiers:
[00:22:15] - 102 Base Factor
[00:22:15] - 100 Clamped Factor
[00:22:15] - 27% Absorption
[00:22:15] - 100% Quality
[00:22:15] - 100% Condition
[00:22:15]  
[00:22:15] Effective Armor:
[00:22:15] - 127 Factor
[00:22:15] <End Info>
[00:22:16] <Begin Info: Ebon Vanquisher's Sleeves>
[00:22:16] Usable by:
[00:22:16] - Reaver
[00:22:16]  
[00:22:16] Total Utility: 81
[00:22:16] Single Skill Utility: 66
[00:22:16]  
[00:22:16] Magical Bonuses:
[00:22:16] 16.00 | Body: +8 %
[00:22:16] 20.00 | Cold: +10 %
[00:22:16] 15.00 | Soulrending: +3 pts
[00:22:16] 30.00 | ALL melee weapon skills: +3 pts
[00:22:16]  
[00:22:16] Level Requirement: 50 Level
[00:22:16]  
[00:22:16] Magical Ability:
[00:22:16] Function: melee health buffer
[00:22:16] 
[00:22:16] Adds a shield to recipient which will temporarily absorb some of the damage type specified.
[00:22:16] 
[00:22:16] Absorption: 50%
[00:22:16] Value: 150
[00:22:16] Target: Self
[00:22:16] Duration: 10:00 min
[00:22:16] Casting time: Instant
[00:22:16] Function: melee health buffer
[00:22:16]  
[00:22:16] - Spell has a chance of casting when enemy strikes at this armor.
[00:22:16]  
[00:22:16] Armor Modifiers:
[00:22:16] - 102 Base Factor
[00:22:16] - 100 Clamped Factor
[00:22:16] - 27% Absorption
[00:22:16] - 100% Quality
[00:22:16] - 100% Condition
[00:22:16]  
[00:22:16] Effective Armor:
[00:22:16] - 127 Factor
[00:22:16] <End Info>
[00:22:16] <Begin Info: Ebon Vanquisher's Leggings>
[00:22:16] Usable by:
[00:22:16] - Reaver
[00:22:16]  
[00:22:16] Total Utility: 76
[00:22:16] Single Skill Utility: 61
[00:22:16]  
[00:22:16] Magical Bonuses:
[00:22:16] 10.00 | Quickness: +15 pts
[00:22:16] 20.00 | Heat: +10 %
[00:22:16] 16.00 | Matter: +8 %
[00:22:16] 30.00 | ALL melee weapon skills: +3 pts
[00:22:16]  
[00:22:16] Level Requirement: 50 Level
[00:22:16]  
[00:22:16] Magical Ability:
[00:22:16] Function: melee health buffer
[00:22:16] 
[00:22:16] Adds a shield to recipient which will temporarily absorb some of the damage type specified.
[00:22:16] 
[00:22:16] Absorption: 50%
[00:22:16] Value: 150
[00:22:16] Target: Self
[00:22:16] Duration: 10:00 min
[00:22:16] Casting time: Instant
[00:22:16] Function: melee health buffer
[00:22:16]  
[00:22:16] - Spell has a chance of casting when enemy strikes at this armor.
[00:22:16]  
[00:22:16] Armor Modifiers:
[00:22:16] - 102 Base Factor
[00:22:16] - 100 Clamped Factor
[00:22:16] - 27% Absorption
[00:22:16] - 100% Quality
[00:22:16] - 100% Condition
[00:22:16]  
[00:22:16] Effective Armor:
[00:22:16] - 127 Factor
[00:22:16] <End Info>
[00:22:17] <Begin Info: Ebon Vanquisher's Warchain>
[00:22:17] Usable by:
[00:22:17] - Reaver
[00:22:17]  
[00:22:17] Total Utility: 84.333
[00:22:17] Single Skill Utility: 64.333
[00:22:17]  
[00:22:17] Magical Bonuses:
[00:22:17] 14.67 | Constitution: +22 pts
[00:22:17] 14.67 | Piety: +22 pts
[00:22:17] 15.00 | Soulrending: +3 pts
[00:22:17] 40.00 | ALL melee weapon skills: +4 pts
[00:22:17]  
[00:22:17] Level Requirement: 50 Level
[00:22:17]  
[00:22:17] Magical Ability:
[00:22:17] Heals the target.
[00:22:17]  
[00:22:17] Value: 180
[00:22:17] Target: Self
[00:22:17] Casting time: instant
[00:22:17]  
[00:22:17] - Spell has a chance of casting when enemy strikes at this armor.
[00:22:17]  
[00:22:17] Armor Modifiers:
[00:22:17] - 102 Base Factor
[00:22:17] - 100 Clamped Factor
[00:22:17] - 27% Absorption
[00:22:17] - 100% Quality
[00:22:17] - 100% Condition
[00:22:17]  
[00:22:17] Effective Armor:
[00:22:17] - 127 Factor
[00:22:17] <End Info>
[00:22:20] <Begin Info: Livid Deceiver's Crown>
[00:22:20] Usable by:
[00:22:20] - Mercenary
[00:22:20]  
[00:22:20] Total Utility: 80
[00:22:20] Single Skill Utility: 65
[00:22:20]  
[00:22:20] Magical Bonuses:
[00:22:20] 18.00 | Body: +9 %
[00:22:20] 18.00 | Matter: +9 %
[00:22:20] 14.00 | Spirit: +7 %
[00:22:20] 30.00 | ALL melee weapon skills: +3 pts
[00:22:20]  
[00:22:20] Level Requirement: 50 Level
[00:22:20]  
[00:22:20] Magical Ability:
[00:22:20] Damages the target.
[00:22:20] 
[00:22:20] Damage: 95
[00:22:20] (This figure is modified by your specialization in the skill and your primary casting stat.)
[00:22:20] Target: Enemy Target
[00:22:20] Range: 1500
[00:22:20] Damage Type: Cold
[00:22:20] Casting time: Instant
[00:22:20]  
[00:22:20] - Spell has a chance of casting when enemy strikes at this armor.
[00:22:20]  
[00:22:20] Armor Modifiers:
[00:22:20] - 102 Base Factor
[00:22:20] - 100 Clamped Factor
[00:22:20] - 27% Absorption
[00:22:20] - 100% Quality
[00:22:20] - 100% Condition
[00:22:20]  
[00:22:20] Effective Armor:
[00:22:20] - 127 Factor
[00:22:20] <End Info>
[00:22:20] <Begin Info: Livid Deceiver Boots>
[00:22:20] Usable by:
[00:22:20] - Mercenary
[00:22:20]  
[00:22:20] Total Utility: 66
[00:22:20]  
[00:22:20] Magical Bonuses:
[00:22:20] 20.00 | Slash: +10 %
[00:22:20] 16.00 | Thrust: +8 %
[00:22:20] 15.00 | Dual Wield: +3 pts
[00:22:20] 15.00 | Parry: +3 pts
[00:22:20]  
[00:22:20] Level Requirement: 50 Level
[00:22:20]  
[00:22:20] Magical Ability:
[00:22:20] Damages the target.
[00:22:20] 
[00:22:20] Damage: 95
[00:22:20] (This figure is modified by your specialization in the skill and your primary casting stat.)
[00:22:20] Target: Enemy Target
[00:22:20] Range: 1500
[00:22:20] Damage Type: Cold
[00:22:20] Casting time: Instant
[00:22:20]  
[00:22:20] - Spell has a chance of casting when enemy strikes at this armor.
[00:22:20]  
[00:22:20] Armor Modifiers:
[00:22:20] - 102 Base Factor
[00:22:20] - 100 Clamped Factor
[00:22:20] - 27% Absorption
[00:22:20] - 100% Quality
[00:22:20] - 100% Condition
[00:22:20]  
[00:22:20] Effective Armor:
[00:22:20] - 127 Factor
[00:22:20] <End Info>
[00:22:21] <Begin Info: Livid Deceiver's Gauntlets>
[00:22:21] Usable by:
[00:22:21] - Mercenary
[00:22:21]  
[00:22:21] Total Utility: 80
[00:22:21] Single Skill Utility: 65
[00:22:21]  
[00:22:21] Magical Bonuses:
[00:22:21] 18.00 | Cold: +9 %
[00:22:21] 14.00 | Energy: +7 %
[00:22:21] 18.00 | Heat: +9 %
[00:22:21] 30.00 | ALL melee weapon skills: +3 pts
[00:22:21]  
[00:22:21] Level Requirement: 50 Level
[00:22:21]  
[00:22:21] Magical Ability:
[00:22:21] Damages the target.
[00:22:21] 
[00:22:21] Damage: 95
[00:22:21] (This figure is modified by your specialization in the skill and your primary casting stat.)
[00:22:21] Target: Enemy Target
[00:22:21] Range: 1500
[00:22:21] Damage Type: Cold
[00:22:21] Casting time: Instant
[00:22:21]  
[00:22:21] - Spell has a chance of casting when enemy strikes at this armor.
[00:22:21]  
[00:22:21] Armor Modifiers:
[00:22:21] - 102 Base Factor
[00:22:21] - 100 Clamped Factor
[00:22:21] - 27% Absorption
[00:22:21] - 100% Quality
[00:22:21] - 100% Condition
[00:22:21]  
[00:22:21] Effective Armor:
[00:22:21] - 127 Factor
[00:22:21] <End Info>
[00:22:22] <Begin Info: Livid Deceiver's Sleeves>
[00:22:22] Usable by:
[00:22:22] - Mercenary
[00:22:22]  
[00:22:22] Total Utility: 59
[00:22:22]  
[00:22:22] Magical Bonuses:
[00:22:22] 14.00 | Quickness: +21 pts
[00:22:22] 10.00 | Hits: +40 pts
[00:22:22] 20.00 | Crush: +10 %
[00:22:22] 15.00 | Slashing: +3 pts
[00:22:22]  
[00:22:22] Level Requirement: 50 Level
[00:22:22]  
[00:22:22] Magical Ability:
[00:22:22] Function: melee health buffer
[00:22:22] 
[00:22:22] Adds a shield to recipient which will temporarily absorb some of the damage type specified.
[00:22:22] 
[00:22:22] Absorption: 50%
[00:22:22] Value: 150
[00:22:22] Target: Self
[00:22:22] Duration: 10:00 min
[00:22:22] Casting time: Instant
[00:22:22] Function: melee health buffer
[00:22:22]  
[00:22:22] - Spell has a chance of casting when enemy strikes at this armor.
[00:22:22]  
[00:22:22] Armor Modifiers:
[00:22:22] - 102 Base Factor
[00:22:22] - 100 Clamped Factor
[00:22:22] - 27% Absorption
[00:22:22] - 100% Quality
[00:22:22] - 100% Condition
[00:22:22]  
[00:22:22] Effective Armor:
[00:22:22] - 127 Factor
[00:22:22] <End Info>
[00:22:22] <Begin Info: Livid Deceiver's Sleeves>
[00:22:22] Usable by:
[00:22:22] - Mercenary
[00:22:22]  
[00:22:22] Total Utility: 59
[00:22:22]  
[00:22:22] Magical Bonuses:
[00:22:22] 14.00 | Quickness: +21 pts
[00:22:22] 10.00 | Hits: +40 pts
[00:22:22] 20.00 | Crush: +10 %
[00:22:22] 15.00 | Slashing: +3 pts
[00:22:22]  
[00:22:22] Level Requirement: 50 Level
[00:22:22]  
[00:22:22] Magical Ability:
[00:22:22] Function: melee health buffer
[00:22:22] 
[00:22:22] Adds a shield to recipient which will temporarily absorb some of the damage type specified.
[00:22:22] 
[00:22:22] Absorption: 50%
[00:22:22] Value: 150
[00:22:22] Target: Self
[00:22:22] Duration: 10:00 min
[00:22:22] Casting time: Instant
[00:22:22] Function: melee health buffer
[00:22:22]  
[00:22:22] - Spell has a chance of casting when enemy strikes at this armor.
[00:22:22]  
[00:22:22] Armor Modifiers:
[00:22:22] - 102 Base Factor
[00:22:22] - 100 Clamped Factor
[00:22:22] - 27% Absorption
[00:22:22] - 100% Quality
[00:22:22] - 100% Condition
[00:22:22]  
[00:22:22] Effective Armor:
[00:22:22] - 127 Factor
[00:22:22] <End Info>
[00:22:24] <Begin Info: Livid Deceiver's Leggins>
[00:22:24] Usable by:
[00:22:24] - Mercenary
[00:22:24]  
[00:22:24] Total Utility: 57
[00:22:24]  
[00:22:24] Magical Bonuses:
[00:22:24] 18.00 | Constitution: +27 pts
[00:22:24] 14.00 | Quickness: +21 pts
[00:22:24] 10.00 | Hits: +40 pts
[00:22:24] 15.00 | Dual Wield: +3 pts
[00:22:24]  
[00:22:24] Level Requirement: 50 Level
[00:22:24]  
[00:22:24] Magical Ability:
[00:22:24] Function: melee health buffer
[00:22:24] 
[00:22:24] Adds a shield to recipient which will temporarily absorb some of the damage type specified.
[00:22:24] 
[00:22:24] Absorption: 50%
[00:22:24] Value: 150
[00:22:24] Target: Self
[00:22:24] Duration: 10:00 min
[00:22:24] Casting time: Instant
[00:22:24] Function: melee health buffer
[00:22:24]  
[00:22:24] - Spell has a chance of casting when enemy strikes at this armor.
[00:22:24]  
[00:22:24] Armor Modifiers:
[00:22:24] - 102 Base Factor
[00:22:24] - 100 Clamped Factor
[00:22:24] - 27% Absorption
[00:22:24] - 100% Quality
[00:22:24] - 100% Condition
[00:22:24]  
[00:22:24] Effective Armor:
[00:22:24] - 127 Factor
[00:22:24] <End Info>
[00:22:25] <Begin Info: Livid Deceiver's Warchain>
[00:22:25] Usable by:
[00:22:25] - Mercenary
[00:22:25]  
[00:22:25] Total Utility: 64.333
[00:22:25]  
[00:22:25] Magical Bonuses:
[00:22:25] 14.67 | Strength: +22 pts
[00:22:25] 14.67 | Dexterity: +22 pts
[00:22:25] 15.00 | Hits: +60 pts
[00:22:25] 20.00 | Parry: +4 pts
[00:22:25]  
[00:22:25] Level Requirement: 50 Level
[00:22:25]  
[00:22:25] Magical Ability:
[00:22:25] Heals the target.
[00:22:25]  
[00:22:25] Value: 180
[00:22:25] Target: Self
[00:22:25] Casting time: instant
[00:22:25]  
[00:22:25] - Spell has a chance of casting when enemy strikes at this armor.
[00:22:25]  
[00:22:25] Armor Modifiers:
[00:22:25] - 102 Base Factor
[00:22:25] - 100 Clamped Factor
[00:22:25] - 27% Absorption
[00:22:25] - 100% Quality
[00:22:25] - 100% Condition
[00:22:25]  
[00:22:25] Effective Armor:
[00:22:25] - 127 Factor
[00:22:25] <End Info>
[00:22:28] <Begin Info: Azure Crown of Notes>
[00:22:28] Usable by:
[00:22:28] - Minstrel
[00:22:28]  
[00:22:28] Total Utility: 64
[00:22:28]  
[00:22:28] Magical Bonuses:
[00:22:28] 16.00 | Body: +8 %
[00:22:28] 16.00 | Heat: +8 %
[00:22:28] 16.00 | Matter: +8 %
[00:22:28] 16.00 | Slash: +8 %
[00:22:28]  
[00:22:28] Level Requirement: 50 Level
[00:22:28]  
[00:22:28] Magical Ability:
[00:22:28] Damages the target.
[00:22:28] 
[00:22:28] Damage: 95
[00:22:28] (This figure is modified by your specialization in the skill and your primary casting stat.)
[00:22:28] Target: Enemy Target
[00:22:28] Range: 1500
[00:22:28] Damage Type: Cold
[00:22:28] Casting time: Instant
[00:22:28]  
[00:22:28] - Spell has a chance of casting when enemy strikes at this armor.
[00:22:28]  
[00:22:28] Armor Modifiers:
[00:22:28] - 102 Base Factor
[00:22:28] - 100 Clamped Factor
[00:22:28] - 27% Absorption
[00:22:28] - 100% Quality
[00:22:28] - 100% Condition
[00:22:28]  
[00:22:28] Effective Armor:
[00:22:28] - 127 Factor
[00:22:28] <End Info>
[00:22:28] <Begin Info: Azure Boots of Notes>
[00:22:28] Usable by:
[00:22:28] - Minstrel
[00:22:28]  
[00:22:28] Total Utility: 64
[00:22:28]  
[00:22:28] Magical Bonuses:
[00:22:28] 16.00 | Cold: +8 %
[00:22:28] 16.00 | Energy: +8 %
[00:22:28] 16.00 | Spirit: +8 %
[00:22:28] 16.00 | Thrust: +8 %
[00:22:28]  
[00:22:28] Level Requirement: 50 Level
[00:22:28]  
[00:22:28] Magical Ability:
[00:22:28] Damages the target.
[00:22:28] 
[00:22:28] Damage: 95
[00:22:28] (This figure is modified by your specialization in the skill and your primary casting stat.)
[00:22:28] Target: Enemy Target
[00:22:28] Range: 1500
[00:22:28] Damage Type: Cold
[00:22:28] Casting time: Instant
[00:22:28]  
[00:22:28] - Spell has a chance of casting when enemy strikes at this armor.
[00:22:28]  
[00:22:28] Armor Modifiers:
[00:22:28] - 102 Base Factor
[00:22:28] - 100 Clamped Factor
[00:22:28] - 27% Absorption
[00:22:28] - 100% Quality
[00:22:28] - 100% Condition
[00:22:28]  
[00:22:28] Effective Armor:
[00:22:28] - 127 Factor
[00:22:28] <End Info>
[00:22:29] <Begin Info: Azure Gauntlets of Notes>
[00:22:29] Usable by:
[00:22:29] - Minstrel
[00:22:29]  
[00:22:29] Total Utility: 74
[00:22:29] Single Skill Utility: 59
[00:22:29]  
[00:22:29] Magical Bonuses:
[00:22:29] 14.00 | Strength: +21 pts
[00:22:29] 10.00 | Hits: +40 pts
[00:22:29] 20.00 | Crush: +10 %
[00:22:29] 30.00 | ALL melee weapon skills: +3 pts
[00:22:29]  
[00:22:29] Level Requirement: 50 Level
[00:22:29]  
[00:22:29] Magical Ability:
[00:22:29] Damages the target.
[00:22:29] 
[00:22:29] Damage: 95
[00:22:29] (This figure is modified by your specialization in the skill and your primary casting stat.)
[00:22:29] Target: Enemy Target
[00:22:29] Range: 1500
[00:22:29] Damage Type: Cold
[00:22:29] Casting time: Instant
[00:22:29]  
[00:22:29] - Spell has a chance of casting when enemy strikes at this armor.
[00:22:29]  
[00:22:29] Armor Modifiers:
[00:22:29] - 102 Base Factor
[00:22:29] - 100 Clamped Factor
[00:22:29] - 27% Absorption
[00:22:29] - 100% Quality
[00:22:29] - 100% Condition
[00:22:29]  
[00:22:29] Effective Armor:
[00:22:29] - 127 Factor
[00:22:29] <End Info>
[00:22:30] <Begin Info: Azure Sleeves of Notes>
[00:22:30] Usable by:
[00:22:30] - Minstrel
[00:22:30]  
[00:22:30] Total Utility: 57
[00:22:30]  
[00:22:30] Magical Bonuses:
[00:22:30] 14.00 | Dexterity: +21 pts
[00:22:30] 18.00 | Constitution: +27 pts
[00:22:30] 10.00 | Hits: +40 pts
[00:22:30] 15.00 | Stealth: +3 pts
[00:22:30]  
[00:22:30] Level Requirement: 50 Level
[00:22:30]  
[00:22:30] Magical Ability:
[00:22:30] Function: melee health buffer
[00:22:30] 
[00:22:30] Adds a shield to recipient which will temporarily absorb some of the damage type specified.
[00:22:30] 
[00:22:30] Absorption: 50%
[00:22:30] Value: 150
[00:22:30] Target: Self
[00:22:30] Duration: 10:00 min
[00:22:30] Casting time: Instant
[00:22:30] Function: melee health buffer
[00:22:30]  
[00:22:30] - Spell has a chance of casting when enemy strikes at this armor.
[00:22:30]  
[00:22:30] Armor Modifiers:
[00:22:30] - 102 Base Factor
[00:22:30] - 100 Clamped Factor
[00:22:30] - 27% Absorption
[00:22:30] - 100% Quality
[00:22:30] - 100% Condition
[00:22:30]  
[00:22:30] Effective Armor:
[00:22:30] - 127 Factor
[00:22:30] <End Info>
[00:22:31] <Begin Info: Azure Leggings of Notes>
[00:22:31] Usable by:
[00:22:31] - Minstrel
[00:22:31]  
[00:22:31] Total Utility: 57
[00:22:31]  
[00:22:31] Magical Bonuses:
[00:22:31] 14.00 | Strength: +21 pts
[00:22:31] 18.00 | Charisma: +27 pts
[00:22:31] 10.00 | Hits: +40 pts
[00:22:31] 15.00 | Slashing: +3 pts
[00:22:31]  
[00:22:31] Level Requirement: 50 Level
[00:22:31]  
[00:22:31] Magical Ability:
[00:22:31] Function: melee health buffer
[00:22:31] 
[00:22:31] Adds a shield to recipient which will temporarily absorb some of the damage type specified.
[00:22:31] 
[00:22:31] Absorption: 50%
[00:22:31] Value: 150
[00:22:31] Target: Self
[00:22:31] Duration: 10:00 min
[00:22:31] Casting time: Instant
[00:22:31] Function: melee health buffer
[00:22:31]  
[00:22:31] - Spell has a chance of casting when enemy strikes at this armor.
[00:22:31]  
[00:22:31] Armor Modifiers:
[00:22:31] - 102 Base Factor
[00:22:31] - 100 Clamped Factor
[00:22:31] - 27% Absorption
[00:22:31] - 100% Quality
[00:22:31] - 100% Condition
[00:22:31]  
[00:22:31] Effective Armor:
[00:22:31] - 127 Factor
[00:22:31] <End Info>
[00:22:31] <Begin Info: Azure Hauberk of Notes>
[00:22:31] Usable by:
[00:22:31] - Minstrel
[00:22:31]  
[00:22:31] Total Utility: 59.333
[00:22:31]  
[00:22:31] Magical Bonuses:
[00:22:31] 14.67 | Constitution: +22 pts
[00:22:31] 14.67 | Charisma: +22 pts
[00:22:31] 10.00 | Hits: +40 pts
[00:22:31] 20.00 | Instruments: +4 pts
[00:22:31]  
[00:22:31] Level Requirement: 50 Level
[00:22:31]  
[00:22:31] Magical Ability:
[00:22:31] Heals the target.
[00:22:31]  
[00:22:31] Value: 180
[00:22:31] Target: Self
[00:22:31] Casting time: instant
[00:22:31]  
[00:22:31] - Spell has a chance of casting when enemy strikes at this armor.
[00:22:31]  
[00:22:31] Armor Modifiers:
[00:22:31] - 102 Base Factor
[00:22:31] - 100 Clamped Factor
[00:22:31] - 27% Absorption
[00:22:31] - 100% Quality
[00:22:31] - 100% Condition
[00:22:31]  
[00:22:31] Effective Armor:
[00:22:31] - 127 Factor
[00:22:31] <End Info>
[00:22:32] <Begin Info: Celestial Warchain Crown>
[00:22:32] Usable by:
[00:22:32] - Cleric
[00:22:32]  
[00:22:32] Total Utility: 60
[00:22:32]  
[00:22:32] Magical Bonuses:
[00:22:32] 10.00 | Hits: +40 pts
[00:22:32] 18.00 | Cold: +9 %
[00:22:32] 14.00 | Energy: +7 %
[00:22:32] 18.00 | Heat: +9 %
[00:22:32]  
[00:22:32] Level Requirement: 50 Level
[00:22:32]  
[00:22:32] Magical Ability:
[00:22:32] Damages the target.
[00:22:32] 
[00:22:32] Damage: 95
[00:22:32] (This figure is modified by your specialization in the skill and your primary casting stat.)
[00:22:32] Target: Enemy Target
[00:22:32] Range: 1500
[00:22:32] Damage Type: Cold
[00:22:32] Casting time: Instant
[00:22:32]  
[00:22:32] - Spell has a chance of casting when enemy strikes at this armor.
[00:22:32]  
[00:22:32] Armor Modifiers:
[00:22:32] - 102 Base Factor
[00:22:32] - 100 Clamped Factor
[00:22:32] - 27% Absorption
[00:22:32] - 100% Quality
[00:22:32] - 100% Condition
[00:22:32]  
[00:22:32] Effective Armor:
[00:22:32] - 127 Factor
[00:22:32] <End Info>
[00:22:33] <Begin Info: Celestial Warchain Boots>
[00:22:33] Usable by:
[00:22:33] - Cleric
[00:22:33]  
[00:22:33] Total Utility: 60
[00:22:33]  
[00:22:33] Magical Bonuses:
[00:22:33] 10.00 | Hits: +40 pts
[00:22:33] 18.00 | Body: +9 %
[00:22:33] 18.00 | Matter: +9 %
[00:22:33] 14.00 | Spirit: +7 %
[00:22:33]  
[00:22:33] Level Requirement: 50 Level
[00:22:33]  
[00:22:33] Magical Ability:
[00:22:33] Damages the target.
[00:22:33] 
[00:22:33] Damage: 95
[00:22:33] (This figure is modified by your specialization in the skill and your primary casting stat.)
[00:22:33] Target: Enemy Target
[00:22:33] Range: 1500
[00:22:33] Damage Type: Cold
[00:22:33] Casting time: Instant
[00:22:33]  
[00:22:33] - Spell has a chance of casting when enemy strikes at this armor.
[00:22:33]  
[00:22:33] Armor Modifiers:
[00:22:33] - 102 Base Factor
[00:22:33] - 100 Clamped Factor
[00:22:33] - 27% Absorption
[00:22:33] - 100% Quality
[00:22:33] - 100% Condition
[00:22:33]  
[00:22:33] Effective Armor:
[00:22:33] - 127 Factor
[00:22:33] <End Info>
[00:22:34] @@[LFG] Sofix (50, Cleric): cleric lfg small/8man
[00:22:35] <Begin Info: Celestial Warchain Gauntlets>
[00:22:35] Usable by:
[00:22:35] - Cleric
[00:22:35]  
[00:22:35] Total Utility: 60
[00:22:35]  
[00:22:35] Magical Bonuses:
[00:22:35] 10.00 | Hits: +40 pts
[00:22:35] 18.00 | Crush: +9 %
[00:22:35] 18.00 | Slash: +9 %
[00:22:35] 14.00 | Thrust: +7 %
[00:22:35]  
[00:22:35] Level Requirement: 50 Level
[00:22:35]  
[00:22:35] Magical Ability:
[00:22:35] Damages the target.
[00:22:35] 
[00:22:35] Damage: 95
[00:22:35] (This figure is modified by your specialization in the skill and your primary casting stat.)
[00:22:35] Target: Enemy Target
[00:22:35] Range: 1500
[00:22:35] Damage Type: Cold
[00:22:35] Casting time: Instant
[00:22:35]  
[00:22:35] - Spell has a chance of casting when enemy strikes at this armor.
[00:22:35]  
[00:22:35] Armor Modifiers:
[00:22:35] - 102 Base Factor
[00:22:35] - 100 Clamped Factor
[00:22:35] - 27% Absorption
[00:22:35] - 100% Quality
[00:22:35] - 100% Condition
[00:22:35]  
[00:22:35] Effective Armor:
[00:22:35] - 127 Factor
[00:22:35] <End Info>
[00:22:36] <Begin Info: Celestial Warchain Sleeves>
[00:22:36] Usable by:
[00:22:36] - Cleric
[00:22:36]  
[00:22:36] Total Utility: 72
[00:22:36] Single Skill Utility: 57
[00:22:36]  
[00:22:36] Magical Bonuses:
[00:22:36] 18.00 | Dexterity: +27 pts
[00:22:36] 14.00 | Quickness: +21 pts
[00:22:36] 10.00 | Piety: +15 pts
[00:22:36] 30.00 | ALL magic skills: +3 pts
[00:22:36]  
[00:22:36] Level Requirement: 50 Level
[00:22:36]  
[00:22:36] Magical Ability:
[00:22:36] Function: melee health buffer
[00:22:36] 
[00:22:36] Adds a shield to recipient which will temporarily absorb some of the damage type specified.
[00:22:36] 
[00:22:36] Absorption: 50%
[00:22:36] Value: 150
[00:22:36] Target: Self
[00:22:36] Duration: 10:00 min
[00:22:36] Casting time: Instant
[00:22:36] Function: melee health buffer
[00:22:36]  
[00:22:36] - Spell has a chance of casting when enemy strikes at this armor.
[00:22:36]  
[00:22:36] Armor Modifiers:
[00:22:36] - 102 Base Factor
[00:22:36] - 100 Clamped Factor
[00:22:36] - 27% Absorption
[00:22:36] - 100% Quality
[00:22:36] - 100% Condition
[00:22:36]  
[00:22:36] Effective Armor:
[00:22:36] - 127 Factor
[00:22:36] <End Info>
[00:22:37] <Begin Info: Celestial Warchain Leggings>
[00:22:37] Usable by:
[00:22:37] - Cleric
[00:22:37]  
[00:22:37] Total Utility: 62
[00:22:37]  
[00:22:37] Magical Bonuses:
[00:22:37] 14.00 | Constitution: +21 pts
[00:22:37] 18.00 | Piety: +27 pts
[00:22:37] 15.00 | Enhancement: +3 pts
[00:22:37] 15.00 | Rejuvenation: +3 pts
[00:22:37]  
[00:22:37] Level Requirement: 50 Level
[00:22:37]  
[00:22:37] Magical Ability:
[00:22:37] Function: melee health buffer
[00:22:37] 
[00:22:37] Adds a shield to recipient which will temporarily absorb some of the damage type specified.
[00:22:37] 
[00:22:37] Absorption: 50%
[00:22:37] Value: 150
[00:22:37] Target: Self
[00:22:37] Duration: 10:00 min
[00:22:37] Casting time: Instant
[00:22:37] Function: melee health buffer
[00:22:37]  
[00:22:37] - Spell has a chance of casting when enemy strikes at this armor.
[00:22:37]  
[00:22:37] Armor Modifiers:
[00:22:37] - 102 Base Factor
[00:22:37] - 100 Clamped Factor
[00:22:37] - 27% Absorption
[00:22:37] - 100% Quality
[00:22:37] - 100% Condition
[00:22:37]  
[00:22:37] Effective Armor:
[00:22:37] - 127 Factor
[00:22:37] <End Info>
[00:22:42] <Begin Info: Celestial Warchain Hauberk>
[00:22:42] Usable by:
[00:22:42] - Cleric
[00:22:42]  
[00:22:42] Total Utility: 69.333
[00:22:42] Single Skill Utility: 54.333
[00:22:42]  
[00:22:42] Magical Bonuses:
[00:22:42] 14.67 | Strength: +22 pts
[00:22:42] 14.67 | Piety: +22 pts
[00:22:42] 30.00 | ALL magic skills: +3 pts
[00:22:42] 10.00 | Dexterity: +15 pts
[00:22:42]  
[00:22:42] Level Requirement: 50 Level
[00:22:42]  
[00:22:42] Magical Ability:
[00:22:42] Heals the target.
[00:22:42]  
[00:22:42] Value: 180
[00:22:42] Target: Self
[00:22:42] Casting time: instant
[00:22:42]  
[00:22:42] - Spell has a chance of casting when enemy strikes at this armor.
[00:22:42]  
[00:22:42] Armor Modifiers:
[00:22:42] - 102 Base Factor
[00:22:42] - 100 Clamped Factor
[00:22:42] - 27% Absorption
[00:22:42] - 100% Quality
[00:22:42] - 100% Condition
[00:22:42]  
[00:22:42] Effective Armor:
[00:22:42] - 127 Factor
[00:22:42] <End Info>
[00:22:42] @@[LFG] Syrnaelle (7, Cleric): xp
[00:22:46] <Begin Info: Fate Slayer's Chitin>
[00:22:46] Usable by:
[00:22:46] - Armsman
[00:22:46] - Paladin
[00:22:46]  
[00:22:46] Total Utility: 64
[00:22:46]  
[00:22:46] Magical Bonuses:
[00:22:46] 16.00 | Strength: +24 pts
[00:22:46] 16.00 | Dexterity: +24 pts
[00:22:46] 16.00 | Constitution: +24 pts
[00:22:46] 16.00 | Quickness: +24 pts
[00:22:46]  
[00:22:46] Level Requirement: 50 Level
[00:22:46]  
[00:22:46] Magical Ability:
[00:22:46] Spell line: Damage over Time
[00:22:46] 
[00:22:46] Inflicts damage to the target repeatedly over a given time period. This spell can be cast during combat.
[00:22:46] 
[00:22:46] Damage per tick: 64
[00:22:46] (This figure is modified by your specialization in the skill and your primary casting stat.)
[00:22:46] Target: Enemy Target
[00:22:46] Range: 1500
[00:22:46] Damage Type: Matter
[00:22:46] Duration: 20 seconds
[00:22:46] Casting time: Instant
[00:22:46]  
[00:22:46] - Spell has a chance of casting when enemy strikes at this armor.
[00:22:46]  
[00:22:46] Armor Modifiers:
[00:22:46] - 102 Base Factor
[00:22:46] - 100 Clamped Factor
[00:22:46] - 34% Absorption
[00:22:46] - 100% Quality
[00:22:46] - 100% Condition
[00:22:46]  
[00:22:46] Effective Armor:
[00:22:46] - 134 Factor
[00:22:46] <End Info>
[00:22:46] <Begin Info: Vigilant Oathbinder's Crown>
[00:22:46] Usable by:
[00:22:46] - Paladin
[00:22:46]  
[00:22:46] Total Utility: 60
[00:22:46]  
[00:22:46] Magical Bonuses:
[00:22:46] 12.00 | Hits: +48 pts
[00:22:46] 16.00 | Body: +8 %
[00:22:46] 18.00 | Matter: +9 %
[00:22:46] 14.00 | Spirit: +7 %
[00:22:46]  
[00:22:46] Level Requirement: 50 Level
[00:22:46]  
[00:22:46] Magical Ability:
[00:22:46] Damages the target.
[00:22:46] 
[00:22:46] Damage: 95
[00:22:46] (This figure is modified by your specialization in the skill and your primary casting stat.)
[00:22:46] Target: Enemy Target
[00:22:46] Range: 1500
[00:22:46] Damage Type: Cold
[00:22:46] Casting time: Instant
[00:22:46]  
[00:22:46] - Spell has a chance of casting when enemy strikes at this armor.
[00:22:46]  
[00:22:46] Armor Modifiers:
[00:22:46] - 102 Base Factor
[00:22:46] - 100 Clamped Factor
[00:22:46] - 34% Absorption
[00:22:46] - 100% Quality
[00:22:46] - 100% Condition
[00:22:46]  
[00:22:46] Effective Armor:
[00:22:46] - 134 Factor
[00:22:46] <End Info>
[00:22:47] <Begin Info: Vigilant Oathbinder Boots>
[00:22:47] Usable by:
[00:22:47] - Paladin
[00:22:47]  
[00:22:47] Total Utility: 60
[00:22:47]  
[00:22:47] Magical Bonuses:
[00:22:47] 12.00 | Hits: +48 pts
[00:22:47] 16.00 | Cold: +8 %
[00:22:47] 14.00 | Energy: +7 %
[00:22:47] 18.00 | Heat: +9 %
[00:22:47]  
[00:22:47] Level Requirement: 50 Level
[00:22:47]  
[00:22:47] Magical Ability:
[00:22:47] Damages the target.
[00:22:47] 
[00:22:47] Damage: 95
[00:22:47] (This figure is modified by your specialization in the skill and your primary casting stat.)
[00:22:47] Target: Enemy Target
[00:22:47] Range: 1500
[00:22:47] Damage Type: Cold
[00:22:47] Casting time: Instant
[00:22:47]  
[00:22:47] - Spell has a chance of casting when enemy strikes at this armor.
[00:22:47]  
[00:22:47] Armor Modifiers:
[00:22:47] - 102 Base Factor
[00:22:47] - 100 Clamped Factor
[00:22:47] - 34% Absorption
[00:22:47] - 100% Quality
[00:22:47] - 100% Condition
[00:22:47]  
[00:22:47] Effective Armor:
[00:22:47] - 134 Factor
[00:22:47] <End Info>
[00:22:48] <Begin Info: Vigilant Oathbinder's Gauntlets>
[00:22:48] Usable by:
[00:22:48] - Paladin
[00:22:48]  
[00:22:48] Total Utility: 60
[00:22:48]  
[00:22:48] Magical Bonuses:
[00:22:48] 12.00 | Hits: +48 pts
[00:22:48] 18.00 | Crush: +9 %
[00:22:48] 16.00 | Slash: +8 %
[00:22:48] 14.00 | Thrust: +7 %
[00:22:48]  
[00:22:48] Level Requirement: 50 Level
[00:22:48]  
[00:22:48] Magical Ability:
[00:22:48] Damages the target.
[00:22:48] 
[00:22:48] Damage: 95
[00:22:48] (This figure is modified by your specialization in the skill and your primary casting stat.)
[00:22:48] Target: Enemy Target
[00:22:48] Range: 1500
[00:22:48] Damage Type: Cold
[00:22:48] Casting time: Instant
[00:22:48]  
[00:22:48] - Spell has a chance of casting when enemy strikes at this armor.
[00:22:48]  
[00:22:48] Armor Modifiers:
[00:22:48] - 102 Base Factor
[00:22:48] - 100 Clamped Factor
[00:22:48] - 34% Absorption
[00:22:48] - 100% Quality
[00:22:48] - 100% Condition
[00:22:48]  
[00:22:48] Effective Armor:
[00:22:48] - 134 Factor
[00:22:48] <End Info>
[00:22:48] <Begin Info: Vigilant Oathbinder's Vambraces>
[00:22:48] Usable by:
[00:22:48] - Paladin
[00:22:48]  
[00:22:48] Total Utility: 77
[00:22:48] Single Skill Utility: 62
[00:22:48]  
[00:22:48] Magical Bonuses:
[00:22:48] 14.00 | Strength: +21 pts
[00:22:48] 18.00 | Dexterity: +27 pts
[00:22:48] 15.00 | Parry: +3 pts
[00:22:48] 30.00 | ALL melee weapon skills: +3 pts
[00:22:48]  
[00:22:48] Level Requirement: 50 Level
[00:22:48]  
[00:22:48] Magical Ability:
[00:22:48] Function: melee health buffer
[00:22:48] 
[00:22:48] Adds a shield to recipient which will temporarily absorb some of the damage type specified.
[00:22:48] 
[00:22:48] Absorption: 50%
[00:22:48] Value: 150
[00:22:48] Target: Self
[00:22:48] Duration: 10:00 min
[00:22:48] Casting time: Instant
[00:22:48] Function: melee health buffer
[00:22:48]  
[00:22:48] - Spell has a chance of casting when enemy strikes at this armor.
[00:22:48]  
[00:22:48] Armor Modifiers:
[00:22:48] - 102 Base Factor
[00:22:48] - 100 Clamped Factor
[00:22:48] - 34% Absorption
[00:22:48] - 100% Quality
[00:22:48] - 100% Condition
[00:22:48]  
[00:22:48] Effective Armor:
[00:22:48] - 134 Factor
[00:22:48] <End Info>
[00:22:49] <Begin Info: Vigilant Oathbinder Greaves>
[00:22:49] Usable by:
[00:22:49] - Paladin
[00:22:49]  
[00:22:49] Total Utility: 77
[00:22:49] Single Skill Utility: 62
[00:22:49]  
[00:22:49] Magical Bonuses:
[00:22:49] 18.00 | Dexterity: +27 pts
[00:22:49] 14.00 | Quickness: +21 pts
[00:22:49] 15.00 | Shields: +3 pts
[00:22:49] 30.00 | ALL melee weapon skills: +3 pts
[00:22:49]  
[00:22:49] Level Requirement: 50 Level
[00:22:49]  
[00:22:49] Magical Ability:
[00:22:49] Function: melee health buffer
[00:22:49] 
[00:22:49] Adds a shield to recipient which will temporarily absorb some of the damage type specified.
[00:22:49] 
[00:22:49] Absorption: 50%
[00:22:49] Value: 150
[00:22:49] Target: Self
[00:22:49] Duration: 10:00 min
[00:22:49] Casting time: Instant
[00:22:49] Function: melee health buffer
[00:22:49]  
[00:22:49] - Spell has a chance of casting when enemy strikes at this armor.
[00:22:49]  
[00:22:49] Armor Modifiers:
[00:22:49] - 102 Base Factor
[00:22:49] - 100 Clamped Factor
[00:22:49] - 34% Absorption
[00:22:49] - 100% Quality
[00:22:49] - 100% Condition
[00:22:49]  
[00:22:49] Effective Armor:
[00:22:49] - 134 Factor
[00:22:49] <End Info>
[00:22:50] <Begin Info: Vigilant Oathbinder Warplate>
[00:22:50] Usable by:
[00:22:50] - Paladin
[00:22:50]  
[00:22:50] Total Utility: 72
[00:22:50] Single Skill Utility: 57
[00:22:50]  
[00:22:50] Magical Bonuses:
[00:22:50] 14.00 | Strength: +21 pts
[00:22:50] 18.00 | Constitution: +27 pts
[00:22:50] 10.00 | Quickness: +15 pts
[00:22:50] 30.00 | ALL melee weapon skills: +3 pts
[00:22:50]  
[00:22:50] Level Requirement: 50 Level
[00:22:50]  
[00:22:50] Magical Ability:
[00:22:50] Heals the target.
[00:22:50]  
[00:22:50] Value: 180
[00:22:50] Target: Self
[00:22:50] Casting time: instant
[00:22:50]  
[00:22:50] - Spell has a chance of casting when enemy strikes at this armor.
[00:22:50]  
[00:22:50] Armor Modifiers:
[00:22:50] - 102 Base Factor
[00:22:50] - 100 Clamped Factor
[00:22:50] - 34% Absorption
[00:22:50] - 100% Quality
[00:22:50] - 100% Condition
[00:22:50]  
[00:22:50] Effective Armor:
[00:22:50] - 134 Factor
[00:22:50] <End Info>
[00:22:52] <Begin Info: Defiled Sanquine Crown>
[00:22:52] Usable by:
[00:22:52] - Armsman
[00:22:52]  
[00:22:52] Total Utility: 65
[00:22:52]  
[00:22:52] Magical Bonuses:
[00:22:52] 14.00 | Body: +7 %
[00:22:52] 18.00 | Heat: +9 %
[00:22:52] 18.00 | Matter: +9 %
[00:22:52] 15.00 | Parry: +3 pts
[00:22:52]  
[00:22:52] Level Requirement: 50 Level
[00:22:52]  
[00:22:52] Magical Ability:
[00:22:52] Damages the target.
[00:22:52] 
[00:22:52] Damage: 95
[00:22:52] (This figure is modified by your specialization in the skill and your primary casting stat.)
[00:22:52] Target: Enemy Target
[00:22:52] Range: 1500
[00:22:52] Damage Type: Spirit
[00:22:52] Casting time: Instant
[00:22:52]  
[00:22:52] - Spell has a chance of casting when enemy strikes at this armor.
[00:22:52]  
[00:22:52] Armor Modifiers:
[00:22:52] - 102 Base Factor
[00:22:52] - 100 Clamped Factor
[00:22:52] - 34% Absorption
[00:22:52] - 100% Quality
[00:22:52] - 100% Condition
[00:22:52]  
[00:22:52] Effective Armor:
[00:22:52] - 134 Factor
[00:22:52] <End Info>
[00:22:53] <Begin Info: Defiled Sanquine Boots>
[00:22:53] Usable by:
[00:22:53] - Armsman
[00:22:53]  
[00:22:53] Total Utility: 65
[00:22:53]  
[00:22:53] Magical Bonuses:
[00:22:53] 18.00 | Cold: +9 %
[00:22:53] 18.00 | Energy: +9 %
[00:22:53] 14.00 | Spirit: +7 %
[00:22:53] 15.00 | Parry: +3 pts
[00:22:53]  
[00:22:53] Level Requirement: 40 Level
[00:22:53]  
[00:22:53] Magical Ability:
[00:22:53] Damages the target.
[00:22:53] 
[00:22:53] Damage: 95
[00:22:53] (This figure is modified by your specialization in the skill and your primary casting stat.)
[00:22:53] Target: Enemy Target
[00:22:53] Range: 1500
[00:22:53] Damage Type: Spirit
[00:22:53] Casting time: Instant
[00:22:53]  
[00:22:53] - Spell has a chance of casting when enemy strikes at this armor.
[00:22:53]  
[00:22:53] Armor Modifiers:
[00:22:53] - 102 Base Factor
[00:22:53] - 100 Clamped Factor
[00:22:53] - 34% Absorption
[00:22:53] - 100% Quality
[00:22:53] - 100% Condition
[00:22:53]  
[00:22:53] Effective Armor:
[00:22:53] - 134 Factor
[00:22:53] <End Info>
[00:22:53] <Begin Info: Defiled Sanquine Gauntlets>
[00:22:53] Usable by:
[00:22:53] - Armsman
[00:22:53]  
[00:22:53] Total Utility: 72
[00:22:53] Single Skill Utility: 57
[00:22:53]  
[00:22:53] Magical Bonuses:
[00:22:53] 14.00 | Strength: +21 pts
[00:22:53] 16.00 | Dexterity: +24 pts
[00:22:53] 12.00 | Constitution: +18 pts
[00:22:53] 30.00 | ALL melee weapon skills: +3 pts
[00:22:53]  
[00:22:53] Level Requirement: 40 Level
[00:22:53]  
[00:22:53] Magical Ability:
[00:22:53] Damages the target.
[00:22:53] 
[00:22:53] Damage: 95
[00:22:53] (This figure is modified by your specialization in the skill and your primary casting stat.)
[00:22:53] Target: Enemy Target
[00:22:53] Range: 1500
[00:22:53] Damage Type: Spirit
[00:22:53] Casting time: Instant
[00:22:53]  
[00:22:53] - Spell has a chance of casting when enemy strikes at this armor.
[00:22:53]  
[00:22:53] Armor Modifiers:
[00:22:53] - 102 Base Factor
[00:22:53] - 100 Clamped Factor
[00:22:53] - 34% Absorption
[00:22:53] - 100% Quality
[00:22:53] - 100% Condition
[00:22:53]  
[00:22:53] Effective Armor:
[00:22:53] - 134 Factor
[00:22:53] <End Info>
[00:22:54] <Begin Info: Defiled Sanquine Vambraces>
[00:22:54] Usable by:
[00:22:54] - Armsman
[00:22:54]  
[00:22:54] Total Utility: 57
[00:22:54]  
[00:22:54] Magical Bonuses:
[00:22:54] 12.00 | Strength: +18 pts
[00:22:54] 16.00 | Constitution: +24 pts
[00:22:54] 14.00 | Quickness: +21 pts
[00:22:54] 15.00 | Crossbows: +3 pts
[00:22:54]  
[00:22:54] Level Requirement: 50 Level
[00:22:54]  
[00:22:54] Magical Ability:
[00:22:54] Function: melee health buffer
[00:22:54] 
[00:22:54] Adds a shield to recipient which will temporarily absorb some of the damage type specified.
[00:22:54] 
[00:22:54] Absorption: 50%
[00:22:54] Value: 150
[00:22:54] Target: Self
[00:22:54] Duration: 10:00 min
[00:22:54] Casting time: Instant
[00:22:54] Function: melee health buffer
[00:22:54]  
[00:22:54] - Spell has a chance of casting when enemy strikes at this armor.
[00:22:54]  
[00:22:54] Armor Modifiers:
[00:22:54] - 102 Base Factor
[00:22:54] - 100 Clamped Factor
[00:22:54] - 34% Absorption
[00:22:54] - 100% Quality
[00:22:54] - 100% Condition
[00:22:54]  
[00:22:54] Effective Armor:
[00:22:54] - 134 Factor
[00:22:54] <End Info>
[00:22:55] <Begin Info: Defiled Sanquine Greaves>
[00:22:55] Usable by:
[00:22:55] - Armsman
[00:22:55]  
[00:22:55] Total Utility: 81
[00:22:55] Single Skill Utility: 66
[00:22:55]  
[00:22:55] Magical Bonuses:
[00:22:55] 20.00 | Crush: +10 %
[00:22:55] 16.00 | Thrust: +8 %
[00:22:55] 15.00 | Shields: +3 pts
[00:22:55] 30.00 | ALL melee weapon skills: +3 pts
[00:22:55]  
[00:22:55] Level Requirement: 50 Level
[00:22:55]  
[00:22:55] Magical Ability:
[00:22:55] Function: melee health buffer
[00:22:55] 
[00:22:55] Adds a shield to recipient which will temporarily absorb some of the damage type specified.
[00:22:55] 
[00:22:55] Absorption: 50%
[00:22:55] Value: 150
[00:22:55] Target: Self
[00:22:55] Duration: 10:00 min
[00:22:55] Casting time: Instant
[00:22:55] Function: melee health buffer
[00:22:55]  
[00:22:55] - Spell has a chance of casting when enemy strikes at this armor.
[00:22:55]  
[00:22:55] Armor Modifiers:
[00:22:55] - 102 Base Factor
[00:22:55] - 100 Clamped Factor
[00:22:55] - 34% Absorption
[00:22:55] - 100% Quality
[00:22:55] - 100% Condition
[00:22:55]  
[00:22:55] Effective Armor:
[00:22:55] - 134 Factor
[00:22:55] <End Info>
[00:22:56] <Begin Info: Defiled Sanquine Warplate>
[00:22:56] Usable by:
[00:22:56] - Armsman
[00:22:56]  
[00:22:56] Total Utility: 77
[00:22:56] Single Skill Utility: 62
[00:22:56]  
[00:22:56] Magical Bonuses:
[00:22:56] 10.00 | Hits: +40 pts
[00:22:56] 12.00 | Crush: +6 %
[00:22:56] 25.00 | Parry: +5 pts
[00:22:56] 30.00 | ALL melee weapon skills: +3 pts
[00:22:56]  
[00:22:56] Level Requirement: 50 Level
[00:22:56]  
[00:22:56] Magical Ability:
[00:22:56] Heals the target.
[00:22:56]  
[00:22:56] Value: 180
[00:22:56] Target: Self
[00:22:56] Casting time: instant
[00:22:56]  
[00:22:56] - Spell has a chance of casting when enemy strikes at this armor.
[00:22:56]  
[00:22:56] Armor Modifiers:
[00:22:56] - 102 Base Factor
[00:22:56] - 100 Clamped Factor
[00:22:56] - 34% Absorption
[00:22:56] - 100% Quality
[00:22:56] - 100% Condition
[00:22:56]  
[00:22:56] Effective Armor:
[00:22:56] - 134 Factor
[00:22:56] <End Info>

*** Chat Log Closed: Mon May 31 00:22:56 2021


