
*** Chat Log Opened: Mon May 31 00:25:52 2021

[00:25:53] <Begin Info: Basalt Sword of Anarchy>
[00:25:53]  
[00:25:53] Total Utility: 44
[00:25:53]  
[00:25:53] Magical Bonuses:
[00:25:53] 10.00 | Strength: +15 pts
[00:25:53] 10.00 | Quickness: +15 pts
[00:25:53] 14.00 | Matter: +7 %
[00:25:53] 10.00 | Slashing: +2 pts
[00:25:53]  
[00:25:53] Level Requirement: 50 Level
[00:25:53]  
[00:25:53] Magical Ability:
[00:25:53] Damages the target. A portion of damage inflicted is used to heal the caster.
[00:25:53] 
[00:25:53] Damage: 65
[00:25:53] (This figure is modified by your specialization in the skill and your primary casting stat.)
[00:25:53] Damage returned to caster as health: 100%
[00:25:53] Target: Enemy Target
[00:25:53] Range: 300
[00:25:53] Damage Type: Body
[00:25:53] Casting time: Instant
[00:25:53]  
[00:25:53] - Spell has a chance of casting when this weapon strikes an enemy.
[00:25:53]  
[00:25:53]  
[00:25:53] Damage Modifiers:
[00:25:53] - 16.5 Base DPS
[00:25:53] - 16.2 Clamped DPS
[00:25:53] - 4.2 Weapon Speed
[00:25:53] - 100% Quality
[00:25:53] - 100% Condition
[00:25:53] - Damage Type: Slash
[00:25:53]  
[00:25:53] Effective Damage:
[00:25:53] - 16.2 DPS
[00:25:53] <End Info>
[00:25:54] <Begin Info: Sword of Sorrow>
[00:25:54]  
[00:25:54] Total Utility: 65.333
[00:25:54]  
[00:25:54] Magical Bonuses:
[00:25:54] 12.67 | Strength: +19 pts
[00:25:54] 12.67 | Quickness: +19 pts
[00:25:54] 20.00 | Parry: +4 pts
[00:25:54] 20.00 | Slashing: +4 pts
[00:25:54]  
[00:25:54] Level Requirement: 49 Level
[00:25:54]  
[00:25:54] Magical Ability:
[00:25:54] Name: Proc Endurance Drain
[00:25:54] Description: 
[00:25:54] Target: Enemy
[00:25:54] Casting time: instant
[00:25:54] Range: 1500
[00:25:54] Endurance drained: 15
[00:25:54]  
[00:25:54] - Spell has a chance of casting when this weapon strikes an enemy.
[00:25:54]  
[00:25:54]  
[00:25:54] Damage Modifiers:
[00:25:54] - 16.5 Base DPS
[00:25:54] - 16.2 Clamped DPS
[00:25:54] - 4.3 Weapon Speed
[00:25:54] - 100% Quality
[00:25:54] - 100% Condition
[00:25:54] - Damage Type: Slash
[00:25:54]  
[00:25:54] Effective Damage:
[00:25:54] - 16.2 DPS
[00:25:54] <End Info>
[00:25:55] <Begin Info: Towering Avernal Defender>
[00:25:55]  
[00:25:55] Total Utility: 69.667
[00:25:55]  
[00:25:55] Magical Bonuses:
[00:25:55] 14.67 | Constitution: +22 pts
[00:25:55] 20.00 | Energy: +10 %
[00:25:55] 15.00 | Parry: +3 pts
[00:25:55] 20.00 | Shields: +4 pts
[00:25:55]  
[00:25:55]  
[00:25:55]  
[00:25:55] Damage Modifiers (when used with shield styles):
[00:25:55] - 16.5 Base DPS
[00:25:55] - 16.2 Clamped DPS
[00:25:55] - 4.4 Shield Speed
[00:25:55]  
[00:25:55] - Shield Size : Large
[00:25:55] <End Info>
[00:25:58] <Begin Info: Harp of Balefire>
[00:25:58]  
[00:25:58] Total Utility: 61.667
[00:25:58]  
[00:25:58] Magical Bonuses:
[00:25:58] 16.67 | Charisma: +25 pts
[00:25:58] 45.00 | Instruments: +9 pts
[00:25:58]  
[00:25:58] Level Requirement: 50 Level
[00:25:58]  
[00:25:58] Charged Magic Ability:
[00:25:58] - 10 Charges
[00:25:58] - 10 Max
[00:25:58]  
[00:25:58] Increases Str/Con for a character.
[00:25:58] 
[00:25:58] Str/Con bonus: 50
[00:25:58] Target: Self
[00:25:58] Duration: 10:00 min
[00:25:58] Casting time: Instant
[00:25:58]  
[00:25:58] - This spell is cast when the item is used.
[00:25:58]  
[00:25:58] Can use item every: 2:00 min.
[00:25:58]  
[00:25:58]  
[00:25:58] Damage Modifiers:
[00:25:58] - 16.2 Base DPS
[00:25:58] - 16.2 Clamped DPS
[00:25:58] - 0.0 Weapon Speed
[00:25:58] - 100% Quality
[00:25:58] - 100% Condition
[00:25:58] - Damage Type: None
[00:25:58]  
[00:25:58] Effective Damage:
[00:25:58] - 16.2 DPS
[00:25:58] <End Info>
[00:25:59] <Begin Info: Flawless Vest of the Vile Dominion>
[00:25:59]  
[00:25:59] Total Utility: 65.333
[00:25:59]  
[00:25:59] Magical Bonuses:
[00:25:59] 12.67 | Dexterity: +19 pts
[00:25:59] 12.67 | Constitution: +19 pts
[00:25:59] 20.00 | Cold: +10 %
[00:25:59] 20.00 | Thrust: +10 %
[00:25:59]  
[00:25:59] Level Requirement: 50 Level
[00:25:59]  
[00:25:59] Magical Ability:
[00:25:59] Creates a field that damages anyone who attacks the target in melee.
[00:25:59] 
[00:25:59] Creates a field that damages anyone who attacks the target in melee.
[00:25:59] Damage: 5.1 DPS
[00:25:59] Target: Self
[00:25:59] Duration: 20 seconds
[00:25:59] Casting time: Instant
[00:25:59]  
[00:25:59] - Spell has a chance of casting when enemy strikes at this armor.
[00:25:59]  
[00:25:59] Armor Modifiers:
[00:25:59] - 102 Base Factor
[00:25:59] - 100 Clamped Factor
[00:25:59] - 19% Absorption
[00:25:59] - 100% Quality
[00:25:59] - 100% Condition
[00:25:59]  
[00:25:59] Effective Armor:
[00:25:59] - 119 Factor
[00:25:59] <End Info>
[00:25:59] <Begin Info: Flawless Hauberk of the Wretched>
[00:25:59]  
[00:25:59] Total Utility: 65.333
[00:25:59]  
[00:25:59] Magical Bonuses:
[00:25:59] 12.67 | Constitution: +19 pts
[00:25:59] 12.67 | Piety: +19 pts
[00:25:59] 20.00 | Spirit: +10 %
[00:25:59] 20.00 | Thrust: +10 %
[00:25:59]  
[00:25:59] Level Requirement: 50 Level
[00:25:59]  
[00:25:59] Magical Ability:
[00:25:59] Creates a field that damages anyone who attacks the target in melee.
[00:25:59] 
[00:25:59] Creates a field that damages anyone who attacks the target in melee.
[00:25:59] Damage: 5.1 DPS
[00:25:59] Target: Self
[00:25:59] Duration: 20 seconds
[00:25:59] Casting time: Instant
[00:25:59]  
[00:25:59] - Spell has a chance of casting when enemy strikes at this armor.
[00:25:59]  
[00:25:59] Armor Modifiers:
[00:25:59] - 102 Base Factor
[00:25:59] - 100 Clamped Factor
[00:25:59] - 27% Absorption
[00:25:59] - 100% Quality
[00:25:59] - 100% Condition
[00:25:59]  
[00:25:59] Effective Armor:
[00:25:59] - 127 Factor
[00:25:59] <End Info>
[00:26:00] <Begin Info: Flawless Forlorn Soul Breastplate>
[00:26:00]  
[00:26:00] Total Utility: 66
[00:26:00]  
[00:26:00] Magical Bonuses:
[00:26:00] 10.00 | Strength: +15 pts
[00:26:00] 16.00 | Constitution: +24 pts
[00:26:00] 20.00 | Body: +10 %
[00:26:00] 20.00 | Crush: +10 %
[00:26:00]  
[00:26:00] Armor Modifiers:
[00:26:00] - 102 Base Factor
[00:26:00] - 100 Clamped Factor
[00:26:00] - 34% Absorption
[00:26:00] - 100% Quality
[00:26:00] - 100% Condition
[00:26:00]  
[00:26:00] Effective Armor:
[00:26:00] - 134 Factor
[00:26:00] <End Info>
[00:26:01] <Begin Info: Breastplate of Forlorn Souls>
[00:26:01]  
[00:26:01] Total Utility: 64
[00:26:01]  
[00:26:01] Magical Bonuses:
[00:26:01] 8.00 | Strength: +12 pts
[00:26:01] 16.00 | Constitution: +24 pts
[00:26:01] 20.00 | Body: +10 %
[00:26:01] 20.00 | Crush: +10 %
[00:26:01]  
[00:26:01] Level Requirement: 50 Level
[00:26:01]  
[00:26:01] Magical Ability:
[00:26:01] Creates a field that damages anyone who attacks the target in melee.
[00:26:01] 
[00:26:01] Creates a field that damages anyone who attacks the target in melee.
[00:26:01] Damage: 5.1 DPS
[00:26:01] Target: Self
[00:26:01] Duration: 20 seconds
[00:26:01] Casting time: Instant
[00:26:01]  
[00:26:01] - Spell has a chance of casting when enemy strikes at this armor.
[00:26:01]  
[00:26:01] Armor Modifiers:
[00:26:01] - 102 Base Factor
[00:26:01] - 100 Clamped Factor
[00:26:01] - 34% Absorption
[00:26:01] - 100% Quality
[00:26:01] - 100% Condition
[00:26:01]  
[00:26:01] Effective Armor:
[00:26:01] - 134 Factor
[00:26:01] <End Info>
[00:26:01] <Begin Info: Flawless Ancient Daemon Jerkin>
[00:26:01]  
[00:26:01] Total Utility: 65.333
[00:26:01]  
[00:26:01] Magical Bonuses:
[00:26:01] 12.67 | Strength: +19 pts
[00:26:01] 12.67 | Dexterity: +19 pts
[00:26:01] 20.00 | Body: +10 %
[00:26:01] 20.00 | Slash: +10 %
[00:26:01]  
[00:26:01] Armor Modifiers:
[00:26:01] - 102 Base Factor
[00:26:01] - 100 Clamped Factor
[00:26:01] - 10% Absorption
[00:26:01] - 100% Quality
[00:26:01] - 100% Condition
[00:26:01]  
[00:26:01] Effective Armor:
[00:26:01] - 110 Factor
[00:26:01] <End Info>
[00:26:02] <Begin Info: Ancient Daemon Jerkin>
[00:26:02] Usable by:
[00:26:02] - Infiltrator
[00:26:02] - Friar
[00:26:02]  
[00:26:02] Total Utility: 64
[00:26:02]  
[00:26:02] Magical Bonuses:
[00:26:02] 12.00 | Strength: +18 pts
[00:26:02] 12.00 | Dexterity: +18 pts
[00:26:02] 20.00 | Body: +10 %
[00:26:02] 20.00 | Slash: +10 %
[00:26:02]  
[00:26:02] Level Requirement: 50 Level
[00:26:02]  
[00:26:02] Magical Ability:
[00:26:02] Creates a field that damages anyone who attacks the target in melee.
[00:26:02] 
[00:26:02] Creates a field that damages anyone who attacks the target in melee.
[00:26:02] Damage: 5.1 DPS
[00:26:02] Target: Self
[00:26:02] Duration: 20 seconds
[00:26:02] Casting time: Instant
[00:26:02]  
[00:26:02] - Spell has a chance of casting when enemy strikes at this armor.
[00:26:02]  
[00:26:02] Armor Modifiers:
[00:26:02] - 102 Base Factor
[00:26:02] - 100 Clamped Factor
[00:26:02] - 10% Absorption
[00:26:02] - 100% Quality
[00:26:02] - 100% Condition
[00:26:02]  
[00:26:02] Effective Armor:
[00:26:02] - 110 Factor
[00:26:02] <End Info>
[00:26:02] <Begin Info: Arcanite Twinkling Tiara>
[00:26:02]  
[00:26:02] Total Utility: 76
[00:26:02] Single Skill Utility: 61
[00:26:02]  
[00:26:02] Magical Bonuses:
[00:26:02] 14.00 | Dexterity: +21 pts
[00:26:02] 12.00 | Hits: +48 pts
[00:26:02] 20.00 | Thrust: +10 %
[00:26:02] 30.00 | ALL magic skills: +3 pts
[00:26:02]  
[00:26:02] Level Requirement: 50 Level
[00:26:02]  
[00:26:02] Charged Magic Ability:
[00:26:02] - 10 Charges
[00:26:02] - 10 Max
[00:26:02]  
[00:26:02]  
[00:26:02] Value: 20%
[00:26:02] Target: Self
[00:26:02] Casting time: instant
[00:26:02]  
[00:26:02] - This spell is cast when the item is used.
[00:26:02]  
[00:26:02] Can use item every: 2:00 min.
[00:26:02]  
[00:26:02] Armor Modifiers:
[00:26:02] - 102 Base Factor
[00:26:02] - 100 Clamped Factor
[00:26:02] - 27% Absorption
[00:26:02] - 100% Quality
[00:26:02] - 100% Condition
[00:26:02]  
[00:26:02] Effective Armor:
[00:26:02] - 127 Factor
[00:26:02] <End Info>
[00:26:03] <Begin Info: Sleeves of Strife>
[00:26:03]  
[00:26:03] Total Utility: 63
[00:26:03]  
[00:26:03] Magical Bonuses:
[00:26:03] 15.00 | Hits: +60 pts
[00:26:03] 16.00 | Crush: +8 %
[00:26:03] 16.00 | Slash: +8 %
[00:26:03] 16.00 | Thrust: +8 %
[00:26:03]  
[00:26:03] Level Requirement: 50 Level
[00:26:03]  
[00:26:03] Magical Ability:
[00:26:03] Heals the target
[00:26:03]  
[00:26:03] Value: 80
[00:26:03] Target: Self
[00:26:03] Casting time: instant
[00:26:03]  
[00:26:03] - Spell has a chance of casting when enemy strikes at this armor.
[00:26:03]  
[00:26:03] Armor Modifiers:
[00:26:03] - 51 Base Factor
[00:26:03] - 50 Clamped Factor
[00:26:03] - 0% Absorption
[00:26:03] - 100% Quality
[00:26:03] - 100% Condition
[00:26:03]  
[00:26:03] Effective Armor:
[00:26:03] - 50 Factor
[00:26:03] <End Info>
[00:26:06] <Begin Info: Verdant Ornate Necklace>
[00:26:06]  
[00:26:06] Total Utility: 66
[00:26:06] Single Skill Utility: 46
[00:26:06]  
[00:26:06] Magical Bonuses:
[00:26:06] 10.00 | Dexterity: +15 pts
[00:26:06] 6.00 | Power: +6 pts
[00:26:06] 10.00 | Hits: +40 pts
[00:26:06] 40.00 | ALL magic skills: +4 pts
[00:26:06]  
[00:26:06] Level Requirement: 47 Level
[00:26:06]  
[00:26:06] Charged Magic Ability:
[00:26:06] - 10 Charges
[00:26:06] - 10 Max
[00:26:06]  
[00:26:06] Adds to the recipient's Armor Factor (AF) resulting in better protection againts some forms of attack. It acts in addition to any armor the target is wearing.
[00:26:06]  
[00:26:06] Value: 50
[00:26:06] Target: Self
[00:26:06] Duration: 10:00 min
[00:26:06] Casting time: instant
[00:26:06]  
[00:26:06] - This spell is cast when the item is used.
[00:26:06]  
[00:26:06]  
[00:26:06]  
[00:26:06] Can use item every: 2:00 min
[00:26:06] <End Info>
[00:26:07] <Begin Info: Shimmering Drakescale Chain>
[00:26:07]  
[00:26:07] Total Utility: 43
[00:26:07]  
[00:26:07] Magical Bonuses:
[00:26:07] 10.00 | Intelligence: +15 pts
[00:26:07] 6.00 | Power: +6 pts
[00:26:07] 15.00 | Hits: +60 pts
[00:26:07] 12.00 | Crush: +6 %
[00:26:07]  
[00:26:07] <End Info>
[00:26:08] <Begin Info: Heart of Legion>
[00:26:08]  
[00:26:08] Total Utility: 61.667
[00:26:08]  
[00:26:08] Magical Bonuses:
[00:26:08] 14.67 | Constitution: +22 pts
[00:26:08] 19.00 | Hits: +76 pts
[00:26:08] 14.00 | Energy: +7 %
[00:26:08] 14.00 | Spirit: +7 %
[00:26:08]  
[00:26:08] Level Requirement: 40 Level
[00:26:08]  
[00:26:08] Charged Magic Ability:
[00:26:08] - 10 Charges
[00:26:08] - 10 Max
[00:26:08]  
[00:26:08] Target gains health
[00:26:08]  
[00:26:08] Value: 230
[00:26:08] Target: Self
[00:26:08] Casting time: instant
[00:26:08]  
[00:26:08] - This spell is cast when the item is used.
[00:26:08]  
[00:26:08] Can use item every: 2:00 min.
[00:26:08]  
[00:26:08] <End Info>
[00:26:08] <Begin Info: Tasty Chunk of Legion>
[00:26:08]  
[00:26:08] Total Utility: 61.667
[00:26:08]  
[00:26:08] Magical Bonuses:
[00:26:08] 14.67 | Constitution: +22 pts
[00:26:08] 19.00 | Hits: +76 pts
[00:26:08] 14.00 | Energy: +7 %
[00:26:08] 14.00 | Spirit: +7 %
[00:26:08]  
[00:26:08] Level Requirement: 40 Level
[00:26:08]  
[00:26:08] Charged Magic Ability:
[00:26:08] - 10 Charges
[00:26:08] - 10 Max
[00:26:08]  
[00:26:08] Target gains Power
[00:26:08]  
[00:26:08] Value: 99
[00:26:08] Target: Self
[00:26:08] Casting time: instant
[00:26:08]  
[00:26:08] - This spell is cast when the item is used.
[00:26:08]  
[00:26:08] Can use item every: 2:00 min.
[00:26:08]  
[00:26:08] <End Info>
[00:26:09] <Begin Info: Wormskin Wrap>
[00:26:09]  
[00:26:09] Total Utility: 64
[00:26:09]  
[00:26:09] Magical Bonuses:
[00:26:09] 16.00 | Constitution: +24 pts
[00:26:09] 16.00 | Crush: +8 %
[00:26:09] 16.00 | Slash: +8 %
[00:26:09] 16.00 | Thrust: +8 %
[00:26:09]  
[00:26:09] Level Requirement: 50 Level
[00:26:09]  
[00:26:09] Charged Magic Ability:
[00:26:09] - 10 Charges
[00:26:09] - 10 Max
[00:26:09]  
[00:26:09] Target regenerates the given amount of health every 'tick'.
[00:26:09]  
[00:26:09] Value: 29
[00:26:09] Target: Self
[00:26:09] Duration: 20 sec
[00:26:09] Casting time: instant
[00:26:09]  
[00:26:09] - This spell is cast when the item is used.
[00:26:09]  
[00:26:09]  
[00:26:09]  
[00:26:09] Can use item every: 2:00 min
[00:26:09] <End Info>
[00:26:09] <Begin Info: Worked Wormhide Wrap>
[00:26:09]  
[00:26:09] Total Utility: 62
[00:26:09]  
[00:26:09] Magical Bonuses:
[00:26:09] 14.00 | Dexterity: +21 pts
[00:26:09] 16.00 | Cold: +8 %
[00:26:09] 16.00 | Slash: +8 %
[00:26:09] 16.00 | Spirit: +8 %
[00:26:09]  
[00:26:09] <End Info>
[00:26:10] <Begin Info: Icebound Bracer>
[00:26:10]  
[00:26:10] Total Utility: 50
[00:26:10]  
[00:26:10] Magical Bonuses:
[00:26:10] 12.00 | Strength: +18 pts
[00:26:10] 12.00 | Quickness: +18 pts
[00:26:10] 12.00 | Hits: +48 pts
[00:26:10] 14.00 | Thrust: +7 %
[00:26:10]  
[00:26:10] <End Info>
[00:26:11] <Begin Info: Verdant Ornate Bracer>
[00:26:11]  
[00:26:11] Total Utility: 41
[00:26:11]  
[00:26:11] Magical Bonuses:
[00:26:11] 10.00 | Dexterity: +15 pts
[00:26:11] 6.00 | Power: +6 pts
[00:26:11] 15.00 | Hits: +60 pts
[00:26:11] 10.00 | Acuity: +15 pts
[00:26:11]  
[00:26:11] <End Info>
[00:26:11] @@[LFG] Syrnaelle (7, Cleric): xp
[00:26:11] <Begin Info: Shimmering Drakescale Bracer>
[00:26:11]  
[00:26:11] Total Utility: 47
[00:26:11]  
[00:26:11] Magical Bonuses:
[00:26:11] 10.00 | Dexterity: +15 pts
[00:26:11] 10.00 | Quickness: +15 pts
[00:26:11] 15.00 | Hits: +60 pts
[00:26:11] 12.00 | Spirit: +6 %
[00:26:11]  
[00:26:11] Level Requirement: 45 Level
[00:26:11]  
[00:26:11] Charged Magic Ability:
[00:26:11] - 5 Charges
[00:26:11] - 5 Max
[00:26:11]  
[00:26:11] Increases Dex/Qui for a character.
[00:26:11] 
[00:26:11] Dex/Qui bonus: 50
[00:26:11] Target: Self
[00:26:11] Duration: 10:00 min
[00:26:11] Casting time: Instant
[00:26:11]  
[00:26:11] - This spell is cast when the item is used.
[00:26:11]  
[00:26:11] Can use item every: 2:00 min.
[00:26:11]  
[00:26:11] <End Info>
[00:26:12] <Begin Info: Band of Eternity>
[00:26:12]  
[00:26:12] Total Utility: 63
[00:26:12]  
[00:26:12] Magical Bonuses:
[00:26:12] 14.00 | Constitution: +21 pts
[00:26:12] 15.00 | Hits: +60 pts
[00:26:12] 14.00 | Body: +7 %
[00:26:12] 20.00 | Parry: +4 pts
[00:26:12]  
[00:26:12] <End Info>
[00:26:13] <Begin Info: Glacial Emerald Ring>
[00:26:13]  
[00:26:13] Total Utility: 50
[00:26:13]  
[00:26:13] Magical Bonuses:
[00:26:13] 12.00 | Strength: +18 pts
[00:26:13] 12.00 | Quickness: +18 pts
[00:26:13] 12.00 | Charisma: +18 pts
[00:26:13] 14.00 | Crush: +7 %
[00:26:13]  
[00:26:13] <End Info>
[00:26:14] <Begin Info: Verdant Ornate Ring>
[00:26:14]  
[00:26:14] Total Utility: 45
[00:26:14]  
[00:26:14] Magical Bonuses:
[00:26:14] 10.00 | Strength: +15 pts
[00:26:14] 10.00 | Quickness: +15 pts
[00:26:14] 10.00 | Hits: +40 pts
[00:26:14] 15.00 | Parry: +3 pts
[00:26:14]  
[00:26:14] <End Info>
[00:26:14] <Begin Info: Shimmering Drakescale Band>
[00:26:14]  
[00:26:14] Total Utility: 41
[00:26:14]  
[00:26:14] Magical Bonuses:
[00:26:14] 10.00 | Dexterity: +15 pts
[00:26:14] 10.00 | Piety: +15 pts
[00:26:14] 6.00 | Power: +6 pts
[00:26:14] 15.00 | Hits: +60 pts
[00:26:14]  
[00:26:14] <End Info>
[00:26:17] <Begin Info: Snow Sapphire>
[00:26:17]  
[00:26:17] Total Utility: 44
[00:26:17]  
[00:26:17] Magical Bonuses:
[00:26:17] 20.00 | Hits: +80 pts
[00:26:17] 12.00 | Crush: +6 %
[00:26:17] 12.00 | Slash: +6 %
[00:26:17]  
[00:26:17] Level Requirement: 50 Level
[00:26:17]  
[00:26:17] Charged Magic Ability:
[00:26:17] - 10 Charges
[00:26:17] - 10 Max
[00:26:17]  
[00:26:17] Increases the player's combat speed.
[00:26:17] 
[00:26:17] Target hasted: 20%
[00:26:17] Target: Self
[00:26:17] Duration: 60 seconds
[00:26:17] Casting time: Instant
[00:26:17]  
[00:26:17] - This spell is cast when the item is used.
[00:26:17]  
[00:26:17] Can use item every: 2:00 min.
[00:26:17]  
[00:26:17] <End Info>
[00:26:18] <Begin Info: Hardened Wormhide Cloak>
[00:26:18]  
[00:26:18] Total Utility: 62
[00:26:18]  
[00:26:18] Magical Bonuses:
[00:26:18] 14.00 | Hits: +56 pts
[00:26:18] 16.00 | Body: +8 %
[00:26:18] 16.00 | Crush: +8 %
[00:26:18] 16.00 | Heat: +8 %
[00:26:18]  
[00:26:18] Level Requirement: 50 Level
[00:26:18]  
[00:26:18] Charged Magic Ability:
[00:26:18] - 10 Charges
[00:26:18] - 10 Max
[00:26:18]  
[00:26:18] Target regenerates the given amount of health every 'tick'.
[00:26:18]  
[00:26:18] Value: 29
[00:26:18] Target: Self
[00:26:18] Duration: 20 sec
[00:26:18] Casting time: instant
[00:26:18]  
[00:26:18] - This spell is cast when the item is used.
[00:26:18]  
[00:26:18]  
[00:26:18]  
[00:26:18] Can use item every: 2:00 min
[00:26:18] <End Info>
[00:26:19] <Begin Info: Grand Summoner's Silken Mantle>
[00:26:19]  
[00:26:19] Total Utility: 72
[00:26:19]  
[00:26:19] Magical Bonuses:
[00:26:19] 12.00 | Hits: +48 pts
[00:26:19] 20.00 | Crush: +10 %
[00:26:19] 20.00 | Slash: +10 %
[00:26:19] 20.00 | Thrust: +10 %
[00:26:19]  
[00:26:19] <End Info>
[00:26:19] <Begin Info: Cloak of Icy Vigor>
[00:26:19]  
[00:26:19] Total Utility: 50
[00:26:19]  
[00:26:19] Magical Bonuses:
[00:26:19] 12.00 | Dexterity: +18 pts
[00:26:19] 12.00 | Constitution: +18 pts
[00:26:19] 12.00 | Hits: +48 pts
[00:26:19] 14.00 | Slash: +7 %
[00:26:19]  
[00:26:19] <End Info>
[00:26:20] <Begin Info: Cerulescent Silken Cloak>
[00:26:20]  
[00:26:20] Total Utility: 60
[00:26:20]  
[00:26:20] Magical Bonuses:
[00:26:20] 14.00 | Strength: +21 pts
[00:26:20] 14.00 | Quickness: +21 pts
[00:26:20] 16.00 | Hits: +64 pts
[00:26:20] 16.00 | Slash: +8 %
[00:26:20]  
[00:26:20] <End Info>
[00:26:21] <Begin Info: Icy Glacier Skin>
[00:26:21]  
[00:26:21] Total Utility: 75
[00:26:21]  
[00:26:21] Magical Bonuses:
[00:26:21] 20.00 | Cold: +10 %
[00:26:21] 20.00 | Slash: +10 %
[00:26:21] 20.00 | Stealth: +4 pts
[00:26:21] 15.00 | ALL archery skills: +3 pts
[00:26:21]  
[00:26:21] <End Info>
[00:26:22] <Begin Info: Icy Glacier Skin>
[00:26:22]  
[00:26:22] Total Utility: 56.667
[00:26:22]  
[00:26:22] Magical Bonuses:
[00:26:22] 8.67 | Constitution: +13 pts
[00:26:22] 8.00 | Intelligence: +12 pts
[00:26:22] 20.00 | Cold: +10 %
[00:26:22] 20.00 | Slash: +10 %
[00:26:22]  
[00:26:22] <End Info>
[00:26:22] <Begin Info: Icy Glacier Skin>
[00:26:22]  
[00:26:22] Total Utility: 56.667
[00:26:22]  
[00:26:22] Magical Bonuses:
[00:26:22] 8.67 | Constitution: +13 pts
[00:26:22] 8.00 | Piety: +12 pts
[00:26:22] 20.00 | Cold: +10 %
[00:26:22] 20.00 | Slash: +10 %
[00:26:22]  
[00:26:22] <End Info>
[00:26:23] <Begin Info: Icy Glacier Skin>
[00:26:23]  
[00:26:23] Total Utility: 75
[00:26:23]  
[00:26:23] Magical Bonuses:
[00:26:23] 20.00 | Cold: +10 %
[00:26:23] 20.00 | Slash: +10 %
[00:26:23] 20.00 | Critical Strike: +4 pts
[00:26:23] 15.00 | Stealth: +3 pts
[00:26:23]  
[00:26:23] <End Info>
[00:26:24] <Begin Info: Icy Glacier Skin>
[00:26:24]  
[00:26:24] Total Utility: 71.667
[00:26:24]  
[00:26:24] Magical Bonuses:
[00:26:24] 6.67 | Constitution: +10 pts
[00:26:24] 20.00 | Cold: +10 %
[00:26:24] 20.00 | Slash: +10 %
[00:26:24] 25.00 | Parry: +5 pts
[00:26:24]  
[00:26:24] <End Info>
[00:26:25] <Begin Info: Icy Glacier Skin>
[00:26:25]  
[00:26:25] Total Utility: 56.667
[00:26:25]  
[00:26:25] Magical Bonuses:
[00:26:25] 8.67 | Constitution: +13 pts
[00:26:25] 8.00 | Charisma: +12 pts
[00:26:25] 20.00 | Cold: +10 %
[00:26:25] 20.00 | Slash: +10 %
[00:26:25]  
[00:26:25] <End Info>
[00:26:25] <Begin Info: Skin Scrap of Legion>
[00:26:25]  
[00:26:25] Total Utility: 61.667
[00:26:25]  
[00:26:25] Magical Bonuses:
[00:26:25] 14.67 | Constitution: +22 pts
[00:26:25] 19.00 | Hits: +76 pts
[00:26:25] 14.00 | Energy: +7 %
[00:26:25] 14.00 | Spirit: +7 %
[00:26:25]  
[00:26:25] Level Requirement: 40 Level
[00:26:25]  
[00:26:25] Charged Magic Ability:
[00:26:25] - 10 Charges
[00:26:25] - 10 Max
[00:26:25]  
[00:26:25] Description: Target gains Endurance
[00:26:25]  
[00:26:25] Value: 80
[00:26:25] Target: Self
[00:26:25] Casting time: instant
[00:26:25]  
[00:26:25] - This spell is cast when the item is used.
[00:26:25]  
[00:26:25] Can use item every: 2:00 min.
[00:26:25]  
[00:26:25] <End Info>

*** Chat Log Closed: Mon May 31 00:26:26 2021


