
*** Chat Log Opened: Mon May 31 00:24:25 2021

[00:24:30] <Begin Info: Sepulchral Longbow>
[00:24:30]  
[00:24:30] Total Utility: 45
[00:24:30]  
[00:24:30] Magical Bonuses:
[00:24:30] 12.00 | Dexterity: +18 pts
[00:24:30] 4.00 | Cold: +2 %
[00:24:30] 4.00 | Spirit: +2 %
[00:24:30] 25.00 | ALL archery skills: +5 pts
[00:24:30]  
[00:24:30] Level Requirement: 50 Level
[00:24:30]  
[00:24:30] Magical Ability:
[00:24:30] Decreases Str/Con for a character.
[00:24:30]  
[00:24:30] Value: 56
[00:24:30] Target: Enemy
[00:24:30] Range: 300
[00:24:30] Duration: 60 sec
[00:24:30] Casting time: instant
[00:24:30] Damage Type: Body
[00:24:30]  
[00:24:30] - Spell has a chance of casting when this weapon strikes an enemy.
[00:24:30]  
[00:24:30]  
[00:24:30] Damage Modifiers:
[00:24:30] - 16.5 Base DPS
[00:24:30] - 16.2 Clamped DPS
[00:24:30] - 5.3 Weapon Speed
[00:24:30] - 100% Quality
[00:24:30] - 100% Condition
[00:24:30] - Damage Type: Thrust
[00:24:30]  
[00:24:30] Effective Damage:
[00:24:30] - 16.2 DPS
[00:24:30] <End Info>
[00:24:31] <Begin Info: Staff of the Last Briton Hero>
[00:24:31] Usable by:
[00:24:31] - Friar
[00:24:31]  
[00:24:31] Total Utility: 64.667
[00:24:31]  
[00:24:31] Magical Bonuses:
[00:24:31] 12.67 | Dexterity: +19 pts
[00:24:31] 12.00 | Hits: +48 pts
[00:24:31] 20.00 | Parry: +4 pts
[00:24:31] 20.00 | Staff: +4 pts
[00:24:31]  
[00:24:31] Level Requirement: 50 Level
[00:24:31]  
[00:24:31] Magical Ability:
[00:24:31] Damages the target.
[00:24:31] 
[00:24:31] Damage: 95
[00:24:31] (This figure is modified by your specialization in the skill and your primary casting stat.)
[00:24:31] Target: Enemy Target
[00:24:31] Range: 1500
[00:24:31] Damage Type: Cold
[00:24:31] Casting time: Instant
[00:24:31]  
[00:24:31] - Spell has a chance of casting when this weapon strikes an enemy.
[00:24:31]  
[00:24:31]  
[00:24:31] Damage Modifiers:
[00:24:31] - 16.5 Base DPS
[00:24:31] - 16.2 Clamped DPS
[00:24:31] - 3.5 Weapon Speed
[00:24:31] - 100% Quality
[00:24:31] - 100% Condition
[00:24:31] - Damage Type: Crush
[00:24:31]  
[00:24:31] Effective Damage:
[00:24:31] - 16.2 DPS
[00:24:31] <End Info>
[00:24:32] <Begin Info: Shield Of Constellations>
[00:24:32]  
[00:24:32] Total Utility: 55
[00:24:32]  
[00:24:32] Magical Bonuses:
[00:24:32] 10.00 | Strength: +15 pts
[00:24:32] 10.00 | Hits: +40 pts
[00:24:32] 15.00 | Parry: +3 pts
[00:24:32] 20.00 | Shields: +4 pts
[00:24:32]  
[00:24:32] Level Requirement: 50 Level
[00:24:32]  
[00:24:32] Magical Ability:
[00:24:32] Damages the target.
[00:24:32] 
[00:24:32] Damage: 95
[00:24:32] (This figure is modified by your specialization in the skill and your primary casting stat.)
[00:24:32] Target: Enemy Target
[00:24:32] Range: 1500
[00:24:32] Damage Type: Energy
[00:24:32] Casting time: Instant
[00:24:32]  
[00:24:32] - Spell has a chance of casting when this weapon strikes an enemy.
[00:24:32]  
[00:24:32]  
[00:24:32]  
[00:24:32] Damage Modifiers (when used with shield styles):
[00:24:32] - 16.5 Base DPS
[00:24:32] - 16.2 Clamped DPS
[00:24:32] - 4.9 Shield Speed
[00:24:32]  
[00:24:32] - Shield Size : Large
[00:24:32] <End Info>
[00:24:32] <Begin Info: Diamond Studded Mace Of Stars>
[00:24:32]  
[00:24:32] Total Utility: 55
[00:24:32]  
[00:24:32] Magical Bonuses:
[00:24:32] 10.00 | Piety: +15 pts
[00:24:32] 10.00 | Hits: +40 pts
[00:24:32] 20.00 | Rejuvenation: +4 pts
[00:24:32] 15.00 | Smiting: +3 pts
[00:24:32]  
[00:24:32] Level Requirement: 50 Level
[00:24:32]  
[00:24:32] Magical Ability:
[00:24:32] Damages the target.
[00:24:32] 
[00:24:32] Damage: 95
[00:24:32] (This figure is modified by your specialization in the skill and your primary casting stat.)
[00:24:32] Target: Enemy Target
[00:24:32] Range: 1500
[00:24:32] Damage Type: Energy
[00:24:32] Casting time: Instant
[00:24:32]  
[00:24:32] - Spell has a chance of casting when this weapon strikes an enemy.
[00:24:32]  
[00:24:32]  
[00:24:32] Damage Modifiers:
[00:24:32] - 16.5 Base DPS
[00:24:32] - 16.2 Clamped DPS
[00:24:32] - 3.3 Weapon Speed
[00:24:32] - 100% Quality
[00:24:32] - 100% Condition
[00:24:32] - Damage Type: Crush
[00:24:32]  
[00:24:32] Effective Damage:
[00:24:32] - 16.2 DPS
[00:24:32] <End Info>
[00:24:39] <Begin Info: Colialt's Insignia>
[00:24:39]  
[00:24:39] Total Utility: 47.75
[00:24:39]  
[00:24:39] Magical Bonuses:
[00:24:39] 7.00 | Power: +7 pts
[00:24:39] 12.75 | Hits: +51 pts
[00:24:39] 14.00 | Slash: +7 %
[00:24:39] 14.00 | Spirit: +7 %
[00:24:39]  
[00:24:39] Level Requirement: 47 Level
[00:24:39]  
[00:24:39] Charged Magic Ability:
[00:24:39] - 10 Charges
[00:24:39] - 10 Max
[00:24:39]  
[00:24:39] Spell line: Damage over Time
[00:24:39] 
[00:24:39] Inflicts damage to the target repeatedly over a given time period. This spell can be cast during combat.
[00:24:39] 
[00:24:39] Damage per tick: 64
[00:24:39] (This figure is modified by your specialization in the skill and your primary casting stat.)
[00:24:39] Target: Enemy Target
[00:24:39] Range: 300
[00:24:39] Damage Type: Matter
[00:24:39] Duration: 20 seconds
[00:24:39] Casting time: Instant
[00:24:39]  
[00:24:39] - This spell is cast when the item is used.
[00:24:39]  
[00:24:39]  
[00:24:39]  
[00:24:39] Can use item every: 2:00 min
[00:24:39] <End Info>
[00:24:40] <Begin Info: Faithless Idol of Colialt>
[00:24:40]  
[00:24:40] Total Utility: 42.75
[00:24:40]  
[00:24:40] Magical Bonuses:
[00:24:40] 5.00 | Power: +5 pts
[00:24:40] 13.75 | Hits: +55 pts
[00:24:40] 12.00 | Slash: +6 %
[00:24:40] 12.00 | Thrust: +6 %
[00:24:40]  
[00:24:40] Level Requirement: 47 Level
[00:24:40]  
[00:24:40] Charged Magic Ability:
[00:24:40] - 10 Charges
[00:24:40] - 10 Max
[00:24:40]  
[00:24:40] Spell line: Damage over Time
[00:24:40] 
[00:24:40] Inflicts damage to the target repeatedly over a given time period. This spell can be cast during combat.
[00:24:40] 
[00:24:40] Damage per tick: 64
[00:24:40] (This figure is modified by your specialization in the skill and your primary casting stat.)
[00:24:40] Target: Enemy Target
[00:24:40] Range: 300
[00:24:40] Damage Type: Matter
[00:24:40] Duration: 20 seconds
[00:24:40] Casting time: Instant
[00:24:40]  
[00:24:40] - This spell is cast when the item is used.
[00:24:40]  
[00:24:40]  
[00:24:40]  
[00:24:40] Can use item every: 2:00 min
[00:24:40] <End Info>
[00:24:40] <Begin Info: Bracer of Arcane Vigor>
[00:24:40]  
[00:24:40] Total Utility: 70
[00:24:40] Single Skill Utility: 50
[00:24:40]  
[00:24:40] Magical Bonuses:
[00:24:40] 14.00 | Strength: +21 pts
[00:24:40] 8.00 | Crush: +4 %
[00:24:40] 8.00 | Slash: +4 %
[00:24:40] 40.00 | ALL melee weapon skills: +4 pts
[00:24:40]  
[00:24:40]  
[00:24:40] Bonus Level: 47
[00:24:40] <End Info>
[00:24:41] <Begin Info: Bracer of Arcane Commands>
[00:24:41]  
[00:24:41] Total Utility: 66
[00:24:41] Single Skill Utility: 46
[00:24:41]  
[00:24:41] Magical Bonuses:
[00:24:41] 10.00 | Dexterity: +15 pts
[00:24:41] 8.00 | Cold: +4 %
[00:24:41] 8.00 | Spirit: +4 %
[00:24:41] 40.00 | ALL magic skills: +4 pts
[00:24:41]  
[00:24:41] Level Requirement: 50 Level
[00:24:41]  
[00:24:41] Charged Magic Ability:
[00:24:41] - 10 Charges
[00:24:41] - 10 Max
[00:24:41]  
[00:24:41] Function: melee health buffer
[00:24:41] 
[00:24:41] Adds a shield to recipient which will temporarily absorb some of the damage type specified.
[00:24:41] 
[00:24:41] Absorption: 50%
[00:24:41] Value: 150
[00:24:41] Target: Self
[00:24:41] Duration: 10:00 min
[00:24:41] Casting time: Instant
[00:24:41] Function: melee health buffer
[00:24:41]  
[00:24:41] - This spell is cast when the item is used.
[00:24:41]  
[00:24:41] Can use item every: 2:00 min.
[00:24:41]  
[00:24:41] <End Info>
[00:24:42] <Begin Info: Royal Tracker's Ring>
[00:24:42] Usable by:
[00:24:42] - Scout
[00:24:42]  
[00:24:42] Total Utility: 59.667
[00:24:42]  
[00:24:42] Magical Bonuses:
[00:24:42] 14.67 | Dexterity: +22 pts
[00:24:42] 15.00 | Shields: +3 pts
[00:24:42] 15.00 | Stealth: +3 pts
[00:24:42] 15.00 | ALL archery skills: +3 pts
[00:24:42]  
[00:24:42] Level Requirement: 45 Level
[00:24:42]  
[00:24:42] Charged Magic Ability:
[00:24:42] - 10 Charges
[00:24:42] - 10 Max
[00:24:42]  
[00:24:42] Increases Dex/Qui for a character.
[00:24:42] 
[00:24:42] Dex/Qui bonus: 50
[00:24:42] Target: Self
[00:24:42] Duration: 10:00 min
[00:24:42] Casting time: Instant
[00:24:42]  
[00:24:42] - This spell is cast when the item is used.
[00:24:42]  
[00:24:42] Can use item every: 2:00 min.
[00:24:42]  
[00:24:42] <End Info>
[00:24:42] <Begin Info: Royal Thrasher Ring>
[00:24:42]  
[00:24:42] Total Utility: 89.333
[00:24:42] Single Skill Utility: 59.333
[00:24:42]  
[00:24:42] Magical Bonuses:
[00:24:42] 14.67 | Strength: +22 pts
[00:24:42] 14.67 | Constitution: +22 pts
[00:24:42] 30.00 | ALL magic skills: +3 pts
[00:24:42] 30.00 | ALL melee weapon skills: +3 pts
[00:24:42]  
[00:24:42] Level Requirement: 50 Level
[00:24:42]  
[00:24:42] Charged Magic Ability:
[00:24:42] - 10 Charges
[00:24:42] - 10 Max
[00:24:42]  
[00:24:42] Function: melee health buffer
[00:24:42] 
[00:24:42] Adds a shield to recipient which will temporarily absorb some of the damage type specified.
[00:24:42] 
[00:24:42] Absorption: 50%
[00:24:42] Value: 150
[00:24:42] Target: Self
[00:24:42] Duration: 10:00 min
[00:24:42] Casting time: Instant
[00:24:42] Function: melee health buffer
[00:24:42]  
[00:24:42] - This spell is cast when the item is used.
[00:24:42]  
[00:24:42] Can use item every: 2:00 min.
[00:24:42]  
[00:24:42] <End Info>
[00:24:43] <Begin Info: Royal Templar's Ring>
[00:24:43] Usable by:
[00:24:43] - Paladin
[00:24:43]  
[00:24:43] Total Utility: 64.667
[00:24:43]  
[00:24:43] Magical Bonuses:
[00:24:43] 10.00 | Strength: +15 pts
[00:24:43] 14.67 | Constitution: +22 pts
[00:24:43] 20.00 | Parry: +4 pts
[00:24:43] 20.00 | Shields: +4 pts
[00:24:43]  
[00:24:43] Level Requirement: 50 Level
[00:24:43]  
[00:24:43] Charged Magic Ability:
[00:24:43] - 10 Charges
[00:24:43] - 10 Max
[00:24:43]  
[00:24:43] Function: melee health buffer
[00:24:43] 
[00:24:43] Adds a shield to recipient which will temporarily absorb some of the damage type specified.
[00:24:43] 
[00:24:43] Absorption: 50%
[00:24:43] Value: 150
[00:24:43] Target: Self
[00:24:43] Duration: 10:00 min
[00:24:43] Casting time: Instant
[00:24:43] Function: melee health buffer
[00:24:43]  
[00:24:43] - This spell is cast when the item is used.
[00:24:43]  
[00:24:43] Can use item every: 2:00 min.
[00:24:43]  
[00:24:43] <End Info>
[00:24:44] <Begin Info: Royal Soul Stealer's Ring>
[00:24:44] Usable by:
[00:24:44] - Reaver
[00:24:44]  
[00:24:44] Total Utility: 59.667
[00:24:44]  
[00:24:44] Magical Bonuses:
[00:24:44] 14.67 | Constitution: +22 pts
[00:24:44] 15.00 | Parry: +3 pts
[00:24:44] 15.00 | Shields: +3 pts
[00:24:44] 15.00 | Soulrending: +3 pts
[00:24:44]  
[00:24:44] Level Requirement: 47 Level
[00:24:44]  
[00:24:44] Charged Magic Ability:
[00:24:44] - 10 Charges
[00:24:44] - 10 Max
[00:24:44]  
[00:24:44] Adds to the recipient's Armor Factor (AF) resulting in better protection againts some forms of attack. It acts in addition to any armor the target is wearing.
[00:24:44]  
[00:24:44] Value: 50
[00:24:44] Target: Self
[00:24:44] Duration: 10:00 min
[00:24:44] Casting time: instant
[00:24:44]  
[00:24:44] - This spell is cast when the item is used.
[00:24:44]  
[00:24:44] Can use item every: 2:00 min.
[00:24:44]  
[00:24:44] <End Info>
[00:24:44] <Begin Info: Royal Mind Ring>
[00:24:44] Usable by:
[00:24:44] - Sorcerer
[00:24:44]  
[00:24:44] Total Utility: 59.667
[00:24:44]  
[00:24:44] Magical Bonuses:
[00:24:44] 14.67 | Intelligence: +22 pts
[00:24:44] 15.00 | Body Magic: +3 pts
[00:24:44] 15.00 | Matter Magic: +3 pts
[00:24:44] 15.00 | Mind Magic: +3 pts
[00:24:44]  
[00:24:44] Level Requirement: 47 Level
[00:24:44]  
[00:24:44] Charged Magic Ability:
[00:24:44] - 10 Charges
[00:24:44] - 10 Max
[00:24:44]  
[00:24:44] Increases Acuity for a character.
[00:24:44]  
[00:24:44] Value: 50
[00:24:44] Target: Self
[00:24:44] Duration: 10:00 min
[00:24:44] Casting time: instant
[00:24:44]  
[00:24:44] - This spell is cast when the item is used.
[00:24:44]  
[00:24:44] Can use item every: 2:00 min.
[00:24:44]  
[00:24:44] <End Info>
[00:24:45] <Begin Info: Royal Mage's Ring>
[00:24:45] Usable by:
[00:24:45] - Wizard
[00:24:45]  
[00:24:45] Total Utility: 59.667
[00:24:45]  
[00:24:45] Magical Bonuses:
[00:24:45] 14.67 | Intelligence: +22 pts
[00:24:45] 15.00 | Earth Magic: +3 pts
[00:24:45] 15.00 | Fire Magic: +3 pts
[00:24:45] 15.00 | Cold Magic: +3 pts
[00:24:45]  
[00:24:45] Level Requirement: 47 Level
[00:24:45]  
[00:24:45] Charged Magic Ability:
[00:24:45] - 10 Charges
[00:24:45] - 10 Max
[00:24:45]  
[00:24:45] Adds to the recipient's Armor Factor (AF) resulting in better protection againts some forms of attack. It acts in addition to any armor the target is wearing.
[00:24:45]  
[00:24:45] Value: 50
[00:24:45] Target: Self
[00:24:45] Duration: 10:00 min
[00:24:45] Casting time: instant
[00:24:45]  
[00:24:45] - This spell is cast when the item is used.
[00:24:45]  
[00:24:45] Can use item every: 2:00 min.
[00:24:45]  
[00:24:45] <End Info>
[00:24:46] <Begin Info: Royal Duelist's Ring>
[00:24:46] Usable by:
[00:24:46] - Mercenary
[00:24:46]  
[00:24:46] Total Utility: 64.667
[00:24:46]  
[00:24:46] Magical Bonuses:
[00:24:46] 14.67 | Dexterity: +22 pts
[00:24:46] 10.00 | Quickness: +15 pts
[00:24:46] 20.00 | Dual Wield: +4 pts
[00:24:46] 20.00 | Parry: +4 pts
[00:24:46]  
[00:24:46] Level Requirement: 47 Level
[00:24:46]  
[00:24:46] Charged Magic Ability:
[00:24:46] - 10 Charges
[00:24:46] - 10 Max
[00:24:46]  
[00:24:46] Adds to the recipient's Armor Factor (AF) resulting in better protection againts some forms of attack. It acts in addition to any armor the target is wearing.
[00:24:46]  
[00:24:46] Value: 50
[00:24:46] Target: Self
[00:24:46] Duration: 10:00 min
[00:24:46] Casting time: instant
[00:24:46]  
[00:24:46] - This spell is cast when the item is used.
[00:24:46]  
[00:24:46] Can use item every: 2:00 min.
[00:24:46]  
[00:24:46] <End Info>
[00:24:46] <Begin Info: Royal Deathly Ring>
[00:24:46] Usable by:
[00:24:46] - Necromancer
[00:24:46]  
[00:24:46] Total Utility: 59.667
[00:24:46]  
[00:24:46] Magical Bonuses:
[00:24:46] 14.67 | Intelligence: +22 pts
[00:24:46] 15.00 | Death Servant: +3 pts
[00:24:46] 15.00 | Deathsight: +3 pts
[00:24:46] 15.00 | Painworking: +3 pts
[00:24:46]  
[00:24:46] Level Requirement: 47 Level
[00:24:46]  
[00:24:46] Charged Magic Ability:
[00:24:46] - 10 Charges
[00:24:46] - 10 Max
[00:24:46]  
[00:24:46] Increases Acuity for a character.
[00:24:46]  
[00:24:46] Value: 50
[00:24:46] Target: Self
[00:24:46] Duration: 10:00 min
[00:24:46] Casting time: instant
[00:24:46]  
[00:24:46] - This spell is cast when the item is used.
[00:24:46]  
[00:24:46] Can use item every: 2:00 min.
[00:24:46]  
[00:24:46] <End Info>
[00:24:47] <Begin Info: Royal Thinker's Ring>
[00:24:47] Usable by:
[00:24:47] - Theurgist
[00:24:47]  
[00:24:47] Total Utility: 59.667
[00:24:47]  
[00:24:47] Magical Bonuses:
[00:24:47] 14.67 | Intelligence: +22 pts
[00:24:47] 15.00 | Earth Magic: +3 pts
[00:24:47] 15.00 | Cold Magic: +3 pts
[00:24:47] 15.00 | Wind Magic: +3 pts
[00:24:47]  
[00:24:47] Level Requirement: 47 Level
[00:24:47]  
[00:24:47] Charged Magic Ability:
[00:24:47] - 10 Charges
[00:24:47] - 10 Max
[00:24:47]  
[00:24:47] Increases Acuity for a character.
[00:24:47]  
[00:24:47] Value: 50
[00:24:47] Target: Self
[00:24:47] Duration: 10:00 min
[00:24:47] Casting time: instant
[00:24:47]  
[00:24:47] - This spell is cast when the item is used.
[00:24:47]  
[00:24:47]  
[00:24:47]  
[00:24:47] Can use item every: 2:00 min
[00:24:47] <End Info>
[00:24:57] <Begin Info: Royal Soul's Ring>
[00:24:57] Usable by:
[00:24:57] - Cleric
[00:24:57]  
[00:24:57] Total Utility: 59.667
[00:24:57]  
[00:24:57] Magical Bonuses:
[00:24:57] 14.67 | Quickness: +22 pts
[00:24:57] 15.00 | Enhancement: +3 pts
[00:24:57] 15.00 | Rejuvenation: +3 pts
[00:24:57] 15.00 | Smiting: +3 pts
[00:24:57]  
[00:24:57] Level Requirement: 50 Level
[00:24:57]  
[00:24:57] Charged Magic Ability:
[00:24:57] - 10 Charges
[00:24:57] - 10 Max
[00:24:57]  
[00:24:57] Heals the target
[00:24:57]  
[00:24:57] Value: 70
[00:24:57] Target: Self
[00:24:57] Casting time: instant
[00:24:57]  
[00:24:57] - This spell is cast when the item is used.
[00:24:57]  
[00:24:57] Can use item every: 2:00 min.
[00:24:57]  
[00:24:57] <End Info>
[00:24:57] <Begin Info: Royal Soul Raiser's Ring>
[00:24:57] Usable by:
[00:24:57] - Cleric
[00:24:57]  
[00:24:57] Total Utility: 59.667
[00:24:57]  
[00:24:57] Magical Bonuses:
[00:24:57] 14.67 | Piety: +22 pts
[00:24:57] 15.00 | Enhancement: +3 pts
[00:24:57] 15.00 | Rejuvenation: +3 pts
[00:24:57] 15.00 | Smiting: +3 pts
[00:24:57]  
[00:24:57] Level Requirement: 50 Level
[00:24:57]  
[00:24:57] Charged Magic Ability:
[00:24:57] - 10 Charges
[00:24:57] - 10 Max
[00:24:57]  
[00:24:57] Replenishes the target's power pool
[00:24:57]  
[00:24:57] Value: 70
[00:24:57] Target: Self
[00:24:57] Casting time: instant
[00:24:57]  
[00:24:57] - This spell is cast when the item is used.
[00:24:57]  
[00:24:57] Can use item every: 2:00 min.
[00:24:57]  
[00:24:57] <End Info>
[00:24:58] <Begin Info: Royal Note Singer's Ring>
[00:24:58] Usable by:
[00:24:58] - Minstrel
[00:24:58]  
[00:24:58] Total Utility: 64.667
[00:24:58]  
[00:24:58] Magical Bonuses:
[00:24:58] 10.00 | Constitution: +15 pts
[00:24:58] 14.67 | Charisma: +22 pts
[00:24:58] 20.00 | Instruments: +4 pts
[00:24:58] 20.00 | Stealth: +4 pts
[00:24:58]  
[00:24:58] Level Requirement: 50 Level
[00:24:58]  
[00:24:58] Charged Magic Ability:
[00:24:58] - 10 Charges
[00:24:58] - 10 Max
[00:24:58]  
[00:24:58] Adds to the recipient's Armor Factor (AF) resulting in better protection againts some forms of attack. It acts in addition to any armor the target is wearing.
[00:24:58]  
[00:24:58] Value: 75
[00:24:58] Target: Self
[00:24:58] Duration: 60 sec
[00:24:58] Casting time: instant
[00:24:58]  
[00:24:58] - This spell is cast when the item is used.
[00:24:58]  
[00:24:58] Can use item every: 2:00 min.
[00:24:58]  
[00:24:58] <End Info>
[00:24:59] <Begin Info: Royal Impersonator's Ring>
[00:24:59] Usable by:
[00:24:59] - Infiltrator
[00:24:59]  
[00:24:59] Total Utility: 59.667
[00:24:59]  
[00:24:59] Magical Bonuses:
[00:24:59] 14.67 | Constitution: +22 pts
[00:24:59] 15.00 | Critical Strike: +3 pts
[00:24:59] 15.00 | Envenom: +3 pts
[00:24:59] 15.00 | Stealth: +3 pts
[00:24:59]  
[00:24:59] Level Requirement: 47 Level
[00:24:59]  
[00:24:59] Charged Magic Ability:
[00:24:59] - 10 Charges
[00:24:59] - 10 Max
[00:24:59]  
[00:24:59] Adds to the recipient's Armor Factor (AF) resulting in better protection againts some forms of attack. It acts in addition to any armor the target is wearing.
[00:24:59]  
[00:24:59] Value: 50
[00:24:59] Target: Self
[00:24:59] Duration: 10:00 min
[00:24:59] Casting time: instant
[00:24:59]  
[00:24:59] - This spell is cast when the item is used.
[00:24:59]  
[00:24:59] Can use item every: 2:00 min.
[00:24:59]  
[00:24:59] <End Info>
[00:24:59] <Begin Info: Royal Friar's Ring>
[00:24:59] Usable by:
[00:24:59] - Friar
[00:24:59]  
[00:24:59] Total Utility: 59.667
[00:24:59]  
[00:24:59] Magical Bonuses:
[00:24:59] 14.67 | Dexterity: +22 pts
[00:24:59] 15.00 | Enhancement: +3 pts
[00:24:59] 15.00 | Rejuvenation: +3 pts
[00:24:59] 15.00 | Staff: +3 pts
[00:24:59]  
[00:24:59] Level Requirement: 50 Level
[00:24:59]  
[00:24:59] Charged Magic Ability:
[00:24:59] - 10 Charges
[00:24:59] - 10 Max
[00:24:59]  
[00:24:59] Target regenerates the given amount of health every 'tick'.
[00:24:59]  
[00:24:59] Value: 8
[00:24:59] Target: Self
[00:24:59] Duration: 10:00 min
[00:24:59] Casting time: instant
[00:24:59]  
[00:24:59] - This spell is cast when the item is used.
[00:24:59]  
[00:24:59] Can use item every: 2:00 min.
[00:24:59]  
[00:24:59] <End Info>
[00:25:00] <Begin Info: Royal Defender's Ring>
[00:25:00] Usable by:
[00:25:00] - Armsman
[00:25:00]  
[00:25:00] Total Utility: 64.667
[00:25:00]  
[00:25:00] Magical Bonuses:
[00:25:00] 10.00 | Strength: +15 pts
[00:25:00] 14.67 | Constitution: +22 pts
[00:25:00] 20.00 | Parry: +4 pts
[00:25:00] 20.00 | Shields: +4 pts
[00:25:00]  
[00:25:00] Level Requirement: 50 Level
[00:25:00]  
[00:25:00] Charged Magic Ability:
[00:25:00] - 10 Charges
[00:25:00] - 10 Max
[00:25:00]  
[00:25:00] Function: melee health buffer
[00:25:00] 
[00:25:00] Adds a shield to recipient which will temporarily absorb some of the damage type specified.
[00:25:00] 
[00:25:00] Absorption: 50%
[00:25:00] Value: 150
[00:25:00] Target: Self
[00:25:00] Duration: 10:00 min
[00:25:00] Casting time: Instant
[00:25:00] Function: melee health buffer
[00:25:00]  
[00:25:00] - This spell is cast when the item is used.
[00:25:00]  
[00:25:00] Can use item every: 2:00 min.
[00:25:00]  
[00:25:00] <End Info>
[00:25:01] <Begin Info: Royal Constructor's Ring>
[00:25:01]  
[00:25:01] Total Utility: 59.667
[00:25:01]  
[00:25:01] Magical Bonuses:
[00:25:01] 14.67 | Intelligence: +22 pts
[00:25:01] 15.00 | Body Magic: +3 pts
[00:25:01] 15.00 | Matter Magic: +3 pts
[00:25:01] 15.00 | Spirit Magic: +3 pts
[00:25:01]  
[00:25:01] Level Requirement: 47 Level
[00:25:01]  
[00:25:01] Charged Magic Ability:
[00:25:01] - 10 Charges
[00:25:01] - 10 Max
[00:25:01]  
[00:25:01] Increases Acuity for a character.
[00:25:01]  
[00:25:01] Value: 50
[00:25:01] Target: Self
[00:25:01] Duration: 10:00 min
[00:25:01] Casting time: instant
[00:25:01]  
[00:25:01] - This spell is cast when the item is used.
[00:25:01]  
[00:25:01] Can use item every: 2:00 min.
[00:25:01]  
[00:25:01] <End Info>
[00:25:02] <Begin Info: Weno'iak's Ring>
[00:25:02]  
[00:25:02] Total Utility: 49
[00:25:02]  
[00:25:02] Magical Bonuses:
[00:25:02] 12.00 | Body: +6 %
[00:25:02] 12.00 | Cold: +6 %
[00:25:02] 25.00 | Cold Magic: +5 pts
[00:25:02]  
[00:25:02] Level Requirement: 47 Level
[00:25:02]  
[00:25:02] Charged Magic Ability:
[00:25:02] - 10 Charges
[00:25:02] - 10 Max
[00:25:02]  
[00:25:02] Increases Acuity for a character.
[00:25:02]  
[00:25:02] Value: 50
[00:25:02] Target: Self
[00:25:02] Duration: 10:00 min
[00:25:02] Casting time: instant
[00:25:02]  
[00:25:02] - This spell is cast when the item is used.
[00:25:02]  
[00:25:02] Can use item every: 2:00 min.
[00:25:02]  
[00:25:02] <End Info>
[00:25:03] <Begin Info: Weno'iak's Pendant>
[00:25:03]  
[00:25:03] Total Utility: 49
[00:25:03]  
[00:25:03] Magical Bonuses:
[00:25:03] 12.00 | Body: +6 %
[00:25:03] 12.00 | Spirit: +6 %
[00:25:03] 25.00 | Rejuvenation: +5 pts
[00:25:03]  
[00:25:03] Level Requirement: 50 Level
[00:25:03]  
[00:25:03] Charged Magic Ability:
[00:25:03] - 10 Charges
[00:25:03] - 10 Max
[00:25:03]  
[00:25:03] Target regenerates the given amount of health every 'tick'.
[00:25:03]  
[00:25:03] Value: 52
[00:25:03] Target: Self
[00:25:03] Duration: 20 sec
[00:25:03] Casting time: instant
[00:25:03]  
[00:25:03] - This spell is cast when the item is used.
[00:25:03]  
[00:25:03] Can use item every: 2:00 min.
[00:25:03]  
[00:25:03] <End Info>
[00:25:03] @@[Advice] Zerglet: whats the sapphire and emerald cabby pet do?
[00:25:03] <Begin Info: Weno'iak Jewel>
[00:25:03]  
[00:25:03] Total Utility: 49
[00:25:03]  
[00:25:03] Magical Bonuses:
[00:25:03] 12.00 | Body: +6 %
[00:25:03] 12.00 | Heat: +6 %
[00:25:03] 25.00 | Fire Magic: +5 pts
[00:25:03]  
[00:25:03] Level Requirement: 47 Level
[00:25:03]  
[00:25:03] Charged Magic Ability:
[00:25:03] - 10 Charges
[00:25:03] - 10 Max
[00:25:03]  
[00:25:03] Increases Acuity for a character.
[00:25:03]  
[00:25:03] Value: 50
[00:25:03] Target: Self
[00:25:03] Duration: 10:00 min
[00:25:03] Casting time: instant
[00:25:03]  
[00:25:03] - This spell is cast when the item is used.
[00:25:03]  
[00:25:03] Can use item every: 2:00 min.
[00:25:03]  
[00:25:03] <End Info>
[00:25:04] <Begin Info: Weno'iak Belt>
[00:25:04]  
[00:25:04] Total Utility: 49
[00:25:04]  
[00:25:04] Magical Bonuses:
[00:25:04] 12.00 | Body: +6 %
[00:25:04] 12.00 | Energy: +6 %
[00:25:04] 25.00 | Smiting: +5 pts
[00:25:04]  
[00:25:04] Level Requirement: 47 Level
[00:25:04]  
[00:25:04] Charged Magic Ability:
[00:25:04] - 10 Charges
[00:25:04] - 10 Max
[00:25:04]  
[00:25:04] Increases Acuity for a character.
[00:25:04]  
[00:25:04] Value: 50
[00:25:04] Target: Self
[00:25:04] Duration: 10:00 min
[00:25:04] Casting time: instant
[00:25:04]  
[00:25:04] - This spell is cast when the item is used.
[00:25:04]  
[00:25:04] Can use item every: 2:00 min.
[00:25:04]  
[00:25:04] <End Info>
[00:25:05] <Begin Info: Sys'sro's Belt of Parry>
[00:25:05]  
[00:25:05] Total Utility: 45
[00:25:05]  
[00:25:05] Magical Bonuses:
[00:25:05] 10.00 | Dexterity: +15 pts
[00:25:05] 10.00 | Quickness: +15 pts
[00:25:05] 25.00 | Parry: +5 pts
[00:25:05]  
[00:25:05] Level Requirement: 45 Level
[00:25:05]  
[00:25:05] Charged Magic Ability:
[00:25:05] - 10 Charges
[00:25:05] - 10 Max
[00:25:05]  
[00:25:05] Increases Dex/Qui for a character.
[00:25:05] 
[00:25:05] Dex/Qui bonus: 50
[00:25:05] Target: Self
[00:25:05] Duration: 10:00 min
[00:25:05] Casting time: Instant
[00:25:05]  
[00:25:05] - This spell is cast when the item is used.
[00:25:05]  
[00:25:05] Can use item every: 2:00 min.
[00:25:05]  
[00:25:05] <End Info>
[00:25:05] <Begin Info: Dura'ek's Cloak of the Embrace>
[00:25:05]  
[00:25:05] Total Utility: 55
[00:25:05]  
[00:25:05] Magical Bonuses:
[00:25:05] 15.00 | Hits: +60 pts
[00:25:05] 20.00 | Crushing: +4 pts
[00:25:05] 20.00 | Parry: +4 pts
[00:25:05]  
[00:25:05] Level Requirement: 50 Level
[00:25:05]  
[00:25:05] Charged Magic Ability:
[00:25:05] - 10 Charges
[00:25:05] - 10 Max
[00:25:05]  
[00:25:05] Increases Str/Con for a character.
[00:25:05] 
[00:25:05] Str/Con bonus: 50
[00:25:05] Target: Self
[00:25:05] Duration: 10:00 min
[00:25:05] Casting time: Instant
[00:25:05]  
[00:25:05] - This spell is cast when the item is used.
[00:25:05]  
[00:25:05] Can use item every: 2:00 min.
[00:25:05]  
[00:25:05] <End Info>

*** Chat Log Closed: Mon May 31 00:25:07 2021


