
*** Chat Log Opened: Sun May 30 17:50:27 2021

[17:50:27]                                       
[17:50:33] <Begin Info: Bruadar Speal>
[17:50:33]  
[17:50:33] Total Utility: 74
[17:50:33]  
[17:50:33] Magical Bonuses:
[17:50:33] 18.00 | Cold: +9 %
[17:50:33] 18.00 | Energy: +9 %
[17:50:33] 18.00 | Heat: +9 %
[17:50:33] 20.00 | Scythe: +4 pts
[17:50:33]  
[17:50:33] Level Requirement: 41 Level
[17:50:33]  
[17:50:33] Magical Ability:
[17:50:33] Spell line: Damage over Time
[17:50:33] 
[17:50:33] Inflicts damage to the target repeatly over a given time period.
[17:50:33] 
[17:50:33] Damage per tick: 64
[17:50:33] (This figure is modified by your specialization in the skill and your primary casting stat.)
[17:50:33] Target: Enemy Target
[17:50:33] Range: 300
[17:50:33] Damage Type: Energy
[17:50:33] Duration: 20 seconds
[17:50:33] Casting time: Instant
[17:50:33]  
[17:50:33] - Spell has a chance of casting when this weapon strikes an enemy.
[17:50:33]  
[17:50:33]  
[17:50:33] Damage Modifiers:
[17:50:33] - 16.5 Base DPS
[17:50:33] - 16.5 Clamped DPS
[17:50:33] - 5.5 Weapon Speed
[17:50:33] - 100% Quality
[17:50:33] - 100% Condition
[17:50:33] - Damage Type: Slash
[17:50:33]  
[17:50:33] Effective Damage:
[17:50:33] - 16.5 DPS
[17:50:33] <End Info>
[17:50:34] <Begin Info: Dealrach Corcra Speal>
[17:50:34]  
[17:50:34] Total Utility: 49.333
[17:50:34]  
[17:50:34] Magical Bonuses:
[17:50:34] 14.67 | Strength: +22 pts
[17:50:34] 14.67 | Constitution: +22 pts
[17:50:34] 20.00 | Scythe: +4 pts
[17:50:34]  
[17:50:34] Level Requirement: 50 Level
[17:50:34]  
[17:50:34] Magical Ability:
[17:50:34] Damages the target. A portion of damage inflicted is used to heal the caster.
[17:50:34] 
[17:50:34] Damage: 65
[17:50:34] (This figure is modified by your specialization in the skill and your primary casting stat.)
[17:50:34] Damage returned to caster as health: 100%
[17:50:34] Target: Enemy Target
[17:50:34] Range: 300
[17:50:34] Damage Type: Cold
[17:50:34] Casting time: Instant
[17:50:34]  
[17:50:34] - Spell has a chance of casting when this weapon strikes an enemy.
[17:50:34]  
[17:50:34]  
[17:50:34] Damage Modifiers:
[17:50:34] - 16.5 Base DPS
[17:50:34] - 16.5 Clamped DPS
[17:50:34] - 5.7 Weapon Speed
[17:50:34] - 100% Quality
[17:50:34] - 100% Condition
[17:50:34] - Damage Type: Slash
[17:50:34]  
[17:50:34] Effective Damage:
[17:50:34] - 16.5 DPS
[17:50:34] <End Info>
[17:50:35] <Begin Info: Ghostly Great Falcata>
[17:50:35]  
[17:50:35] Total Utility: 67
[17:50:35]  
[17:50:35] Magical Bonuses:
[17:50:35] 20.00 | Strength: +30 pts
[17:50:35] 10.00 | Hits: +40 pts
[17:50:35] 12.00 | Spirit: +6 %
[17:50:35] 25.00 | Large Weapon: +5 pts
[17:50:35]  
[17:50:35] Level Requirement: 50 Level
[17:50:35]  
[17:50:35] Magical Ability:
[17:50:35] Decreases Str/Con for a character.
[17:50:35]  
[17:50:35] Value: 56
[17:50:35] Target: Enemy
[17:50:35] Range: 300
[17:50:35] Duration: 60 sec
[17:50:35] Casting time: instant
[17:50:35] Damage Type: Body
[17:50:35]  
[17:50:35] - Spell has a chance of casting when this weapon strikes an enemy.
[17:50:35]  
[17:50:35]  
[17:50:35] Damage Modifiers:
[17:50:35] - 16.5 Base DPS
[17:50:35] - 16.5 Clamped DPS
[17:50:35] - 4.5 Weapon Speed
[17:50:35] - 100% Quality
[17:50:35] - 100% Condition
[17:50:35] - Damage Type: Slash
[17:50:35]  
[17:50:35] Effective Damage:
[17:50:35] - 16.5 DPS
[17:50:35] <End Info>
[17:50:36] <Begin Info: Destroyer of Dreams>
[17:50:36]  
[17:50:36] Total Utility: 70
[17:50:36]  
[17:50:36] Magical Bonuses:
[17:50:36] 16.00 | Strength: +24 pts
[17:50:36] 16.00 | Quickness: +24 pts
[17:50:36] 18.00 | Energy: +9 %
[17:50:36] 20.00 | Large Weapon: +4 pts
[17:50:36]  
[17:50:36] Level Requirement: 50 Level
[17:50:36]  
[17:50:36] Magical Ability:
[17:50:36] Spell line: Damage over Time
[17:50:36] 
[17:50:36] Inflicts damage to the target repeatedly over a given time period. This spell can be cast during combat.
[17:50:36] 
[17:50:36] Damage per tick: 64
[17:50:36] (This figure is modified by your specialization in the skill and your primary casting stat.)
[17:50:36] Target: Enemy Target
[17:50:36] Range: 1500
[17:50:36] Damage Type: Energy
[17:50:36] Duration: 20 seconds
[17:50:36] Casting time: Instant
[17:50:36]  
[17:50:36] - Spell has a chance of casting when this weapon strikes an enemy.
[17:50:36]  
[17:50:36]  
[17:50:36] Damage Modifiers:
[17:50:36] - 16.5 Base DPS
[17:50:36] - 16.5 Clamped DPS
[17:50:36] - 5.5 Weapon Speed
[17:50:36] - 100% Quality
[17:50:36] - 100% Condition
[17:50:36] - Damage Type: Crush
[17:50:36]  
[17:50:36] Effective Damage:
[17:50:36] - 16.5 DPS
[17:50:36] <End Info>
[17:50:37] <Begin Info: Frigid Azure Crusher>
[17:50:37]  
[17:50:37] Total Utility: 81.333
[17:50:37] Single Skill Utility: 66.333
[17:50:37]  
[17:50:37] Magical Bonuses:
[17:50:37] 14.67 | Strength: +22 pts
[17:50:37] 14.67 | Empathy: +22 pts
[17:50:37] 22.00 | Slash: +11 %
[17:50:37] 30.00 | ALL magic skills: +3 pts
[17:50:37]  
[17:50:37] Level Requirement: 41 Level
[17:50:37]  
[17:50:37] Magical Ability:
[17:50:37] Decreases Dex/Qui for a character.
[17:50:37]  
[17:50:37] Value: 56
[17:50:37] Target: Enemy
[17:50:37] Range: 300
[17:50:37] Duration: 60 sec
[17:50:37] Casting time: instant
[17:50:37] Damage Type: Body
[17:50:37]  
[17:50:37] - Spell has a chance of casting when this weapon strikes an enemy.
[17:50:37]  
[17:50:37]  
[17:50:37] Damage Modifiers:
[17:50:37] - 16.5 Base DPS
[17:50:37] - 16.5 Clamped DPS
[17:50:37] - 3.7 Weapon Speed
[17:50:37] - 100% Quality
[17:50:37] - 100% Condition
[17:50:37] - Damage Type: Crush
[17:50:37]  
[17:50:37] Effective Damage:
[17:50:37] - 16.5 DPS
[17:50:37] <End Info>
[17:50:37] <Begin Info: Fine Steel Long Sword>
[17:50:37]  
[17:50:37] Total Utility: 70
[17:50:37]  
[17:50:37] Magical Bonuses:
[17:50:37] 10.00 | Strength: +15 pts
[17:50:37] 10.00 | Quickness: +15 pts
[17:50:37] 25.00 | Parry: +5 pts
[17:50:37] 25.00 | Blades: +5 pts
[17:50:37]  
[17:50:37] Level Requirement: 50 Level
[17:50:37]  
[17:50:37] Magical Ability:
[17:50:37] Increases the player's combat speed.
[17:50:37] 
[17:50:37] Target hasted: 20%
[17:50:37] Target: Self
[17:50:37] Duration: 60 seconds
[17:50:37] Casting time: Instant
[17:50:37]  
[17:50:37] - Spell has a chance of casting when this weapon strikes an enemy.
[17:50:37]  
[17:50:37]  
[17:50:37] Damage Modifiers:
[17:50:37] - 16.5 Base DPS
[17:50:37] - 16.5 Clamped DPS
[17:50:37] - 3.4 Weapon Speed
[17:50:37] - 100% Quality
[17:50:37] - 100% Condition
[17:50:37] - Damage Type: Slash
[17:50:37]  
[17:50:37] Effective Damage:
[17:50:37] - 16.5 DPS
[17:50:37] <End Info>
[17:50:38] <Begin Info: Gloom Warder's Spear>
[17:50:38]  
[17:50:38] Total Utility: 67
[17:50:38]  
[17:50:38] Magical Bonuses:
[17:50:38] 20.00 | Strength: +30 pts
[17:50:38] 10.00 | Hits: +40 pts
[17:50:38] 12.00 | Slash: +6 %
[17:50:38] 25.00 | Celtic Spear: +5 pts
[17:50:38]  
[17:50:38] Level Requirement: 50 Level
[17:50:38]  
[17:50:38] Magical Ability:
[17:50:38] Damages the target. A portion of damage inflicted is used to heal the caster.
[17:50:38] 
[17:50:38] Damage: 65
[17:50:38] (This figure is modified by your specialization in the skill and your primary casting stat.)
[17:50:38] Damage returned to caster as health: 100%
[17:50:38] Target: Enemy Target
[17:50:38] Range: 300
[17:50:38] Damage Type: Body
[17:50:38] Casting time: Instant
[17:50:38]  
[17:50:38] - Spell has a chance of casting when this weapon strikes an enemy.
[17:50:38]  
[17:50:38]  
[17:50:38] Damage Modifiers:
[17:50:38] - 16.5 Base DPS
[17:50:38] - 16.5 Clamped DPS
[17:50:38] - 4.5 Weapon Speed
[17:50:38] - 100% Quality
[17:50:38] - 100% Condition
[17:50:38] - Damage Type: Thrust
[17:50:38]  
[17:50:38] Effective Damage:
[17:50:38] - 16.5 DPS
[17:50:38] <End Info>
[17:50:39] <Begin Info: Dealrach Corcra Sleagh>
[17:50:39]  
[17:50:39] Total Utility: 49.333
[17:50:39]  
[17:50:39] Magical Bonuses:
[17:50:39] 14.67 | Strength: +22 pts
[17:50:39] 14.67 | Constitution: +22 pts
[17:50:39] 20.00 | Celtic Spear: +4 pts
[17:50:39]  
[17:50:39] Level Requirement: 50 Level
[17:50:39]  
[17:50:39] Magical Ability:
[17:50:39] Damages the target. A portion of damage inflicted is used to heal the caster.
[17:50:39] 
[17:50:39] Damage: 65
[17:50:39] (This figure is modified by your specialization in the skill and your primary casting stat.)
[17:50:39] Damage returned to caster as health: 100%
[17:50:39] Target: Enemy Target
[17:50:39] Range: 300
[17:50:39] Damage Type: Cold
[17:50:39] Casting time: Instant
[17:50:39]  
[17:50:39] - Spell has a chance of casting when this weapon strikes an enemy.
[17:50:39]  
[17:50:39]  
[17:50:39] Damage Modifiers:
[17:50:39] - 16.5 Base DPS
[17:50:39] - 16.5 Clamped DPS
[17:50:39] - 5.7 Weapon Speed
[17:50:39] - 100% Quality
[17:50:39] - 100% Condition
[17:50:39] - Damage Type: Thrust
[17:50:39]  
[17:50:39] Effective Damage:
[17:50:39] - 16.5 DPS
[17:50:39] <End Info>
[17:50:40] <Begin Info: Soul Glimmer>
[17:50:40]  
[17:50:40] Total Utility: 72
[17:50:40]  
[17:50:40] Magical Bonuses:
[17:50:40] 18.00 | Dexterity: +27 pts
[17:50:40] 14.00 | Hits: +56 pts
[17:50:40] 20.00 | Stealth: +4 pts
[17:50:40] 20.00 | Piercing: +4 pts
[17:50:40]  
[17:50:40] Level Requirement: 50 Level
[17:50:40]  
[17:50:40] Magical Ability:
[17:50:40] Spell line: Damage over Time
[17:50:40] 
[17:50:40] Inflicts damage to the target repeatedly over a given time period. This spell can be cast during combat.
[17:50:40] 
[17:50:40] Damage per tick: 64
[17:50:40] (This figure is modified by your specialization in the skill and your primary casting stat.)
[17:50:40] Target: Enemy Target
[17:50:40] Range: 1500
[17:50:40] Damage Type: Energy
[17:50:40] Duration: 20 seconds
[17:50:40] Casting time: Instant
[17:50:40]  
[17:50:40] - Spell has a chance of casting when this weapon strikes an enemy.
[17:50:40]  
[17:50:40]  
[17:50:40] Damage Modifiers:
[17:50:40] - 16.5 Base DPS
[17:50:40] - 16.5 Clamped DPS
[17:50:40] - 2.4 Weapon Speed
[17:50:40] - 100% Quality
[17:50:40] - 100% Condition
[17:50:40] - Damage Type: Thrust
[17:50:40]  
[17:50:40] Effective Damage:
[17:50:40] - 16.5 DPS
[17:50:40] <End Info>
[17:50:41] <Begin Info: Leth-bhreac Stiletto>
[17:50:41]  
[17:50:41] Total Utility: 45.333
[17:50:41]  
[17:50:41] Magical Bonuses:
[17:50:41] 12.67 | Dexterity: +19 pts
[17:50:41] 12.67 | Constitution: +19 pts
[17:50:41] 20.00 | Celtic Dual: +4 pts
[17:50:41]  
[17:50:41] Level Requirement: 50 Level
[17:50:41]  
[17:50:41] Magical Ability:
[17:50:41] Damages the target. A portion of damage inflicted is used to heal the caster.
[17:50:41] 
[17:50:41] Damage: 65
[17:50:41] (This figure is modified by your specialization in the skill and your primary casting stat.)
[17:50:41] Damage returned to caster as health: 100%
[17:50:41] Target: Enemy Target
[17:50:41] Range: 300
[17:50:41] Damage Type: Cold
[17:50:41] Casting time: Instant
[17:50:41]  
[17:50:41] - Spell has a chance of casting when this weapon strikes an enemy.
[17:50:41]  
[17:50:41]  
[17:50:41] Damage Modifiers:
[17:50:41] - 16.5 Base DPS
[17:50:41] - 16.5 Clamped DPS
[17:50:41] - 3.0 Weapon Speed
[17:50:41] - 100% Quality
[17:50:41] - 100% Condition
[17:50:41] - Damage Type: Thrust
[17:50:41]  
[17:50:41] Effective Damage:
[17:50:41] - 16.5 DPS
[17:50:41] <End Info>
[17:50:41] <Begin Info: Protector of Weary Souls>
[17:50:41]  
[17:50:41] Total Utility: 88
[17:50:41] Single Skill Utility: 73
[17:50:41]  
[17:50:41] Magical Bonuses:
[17:50:41] 18.00 | Constitution: +27 pts
[17:50:41] 20.00 | Body: +10 %
[17:50:41] 20.00 | Shields: +4 pts
[17:50:41] 30.00 | ALL melee weapon skills: +3 pts
[17:50:41]  
[17:50:41] Level Requirement: 50 Level
[17:50:41]  
[17:50:41] Magical Ability:
[17:50:41] Damages the target. A portion of damage inflicted is used to heal the caster.
[17:50:41] 
[17:50:41] Damage: 65
[17:50:41] (This figure is modified by your specialization in the skill and your primary casting stat.)
[17:50:41] Damage returned to caster as health: 100%
[17:50:41] Target: Enemy Target
[17:50:41] Range: 300
[17:50:41] Damage Type: Body
[17:50:41] Casting time: Instant
[17:50:41]  
[17:50:41] - Spell has a chance of casting when this weapon strikes an enemy.
[17:50:41]  
[17:50:41]  
[17:50:41]  
[17:50:41] Damage Modifiers (when used with shield styles):
[17:50:41] - 16.5 Base DPS
[17:50:41] - 16.5 Clamped DPS
[17:50:41] - 3.5 Shield Speed
[17:50:41]  
[17:50:41] - Shield Size : Large
[17:50:41] <End Info>
[17:50:42] <Begin Info: Shield of Tornadic Fury>
[17:50:42]  
[17:50:42] Total Utility: 83.333
[17:50:42] Single Skill Utility: 68.333
[17:50:42]  
[17:50:42] Magical Bonuses:
[17:50:42] 16.67 | Strength: +25 pts
[17:50:42] 16.67 | Constitution: +25 pts
[17:50:42] 20.00 | Matter: +10 %
[17:50:42] 30.00 | ALL melee weapon skills: +3 pts
[17:50:42]  
[17:50:42] Level Requirement: 41 Level
[17:50:42]  
[17:50:42] Charged Magic Ability:
[17:50:42] - 10 Charges
[17:50:42] - 10 Max
[17:50:42]  
[17:50:42] Function: melee health buffer
[17:50:42] 
[17:50:42] Adds a shield to the recipient which will temporarily absorb some of the damage type specified
[17:50:42] 
[17:50:42] Absorption: 50%
[17:50:42] Value: 150
[17:50:42] Target: Self
[17:50:42] Duration: 10:00 min
[17:50:42] Casting time: Instant
[17:50:42] Function: melee health buffer
[17:50:42]  
[17:50:42] - This spell is cast when the item is used.
[17:50:42]  
[17:50:42]  
[17:50:42]  
[17:50:42]  
[17:50:42] Damage Modifiers (when used with shield styles):
[17:50:42] - 16.5 Base DPS
[17:50:42] - 16.5 Clamped DPS
[17:50:42] - 3.0 Shield Speed
[17:50:42]  
[17:50:42] - Shield Size : Medium
[17:50:42]  
[17:50:42] Can use item every: 3:00 min
[17:50:42] <End Info>
[17:50:43] <Begin Info: Buckler of Crystalline Mist>
[17:50:43]  
[17:50:43] Total Utility: 83.333
[17:50:43] Single Skill Utility: 68.333
[17:50:43]  
[17:50:43] Magical Bonuses:
[17:50:43] 16.67 | Dexterity: +25 pts
[17:50:43] 20.00 | Spirit: +10 %
[17:50:43] 16.67 | Acuity: +25 pts
[17:50:43] 30.00 | ALL magic skills: +3 pts
[17:50:43]  
[17:50:43] Level Requirement: 50 Level
[17:50:43]  
[17:50:43] Charged Magic Ability:
[17:50:43] - 10 Charges
[17:50:43] - 10 Max
[17:50:43]  
[17:50:43] Target regenerates power regeneration during the duration of the spell.
[17:50:43]  
[17:50:43] Value: 3
[17:50:43] Target: Self
[17:50:43] Duration: 10:00 min
[17:50:43] Casting time: instant
[17:50:43]  
[17:50:43] - This spell is cast when the item is used.
[17:50:43]  
[17:50:43]  
[17:50:43]  
[17:50:43]  
[17:50:43] Damage Modifiers (when used with shield styles):
[17:50:43] - 16.5 Base DPS
[17:50:43] - 16.5 Clamped DPS
[17:50:43] - 2.5 Shield Speed
[17:50:43]  
[17:50:43] - Shield Size : Small
[17:50:43]  
[17:50:43] Can use item every: 2:00 min
[17:50:43] <End Info>
[17:50:44] <Begin Info: Ram's Folly>
[17:50:44] Usable by:
[17:50:44] - Eldritch
[17:50:44] - Enchanter
[17:50:44] - Mentalist
[17:50:44] - Animist
[17:50:44]  
[17:50:44] Total Utility: 72.667
[17:50:44] Single Skill Utility: 57.667
[17:50:44]  
[17:50:44] Magical Bonuses:
[17:50:44] 22.67 | Dexterity: +34 pts
[17:50:44] 20.00 | Intelligence: +30 pts
[17:50:44] 30.00 | ALL magic skills: +3 pts
[17:50:44]  
[17:50:44]  
[17:50:44] Focus Bonuses:
[17:50:44] - ALL spell lines: 50 lvls
[17:50:44]  
[17:50:44] Level Requirement: 41 Level
[17:50:44]  
[17:50:44] Charged Magic Ability:
[17:50:44] - 10 Charges
[17:50:44] - 10 Max
[17:50:44]  
[17:50:44] Increases Acuity (casting attribute) for a character.
[17:50:44]  
[17:50:44] Value: 50
[17:50:44] Target: Self
[17:50:44] Duration: 10:00 min
[17:50:44] Casting time: instant
[17:50:44]  
[17:50:44] - This spell is cast when the item is used.
[17:50:44]  
[17:50:44]  
[17:50:44]  
[17:50:44] Damage Modifiers:
[17:50:44] - 16.5 Base DPS
[17:50:44] - 16.5 Clamped DPS
[17:50:44] - 3.2 Weapon Speed
[17:50:44] - 100% Quality
[17:50:44] - 100% Condition
[17:50:44] - Damage Type: Crush
[17:50:44]  
[17:50:44] Effective Damage:
[17:50:44] - 16.5 DPS
[17:50:44]  
[17:50:44] Can use item every: 2:00 min
[17:50:44] <End Info>
[17:50:45] <Begin Info: Smoldering Crimson Bow>
[17:50:45]  
[17:50:45] Total Utility: 65
[17:50:45]  
[17:50:45] Magical Bonuses:
[17:50:45] 10.00 | Strength: +15 pts
[17:50:45] 20.00 | Dexterity: +30 pts
[17:50:45] 10.00 | Hits: +40 pts
[17:50:45] 25.00 | ALL archery skills: +5 pts
[17:50:45]  
[17:50:45] Level Requirement: 45 Level
[17:50:45]  
[17:50:45] Charged Magic Ability:
[17:50:45] - 10 Charges
[17:50:45] - 10 Max
[17:50:45]  
[17:50:45] Increases Dex/Qui for a character.
[17:50:45] 
[17:50:45] Dex/Qui bonus: 50
[17:50:45] Target: Self
[17:50:45] Duration: 10:00 min
[17:50:45] Casting time: Instant
[17:50:45]  
[17:50:45] - This spell is cast when the item is used.
[17:50:45]  
[17:50:45]  
[17:50:45]  
[17:50:45] Damage Modifiers:
[17:50:45] - 16.5 Base DPS
[17:50:45] - 16.5 Clamped DPS
[17:50:45] - 5.1 Weapon Speed
[17:50:45] - 100% Quality
[17:50:45] - 100% Condition
[17:50:45] - Damage Type: Thrust
[17:50:45]  
[17:50:45] Effective Damage:
[17:50:45] - 16.5 DPS
[17:50:45]  
[17:50:45] Can use item every: 2:00 min
[17:50:45] <End Info>
[17:50:47] <Begin Info: Black Velvet-lined Armguards>
[17:50:47]  
[17:50:47] Total Utility: 66
[17:50:47]  
[17:50:47] Magical Bonuses:
[17:50:47] 16.00 | Dexterity: +24 pts
[17:50:47] 16.00 | Constitution: +24 pts
[17:50:47] 18.00 | Energy: +9 %
[17:50:47] 16.00 | Acuity: +24 pts
[17:50:47]  
[17:50:47] Level Requirement: 50 Level
[17:50:47]  
[17:50:47] Magical Ability:
[17:50:47] Heals the target
[17:50:47]  
[17:50:47] Value: 100
[17:50:47] Target: Self
[17:50:47] Casting time: instant
[17:50:47]  
[17:50:47] - Spell has a chance of casting when enemy strikes at this armor.
[17:50:47]  
[17:50:47] Armor Modifiers:
[17:50:47] - 102 Base Factor
[17:50:47] - 102 Clamped Factor
[17:50:47] - 27% Absorption
[17:50:47] - 100% Quality
[17:50:47] - 100% Condition
[17:50:47]  
[17:50:47] Effective Armor:
[17:50:47] - 129 Factor
[17:50:47] <End Info>
[17:50:47] <Begin Info: Blue Suede Boots>
[17:50:47]  
[17:50:47] Total Utility: 74
[17:50:47]  
[17:50:47] Magical Bonuses:
[17:50:47] 18.00 | Cold: +9 %
[17:50:47] 18.00 | Energy: +9 %
[17:50:47] 18.00 | Heat: +9 %
[17:50:47] 20.00 | Envenom: +4 pts
[17:50:47]  
[17:50:47] Level Requirement: 43 Level
[17:50:47]  
[17:50:47] Magical Ability:
[17:50:47] Heals the target.
[17:50:47]  
[17:50:47] Value: 86
[17:50:47] Target: Self
[17:50:47] Range: 1500
[17:50:47] Casting time: instant
[17:50:47]  
[17:50:47] - Spell has a chance of casting when enemy strikes at this armor.
[17:50:47]  
[17:50:47] Armor Modifiers:
[17:50:47] - 102 Base Factor
[17:50:47] - 102 Clamped Factor
[17:50:47] - 10% Absorption
[17:50:47] - 100% Quality
[17:50:47] - 100% Condition
[17:50:47]  
[17:50:47] Effective Armor:
[17:50:47] - 112 Factor
[17:50:47] <End Info>
[17:50:48] <Begin Info: Gauntlets of the Veil>
[17:50:48]  
[17:50:48] Total Utility: 72
[17:50:48]  
[17:50:48] Magical Bonuses:
[17:50:48] 18.00 | Quickness: +27 pts
[17:50:48] 14.00 | Hits: +56 pts
[17:50:48] 20.00 | Parry: +4 pts
[17:50:48] 20.00 | Celtic Dual: +4 pts
[17:50:48]  
[17:50:48] Level Requirement: 41 Level
[17:50:48]  
[17:50:48] Magical Ability:
[17:50:48] Function: melee health buffer
[17:50:48] 
[17:50:48] Adds a shield to the recipient which will temporarily absorb some of the damage type specified
[17:50:48] 
[17:50:48] Absorption: 50%
[17:50:48] Value: 150
[17:50:48] Target: Self
[17:50:48] Duration: 10:00 min
[17:50:48] Casting time: Instant
[17:50:48] Function: melee health buffer
[17:50:48]  
[17:50:48] - Spell has a chance of casting when enemy strikes at this armor.
[17:50:48]  
[17:50:48] Armor Modifiers:
[17:50:48] - 102 Base Factor
[17:50:48] - 102 Clamped Factor
[17:50:48] - 19% Absorption
[17:50:48] - 100% Quality
[17:50:48] - 100% Condition
[17:50:48]  
[17:50:48] Effective Armor:
[17:50:48] - 121 Factor
[17:50:48]  
[17:50:48] Bonus Level: 47
[17:50:48] <End Info>
[17:50:49] <Begin Info: Jerkin of the Ghostly Soul>
[17:50:49]  
[17:50:49] Total Utility: 68
[17:50:49]  
[17:50:49] Magical Bonuses:
[17:50:49] 16.00 | Strength: +24 pts
[17:50:49] 16.00 | Dexterity: +24 pts
[17:50:49] 16.00 | Hits: +64 pts
[17:50:49] 20.00 | Stealth: +4 pts
[17:50:49]  
[17:50:49] Level Requirement: 50 Level
[17:50:49]  
[17:50:49] Magical Ability:
[17:50:49] Spell line: Damage over Time
[17:50:49] 
[17:50:49] Inflicts damage to the target repeatedly over a given time period. This spell can be cast during combat.
[17:50:49] 
[17:50:49] Damage per tick: 64
[17:50:49] (This figure is modified by your specialization in the skill and your primary casting stat.)
[17:50:49] Target: Enemy Target
[17:50:49] Range: 1500
[17:50:49] Damage Type: Energy
[17:50:49] Duration: 20 seconds
[17:50:49] Casting time: Instant
[17:50:49]  
[17:50:49] - Spell has a chance of casting when enemy strikes at this armor.
[17:50:49]  
[17:50:49] Armor Modifiers:
[17:50:49] - 102 Base Factor
[17:50:49] - 102 Clamped Factor
[17:50:49] - 10% Absorption
[17:50:49] - 100% Quality
[17:50:49] - 100% Condition
[17:50:49]  
[17:50:49] Effective Armor:
[17:50:49] - 112 Factor
[17:50:49] <End Info>
[17:50:50] <Begin Info: Vest of the Veil Warder>
[17:50:50]  
[17:50:50] Total Utility: 48
[17:50:50]  
[17:50:50] Magical Bonuses:
[17:50:50] 16.00 | Strength: +24 pts
[17:50:50] 10.00 | Dexterity: +15 pts
[17:50:50] 4.00 | Hits: +16 pts
[17:50:50] 18.00 | Crush: +9 %
[17:50:50]  
[17:50:50] Level Requirement: 50 Level
[17:50:50]  
[17:50:50] Magical Ability:
[17:50:50] Spell line: Damage over Time
[17:50:50] 
[17:50:50] Inflicts damage to the target repeatedly over a given time period. This spell can be cast during combat.
[17:50:50] 
[17:50:50] Damage per tick: 64
[17:50:50] (This figure is modified by your specialization in the skill and your primary casting stat.)
[17:50:50] Target: Enemy Target
[17:50:50] Range: 1500
[17:50:50] Damage Type: Heat
[17:50:50] Duration: 20 seconds
[17:50:50] Casting time: Instant
[17:50:50]  
[17:50:50] - Spell has a chance of casting when enemy strikes at this armor.
[17:50:50]  
[17:50:50] Armor Modifiers:
[17:50:50] - 102 Base Factor
[17:50:50] - 102 Clamped Factor
[17:50:50] - 19% Absorption
[17:50:50] - 100% Quality
[17:50:50] - 100% Condition
[17:50:50]  
[17:50:50] Effective Armor:
[17:50:50] - 121 Factor
[17:50:50] <End Info>
[17:50:51] <Begin Info: Netherworldly Scale Hauberk>
[17:50:51]  
[17:50:51] Total Utility: 91.333
[17:50:51] Single Skill Utility: 66.333
[17:50:51]  
[17:50:51] Magical Bonuses:
[17:50:51] 12.67 | Dexterity: +19 pts
[17:50:51] 12.67 | Empathy: +19 pts
[17:50:51] 16.00 | Slash: +8 %
[17:50:51] 50.00 | ALL magic skills: +5 pts
[17:50:51]  
[17:50:51] Level Requirement: 40 Level
[17:50:51]  
[17:50:51] Magical Ability:
[17:50:51] Heals the target.
[17:50:51]  
[17:50:51] Value: 100
[17:50:51] Target: Self
[17:50:51] Range: 1500
[17:50:51] Casting time: instant
[17:50:51]  
[17:50:51] - Spell has a chance of casting when enemy strikes at this armor.
[17:50:51]  
[17:50:51] Armor Modifiers:
[17:50:51] - 102 Base Factor
[17:50:51] - 102 Clamped Factor
[17:50:51] - 27% Absorption
[17:50:51] - 100% Quality
[17:50:51] - 100% Condition
[17:50:51]  
[17:50:51] Effective Armor:
[17:50:51] - 129 Factor
[17:50:51] <End Info>
[17:50:52] <Begin Info: Semi-Ethereal Robe>
[17:50:52]  
[17:50:52] Total Utility: 81.333
[17:50:52] Single Skill Utility: 66.333
[17:50:52]  
[17:50:52] Magical Bonuses:
[17:50:52] 14.67 | Dexterity: +22 pts
[17:50:52] 14.67 | Intelligence: +22 pts
[17:50:52] 22.00 | Thrust: +11 %
[17:50:52] 30.00 | ALL magic skills: +3 pts
[17:50:52]  
[17:50:52] Level Requirement: 40 Level
[17:50:52]  
[17:50:52] Magical Ability:
[17:50:52] Heals the target.
[17:50:52]  
[17:50:52] Value: 100
[17:50:52] Target: Self
[17:50:52] Range: 1500
[17:50:52] Casting time: instant
[17:50:52]  
[17:50:52] - Spell has a chance of casting when enemy strikes at this armor.
[17:50:52]  
[17:50:52] Armor Modifiers:
[17:50:52] - 51 Base Factor
[17:50:52] - 51 Clamped Factor
[17:50:52] - 0% Absorption
[17:50:52] - 100% Quality
[17:50:52] - 100% Condition
[17:50:52]  
[17:50:52] Effective Armor:
[17:50:52] - 51 Factor
[17:50:52] <End Info>
[17:50:53] <Begin Info: Cloth Cap>
[17:50:53]  
[17:50:53] Total Utility: 66
[17:50:53]  
[17:50:53] Magical Bonuses:
[17:50:53] 16.00 | Dexterity: +24 pts
[17:50:53] 16.00 | Intelligence: +24 pts
[17:50:53] 16.00 | Hits: +64 pts
[17:50:53] 18.00 | Thrust: +9 %
[17:50:53]  
[17:50:53] Level Requirement: 41 Level
[17:50:53]  
[17:50:53] Charged Magic Ability:
[17:50:53] - 10 Charges
[17:50:53] - 10 Max
[17:50:53]  
[17:50:53] Increases Acuity (casting attribute) for a character.
[17:50:53]  
[17:50:53] Value: 50
[17:50:53] Target: Self
[17:50:53] Duration: 10:00 min
[17:50:53] Casting time: instant
[17:50:53]  
[17:50:53] - This spell is cast when the item is used.
[17:50:53]  
[17:50:53] Can use item every: 2:00 min.
[17:50:53]  
[17:50:53] Armor Modifiers:
[17:50:53] - 51 Base Factor
[17:50:53] - 51 Clamped Factor
[17:50:53] - 0% Absorption
[17:50:53] - 100% Quality
[17:50:53] - 100% Condition
[17:50:53]  
[17:50:53] Effective Armor:
[17:50:53] - 51 Factor
[17:50:53] <End Info>
[17:50:54] @@[Trade] Tyctac: wts 200k feathers 50p need to fund my new mount!
[17:50:55] <Begin Info: Ring of Tarka'oz>
[17:50:55]  
[17:50:55] Total Utility: 81.333
[17:50:55] Single Skill Utility: 66.333
[17:50:55]  
[17:50:55] Magical Bonuses:
[17:50:55] 16.67 | Strength: +25 pts
[17:50:55] 16.67 | Dexterity: +25 pts
[17:50:55] 18.00 | Hits: +72 pts
[17:50:55] 30.00 | ALL melee weapon skills: +3 pts
[17:50:55]  
[17:50:55] Level Requirement: 50 Level
[17:50:55]  
[17:50:55] Charged Magic Ability:
[17:50:55] - 5 Charges
[17:50:55] - 5 Max
[17:50:55]  
[17:50:55] Function: melee health buffer
[17:50:55] 
[17:50:55] Adds a shield to recipient which will temporarily absorb some of the damage type specified.
[17:50:55] 
[17:50:55] Absorption: 50%
[17:50:55] Value: 150
[17:50:55] Target: Self
[17:50:55] Duration: 10:00 min
[17:50:55] Casting time: Instant
[17:50:55] Function: melee health buffer
[17:50:55]  
[17:50:55] - This spell is cast when the item is used.
[17:50:55]  
[17:50:55]  
[17:50:55]  
[17:50:55] Can use item every: 2:00 min
[17:50:55] <End Info>
[17:50:56] <Begin Info: Ring of Zo'arkat>
[17:50:56]  
[17:50:56] Total Utility: 88
[17:50:56] Single Skill Utility: 68
[17:50:56]  
[17:50:56] Magical Bonuses:
[17:50:56] 16.00 | Dexterity: +24 pts
[17:50:56] 16.00 | Hits: +64 pts
[17:50:56] 16.00 | Acuity: +24 pts
[17:50:56] 40.00 | ALL magic skills: +4 pts
[17:50:56]  
[17:50:56] Level Requirement: 47 Level
[17:50:56]  
[17:50:56] Charged Magic Ability:
[17:50:56] - 5 Charges
[17:50:56] - 5 Max
[17:50:56]  
[17:50:56] Adds to the recipient's Armor Factor (AF) resulting in better protection againts some forms of attack. It acts in addition to any armor the target is wearing.
[17:50:56]  
[17:50:56] Value: 50
[17:50:56] Target: Self
[17:50:56] Duration: 10:00 min
[17:50:56] Casting time: instant
[17:50:56]  
[17:50:56] - This spell is cast when the item is used.
[17:50:56]  
[17:50:56] Can use item every: 2:00 min.
[17:50:56]  
[17:50:56] <End Info>
[17:50:57] <Begin Info: Fairich Sgath Bracer>
[17:50:57]  
[17:50:57] Total Utility: 48
[17:50:57]  
[17:50:57] Magical Bonuses:
[17:50:57] 6.00 | Dexterity: +9 pts
[17:50:57] 6.00 | Empathy: +9 pts
[17:50:57] 18.00 | Cold: +9 %
[17:50:57] 18.00 | Matter: +9 %
[17:50:57]  
[17:50:57] Level Requirement: 50 Level
[17:50:57]  
[17:50:57] Charged Magic Ability:
[17:50:57] - 10 Charges
[17:50:57] - 10 Max
[17:50:57]  
[17:50:57] Function: melee health buffer
[17:50:57] 
[17:50:57] Adds a shield to recipient which will temporarily absorb some of the damage type specified.
[17:50:57] 
[17:50:57] Absorption: 50%
[17:50:57] Value: 150
[17:50:57] Target: Self
[17:50:57] Duration: 10:00 min
[17:50:57] Casting time: Instant
[17:50:57] Function: melee health buffer
[17:50:57]  
[17:50:57] - This spell is cast when the item is used.
[17:50:57]  
[17:50:57]  
[17:50:57]  
[17:50:57] Can use item every: 2:00 min
[17:50:57] <End Info>
[17:50:57] <Begin Info: Fiosrach Sgath Bracer>
[17:50:57]  
[17:50:57] Total Utility: 48
[17:50:57]  
[17:50:57] Magical Bonuses:
[17:50:57] 6.00 | Dexterity: +9 pts
[17:50:57] 6.00 | Intelligence: +9 pts
[17:50:57] 18.00 | Cold: +9 %
[17:50:57] 18.00 | Matter: +9 %
[17:50:57]  
[17:50:57] Level Requirement: 50 Level
[17:50:57]  
[17:50:57] Charged Magic Ability:
[17:50:57] - 10 Charges
[17:50:57] - 10 Max
[17:50:57]  
[17:50:57] Function: melee health buffer
[17:50:57] 
[17:50:57] Adds a shield to recipient which will temporarily absorb some of the damage type specified.
[17:50:57] 
[17:50:57] Absorption: 50%
[17:50:57] Value: 150
[17:50:57] Target: Self
[17:50:57] Duration: 10:00 min
[17:50:57] Casting time: Instant
[17:50:57] Function: melee health buffer
[17:50:57]  
[17:50:57] - This spell is cast when the item is used.
[17:50:57]  
[17:50:57]  
[17:50:57]  
[17:50:57] Can use item every: 2:00 min
[17:50:57] <End Info>
[17:50:58] <Begin Info: Fiosrach Cleoca>
[17:50:58]  
[17:50:58] Total Utility: 43
[17:50:58]  
[17:50:58] Magical Bonuses:
[17:50:58] 12.00 | Dexterity: +18 pts
[17:50:58] 12.00 | Intelligence: +18 pts
[17:50:58] 7.00 | Power: +7 pts
[17:50:58] 12.00 | Hits: +48 pts
[17:50:58]  
[17:50:58] <End Info>
[17:50:59] <Begin Info: Pooka Lord's Mantle>
[17:50:59]  
[17:50:59] Total Utility: 52.667
[17:50:59]  
[17:50:59] Magical Bonuses:
[17:50:59] 10.67 | Quickness: +16 pts
[17:50:59] 16.00 | Cold: +8 %
[17:50:59] 16.00 | Heat: +8 %
[17:50:59] 10.00 | Stealth: +2 pts
[17:50:59]  
[17:50:59] Level Requirement: 45 Level
[17:50:59]  
[17:50:59] Charged Magic Ability:
[17:50:59] - 10 Charges
[17:50:59] - 10 Max
[17:50:59]  
[17:50:59] Increases Dex/Qui for a character.
[17:50:59] 
[17:50:59] Dex/Qui bonus: 50
[17:50:59] Target: Self
[17:50:59] Duration: 10:00 min
[17:50:59] Casting time: Instant
[17:50:59]  
[17:50:59] - This spell is cast when the item is used.
[17:50:59]  
[17:50:59]  
[17:50:59]  
[17:50:59] Can use item every: 1:00 min
[17:50:59]  
[17:50:59] Bonus Level: 29
[17:50:59] <End Info>
[17:51:02] You need 10000 Phoenix Feather to buy Pooka Lord's Mantle.
[17:51:03] You need 10000 Phoenix Feather to buy Fiosrach Cleoca.
[17:51:03] You need 10000 Phoenix Feather to buy Fiosrach Sgath Bracer.
[17:51:04] You need 10000 Phoenix Feather to buy Fairich Sgath Bracer.
[17:51:04] You need 20000 Phoenix Feather to buy Ring of Zo'arkat.
[17:51:05] You need 20000 Phoenix Feather to buy Ring of Tarka'oz.
[17:51:08] You need 15000 Phoenix Feather to buy Cloth Cap.
[17:51:08] You need 20000 Phoenix Feather to buy Semi-Ethereal Robe.
[17:51:09] You need 20000 Phoenix Feather to buy Netherworldly Scale Hauberk.
[17:51:10] You need 15000 Phoenix Feather to buy Vest of the Veil Warder.
[17:51:10] You need 15000 Phoenix Feather to buy Jerkin of the Ghostly Soul.
[17:51:11] You need 15000 Phoenix Feather to buy Gauntlets of the Veil.
[17:51:12] You need 15000 Phoenix Feather to buy Blue Suede Boots.
[17:51:12] You need 15000 Phoenix Feather to buy Black Velvet-lined Armguards.
[17:51:14] You need 15000 Phoenix Feather to buy Smoldering Crimson Bow.
[17:51:15] You need 20000 Phoenix Feather to buy Ram's Folly.
[17:51:15] You need 20000 Phoenix Feather to buy Buckler of Crystalline Mist.
[17:51:16] You need 20000 Phoenix Feather to buy Shield of Tornadic Fury.
[17:51:16] You need 20000 Phoenix Feather to buy Protector of Weary Souls.
[17:51:17] You need 10000 Phoenix Feather to buy Leth-bhreac Stiletto.
[17:51:18] You need 15000 Phoenix Feather to buy Soul Glimmer.
[17:51:18] You need 10000 Phoenix Feather to buy Dealrach Corcra Sleagh.
[17:51:19] You need 15000 Phoenix Feather to buy Gloom Warder's Spear.
[17:51:19] You need 15000 Phoenix Feather to buy Fine Steel Long Sword.
[17:51:20] You need 20000 Phoenix Feather to buy Frigid Azure Crusher.
[17:51:21] You need 15000 Phoenix Feather to buy Destroyer of Dreams.
[17:51:21] You need 15000 Phoenix Feather to buy Ghostly Great Falcata.
[17:51:22] You need 10000 Phoenix Feather to buy Dealrach Corcra Speal.
[17:51:23] You need 15000 Phoenix Feather to buy Bruadar Speal.

*** Chat Log Closed: Sun May 30 17:51:25 2021


