
*** Chat Log Opened: Sun May 30 18:00:20 2021

[18:00:20]                                       
[18:00:23] <Begin Info: Shillelagh of Mighty Blows>
[18:00:23]  
[18:00:23] Total Utility: 67
[18:00:23]  
[18:00:23] Magical Bonuses:
[18:00:23] 12.00 | Quickness: +18 pts
[18:00:23] 10.00 | Hits: +40 pts
[18:00:23] 20.00 | Body: +10 %
[18:00:23] 25.00 | Large Weapon: +5 pts
[18:00:23]  
[18:00:23] Level Requirement: 50 Level
[18:00:23]  
[18:00:23] Magical Ability:
[18:00:23] Spell line: Damage over Time
[18:00:23] 
[18:00:23] Inflicts damage to the target repeatedly over a given time period. This spell can be cast during combat.
[18:00:23] 
[18:00:23] Damage per tick: 64
[18:00:23] (This figure is modified by your specialization in the skill and your primary casting stat.)
[18:00:23] Target: Enemy Target
[18:00:23] Range: 1500
[18:00:23] Damage Type: Heat
[18:00:23] Duration: 20 seconds
[18:00:23] Casting time: Instant
[18:00:23]  
[18:00:23] - Spell has a chance of casting when this weapon strikes an enemy.
[18:00:23]  
[18:00:23]  
[18:00:23] Damage Modifiers:
[18:00:23] - 16.5 Base DPS
[18:00:23] - 16.5 Clamped DPS
[18:00:23] - 4.6 Weapon Speed
[18:00:23] - 100% Quality
[18:00:23] - 100% Condition
[18:00:23] - Damage Type: Crush
[18:00:23]  
[18:00:23] Effective Damage:
[18:00:23] - 16.5 DPS
[18:00:23] <End Info>
[18:00:24] <Begin Info: Spear of Victory>
[18:00:24]  
[18:00:24] Total Utility: 60
[18:00:24]  
[18:00:24] Magical Bonuses:
[18:00:24] 12.00 | Quickness: +18 pts
[18:00:24] 8.00 | Hits: +32 pts
[18:00:24] 20.00 | Slash: +10 %
[18:00:24] 20.00 | Celtic Spear: +4 pts
[18:00:24]  
[18:00:24] Level Requirement: 50 Level
[18:00:24]  
[18:00:24] Magical Ability:
[18:00:24] Increases the player's combat speed.
[18:00:24] 
[18:00:24] Target hasted: 20%
[18:00:24] Target: Self
[18:00:24] Duration: 60 seconds
[18:00:24] Casting time: Instant
[18:00:24]  
[18:00:24] - Spell has a chance of casting when this weapon strikes an enemy.
[18:00:24]  
[18:00:24]  
[18:00:24] Damage Modifiers:
[18:00:24] - 16.5 Base DPS
[18:00:24] - 16.5 Clamped DPS
[18:00:24] - 5.3 Weapon Speed
[18:00:24] - 100% Quality
[18:00:24] - 100% Condition
[18:00:24] - Damage Type: Thrust
[18:00:24]  
[18:00:24] Effective Damage:
[18:00:24] - 16.5 DPS
[18:00:24] <End Info>
[18:00:24] <Begin Info: Forgotten Hero's Spear>
[18:00:24]  
[18:00:24] Total Utility: 65.333
[18:00:24]  
[18:00:24] Magical Bonuses:
[18:00:24] 14.67 | Strength: +22 pts
[18:00:24] 14.67 | Dexterity: +22 pts
[18:00:24] 16.00 | Hits: +64 pts
[18:00:24] 20.00 | Celtic Spear: +4 pts
[18:00:24]  
[18:00:24] Level Requirement: 50 Level
[18:00:24]  
[18:00:24] Magical Ability:
[18:00:24] Damages the target.
[18:00:24] 
[18:00:24] Damage: 95
[18:00:24] (This figure is modified by your specialization in the skill and your primary casting stat.)
[18:00:24] Target: Enemy Target
[18:00:24] Range: 1500
[18:00:24] Damage Type: Cold
[18:00:24] Casting time: Instant
[18:00:24]  
[18:00:24] - Spell has a chance of casting when this weapon strikes an enemy.
[18:00:24]  
[18:00:24]  
[18:00:24] Damage Modifiers:
[18:00:24] - 16.5 Base DPS
[18:00:24] - 16.5 Clamped DPS
[18:00:24] - 3.9 Weapon Speed
[18:00:24] - 100% Quality
[18:00:24] - 100% Condition
[18:00:24] - Damage Type: Thrust
[18:00:24]  
[18:00:24] Effective Damage:
[18:00:24] - 16.5 DPS
[18:00:24] <End Info>
[18:00:25] <Begin Info: Harvesting Scythe of the Eclipsed Moon>
[18:00:25]  
[18:00:25] Total Utility: 59.333
[18:00:25]  
[18:00:25] Magical Bonuses:
[18:00:25] 12.67 | Strength: +19 pts
[18:00:25] 12.67 | Intelligence: +19 pts
[18:00:25] 14.00 | Hits: +56 pts
[18:00:25] 20.00 | Scythe: +4 pts
[18:00:25]  
[18:00:25] Level Requirement: 50 Level
[18:00:25]  
[18:00:25] Magical Ability:
[18:00:25] Damages the target.
[18:00:25] 
[18:00:25] Damage: 95
[18:00:25] (This figure is modified by your specialization in the skill and your primary casting stat.)
[18:00:25] Target: Enemy Target
[18:00:25] Range: 1500
[18:00:25] Damage Type: Cold
[18:00:25] Casting time: Instant
[18:00:25]  
[18:00:25] - Spell has a chance of casting when this weapon strikes an enemy.
[18:00:25]  
[18:00:25]  
[18:00:25] Damage Modifiers:
[18:00:25] - 16.5 Base DPS
[18:00:25] - 16.5 Clamped DPS
[18:00:25] - 5.4 Weapon Speed
[18:00:25] - 100% Quality
[18:00:25] - 100% Condition
[18:00:25] - Damage Type: Slash
[18:00:25]  
[18:00:25] Effective Damage:
[18:00:25] - 16.5 DPS
[18:00:25] <End Info>
[18:00:26] <Begin Info: Lightless Staff of Magical Wrath>
[18:00:26] Usable by:
[18:00:26] - Eldritch
[18:00:26] - Enchanter
[18:00:26] - Mentalist
[18:00:26]  
[18:00:26] Total Utility: 29
[18:00:26]  
[18:00:26] Magical Bonuses:
[18:00:26] 14.00 | Intelligence: +21 pts
[18:00:26] 15.00 | Power: +15 pts
[18:00:26]  
[18:00:26]  
[18:00:26] Focus Bonuses:
[18:00:26] - Light Magic Focus: 50 lvls
[18:00:26] - Mana Magic Focus: 50 lvls
[18:00:26]  
[18:00:26] Level Requirement: 47 Level
[18:00:26]  
[18:00:26] Charged Magic Ability:
[18:00:26] - 10 Charges
[18:00:26] - 10 Max
[18:00:26]  
[18:00:26] Increases Acuity for a character.
[18:00:26]  
[18:00:26] Value: 50
[18:00:26] Target: Self
[18:00:26] Duration: 10:00 min
[18:00:26] Casting time: instant
[18:00:26]  
[18:00:26] - This spell is cast when the item is used.
[18:00:26]  
[18:00:26] Can use item every: 2:00 min.
[18:00:26]  
[18:00:26]  
[18:00:26] Damage Modifiers:
[18:00:26] - 16.5 Base DPS
[18:00:26] - 16.5 Clamped DPS
[18:00:26] - 4.6 Weapon Speed
[18:00:26] - 100% Quality
[18:00:26] - 100% Condition
[18:00:26] - Damage Type: Crush
[18:00:26]  
[18:00:26] Effective Damage:
[18:00:26] - 16.5 DPS
[18:00:26] <End Info>
[18:00:27] <Begin Info: Sword of Nuada>
[18:00:27]  
[18:00:27] Total Utility: 67
[18:00:27]  
[18:00:27] Magical Bonuses:
[18:00:27] 12.00 | Quickness: +18 pts
[18:00:27] 10.00 | Hits: +40 pts
[18:00:27] 20.00 | Crush: +10 %
[18:00:27] 25.00 | Blades: +5 pts
[18:00:27]  
[18:00:27] Level Requirement: 50 Level
[18:00:27]  
[18:00:27] Magical Ability:
[18:00:27] Damages the target. A portion of damage inflicted is used to heal the caster.
[18:00:27] 
[18:00:27] Damage: 65
[18:00:27] (This figure is modified by your specialization in the skill and your primary casting stat.)
[18:00:27] Damage returned to caster as health: 100%
[18:00:27] Target: Enemy Target
[18:00:27] Range: 300
[18:00:27] Damage Type: Cold
[18:00:27] Casting time: Instant
[18:00:27]  
[18:00:27] - Spell has a chance of casting when this weapon strikes an enemy.
[18:00:27]  
[18:00:27]  
[18:00:27] Damage Modifiers:
[18:00:27] - 16.5 Base DPS
[18:00:27] - 16.5 Clamped DPS
[18:00:27] - 3.6 Weapon Speed
[18:00:27] - 100% Quality
[18:00:27] - 100% Condition
[18:00:27] - Damage Type: Slash
[18:00:27]  
[18:00:27] Effective Damage:
[18:00:27] - 16.5 DPS
[18:00:27] <End Info>
[18:00:27] <Begin Info: Shimmering Shield of Storms>
[18:00:27]  
[18:00:27] Total Utility: 62
[18:00:27]  
[18:00:27] Magical Bonuses:
[18:00:27] 12.00 | Quickness: +18 pts
[18:00:27] 12.00 | Hits: +48 pts
[18:00:27] 18.00 | Energy: +9 %
[18:00:27] 20.00 | Shields: +4 pts
[18:00:27]  
[18:00:27] Level Requirement: 50 Level
[18:00:27]  
[18:00:27] Magical Ability:
[18:00:27] Damages the target.
[18:00:27] 
[18:00:27] Damage: 95
[18:00:27] (This figure is modified by your specialization in the skill and your primary casting stat.)
[18:00:27] Target: Enemy Target
[18:00:27] Range: 1500
[18:00:27] Damage Type: Energy
[18:00:27] Casting time: Instant
[18:00:27]  
[18:00:27] - Spell has a chance of casting when this weapon strikes an enemy.
[18:00:27]  
[18:00:27]  
[18:00:27]  
[18:00:27] Damage Modifiers (when used with shield styles):
[18:00:27] - 16.5 Base DPS
[18:00:27] - 16.5 Clamped DPS
[18:00:27] - 4.0 Shield Speed
[18:00:27]  
[18:00:27] - Shield Size : Large
[18:00:27] <End Info>
[18:00:28] <Begin Info: Shimmering Shield of Stormy Vengeance>
[18:00:28]  
[18:00:28] Total Utility: 62
[18:00:28]  
[18:00:28] Magical Bonuses:
[18:00:28] 12.00 | Quickness: +18 pts
[18:00:28] 12.00 | Hits: +48 pts
[18:00:28] 18.00 | Energy: +9 %
[18:00:28] 20.00 | Parry: +4 pts
[18:00:28]  
[18:00:28] Level Requirement: 50 Level
[18:00:28]  
[18:00:28] Magical Ability:
[18:00:28] Damages the target.
[18:00:28] 
[18:00:28] Damage: 95
[18:00:28] (This figure is modified by your specialization in the skill and your primary casting stat.)
[18:00:28] Target: Enemy Target
[18:00:28] Range: 1500
[18:00:28] Damage Type: Energy
[18:00:28] Casting time: Instant
[18:00:28]  
[18:00:28] - Spell has a chance of casting when this weapon strikes an enemy.
[18:00:28]  
[18:00:28]  
[18:00:28]  
[18:00:28] Damage Modifiers (when used with shield styles):
[18:00:28] - 16.5 Base DPS
[18:00:28] - 16.5 Clamped DPS
[18:00:28] - 4.4 Shield Speed
[18:00:28]  
[18:00:28] - Shield Size : Medium
[18:00:28] <End Info>
[18:00:29] <Begin Info: Bow of Monstrosities>
[18:00:29]  
[18:00:29] Total Utility: 67
[18:00:29]  
[18:00:29] Magical Bonuses:
[18:00:29] 12.00 | Dexterity: +18 pts
[18:00:29] 10.00 | Hits: +40 pts
[18:00:29] 20.00 | Crush: +10 %
[18:00:29] 25.00 | ALL archery skills: +5 pts
[18:00:29]  
[18:00:29] Level Requirement: 50 Level
[18:00:29]  
[18:00:29] Magical Ability:
[18:00:29] Function: melee health buffer
[18:00:29] 
[18:00:29] Adds a shield to recipient which will temporarily absorb some of the damage type specified.
[18:00:29] 
[18:00:29] Absorption: 50%
[18:00:29] Value: 150
[18:00:29] Target: Self
[18:00:29] Duration: 10:00 min
[18:00:29] Casting time: Instant
[18:00:29] Function: melee health buffer
[18:00:29]  
[18:00:29] - Spell has a chance of casting when this weapon strikes an enemy.
[18:00:29]  
[18:00:29]  
[18:00:29] Damage Modifiers:
[18:00:29] - 16.5 Base DPS
[18:00:29] - 16.5 Clamped DPS
[18:00:29] - 5.2 Weapon Speed
[18:00:29] - 100% Quality
[18:00:29] - 100% Condition
[18:00:29] - Damage Type: Thrust
[18:00:29]  
[18:00:29] Effective Damage:
[18:00:29] - 16.5 DPS
[18:00:29] <End Info>
[18:00:30] <Begin Info: Calcified Earthen Harp>
[18:00:30]  
[18:00:30] Total Utility: 60
[18:00:30]  
[18:00:30] Magical Bonuses:
[18:00:30] 12.00 | Charisma: +18 pts
[18:00:30] 8.00 | Hits: +32 pts
[18:00:30] 20.00 | Crush: +10 %
[18:00:30] 20.00 | Music: +4 pts
[18:00:30]  
[18:00:30] Level Requirement: 47 Level
[18:00:30]  
[18:00:30] Charged Magic Ability:
[18:00:30] - 10 Charges
[18:00:30] - 10 Max
[18:00:30]  
[18:00:30] Adds to the recipient's Armor Factor (AF) resulting in better protection againts some forms of attack. It acts in addition to any armor the target is wearing.
[18:00:30]  
[18:00:30] Value: 50
[18:00:30] Target: Self
[18:00:30] Duration: 10:00 min
[18:00:30] Casting time: instant
[18:00:30]  
[18:00:30] - This spell is cast when the item is used.
[18:00:30]  
[18:00:30]  
[18:00:30]  
[18:00:30] Damage Modifiers:
[18:00:30] - 16.5 Base DPS
[18:00:30] - 16.5 Clamped DPS
[18:00:30] - 0.0 Weapon Speed
[18:00:30] - 100% Quality
[18:00:30] - 100% Condition
[18:00:30] - Damage Type: None
[18:00:30]  
[18:00:30] Effective Damage:
[18:00:30] - 16.5 DPS
[18:00:30]  
[18:00:30] Can use item every: 2:00 min
[18:00:30] <End Info>
[18:00:31] <Begin Info: Ancient Stag Spine Bow>
[18:00:31]  
[18:00:31] Total Utility: 55
[18:00:31]  
[18:00:31] Magical Bonuses:
[18:00:31] 10.00 | Cold: +5 %
[18:00:31] 10.00 | Heat: +5 %
[18:00:31] 10.00 | Spirit: +5 %
[18:00:31] 25.00 | ALL archery skills: +5 pts
[18:00:31]  
[18:00:31] Level Requirement: 50 Level
[18:00:31]  
[18:00:31] Magical Ability:
[18:00:31] Spell line: Damage over Time
[18:00:31] 
[18:00:31] Inflicts damage to the target repeatedly over a given time period. This spell can be cast during combat.
[18:00:31] 
[18:00:31] Damage per tick: 64
[18:00:31] (This figure is modified by your specialization in the skill and your primary casting stat.)
[18:00:31] Target: Enemy Target
[18:00:31] Range: 1500
[18:00:31] Damage Type: Body
[18:00:31] Duration: 20 seconds
[18:00:31] Casting time: Instant
[18:00:31]  
[18:00:31] - Spell has a chance of casting when this weapon strikes an enemy.
[18:00:31]  
[18:00:31]  
[18:00:31] Damage Modifiers:
[18:00:31] - 16.2 Base DPS
[18:00:31] - 16.2 Clamped DPS
[18:00:31] - 4.2 Weapon Speed
[18:00:31] - 95% Quality
[18:00:31] - 100% Condition
[18:00:31] - Damage Type: Thrust
[18:00:31]  
[18:00:31] Effective Damage:
[18:00:31] - 15.4 DPS
[18:00:31] <End Info>
[18:00:33] <Begin Info: Leggings of the Grey Cow>
[18:00:33]  
[18:00:33] Total Utility: 54
[18:00:33]  
[18:00:33] Magical Bonuses:
[18:00:33] 12.00 | Dexterity: +18 pts
[18:00:33] 12.00 | Quickness: +18 pts
[18:00:33] 10.00 | Hits: +40 pts
[18:00:33] 20.00 | Matter: +10 %
[18:00:33]  
[18:00:33] Level Requirement: 50 Level
[18:00:33]  
[18:00:33] Magical Ability:
[18:00:33] Creates a field that damages anyone who attacks the target in melee.
[18:00:33] 
[18:00:33] Creates a field that damages anyone who attacks the target in melee.
[18:00:33] Damage: 5.1 DPS
[18:00:33] Target: Self
[18:00:33] Duration: 20 seconds
[18:00:33] Casting time: Instant
[18:00:33]  
[18:00:33] - Spell has a chance of casting when enemy strikes at this armor.
[18:00:33]  
[18:00:33] Armor Modifiers:
[18:00:33] - 102 Base Factor
[18:00:33] - 102 Clamped Factor
[18:00:33] - 10% Absorption
[18:00:33] - 100% Quality
[18:00:33] - 100% Condition
[18:00:33]  
[18:00:33] Effective Armor:
[18:00:33] - 112 Factor
[18:00:33] <End Info>
[18:00:34] <Begin Info: Shimmering Silvery Gauntlets>
[18:00:34]  
[18:00:34] Total Utility: 54
[18:00:34]  
[18:00:34] Magical Bonuses:
[18:00:34] 12.00 | Dexterity: +18 pts
[18:00:34] 12.00 | Constitution: +18 pts
[18:00:34] 10.00 | Hits: +40 pts
[18:00:34] 20.00 | Spirit: +10 %
[18:00:34]  
[18:00:34] Level Requirement: 50 Level
[18:00:34]  
[18:00:34] Magical Ability:
[18:00:34] Decreases Str/Con for a character.
[18:00:34]  
[18:00:34] Value: 56
[18:00:34] Target: Enemy
[18:00:34] Range: 300
[18:00:34] Duration: 60 sec
[18:00:34] Casting time: instant
[18:00:34] Damage Type: Body
[18:00:34]  
[18:00:34] - Spell has a chance of casting when enemy strikes at this armor.
[18:00:34]  
[18:00:34] Armor Modifiers:
[18:00:34] - 102 Base Factor
[18:00:34] - 102 Clamped Factor
[18:00:34] - 27% Absorption
[18:00:34] - 100% Quality
[18:00:34] - 100% Condition
[18:00:34]  
[18:00:34] Effective Armor:
[18:00:34] - 129 Factor
[18:00:34] <End Info>
[18:00:35] <Begin Info: Living Sleeves of Black Ooze>
[18:00:35]  
[18:00:35] Total Utility: 59.333
[18:00:35]  
[18:00:35] Magical Bonuses:
[18:00:35] 12.67 | Dexterity: +19 pts
[18:00:35] 12.67 | Quickness: +19 pts
[18:00:35] 14.00 | Hits: +56 pts
[18:00:35] 20.00 | ALL archery skills: +4 pts
[18:00:35]  
[18:00:35] Level Requirement: 50 Level
[18:00:35]  
[18:00:35] Magical Ability:
[18:00:35] Function: melee health buffer
[18:00:35] 
[18:00:35] Adds a shield to recipient which will temporarily absorb some of the damage type specified.
[18:00:35] 
[18:00:35] Absorption: 50%
[18:00:35] Value: 150
[18:00:35] Target: Self
[18:00:35] Duration: 10:00 min
[18:00:35] Casting time: Instant
[18:00:35] Function: melee health buffer
[18:00:35]  
[18:00:35] - Spell has a chance of casting when enemy strikes at this armor.
[18:00:35]  
[18:00:35] Armor Modifiers:
[18:00:35] - 102 Base Factor
[18:00:35] - 102 Clamped Factor
[18:00:35] - 19% Absorption
[18:00:35] - 100% Quality
[18:00:35] - 100% Condition
[18:00:35]  
[18:00:35] Effective Armor:
[18:00:35] - 121 Factor
[18:00:35] <End Info>
[18:00:37] <Begin Info: Balor's Blood>
[18:00:37]  
[18:00:37] Total Utility: 60
[18:00:37]  
[18:00:37] Magical Bonuses:
[18:00:37] 12.00 | Quickness: +18 pts
[18:00:37] 8.00 | Hits: +32 pts
[18:00:37] 20.00 | Slash: +10 %
[18:00:37] 20.00 | Parry: +4 pts
[18:00:37]  
[18:00:37] Level Requirement: 50 Level
[18:00:37]  
[18:00:37] Charged Magic Ability:
[18:00:37] - 10 Charges
[18:00:37] - 10 Max
[18:00:37]  
[18:00:37] Creates a field that damages anyone who attacks the target in melee.
[18:00:37] 
[18:00:37] Creates a field that damages anyone who attacks the target in melee.
[18:00:37] Damage: 5.1 DPS
[18:00:37] Target: Self
[18:00:37] Duration: 20 seconds
[18:00:37] Casting time: Instant
[18:00:37]  
[18:00:37] - This spell is cast when the item is used.
[18:00:37]  
[18:00:37] Can use item every: 2:00 min.
[18:00:37]  
[18:00:37] <End Info>
[18:00:37] <Begin Info: Cauldron of Clarity>
[18:00:37]  
[18:00:37] Total Utility: 56
[18:00:37]  
[18:00:37] Magical Bonuses:
[18:00:37] 12.00 | Empathy: +18 pts
[18:00:37] 8.00 | Power: +8 pts
[18:00:37] 16.00 | Crush: +8 %
[18:00:37] 20.00 | Regrowth: +4 pts
[18:00:37]  
[18:00:37] Level Requirement: 50 Level
[18:00:37]  
[18:00:37] Charged Magic Ability:
[18:00:37] - 10 Charges
[18:00:37] - 10 Max
[18:00:37]  
[18:00:37] Target regenerates power regeneration during the duration of the spell.
[18:00:37]  
[18:00:37] Value: 3
[18:00:37] Target: Self
[18:00:37] Duration: 10:00 min
[18:00:37] Casting time: instant
[18:00:37]  
[18:00:37] - This spell is cast when the item is used.
[18:00:37]  
[18:00:37] Can use item every: 2:00 min.
[18:00:37]  
[18:00:37] <End Info>
[18:00:38] <Begin Info: Evil Eye>
[18:00:38]  
[18:00:38] Total Utility: 60
[18:00:38]  
[18:00:38] Magical Bonuses:
[18:00:38] 12.00 | Quickness: +18 pts
[18:00:38] 8.00 | Hits: +32 pts
[18:00:38] 20.00 | Thrust: +10 %
[18:00:38] 20.00 | Stealth: +4 pts
[18:00:38]  
[18:00:38] Level Requirement: 45 Level
[18:00:38]  
[18:00:38] Charged Magic Ability:
[18:00:38] - 10 Charges
[18:00:38] - 10 Max
[18:00:38]  
[18:00:38] Increases Dex/Qui for a character.
[18:00:38] 
[18:00:38] Dex/Qui bonus: 50
[18:00:38] Target: Self
[18:00:38] Duration: 10:00 min
[18:00:38] Casting time: Instant
[18:00:38]  
[18:00:38] - This spell is cast when the item is used.
[18:00:38]  
[18:00:38] Can use item every: 2:00 min.
[18:00:38]  
[18:00:38] <End Info>
[18:00:39] <Begin Info: Fatal Stone>
[18:00:39]  
[18:00:39] Total Utility: 49
[18:00:39]  
[18:00:39] Magical Bonuses:
[18:00:39] 12.00 | Intelligence: +18 pts
[18:00:39] 9.00 | Power: +9 pts
[18:00:39] 10.00 | Hits: +40 pts
[18:00:39] 18.00 | Thrust: +9 %
[18:00:39]  
[18:00:39] Level Requirement: 50 Level
[18:00:39]  
[18:00:39] Charged Magic Ability:
[18:00:39] - 10 Charges
[18:00:39] - 10 Max
[18:00:39]  
[18:00:39] Target regenerates power regeneration during the duration of the spell.
[18:00:39]  
[18:00:39] Value: 3
[18:00:39] Target: Self
[18:00:39] Duration: 10:00 min
[18:00:39] Casting time: instant
[18:00:39]  
[18:00:39] - This spell is cast when the item is used.
[18:00:39]  
[18:00:39] Can use item every: 2:00 min.
[18:00:39]  
[18:00:39] <End Info>
[18:00:40] <Begin Info: Opal of the Quick and Dead>
[18:00:40]  
[18:00:40] Total Utility: 64.667
[18:00:40]  
[18:00:40] Magical Bonuses:
[18:00:40] 12.67 | Strength: +19 pts
[18:00:40] 12.00 | Hits: +48 pts
[18:00:40] 20.00 | Envenom: +4 pts
[18:00:40] 20.00 | Stealth: +4 pts
[18:00:40]  
[18:00:40] Level Requirement: 45 Level
[18:00:40]  
[18:00:40] Charged Magic Ability:
[18:00:40] - 10 Charges
[18:00:40] - 10 Max
[18:00:40]  
[18:00:40] Increases Dex/Qui for a character.
[18:00:40] 
[18:00:40] Dex/Qui bonus: 50
[18:00:40] Target: Self
[18:00:40] Duration: 10:00 min
[18:00:40] Casting time: Instant
[18:00:40]  
[18:00:40] - This spell is cast when the item is used.
[18:00:40]  
[18:00:40] Can use item every: 2:00 min.
[18:00:40]  
[18:00:40] <End Info>
[18:00:41] <Begin Info: Anurigunda's Belt>
[18:00:41]  
[18:00:41] Total Utility: 61.25
[18:00:41]  
[18:00:41] Magical Bonuses:
[18:00:41] 11.25 | Hits: +45 pts
[18:00:41] 25.00 | Parry: +5 pts
[18:00:41] 25.00 | Piercing: +5 pts
[18:00:41]  
[18:00:41] Level Requirement: 45 Level
[18:00:41]  
[18:00:41] Charged Magic Ability:
[18:00:41] - 10 Charges
[18:00:41] - 10 Max
[18:00:41]  
[18:00:41] Increases Dex/Qui for a character.
[18:00:41] 
[18:00:41] Dex/Qui bonus: 50
[18:00:41] Target: Self
[18:00:41] Duration: 10:00 min
[18:00:41] Casting time: Instant
[18:00:41]  
[18:00:41] - This spell is cast when the item is used.
[18:00:41]  
[18:00:41] Can use item every: 2:00 min.
[18:00:41]  
[18:00:41] <End Info>
[18:00:42] <Begin Info: Anurigunda's Choker>
[18:00:42]  
[18:00:42] Total Utility: 66.25
[18:00:42]  
[18:00:42] Magical Bonuses:
[18:00:42] 11.25 | Hits: +45 pts
[18:00:42] 30.00 | Parry: +6 pts
[18:00:42] 25.00 | Blades: +5 pts
[18:00:42]  
[18:00:42] Level Requirement: 47 Level
[18:00:42]  
[18:00:42] Charged Magic Ability:
[18:00:42] - 10 Charges
[18:00:42] - 10 Max
[18:00:42]  
[18:00:42] Adds to the recipient's Armor Factor (AF) resulting in better protection againts some forms of attack. It acts in addition to any armor the target is wearing.
[18:00:42]  
[18:00:42] Value: 50
[18:00:42] Target: Self
[18:00:42] Duration: 10:00 min
[18:00:42] Casting time: instant
[18:00:42]  
[18:00:42] - This spell is cast when the item is used.
[18:00:42]  
[18:00:42] Can use item every: 2:00 min.
[18:00:42]  
[18:00:42] <End Info>
[18:00:42] <Begin Info: Anurigunda's Blunt Enchantment Bracer>
[18:00:42]  
[18:00:42] Total Utility: 61.25
[18:00:42]  
[18:00:42] Magical Bonuses:
[18:00:42] 11.25 | Hits: +45 pts
[18:00:42] 25.00 | Parry: +5 pts
[18:00:42] 25.00 | Blunt: +5 pts
[18:00:42]  
[18:00:42] Level Requirement: 50 Level
[18:00:42]  
[18:00:42] Charged Magic Ability:
[18:00:42] - 10 Charges
[18:00:42] - 10 Max
[18:00:42]  
[18:00:42] Increases Str/Con for a character.
[18:00:42] 
[18:00:42] Str/Con bonus: 50
[18:00:42] Target: Self
[18:00:42] Duration: 10:00 min
[18:00:42] Casting time: Instant
[18:00:42]  
[18:00:42] - This spell is cast when the item is used.
[18:00:42]  
[18:00:42] Can use item every: 2:00 min.
[18:00:42]  
[18:00:42] <End Info>
[18:00:43] <Begin Info: Anurigunda's Bracer of Nature>
[18:00:43]  
[18:00:43] Total Utility: 56
[18:00:43]  
[18:00:43] Magical Bonuses:
[18:00:43] 6.00 | Power: +6 pts
[18:00:43] 25.00 | Regrowth: +5 pts
[18:00:43] 25.00 | Nature: +5 pts
[18:00:43]  
[18:00:43] Level Requirement: 50 Level
[18:00:43]  
[18:00:43] Charged Magic Ability:
[18:00:43] - 10 Charges
[18:00:43] - 10 Max
[18:00:43]  
[18:00:43] Target regenerates the given amount of health every 'tick'.
[18:00:43]  
[18:00:43] Value: 52
[18:00:43] Target: Self
[18:00:43] Duration: 20 sec
[18:00:43] Casting time: instant
[18:00:43]  
[18:00:43] - This spell is cast when the item is used.
[18:00:43]  
[18:00:43] Can use item every: 2:00 min.
[18:00:43]  
[18:00:43] <End Info>
[18:00:44] <Begin Info: Krackenschtein's Cloak>
[18:00:44]  
[18:00:44] Total Utility: 56
[18:00:44]  
[18:00:44] Magical Bonuses:
[18:00:44] 6.00 | Power: +6 pts
[18:00:44] 25.00 | Creeping: +5 pts
[18:00:44] 25.00 | Arboreal: +5 pts
[18:00:44]  
[18:00:44] Level Requirement: 47 Level
[18:00:44]  
[18:00:44] Charged Magic Ability:
[18:00:44] - 10 Charges
[18:00:44] - 10 Max
[18:00:44]  
[18:00:44] Increases Acuity for a character.
[18:00:44]  
[18:00:44] Value: 50
[18:00:44] Target: Self
[18:00:44] Duration: 10:00 min
[18:00:44] Casting time: instant
[18:00:44]  
[18:00:44] - This spell is cast when the item is used.
[18:00:44]  
[18:00:44] Can use item every: 2:00 min.
[18:00:44]  
[18:00:44] <End Info>
[18:00:45] <Begin Info: Ancient Cracked Stag Hide>
[18:00:45]  
[18:00:45] Total Utility: 64
[18:00:45]  
[18:00:45] Magical Bonuses:
[18:00:45] 20.00 | Constitution: +30 pts
[18:00:45] 20.00 | Intelligence: +30 pts
[18:00:45] 12.00 | Body: +6 %
[18:00:45] 12.00 | Spirit: +6 %
[18:00:45]  
[18:00:45] Level Requirement: 50 Level
[18:00:45]  
[18:00:45] Charged Magic Ability:
[18:00:45] - 10 Charges
[18:00:45] - 10 Max
[18:00:45]  
[18:00:45] Function: melee health buffer
[18:00:45] 
[18:00:45] Adds a shield to recipient which will temporarily absorb some of the damage type specified.
[18:00:45] 
[18:00:45] Absorption: 50%
[18:00:45] Value: 150
[18:00:45] Target: Self
[18:00:45] Duration: 10:00 min
[18:00:45] Casting time: Instant
[18:00:45] Function: melee health buffer
[18:00:45]  
[18:00:45] - This spell is cast when the item is used.
[18:00:45]  
[18:00:45]  
[18:00:45]  
[18:00:45] Can use item every: 2:00 min
[18:00:45] <End Info>
[18:00:46] <Begin Info: Ancient Stag Femur>
[18:00:46]  
[18:00:46] Total Utility: 35
[18:00:46]  
[18:00:46] Magical Bonuses:
[18:00:46] 10.00 | Strength: +15 pts
[18:00:46] 10.00 | Intelligence: +15 pts
[18:00:46] 15.00 | Hits: +60 pts
[18:00:46]  
[18:00:46] Level Requirement: 50 Level
[18:00:46]  
[18:00:46] Charged Magic Ability:
[18:00:46] - 10 Charges
[18:00:46] - 10 Max
[18:00:46]  
[18:00:46] Increases Str/Con for a character.
[18:00:46] 
[18:00:46] Str/Con bonus: 50
[18:00:46] Target: Self
[18:00:46] Duration: 10:00 min
[18:00:46] Casting time: Instant
[18:00:46]  
[18:00:46] - This spell is cast when the item is used.
[18:00:46]  
[18:00:46] Can use item every: 2:00 min.
[18:00:46]  
[18:00:46] <End Info>
[18:00:47] <Begin Info: Ancient Stag Skull>
[18:00:47]  
[18:00:47] Total Utility: 48
[18:00:47]  
[18:00:47] Magical Bonuses:
[18:00:47] 12.00 | Crush: +6 %
[18:00:47] 12.00 | Slash: +6 %
[18:00:47] 12.00 | Spirit: +6 %
[18:00:47] 12.00 | Thrust: +6 %
[18:00:47]  
[18:00:47] Level Requirement: 50 Level
[18:00:47]  
[18:00:47] Charged Magic Ability:
[18:00:47] - 3 Charges
[18:00:47] - 3 Max
[18:00:47]  
[18:00:47] Heals the target
[18:00:47]  
[18:00:47] Value: 100
[18:00:47] Target: Self
[18:00:47] Casting time: instant
[18:00:47]  
[18:00:47] - This spell is cast when the item is used.
[18:00:47]  
[18:00:47] Can use item every: 2:00 min.
[18:00:47]  
[18:00:47] <End Info>
[18:00:54] You have to kill Beomarbhan before you can purchase this item.
[18:00:55] You have to kill Beomarbhan before you can purchase this item.
[18:00:55] You have to kill Beomarbhan before you can purchase this item.
[18:00:56] You have to kill Krackenschtein before you can purchase this item.
[18:00:57] You have to kill Anurigunda before you can purchase this item.
[18:00:57] You have to kill Anurigunda before you can purchase this item.
[18:00:58] You have to kill Anurigunda before you can purchase this item.
[18:00:58] You have to kill Anurigunda before you can purchase this item.
[18:00:59] You have to kill Myddraxis before you can purchase this item.
[18:01:00] You need 10000 Phoenix Feather to buy Fatal Stone.
[18:01:00] You need 10000 Phoenix Feather to buy Evil Eye.
[18:01:01] You need 10000 Phoenix Feather to buy Cauldron of Clarity.
[18:01:02] You need 10000 Phoenix Feather to buy Balor's Blood.
[18:01:04] You have to kill Myddraxis before you can purchase this item.
[18:01:05] You need 10000 Phoenix Feather to buy Shimmering Silvery Gauntlets.
[18:01:05] You need 10000 Phoenix Feather to buy Leggings of the Grey Cow.
[18:01:08] You have to kill Beomarbhan before you can purchase this item.
[18:01:08] You have to kill Queen_Qunilaria before you can purchase this item.
[18:01:09] You have to kill Queen_Qunilaria before you can purchase this item.
[18:01:09] You need 15000 Phoenix Feather to buy Shimmering Shield of Stormy Vengeance.
[18:01:10] You need 15000 Phoenix Feather to buy Shimmering Shield of Storms.
[18:01:10] You need 15000 Phoenix Feather to buy Sword of Nuada.
[18:01:11] You have to kill Myddraxis before you can purchase this item.
[18:01:12] You have to kill Myddraxis before you can purchase this item.
[18:01:12] You have to kill Myddraxis before you can purchase this item.
[18:01:13] You need 15000 Phoenix Feather to buy Spear of Victory.
[18:01:13] You need 15000 Phoenix Feather to buy Shillelagh of Mighty Blows.

*** Chat Log Closed: Sun May 30 18:01:15 2021


