
*** Chat Log Opened: Sun May 30 17:56:14 2021

[17:56:14]                                       
[17:56:18] <Begin Info: Aroon's Ancient Staff>
[17:56:18] Usable by:
[17:56:18] - Mentalist
[17:56:18]  
[17:56:18] Total Utility: 37
[17:56:18]  
[17:56:18] Magical Bonuses:
[17:56:18] 37.00 | Hits: +148 pts
[17:56:18]  
[17:56:18]  
[17:56:18] Focus Bonuses:
[17:56:18] - Light Magic Focus: 50 lvls
[17:56:18] - Mana Magic Focus: 50 lvls
[17:56:18] - Mentalism Focus: 50 lvls
[17:56:18]  
[17:56:18] Level Requirement: 50 Level
[17:56:18]  
[17:56:18] Charged Magic Ability:
[17:56:18] - 10 Charges
[17:56:18] - 10 Max
[17:56:18]  
[17:56:18] Damages the target.
[17:56:18] 
[17:56:18] Damage: 95
[17:56:18] (This figure is modified by your specialization in the skill and your primary casting stat.)
[17:56:18] Target: Enemy Target
[17:56:18] Range: 1500
[17:56:18] Damage Type: Energy
[17:56:18] Casting time: Instant
[17:56:18]  
[17:56:18] - This spell is cast when the item is used.
[17:56:18]  
[17:56:18] Can use item every: 2:00 min.
[17:56:18]  
[17:56:18]  
[17:56:18] Damage Modifiers:
[17:56:18] - 16.5 Base DPS
[17:56:18] - 16.5 Clamped DPS
[17:56:18] - 4.2 Weapon Speed
[17:56:18] - 100% Quality
[17:56:18] - 100% Condition
[17:56:18] - Damage Type: Crush
[17:56:18]  
[17:56:18] Effective Damage:
[17:56:18] - 16.5 DPS
[17:56:18] <End Info>
[17:56:19] <Begin Info: Aroon's Verdant Staff>
[17:56:19] Usable by:
[17:56:19] - Animist
[17:56:19]  
[17:56:19] Total Utility: 37
[17:56:19]  
[17:56:19] Magical Bonuses:
[17:56:19] 37.00 | Hits: +148 pts
[17:56:19]  
[17:56:19]  
[17:56:19] Focus Bonuses:
[17:56:19] - Verdant Focus: 50 lvls
[17:56:19] - Creeping Path Focus: 50 lvls
[17:56:19] - Arboreal Focus: 50 lvls
[17:56:19]  
[17:56:19] Level Requirement: 50 Level
[17:56:19]  
[17:56:19] Charged Magic Ability:
[17:56:19] - 10 Charges
[17:56:19] - 10 Max
[17:56:19]  
[17:56:19] Damages the target.
[17:56:19] 
[17:56:19] Damage: 95
[17:56:19] (This figure is modified by your specialization in the skill and your primary casting stat.)
[17:56:19] Target: Enemy Target
[17:56:19] Range: 1500
[17:56:19] Damage Type: Energy
[17:56:19] Casting time: Instant
[17:56:19]  
[17:56:19] - This spell is cast when the item is used.
[17:56:19]  
[17:56:19] Can use item every: 2:00 min.
[17:56:19]  
[17:56:19]  
[17:56:19] Damage Modifiers:
[17:56:19] - 16.5 Base DPS
[17:56:19] - 16.5 Clamped DPS
[17:56:19] - 4.0 Weapon Speed
[17:56:19] - 100% Quality
[17:56:19] - 100% Condition
[17:56:19] - Damage Type: Crush
[17:56:19]  
[17:56:19] Effective Damage:
[17:56:19] - 16.5 DPS
[17:56:19] <End Info>
[17:56:21] <Begin Info: Ancient Verdant Staff>
[17:56:21] Usable by:
[17:56:21] - Animist
[17:56:21]  
[17:56:21] Total Utility: 35
[17:56:21]  
[17:56:21] Magical Bonuses:
[17:56:21] 22.00 | Intelligence: +33 pts
[17:56:21] 13.00 | Power: +13 pts
[17:56:21]  
[17:56:21]  
[17:56:21] Focus Bonuses:
[17:56:21] - Verdant Focus: 50 lvls
[17:56:21] - Arboreal Focus: 50 lvls
[17:56:21]  
[17:56:21] Level Requirement: 50 Level
[17:56:21]  
[17:56:21] Charged Magic Ability:
[17:56:21] - 10 Charges
[17:56:21] - 10 Max
[17:56:21]  
[17:56:21] Damages the target.
[17:56:21] 
[17:56:21] Damage: 331
[17:56:21] (This figure is modified by your specialization in the skill and your primary casting stat.)
[17:56:21] Target: Enemy Target
[17:56:21] Range: 1500
[17:56:21] Damage Type: Cold
[17:56:21] Casting time: 2.0 seconds
[17:56:21]  
[17:56:21] - This spell is cast when the item is used.
[17:56:21]  
[17:56:21] Can use item every: 2:00 min.
[17:56:21]  
[17:56:21]  
[17:56:21] Damage Modifiers:
[17:56:21] - 16.5 Base DPS
[17:56:21] - 16.5 Clamped DPS
[17:56:21] - 5.0 Weapon Speed
[17:56:21] - 100% Quality
[17:56:21] - 100% Condition
[17:56:21] - Damage Type: Crush
[17:56:21]  
[17:56:21] Effective Damage:
[17:56:21] - 16.5 DPS
[17:56:21] <End Info>
[17:56:23] <Begin Info: Braided Ivy Staff>
[17:56:23]  
[17:56:23] Total Utility: 54
[17:56:23]  
[17:56:23] Magical Bonuses:
[17:56:23] 14.67 | Strength: +22 pts
[17:56:23] 14.67 | Dexterity: +22 pts
[17:56:23] 14.67 | Empathy: +22 pts
[17:56:23] 10.00 | Hits: +40 pts
[17:56:23]  
[17:56:23] Level Requirement: 50 Level
[17:56:23]  
[17:56:23] Magical Ability:
[17:56:23] Heals the target
[17:56:23]  
[17:56:23] Value: 130
[17:56:23] Target: Self
[17:56:23] Casting time: instant
[17:56:23]  
[17:56:23] - Spell has a chance of casting when this weapon strikes an enemy.
[17:56:23]  
[17:56:23]  
[17:56:23] Damage Modifiers:
[17:56:23] - 16.5 Base DPS
[17:56:23] - 16.5 Clamped DPS
[17:56:23] - 5.0 Weapon Speed
[17:56:23] - 100% Quality
[17:56:23] - 100% Condition
[17:56:23] - Damage Type: Crush
[17:56:23]  
[17:56:23] Effective Damage:
[17:56:23] - 16.5 DPS
[17:56:23] <End Info>
[17:56:24] <Begin Info: Verdant Staff>
[17:56:24] Usable by:
[17:56:24] - Animist
[17:56:24]  
[17:56:24] Total Utility: 35
[17:56:24]  
[17:56:24] Magical Bonuses:
[17:56:24] 22.00 | Intelligence: +33 pts
[17:56:24] 13.00 | Power: +13 pts
[17:56:24]  
[17:56:24]  
[17:56:24] Focus Bonuses:
[17:56:24] - Creeping Path Focus: 50 lvls
[17:56:24] - Arboreal Focus: 50 lvls
[17:56:24]  
[17:56:24] Level Requirement: 50 Level
[17:56:24]  
[17:56:24] Charged Magic Ability:
[17:56:24] - 10 Charges
[17:56:24] - 10 Max
[17:56:24]  
[17:56:24] Damages the target.
[17:56:24] 
[17:56:24] Damage: 331
[17:56:24] (This figure is modified by your specialization in the skill and your primary casting stat.)
[17:56:24] Target: Enemy Target
[17:56:24] Range: 1500
[17:56:24] Damage Type: Spirit
[17:56:24] Casting time: 2.0 seconds
[17:56:24]  
[17:56:24] - This spell is cast when the item is used.
[17:56:24]  
[17:56:24] Can use item every: 2:00 min.
[17:56:24]  
[17:56:24]  
[17:56:24] Damage Modifiers:
[17:56:24] - 16.5 Base DPS
[17:56:24] - 16.5 Clamped DPS
[17:56:24] - 5.0 Weapon Speed
[17:56:24] - 100% Quality
[17:56:24] - 100% Condition
[17:56:24] - Damage Type: Crush
[17:56:24]  
[17:56:24] Effective Damage:
[17:56:24] - 16.5 DPS
[17:56:24] <End Info>
[17:56:25] <Begin Info: Xaga's Enshrouded Staff>
[17:56:25] Usable by:
[17:56:25] - Eldritch
[17:56:25]  
[17:56:25] Total Utility: 37
[17:56:25]  
[17:56:25] Magical Bonuses:
[17:56:25] 37.00 | Hits: +148 pts
[17:56:25]  
[17:56:25]  
[17:56:25] Focus Bonuses:
[17:56:25] - Light Magic Focus: 50 lvls
[17:56:25] - Void Magic Focus: 50 lvls
[17:56:25] - Mana Magic Focus: 50 lvls
[17:56:25]  
[17:56:25] Level Requirement: 50 Level
[17:56:25]  
[17:56:25] Charged Magic Ability:
[17:56:25] - 10 Charges
[17:56:25] - 10 Max
[17:56:25]  
[17:56:25] Damages the target.
[17:56:25] 
[17:56:25] Damage: 95
[17:56:25] (This figure is modified by your specialization in the skill and your primary casting stat.)
[17:56:25] Target: Enemy Target
[17:56:25] Range: 1500
[17:56:25] Damage Type: Cold
[17:56:25] Casting time: Instant
[17:56:25]  
[17:56:25] - This spell is cast when the item is used.
[17:56:25]  
[17:56:25] Can use item every: 2:00 min.
[17:56:25]  
[17:56:25]  
[17:56:25] Damage Modifiers:
[17:56:25] - 16.5 Base DPS
[17:56:25] - 16.5 Clamped DPS
[17:56:25] - 4.0 Weapon Speed
[17:56:25] - 100% Quality
[17:56:25] - 100% Condition
[17:56:25] - Damage Type: Crush
[17:56:25]  
[17:56:25] Effective Damage:
[17:56:25] - 16.5 DPS
[17:56:25] <End Info>
[17:56:26] <Begin Info: Xaga's Tethered Staff>
[17:56:26] Usable by:
[17:56:26] - Enchanter
[17:56:26]  
[17:56:26] Total Utility: 37
[17:56:26]  
[17:56:26] Magical Bonuses:
[17:56:26] 37.00 | Hits: +148 pts
[17:56:26]  
[17:56:26]  
[17:56:26] Focus Bonuses:
[17:56:26] - Light Magic Focus: 50 lvls
[17:56:26] - Mana Magic Focus: 50 lvls
[17:56:26] - Enchantment Focus: 50 lvls
[17:56:26]  
[17:56:26] Level Requirement: 50 Level
[17:56:26]  
[17:56:26] Charged Magic Ability:
[17:56:26] - 10 Charges
[17:56:26] - 10 Max
[17:56:26]  
[17:56:26] Damages the enemy target
[17:56:26] 
[17:56:26] Damage: 95
[17:56:26] (This figure is modified by your specialization in the skill and your primary casting stat.)
[17:56:26] Target: Enemy Target
[17:56:26] Range: 1500
[17:56:26] Damage Type: Heat
[17:56:26] Casting time: Instant
[17:56:26]  
[17:56:26] - This spell is cast when the item is used.
[17:56:26]  
[17:56:26] Can use item every: 2:00 min.
[17:56:26]  
[17:56:26]  
[17:56:26] Damage Modifiers:
[17:56:26] - 16.5 Base DPS
[17:56:26] - 16.5 Clamped DPS
[17:56:26] - 4.0 Weapon Speed
[17:56:26] - 100% Quality
[17:56:26] - 100% Condition
[17:56:26] - Damage Type: Crush
[17:56:26]  
[17:56:26] Effective Damage:
[17:56:26] - 16.5 DPS
[17:56:26] <End Info>
[17:56:27] <Begin Info: Knobled Great Hammer>
[17:56:27] Usable by:
[17:56:27] - Champion
[17:56:27] - Hero
[17:56:27]  
[17:56:27] Total Utility: 67
[17:56:27]  
[17:56:27] Magical Bonuses:
[17:56:27] 10.00 | Strength: +15 pts
[17:56:27] 12.00 | Crush: +6 %
[17:56:27] 15.00 | Parry: +3 pts
[17:56:27] 30.00 | Large Weapon: +6 pts
[17:56:27]  
[17:56:27] Level Requirement: 50 Level
[17:56:27]  
[17:56:27] Magical Ability:
[17:56:27] Spell line: Damage Add
[17:56:27] 
[17:56:27] Target's melee attacks do additional damage.
[17:56:27] 
[17:56:27] Target does additional damage with every melee swing.
[17:56:27] Damage: 11.3 DPS
[17:56:27] Target: Self
[17:56:27] Duration: 30 seconds
[17:56:27] Power cost: 0
[17:56:27] Casting time: Instant
[17:56:27]  
[17:56:27] - Spell has a chance of casting when this weapon strikes an enemy.
[17:56:27]  
[17:56:27]  
[17:56:27] Damage Modifiers:
[17:56:27] - 16.5 Base DPS
[17:56:27] - 16.5 Clamped DPS
[17:56:27] - 5.0 Weapon Speed
[17:56:27] - 100% Quality
[17:56:27] - 100% Condition
[17:56:27] - Damage Type: Crush
[17:56:27]  
[17:56:27] Effective Damage:
[17:56:27] - 16.5 DPS
[17:56:27] <End Info>
[17:56:28] <Begin Info: Vine Covered Hammer>
[17:56:28]  
[17:56:28] Total Utility: 55
[17:56:28]  
[17:56:28] Magical Bonuses:
[17:56:28] 10.00 | Strength: +15 pts
[17:56:28] 10.00 | Constitution: +15 pts
[17:56:28] 10.00 | Hits: +40 pts
[17:56:28] 25.00 | Large Weapon: +5 pts
[17:56:28]  
[17:56:28] Level Requirement: 50 Level
[17:56:28]  
[17:56:28] Magical Ability:
[17:56:28] Damages the target. A portion of damage inflicted is used to heal the caster.
[17:56:28] 
[17:56:28] Damage: 65
[17:56:28] (This figure is modified by your specialization in the skill and your primary casting stat.)
[17:56:28] Damage returned to caster as health: 100%
[17:56:28] Target: Enemy Target
[17:56:28] Range: 300
[17:56:28] Damage Type: Cold
[17:56:28] Casting time: Instant
[17:56:28]  
[17:56:28] - Spell has a chance of casting when this weapon strikes an enemy.
[17:56:28]  
[17:56:28]  
[17:56:28] Damage Modifiers:
[17:56:28] - 16.5 Base DPS
[17:56:28] - 16.5 Clamped DPS
[17:56:28] - 5.0 Weapon Speed
[17:56:28] - 100% Quality
[17:56:28] - 100% Condition
[17:56:28] - Damage Type: Crush
[17:56:28]  
[17:56:28] Effective Damage:
[17:56:28] - 16.5 DPS
[17:56:28] <End Info>
[17:56:29] @@[LFG] Lyribubulle (37, Warden): XP :)
[17:56:29] <Begin Info: Verdant Mace>
[17:56:29]  
[17:56:29] Total Utility: 60
[17:56:29]  
[17:56:29] Magical Bonuses:
[17:56:29] 10.00 | Strength: +15 pts
[17:56:29] 10.00 | Constitution: +15 pts
[17:56:29] 15.00 | Parry: +3 pts
[17:56:29] 25.00 | Large Weapon: +5 pts
[17:56:29]  
[17:56:29] Level Requirement: 50 Level
[17:56:29]  
[17:56:29] Magical Ability:
[17:56:29] Increases the player's combat speed.
[17:56:29] 
[17:56:29] Target hasted: 20%
[17:56:29] Target: Self
[17:56:29] Duration: 60 seconds
[17:56:29] Casting time: Instant
[17:56:29]  
[17:56:29] - Spell has a chance of casting when this weapon strikes an enemy.
[17:56:29]  
[17:56:29]  
[17:56:29] Damage Modifiers:
[17:56:29] - 16.5 Base DPS
[17:56:29] - 16.5 Clamped DPS
[17:56:29] - 5.6 Weapon Speed
[17:56:29] - 100% Quality
[17:56:29] - 100% Condition
[17:56:29] - Damage Type: Crush
[17:56:29]  
[17:56:29] Effective Damage:
[17:56:29] - 16.5 DPS
[17:56:29] <End Info>
[17:56:31] <Begin Info: Primal Great Shard>
[17:56:31] Usable by:
[17:56:31] - Champion
[17:56:31] - Hero
[17:56:31]  
[17:56:31] Total Utility: 66
[17:56:31]  
[17:56:31] Magical Bonuses:
[17:56:31] 12.00 | Crush: +6 %
[17:56:31] 12.00 | Slash: +6 %
[17:56:31] 12.00 | Thrust: +6 %
[17:56:31] 30.00 | Large Weapon: +6 pts
[17:56:31]  
[17:56:31] Level Requirement: 50 Level
[17:56:31]  
[17:56:31] Magical Ability:
[17:56:31] Damages the target. A portion of damage inflicted is used to heal the caster.
[17:56:31] 
[17:56:31] Damage: 65
[17:56:31] (This figure is modified by your specialization in the skill and your primary casting stat.)
[17:56:31] Damage returned to caster as health: 100%
[17:56:31] Target: Enemy Target
[17:56:31] Range: 300
[17:56:31] Damage Type: Cold
[17:56:31] Casting time: Instant
[17:56:31]  
[17:56:31] - Spell has a chance of casting when this weapon strikes an enemy.
[17:56:31]  
[17:56:31]  
[17:56:31] Damage Modifiers:
[17:56:31] - 16.5 Base DPS
[17:56:31] - 16.5 Clamped DPS
[17:56:31] - 5.5 Weapon Speed
[17:56:31] - 100% Quality
[17:56:31] - 100% Condition
[17:56:31] - Damage Type: Slash
[17:56:31]  
[17:56:31] Effective Damage:
[17:56:31] - 16.5 DPS
[17:56:31] <End Info>
[17:56:32] <Begin Info: Primal Great Sword of Fire>
[17:56:32]  
[17:56:32] Total Utility: 72
[17:56:32]  
[17:56:32] Magical Bonuses:
[17:56:32] 18.00 | Crush: +9 %
[17:56:32] 18.00 | Heat: +9 %
[17:56:32] 18.00 | Slash: +9 %
[17:56:32] 18.00 | Thrust: +9 %
[17:56:32]  
[17:56:32] Level Requirement: 50 Level
[17:56:32]  
[17:56:32] Magical Ability:
[17:56:32] Damages the enemy target
[17:56:32] 
[17:56:32] Damage: 71
[17:56:32] (This figure is modified by your specialization in the skill and your primary casting stat.)
[17:56:32] Target: Enemy Target
[17:56:32] Radius: 350
[17:56:32] Damage Type: Heat
[17:56:32] Casting time: Instant
[17:56:32]  
[17:56:32] - Spell has a chance of casting when this weapon strikes an enemy.
[17:56:32]  
[17:56:32]  
[17:56:32] Damage Modifiers:
[17:56:32] - 16.5 Base DPS
[17:56:32] - 16.5 Clamped DPS
[17:56:32] - 4.0 Weapon Speed
[17:56:32] - 100% Quality
[17:56:32] - 100% Condition
[17:56:32] - Damage Type: Slash
[17:56:32]  
[17:56:32] Effective Damage:
[17:56:32] - 16.5 DPS
[17:56:32] <End Info>
[17:56:33] <Begin Info: Darkened Vine Covered Sickle>
[17:56:33]  
[17:56:33] Total Utility: 72
[17:56:33]  
[17:56:33] Magical Bonuses:
[17:56:33] 12.00 | Slash: +6 %
[17:56:33] 20.00 | Critical Strike: +4 pts
[17:56:33] 20.00 | Blades: +4 pts
[17:56:33] 20.00 | Celtic Dual: +4 pts
[17:56:33]  
[17:56:33] Level Requirement: 50 Level
[17:56:33]  
[17:56:33] Magical Ability:
[17:56:33] Damages the target. A portion of damage inflicted is used to heal the caster.
[17:56:33] 
[17:56:33] Damage: 65
[17:56:33] (This figure is modified by your specialization in the skill and your primary casting stat.)
[17:56:33] Damage returned to caster as health: 100%
[17:56:33] Target: Enemy Target
[17:56:33] Range: 300
[17:56:33] Damage Type: Cold
[17:56:33] Casting time: Instant
[17:56:33]  
[17:56:33] - Spell has a chance of casting when this weapon strikes an enemy.
[17:56:33]  
[17:56:33]  
[17:56:33] Damage Modifiers:
[17:56:33] - 16.5 Base DPS
[17:56:33] - 16.5 Clamped DPS
[17:56:33] - 2.9 Weapon Speed
[17:56:33] - 100% Quality
[17:56:33] - 100% Condition
[17:56:33] - Damage Type: Slash
[17:56:33]  
[17:56:33] Effective Damage:
[17:56:33] - 16.5 DPS
[17:56:33] <End Info>
[17:56:34] <Begin Info: Corrupt Primal Warsword>
[17:56:34] Usable by:
[17:56:34] - Champion
[17:56:34] - Hero
[17:56:34]  
[17:56:34] Total Utility: 74
[17:56:34]  
[17:56:34] Magical Bonuses:
[17:56:34] 12.00 | Crush: +6 %
[17:56:34] 12.00 | Thrust: +6 %
[17:56:34] 25.00 | Parry: +5 pts
[17:56:34] 25.00 | Blades: +5 pts
[17:56:34]  
[17:56:34] Level Requirement: 50 Level
[17:56:34]  
[17:56:34] Magical Ability:
[17:56:34] Spell line: Damage over Time
[17:56:34] 
[17:56:34] Inflicts damage to the target repeatedly over a given time period. This spell can be cast during combat.
[17:56:34] 
[17:56:34] Damage per tick: 64
[17:56:34] (This figure is modified by your specialization in the skill and your primary casting stat.)
[17:56:34] Target: Enemy Target
[17:56:34] Range: 1500
[17:56:34] Damage Type: Heat
[17:56:34] Duration: 20 seconds
[17:56:34] Casting time: Instant
[17:56:34]  
[17:56:34] - Spell has a chance of casting when this weapon strikes an enemy.
[17:56:34]  
[17:56:34]  
[17:56:34] Damage Modifiers:
[17:56:34] - 16.5 Base DPS
[17:56:34] - 16.5 Clamped DPS
[17:56:34] - 4.0 Weapon Speed
[17:56:34] - 100% Quality
[17:56:34] - 100% Condition
[17:56:34] - Damage Type: Slash
[17:56:34]  
[17:56:34] Effective Damage:
[17:56:34] - 16.5 DPS
[17:56:34] <End Info>
[17:56:34] <Begin Info: Olcasgean Barbed Claw>
[17:56:34]  
[17:56:34] Total Utility: 66
[17:56:34]  
[17:56:34] Magical Bonuses:
[17:56:34] 12.00 | Crush: +6 %
[17:56:34] 12.00 | Slash: +6 %
[17:56:34] 12.00 | Thrust: +6 %
[17:56:34] 30.00 | Celtic Dual: +6 pts
[17:56:34]  
[17:56:34] Level Requirement: 50 Level
[17:56:34]  
[17:56:34] Magical Ability:
[17:56:34] Increases the player's combat speed.
[17:56:34] 
[17:56:34] Target hasted: 20%
[17:56:34] Target: Self
[17:56:34] Duration: 60 seconds
[17:56:34] Casting time: Instant
[17:56:34]  
[17:56:34] - Spell has a chance of casting when this weapon strikes an enemy.
[17:56:34]  
[17:56:34]  
[17:56:34] Damage Modifiers:
[17:56:34] - 16.5 Base DPS
[17:56:34] - 16.5 Clamped DPS
[17:56:34] - 3.1 Weapon Speed
[17:56:34] - 100% Quality
[17:56:34] - 100% Condition
[17:56:34] - Damage Type: Slash
[17:56:34]  
[17:56:34] Effective Damage:
[17:56:34] - 16.5 DPS
[17:56:34] <End Info>
[17:56:35] <Begin Info: Uaimh's Rending Claw>
[17:56:35] Usable by:
[17:56:35] - Druid
[17:56:35] - Warden
[17:56:35]  
[17:56:35] Total Utility: 56
[17:56:35]  
[17:56:35] Magical Bonuses:
[17:56:35] 20.00 | Empathy: +30 pts
[17:56:35] 12.00 | Crush: +6 %
[17:56:35] 12.00 | Slash: +6 %
[17:56:35] 12.00 | Thrust: +6 %
[17:56:35]  
[17:56:35] Level Requirement: 50 Level
[17:56:35]  
[17:56:35] Magical Ability:
[17:56:35] Function: melee health buffer
[17:56:35] 
[17:56:35] Adds a shield to recipient which will temporarily absorb some of the damage type specified.
[17:56:35] 
[17:56:35] Absorption: 50%
[17:56:35] Value: 150
[17:56:35] Target: Self
[17:56:35] Duration: 10:00 min
[17:56:35] Casting time: Instant
[17:56:35] Function: melee health buffer
[17:56:35]  
[17:56:35] - Spell has a chance of casting when this weapon strikes an enemy.
[17:56:35]  
[17:56:35]  
[17:56:35] Damage Modifiers:
[17:56:35] - 16.5 Base DPS
[17:56:35] - 16.5 Clamped DPS
[17:56:35] - 4.4 Weapon Speed
[17:56:35] - 100% Quality
[17:56:35] - 100% Condition
[17:56:35] - Damage Type: Slash
[17:56:35]  
[17:56:35] Effective Damage:
[17:56:35] - 16.5 DPS
[17:56:35] <End Info>
[17:56:36] <Begin Info: Light Walker's Blade>
[17:56:36]  
[17:56:36] Total Utility: 70
[17:56:36]  
[17:56:36] Magical Bonuses:
[17:56:36] 10.00 | Hits: +40 pts
[17:56:36] 20.00 | Parry: +4 pts
[17:56:36] 20.00 | Shields: +4 pts
[17:56:36] 20.00 | Blades: +4 pts
[17:56:36]  
[17:56:36] Level Requirement: 50 Level
[17:56:36]  
[17:56:36] Magical Ability:
[17:56:36] Increases the player's combat speed.
[17:56:36] 
[17:56:36] Target hasted: 20%
[17:56:36] Target: Self
[17:56:36] Duration: 60 seconds
[17:56:36] Casting time: Instant
[17:56:36]  
[17:56:36] - Spell has a chance of casting when this weapon strikes an enemy.
[17:56:36]  
[17:56:36]  
[17:56:36] Damage Modifiers:
[17:56:36] - 16.5 Base DPS
[17:56:36] - 16.5 Clamped DPS
[17:56:36] - 4.1 Weapon Speed
[17:56:36] - 100% Quality
[17:56:36] - 100% Condition
[17:56:36] - Damage Type: Slash
[17:56:36]  
[17:56:36] Effective Damage:
[17:56:36] - 16.5 DPS
[17:56:36] <End Info>
[17:56:37] <Begin Info: Shadow Walker's Blade>
[17:56:37]  
[17:56:37] Total Utility: 62
[17:56:37]  
[17:56:37] Magical Bonuses:
[17:56:37] 10.00 | Strength: +15 pts
[17:56:37] 12.00 | Crush: +6 %
[17:56:37] 15.00 | Stealth: +3 pts
[17:56:37] 25.00 | Blades: +5 pts
[17:56:37]  
[17:56:37] Level Requirement: 50 Level
[17:56:37]  
[17:56:37] Magical Ability:
[17:56:37] Decreases Dex/Qui for a character.
[17:56:37]  
[17:56:37] Value: 56
[17:56:37] Target: Enemy
[17:56:37] Range: 300
[17:56:37] Duration: 60 sec
[17:56:37] Casting time: instant
[17:56:37] Damage Type: Body
[17:56:37]  
[17:56:37] - Spell has a chance of casting when this weapon strikes an enemy.
[17:56:37]  
[17:56:37]  
[17:56:37] Damage Modifiers:
[17:56:37] - 16.5 Base DPS
[17:56:37] - 16.5 Clamped DPS
[17:56:37] - 4.1 Weapon Speed
[17:56:37] - 100% Quality
[17:56:37] - 100% Condition
[17:56:37] - Damage Type: Slash
[17:56:37]  
[17:56:37] Effective Damage:
[17:56:37] - 16.5 DPS
[17:56:37] <End Info>
[17:56:38] <Begin Info: Nature Walker's Blade>
[17:56:38]  
[17:56:38] Total Utility: 70
[17:56:38]  
[17:56:38] Magical Bonuses:
[17:56:38] 10.00 | Charisma: +15 pts
[17:56:38] 20.00 | Blades: +4 pts
[17:56:38] 20.00 | Regrowth: +4 pts
[17:56:38] 20.00 | Nurture: +4 pts
[17:56:38]  
[17:56:38] Level Requirement: 50 Level
[17:56:38]  
[17:56:38] Magical Ability:
[17:56:38] Creates a field that damages anyone who attacks the target in melee.
[17:56:38] 
[17:56:38] Creates a field that damages anyone who attacks the target in melee.
[17:56:38] Damage: 5.1 DPS
[17:56:38] Target: Self
[17:56:38] Duration: 20 seconds
[17:56:38] Casting time: Instant
[17:56:38]  
[17:56:38] - Spell has a chance of casting when this weapon strikes an enemy.
[17:56:38]  
[17:56:38]  
[17:56:38] Damage Modifiers:
[17:56:38] - 16.5 Base DPS
[17:56:38] - 16.5 Clamped DPS
[17:56:38] - 3.7 Weapon Speed
[17:56:38] - 100% Quality
[17:56:38] - 100% Condition
[17:56:38] - Damage Type: Slash
[17:56:38]  
[17:56:38] Effective Damage:
[17:56:38] - 16.5 DPS
[17:56:38] <End Info>
[17:56:39] <Begin Info: Shadowed Blackthorn Sword>
[17:56:39]  
[17:56:39] Total Utility: 70
[17:56:39]  
[17:56:39] Magical Bonuses:
[17:56:39] 10.00 | Constitution: +15 pts
[17:56:39] 20.00 | Parry: +4 pts
[17:56:39] 20.00 | Blades: +4 pts
[17:56:39] 20.00 | Celtic Dual: +4 pts
[17:56:39]  
[17:56:39] Level Requirement: 50 Level
[17:56:39]  
[17:56:39] Magical Ability:
[17:56:39] Spell line: Damage over Time
[17:56:39] 
[17:56:39] Inflicts damage to the target repeatedly over a given time period. This spell can be cast during combat.
[17:56:39] 
[17:56:39] Damage per tick: 64
[17:56:39] (This figure is modified by your specialization in the skill and your primary casting stat.)
[17:56:39] Target: Enemy Target
[17:56:39] Range: 1500
[17:56:39] Damage Type: Energy
[17:56:39] Duration: 20 seconds
[17:56:39] Casting time: Instant
[17:56:39]  
[17:56:39] - Spell has a chance of casting when this weapon strikes an enemy.
[17:56:39]  
[17:56:39]  
[17:56:39] Damage Modifiers:
[17:56:39] - 16.5 Base DPS
[17:56:39] - 16.5 Clamped DPS
[17:56:39] - 3.3 Weapon Speed
[17:56:39] - 100% Quality
[17:56:39] - 100% Condition
[17:56:39] - Damage Type: Slash
[17:56:39]  
[17:56:39] Effective Damage:
[17:56:39] - 16.5 DPS
[17:56:39]  
[17:56:39] Bonus Level: 35
[17:56:39] <End Info>
[17:56:39] <Begin Info: Primal Corrupt Warsword>
[17:56:39] Usable by:
[17:56:39] - Blademaster
[17:56:39]  
[17:56:39] Total Utility: 66
[17:56:39]  
[17:56:39] Magical Bonuses:
[17:56:39] 12.00 | Crush: +6 %
[17:56:39] 12.00 | Slash: +6 %
[17:56:39] 12.00 | Thrust: +6 %
[17:56:39] 30.00 | Blades: +6 pts
[17:56:39]  
[17:56:39] Level Requirement: 50 Level
[17:56:39]  
[17:56:39] Magical Ability:
[17:56:39] Spell line: Damage over Time
[17:56:39] 
[17:56:39] Inflicts damage to the target repeatedly over a given time period. This spell can be cast during combat.
[17:56:39] 
[17:56:39] Damage per tick: 64
[17:56:39] (This figure is modified by your specialization in the skill and your primary casting stat.)
[17:56:39] Target: Enemy Target
[17:56:39] Range: 1500
[17:56:39] Damage Type: Energy
[17:56:39] Duration: 20 seconds
[17:56:39] Casting time: Instant
[17:56:39]  
[17:56:39] - Spell has a chance of casting when this weapon strikes an enemy.
[17:56:39]  
[17:56:39]  
[17:56:39] Damage Modifiers:
[17:56:39] - 16.5 Base DPS
[17:56:39] - 16.5 Clamped DPS
[17:56:39] - 3.3 Weapon Speed
[17:56:39] - 100% Quality
[17:56:39] - 100% Condition
[17:56:39] - Damage Type: Slash
[17:56:39]  
[17:56:39] Effective Damage:
[17:56:39] - 16.5 DPS
[17:56:39] <End Info>
[17:56:40] <Begin Info: Vine Covered Sword>
[17:56:40] Usable by:
[17:56:40] - Champion
[17:56:40] - Hero
[17:56:40]  
[17:56:40] Total Utility: 55
[17:56:40]  
[17:56:40] Magical Bonuses:
[17:56:40] 10.00 | Strength: +15 pts
[17:56:40] 10.00 | Intelligence: +15 pts
[17:56:40] 10.00 | Hits: +40 pts
[17:56:40] 25.00 | Large Weapon: +5 pts
[17:56:40]  
[17:56:40] Level Requirement: 50 Level
[17:56:40]  
[17:56:40] Magical Ability:
[17:56:40] Spell line: Damage Add
[17:56:40] 
[17:56:40] Target's melee attacks do additional damage.
[17:56:40] 
[17:56:40] Target does additional damage with every melee swing.
[17:56:40] Damage: 11.3 DPS
[17:56:40] Target: Self
[17:56:40] Duration: 30 seconds
[17:56:40] Power cost: 0
[17:56:40] Casting time: Instant
[17:56:40]  
[17:56:40] - Spell has a chance of casting when this weapon strikes an enemy.
[17:56:40]  
[17:56:40]  
[17:56:40] Damage Modifiers:
[17:56:40] - 16.5 Base DPS
[17:56:40] - 16.5 Clamped DPS
[17:56:40] - 4.9 Weapon Speed
[17:56:40] - 100% Quality
[17:56:40] - 100% Condition
[17:56:40] - Damage Type: Slash
[17:56:40]  
[17:56:40] Effective Damage:
[17:56:40] - 16.5 DPS
[17:56:40] <End Info>
[17:56:42] <Begin Info: Vine Covered Sword>
[17:56:42] Usable by:
[17:56:42] - Champion
[17:56:42] - Hero
[17:56:42]  
[17:56:42] Total Utility: 55
[17:56:42]  
[17:56:42] Magical Bonuses:
[17:56:42] 10.00 | Strength: +15 pts
[17:56:42] 10.00 | Intelligence: +15 pts
[17:56:42] 10.00 | Hits: +40 pts
[17:56:42] 25.00 | Large Weapon: +5 pts
[17:56:42]  
[17:56:42] Level Requirement: 50 Level
[17:56:42]  
[17:56:42] Magical Ability:
[17:56:42] Spell line: Damage Add
[17:56:42] 
[17:56:42] Target's melee attacks do additional damage.
[17:56:42] 
[17:56:42] Target does additional damage with every melee swing.
[17:56:42] Damage: 11.3 DPS
[17:56:42] Target: Self
[17:56:42] Duration: 30 seconds
[17:56:42] Power cost: 0
[17:56:42] Casting time: Instant
[17:56:42]  
[17:56:42] - Spell has a chance of casting when this weapon strikes an enemy.
[17:56:42]  
[17:56:42]  
[17:56:42] Damage Modifiers:
[17:56:42] - 16.5 Base DPS
[17:56:42] - 16.5 Clamped DPS
[17:56:42] - 4.9 Weapon Speed
[17:56:42] - 100% Quality
[17:56:42] - 100% Condition
[17:56:42] - Damage Type: Slash
[17:56:42]  
[17:56:42] Effective Damage:
[17:56:42] - 16.5 DPS
[17:56:42] <End Info>
[17:56:43] <Begin Info: Primal Water Crusher>
[17:56:43] Usable by:
[17:56:43] - Blademaster
[17:56:43]  
[17:56:43] Total Utility: 75
[17:56:43]  
[17:56:43] Magical Bonuses:
[17:56:43] 10.00 | Quickness: +15 pts
[17:56:43] 20.00 | Parry: +4 pts
[17:56:43] 25.00 | Blunt: +5 pts
[17:56:43] 20.00 | Celtic Dual: +4 pts
[17:56:43]  
[17:56:43] Level Requirement: 50 Level
[17:56:43]  
[17:56:43] Magical Ability:
[17:56:43] Damages the target.
[17:56:43] 
[17:56:43] Damage: 95
[17:56:43] (This figure is modified by your specialization in the skill and your primary casting stat.)
[17:56:43] Target: Enemy Target
[17:56:43] Range: 1500
[17:56:43] Damage Type: Cold
[17:56:43] Casting time: Instant
[17:56:43]  
[17:56:43] - Spell has a chance of casting when this weapon strikes an enemy.
[17:56:43]  
[17:56:43]  
[17:56:43] Damage Modifiers:
[17:56:43] - 16.5 Base DPS
[17:56:43] - 16.5 Clamped DPS
[17:56:43] - 3.4 Weapon Speed
[17:56:43] - 100% Quality
[17:56:43] - 100% Condition
[17:56:43] - Damage Type: Crush
[17:56:43]  
[17:56:43] Effective Damage:
[17:56:43] - 16.5 DPS
[17:56:43] <End Info>
[17:56:44] <Begin Info: Transmogrifying Crystal Hammer>
[17:56:44] Usable by:
[17:56:44] - Champion
[17:56:44] - Hero
[17:56:44]  
[17:56:44] Total Utility: 70
[17:56:44]  
[17:56:44] Magical Bonuses:
[17:56:44] 16.00 | Strength: +24 pts
[17:56:44] 18.00 | Crush: +9 %
[17:56:44] 18.00 | Energy: +9 %
[17:56:44] 18.00 | Matter: +9 %
[17:56:44]  
[17:56:44] Level Requirement: 50 Level
[17:56:44]  
[17:56:44] Magical Ability:
[17:56:44] Damages the target.
[17:56:44] 
[17:56:44] Damage: 95
[17:56:44] (This figure is modified by your specialization in the skill and your primary casting stat.)
[17:56:44] Target: Enemy Target
[17:56:44] Range: 1500
[17:56:44] Damage Type: Cold
[17:56:44] Casting time: Instant
[17:56:44]  
[17:56:44] - Spell has a chance of casting when this weapon strikes an enemy.
[17:56:44]  
[17:56:44]  
[17:56:44] Damage Modifiers:
[17:56:44] - 16.5 Base DPS
[17:56:44] - 16.5 Clamped DPS
[17:56:44] - 4.5 Weapon Speed
[17:56:44] - 100% Quality
[17:56:44] - 100% Condition
[17:56:44] - Damage Type: Crush
[17:56:44]  
[17:56:44] Effective Damage:
[17:56:44] - 16.5 DPS
[17:56:44] <End Info>
[17:56:45] <Begin Info: Darkened Vine Mace>
[17:56:45]  
[17:56:45] Total Utility: 74
[17:56:45]  
[17:56:45] Magical Bonuses:
[17:56:45] 12.00 | Body: +6 %
[17:56:45] 12.00 | Matter: +6 %
[17:56:45] 25.00 | Blunt: +5 pts
[17:56:45] 25.00 | Celtic Dual: +5 pts
[17:56:45]  
[17:56:45] Level Requirement: 50 Level
[17:56:45]  
[17:56:45] Magical Ability:
[17:56:45] Heals the target
[17:56:45]  
[17:56:45] Value: 80
[17:56:45] Target: Self
[17:56:45] Casting time: instant
[17:56:45]  
[17:56:45] - Spell has a chance of casting when this weapon strikes an enemy.
[17:56:45]  
[17:56:45]  
[17:56:45] Damage Modifiers:
[17:56:45] - 16.5 Base DPS
[17:56:45] - 16.5 Clamped DPS
[17:56:45] - 3.0 Weapon Speed
[17:56:45] - 100% Quality
[17:56:45] - 100% Condition
[17:56:45] - Damage Type: Crush
[17:56:45]  
[17:56:45] Effective Damage:
[17:56:45] - 16.5 DPS
[17:56:45] <End Info>
[17:56:46] <Begin Info: Mace of the Under Forest>
[17:56:46]  
[17:56:46] Total Utility: 61.333
[17:56:46]  
[17:56:46] Magical Bonuses:
[17:56:46] 14.67 | Strength: +22 pts
[17:56:46] 20.00 | Empathy: +30 pts
[17:56:46] 14.67 | Charisma: +22 pts
[17:56:46] 12.00 | Body: +6 %
[17:56:46]  
[17:56:46] Level Requirement: 50 Level
[17:56:46]  
[17:56:46] Magical Ability:
[17:56:46] Decreases Dex/Qui for a character.
[17:56:46]  
[17:56:46] Value: 56
[17:56:46] Target: Enemy
[17:56:46] Range: 300
[17:56:46] Duration: 60 sec
[17:56:46] Casting time: instant
[17:56:46] Damage Type: Body
[17:56:46]  
[17:56:46] - Spell has a chance of casting when this weapon strikes an enemy.
[17:56:46]  
[17:56:46]  
[17:56:46] Damage Modifiers:
[17:56:46] - 16.5 Base DPS
[17:56:46] - 16.5 Clamped DPS
[17:56:46] - 3.8 Weapon Speed
[17:56:46] - 100% Quality
[17:56:46] - 100% Condition
[17:56:46] - Damage Type: Crush
[17:56:46]  
[17:56:46] Effective Damage:
[17:56:46] - 16.5 DPS
[17:56:46] <End Info>
[17:56:47] <Begin Info: Mace of the Valiant>
[17:56:47]  
[17:56:47] Total Utility: 70
[17:56:47]  
[17:56:47] Magical Bonuses:
[17:56:47] 10.00 | Intelligence: +15 pts
[17:56:47] 20.00 | Parry: +4 pts
[17:56:47] 20.00 | Shields: +4 pts
[17:56:47] 20.00 | Blunt: +4 pts
[17:56:47]  
[17:56:47] Level Requirement: 45 Level
[17:56:47]  
[17:56:47] Charged Magic Ability:
[17:56:47] - 10 Charges
[17:56:47] - 10 Max
[17:56:47]  
[17:56:47] Increases Dex/Qui for a character.
[17:56:47] 
[17:56:47] Dex/Qui bonus: 50
[17:56:47] Target: Self
[17:56:47] Duration: 10:00 min
[17:56:47] Casting time: Instant
[17:56:47]  
[17:56:47] - This spell is cast when the item is used.
[17:56:47]  
[17:56:47] Can use item every: 2:00 min.
[17:56:47]  
[17:56:47]  
[17:56:47] Damage Modifiers:
[17:56:47] - 16.5 Base DPS
[17:56:47] - 16.5 Clamped DPS
[17:56:47] - 3.6 Weapon Speed
[17:56:47] - 100% Quality
[17:56:47] - 100% Condition
[17:56:47] - Damage Type: Crush
[17:56:47]  
[17:56:47] Effective Damage:
[17:56:47] - 16.5 DPS
[17:56:47] <End Info>
[17:56:48] <Begin Info: Nature's Blessed Cudgel>
[17:56:48]  
[17:56:48] Total Utility: 70
[17:56:48]  
[17:56:48] Magical Bonuses:
[17:56:48] 10.00 | Empathy: +15 pts
[17:56:48] 20.00 | Regrowth: +4 pts
[17:56:48] 20.00 | Nurture: +4 pts
[17:56:48] 20.00 | Nature: +4 pts
[17:56:48]  
[17:56:48] Level Requirement: 50 Level
[17:56:48]  
[17:56:48] Magical Ability:
[17:56:48] Spell line: Damage Add
[17:56:48] 
[17:56:48] Target's melee attacks do additional damage.
[17:56:48] 
[17:56:48] Target does additional damage with every melee swing.
[17:56:48] Damage: 11.3 DPS
[17:56:48] Target: Self
[17:56:48] Duration: 30 seconds
[17:56:48] Power cost: 0
[17:56:48] Casting time: Instant
[17:56:48]  
[17:56:48] - Spell has a chance of casting when this weapon strikes an enemy.
[17:56:48]  
[17:56:48]  
[17:56:48] Damage Modifiers:
[17:56:48] - 16.5 Base DPS
[17:56:48] - 16.5 Clamped DPS
[17:56:48] - 3.5 Weapon Speed
[17:56:48] - 100% Quality
[17:56:48] - 100% Condition
[17:56:48] - Damage Type: Crush
[17:56:48]  
[17:56:48] Effective Damage:
[17:56:48] - 16.5 DPS
[17:56:48] <End Info>
[17:56:49] <Begin Info: Shadowed Blackthorn Mace>
[17:56:49]  
[17:56:49] Total Utility: 60
[17:56:49]  
[17:56:49] Magical Bonuses:
[17:56:49] 10.00 | Strength: +15 pts
[17:56:49] 10.00 | Constitution: +15 pts
[17:56:49] 15.00 | Parry: +3 pts
[17:56:49] 25.00 | Blunt: +5 pts
[17:56:49]  
[17:56:49] Level Requirement: 50 Level
[17:56:49]  
[17:56:49] Magical Ability:
[17:56:49] Description: Gives back a given amount of endurance.
[17:56:49]  
[17:56:49] Value: 20
[17:56:49] Target: Self
[17:56:49] Casting time: instant
[17:56:49]  
[17:56:49] - Spell has a chance of casting when this weapon strikes an enemy.
[17:56:49]  
[17:56:49]  
[17:56:49] Damage Modifiers:
[17:56:49] - 16.5 Base DPS
[17:56:49] - 16.5 Clamped DPS
[17:56:49] - 3.3 Weapon Speed
[17:56:49] - 100% Quality
[17:56:49] - 100% Condition
[17:56:49] - Damage Type: Crush
[17:56:49]  
[17:56:49] Effective Damage:
[17:56:49] - 16.5 DPS
[17:56:49] <End Info>
[17:56:50] <Begin Info: Shadowed Vine Covered Mace>
[17:56:50]  
[17:56:50] Total Utility: 60
[17:56:50]  
[17:56:50] Magical Bonuses:
[17:56:50] 10.00 | Strength: +15 pts
[17:56:50] 10.00 | Constitution: +15 pts
[17:56:50] 15.00 | Shields: +3 pts
[17:56:50] 25.00 | Blunt: +5 pts
[17:56:50]  
[17:56:50] Level Requirement: 50 Level
[17:56:50]  
[17:56:50] Magical Ability:
[17:56:50] Spell line: Damage over Time
[17:56:50] 
[17:56:50] Inflicts damage to the target repeatedly over a given time period. This spell can be cast during combat.
[17:56:50] 
[17:56:50] Damage per tick: 64
[17:56:50] (This figure is modified by your specialization in the skill and your primary casting stat.)
[17:56:50] Target: Enemy Target
[17:56:50] Range: 1500
[17:56:50] Damage Type: Energy
[17:56:50] Duration: 20 seconds
[17:56:50] Casting time: Instant
[17:56:50]  
[17:56:50] - Spell has a chance of casting when this weapon strikes an enemy.
[17:56:50]  
[17:56:50]  
[17:56:50] Damage Modifiers:
[17:56:50] - 16.5 Base DPS
[17:56:50] - 16.5 Clamped DPS
[17:56:50] - 3.8 Weapon Speed
[17:56:50] - 100% Quality
[17:56:50] - 100% Condition
[17:56:50] - Damage Type: Crush
[17:56:50]  
[17:56:50] Effective Damage:
[17:56:50] - 16.5 DPS
[17:56:50] <End Info>
[17:56:51] <Begin Info: Broodmother Fang>
[17:56:51] Usable by:
[17:56:51] - Blademaster
[17:56:51] - Champion
[17:56:51] - Hero
[17:56:51] - Ranger
[17:56:51]  
[17:56:51] Total Utility: 66
[17:56:51]  
[17:56:51] Magical Bonuses:
[17:56:51] 12.00 | Body: +6 %
[17:56:51] 12.00 | Matter: +6 %
[17:56:51] 12.00 | Slash: +6 %
[17:56:51] 30.00 | Piercing: +6 pts
[17:56:51]  
[17:56:51] Level Requirement: 50 Level
[17:56:51]  
[17:56:51] Magical Ability:
[17:56:51] Spell line: Damage over Time
[17:56:51] 
[17:56:51] Inflicts damage to the target repeatedly over a given time period. This spell can be cast during combat.
[17:56:51] 
[17:56:51] Damage per tick: 64
[17:56:51] (This figure is modified by your specialization in the skill and your primary casting stat.)
[17:56:51] Target: Enemy Target
[17:56:51] Range: 1500
[17:56:51] Damage Type: Energy
[17:56:51] Duration: 20 seconds
[17:56:51] Casting time: Instant
[17:56:51]  
[17:56:51] - Spell has a chance of casting when this weapon strikes an enemy.
[17:56:51]  
[17:56:51]  
[17:56:51] Damage Modifiers:
[17:56:51] - 16.5 Base DPS
[17:56:51] - 16.5 Clamped DPS
[17:56:51] - 4.3 Weapon Speed
[17:56:51] - 100% Quality
[17:56:51] - 100% Condition
[17:56:51] - Damage Type: Thrust
[17:56:51]  
[17:56:51] Effective Damage:
[17:56:51] - 16.5 DPS
[17:56:51] <End Info>
[17:56:52] <Begin Info: Vine Wrapped Piercer>
[17:56:52]  
[17:56:52] Total Utility: 64
[17:56:52]  
[17:56:52] Magical Bonuses:
[17:56:52] 12.00 | Energy: +6 %
[17:56:52] 12.00 | Spirit: +6 %
[17:56:52] 25.00 | Piercing: +5 pts
[17:56:52] 15.00 | Celtic Dual: +3 pts
[17:56:52]  
[17:56:52] Level Requirement: 50 Level
[17:56:52]  
[17:56:52] Magical Ability:
[17:56:52] Spell line: Damage over Time
[17:56:52] 
[17:56:52] Inflicts damage to the target repeatedly over a given time period. This spell can be cast during combat.
[17:56:52] 
[17:56:52] Damage per tick: 64
[17:56:52] (This figure is modified by your specialization in the skill and your primary casting stat.)
[17:56:52] Target: Enemy Target
[17:56:52] Range: 1500
[17:56:52] Damage Type: Energy
[17:56:52] Duration: 20 seconds
[17:56:52] Casting time: Instant
[17:56:52]  
[17:56:52] - Spell has a chance of casting when this weapon strikes an enemy.
[17:56:52]  
[17:56:52]  
[17:56:52] Damage Modifiers:
[17:56:52] - 16.5 Base DPS
[17:56:52] - 16.5 Clamped DPS
[17:56:52] - 2.6 Weapon Speed
[17:56:52] - 100% Quality
[17:56:52] - 100% Condition
[17:56:52] - Damage Type: Thrust
[17:56:52]  
[17:56:52] Effective Damage:
[17:56:52] - 16.5 DPS
[17:56:52] <End Info>
[17:56:52] <Begin Info: Shadowed Blackthorn Stiletto>
[17:56:52]  
[17:56:52] Total Utility: 70
[17:56:52]  
[17:56:52] Magical Bonuses:
[17:56:52] 10.00 | Dexterity: +15 pts
[17:56:52] 20.00 | Parry: +4 pts
[17:56:52] 20.00 | Piercing: +4 pts
[17:56:52] 20.00 | Celtic Dual: +4 pts
[17:56:52]  
[17:56:52] Level Requirement: 50 Level
[17:56:52]  
[17:56:52] Magical Ability:
[17:56:52] Damages the target.
[17:56:52] 
[17:56:52] Damage: 95
[17:56:52] (This figure is modified by your specialization in the skill and your primary casting stat.)
[17:56:52] Target: Enemy Target
[17:56:52] Range: 1500
[17:56:52] Damage Type: Cold
[17:56:52] Casting time: Instant
[17:56:52]  
[17:56:52] - Spell has a chance of casting when this weapon strikes an enemy.
[17:56:52]  
[17:56:52]  
[17:56:52] Damage Modifiers:
[17:56:52] - 16.5 Base DPS
[17:56:52] - 16.5 Clamped DPS
[17:56:52] - 3.1 Weapon Speed
[17:56:52] - 100% Quality
[17:56:52] - 100% Condition
[17:56:52] - Damage Type: Thrust
[17:56:52]  
[17:56:52] Effective Damage:
[17:56:52] - 16.5 DPS
[17:56:52] <End Info>
[17:56:53] <Begin Info: Easmarach's Stinger>
[17:56:53] Usable by:
[17:56:53] - Nightshade
[17:56:53]  
[17:56:53] Total Utility: 75
[17:56:53]  
[17:56:53] Magical Bonuses:
[17:56:53] 10.00 | Hits: +40 pts
[17:56:53] 20.00 | Critical Strike: +4 pts
[17:56:53] 25.00 | Piercing: +5 pts
[17:56:53] 20.00 | Celtic Dual: +4 pts
[17:56:53]  
[17:56:53] Level Requirement: 50 Level
[17:56:53]  
[17:56:53] Magical Ability:
[17:56:53] Damages the enemy target
[17:56:53] 
[17:56:53] Damage: 71
[17:56:53] (This figure is modified by your specialization in the skill and your primary casting stat.)
[17:56:53] Target: Enemy Target
[17:56:53] Radius: 350
[17:56:53] Damage Type: Heat
[17:56:53] Casting time: Instant
[17:56:53]  
[17:56:53] - Spell has a chance of casting when this weapon strikes an enemy.
[17:56:53]  
[17:56:53]  
[17:56:53] Damage Modifiers:
[17:56:53] - 16.5 Base DPS
[17:56:53] - 16.5 Clamped DPS
[17:56:53] - 3.5 Weapon Speed
[17:56:53] - 100% Quality
[17:56:53] - 100% Condition
[17:56:53] - Damage Type: Thrust
[17:56:53]  
[17:56:53] Effective Damage:
[17:56:53] - 16.5 DPS
[17:56:53] <End Info>
[17:56:54] <Begin Info: Darkened Vine Dirk>
[17:56:54]  
[17:56:54] Total Utility: 70
[17:56:54]  
[17:56:54] Magical Bonuses:
[17:56:54] 10.00 | Dexterity: +15 pts
[17:56:54] 20.00 | Critical Strike: +4 pts
[17:56:54] 20.00 | Piercing: +4 pts
[17:56:54] 20.00 | Celtic Dual: +4 pts
[17:56:54]  
[17:56:54] Level Requirement: 50 Level
[17:56:54]  
[17:56:54] Magical Ability:
[17:56:54] Function: melee health buffer
[17:56:54] 
[17:56:54] Adds a shield to recipient which will temporarily absorb some of the damage type specified.
[17:56:54] 
[17:56:54] Absorption: 50%
[17:56:54] Value: 50
[17:56:54] Target: Self
[17:56:54] Duration: 10:00 min
[17:56:54] Casting time: Instant
[17:56:54] Function: melee health buffer
[17:56:54]  
[17:56:54] - Spell has a chance of casting when this weapon strikes an enemy.
[17:56:54]  
[17:56:54]  
[17:56:54] Damage Modifiers:
[17:56:54] - 16.5 Base DPS
[17:56:54] - 16.5 Clamped DPS
[17:56:54] - 2.8 Weapon Speed
[17:56:54] - 100% Quality
[17:56:54] - 100% Condition
[17:56:54] - Damage Type: Thrust
[17:56:54]  
[17:56:54] Effective Damage:
[17:56:54] - 16.5 DPS
[17:56:54] <End Info>
[17:56:55] <Begin Info: Vine Wrapped Impaler>
[17:56:55]  
[17:56:55] Total Utility: 59.333
[17:56:55]  
[17:56:55] Magical Bonuses:
[17:56:55] 14.67 | Strength: +22 pts
[17:56:55] 14.67 | Quickness: +22 pts
[17:56:55] 10.00 | Hits: +40 pts
[17:56:55] 20.00 | Blades: +4 pts
[17:56:55]  
[17:56:55] Level Requirement: 50 Level
[17:56:55]  
[17:56:55] Magical Ability:
[17:56:55] Increases the player's combat speed.
[17:56:55] 
[17:56:55] Target hasted: 20%
[17:56:55] Target: Self
[17:56:55] Duration: 60 seconds
[17:56:55] Casting time: Instant
[17:56:55]  
[17:56:55] - Spell has a chance of casting when this weapon strikes an enemy.
[17:56:55]  
[17:56:55]  
[17:56:55] Damage Modifiers:
[17:56:55] - 16.5 Base DPS
[17:56:55] - 16.5 Clamped DPS
[17:56:55] - 3.2 Weapon Speed
[17:56:55] - 100% Quality
[17:56:55] - 100% Condition
[17:56:55] - Damage Type: Slash
[17:56:55]  
[17:56:55] Effective Damage:
[17:56:55] - 16.5 DPS
[17:56:55] <End Info>
[17:56:56] <Begin Info: Bladed Crystal Rapier>
[17:56:56]  
[17:56:56] Total Utility: 60
[17:56:56]  
[17:56:56] Magical Bonuses:
[17:56:56] 10.00 | Dexterity: +15 pts
[17:56:56] 10.00 | Intelligence: +15 pts
[17:56:56] 15.00 | Parry: +3 pts
[17:56:56] 25.00 | Piercing: +5 pts
[17:56:56]  
[17:56:56] Level Requirement: 50 Level
[17:56:56]  
[17:56:56] Magical Ability:
[17:56:56] Damages the target. A portion of damage inflicted is used to heal the caster.
[17:56:56] 
[17:56:56] Damage: 65
[17:56:56] (This figure is modified by your specialization in the skill and your primary casting stat.)
[17:56:56] Damage returned to caster as health: 100%
[17:56:56] Target: Enemy Target
[17:56:56] Range: 300
[17:56:56] Damage Type: Cold
[17:56:56] Casting time: Instant
[17:56:56]  
[17:56:56] - Spell has a chance of casting when this weapon strikes an enemy.
[17:56:56]  
[17:56:56]  
[17:56:56] Damage Modifiers:
[17:56:56] - 16.5 Base DPS
[17:56:56] - 16.5 Clamped DPS
[17:56:56] - 3.3 Weapon Speed
[17:56:56] - 100% Quality
[17:56:56] - 100% Condition
[17:56:56] - Damage Type: Thrust
[17:56:56]  
[17:56:56] Effective Damage:
[17:56:56] - 16.5 DPS
[17:56:56] <End Info>
[17:56:57] <Begin Info: Spined Piercer>
[17:56:57]  
[17:56:57] Total Utility: 70
[17:56:57]  
[17:56:57] Magical Bonuses:
[17:56:57] 10.00 | Hits: +40 pts
[17:56:57] 20.00 | Parry: +4 pts
[17:56:57] 20.00 | Shields: +4 pts
[17:56:57] 20.00 | Piercing: +4 pts
[17:56:57]  
[17:56:57] Level Requirement: 50 Level
[17:56:57]  
[17:56:57] Magical Ability:
[17:56:57] Damages the target. A portion of damage inflicted is used to heal the caster.
[17:56:57] 
[17:56:57] Damage: 65
[17:56:57] (This figure is modified by your specialization in the skill and your primary casting stat.)
[17:56:57] Damage returned to caster as health: 100%
[17:56:57] Target: Enemy Target
[17:56:57] Range: 300
[17:56:57] Damage Type: Cold
[17:56:57] Casting time: Instant
[17:56:57]  
[17:56:57] - Spell has a chance of casting when this weapon strikes an enemy.
[17:56:57]  
[17:56:57]  
[17:56:57] Damage Modifiers:
[17:56:57] - 16.5 Base DPS
[17:56:57] - 16.5 Clamped DPS
[17:56:57] - 3.7 Weapon Speed
[17:56:57] - 100% Quality
[17:56:57] - 100% Condition
[17:56:57] - Damage Type: Thrust
[17:56:57]  
[17:56:57] Effective Damage:
[17:56:57] - 16.5 DPS
[17:56:57] <End Info>
[17:56:58] <Begin Info: Vine Wrapped Bladed Crystal>
[17:56:58]  
[17:56:58] Total Utility: 64.667
[17:56:58]  
[17:56:58] Magical Bonuses:
[17:56:58] 14.67 | Dexterity: +22 pts
[17:56:58] 10.00 | Quickness: +15 pts
[17:56:58] 20.00 | Critical Strike: +4 pts
[17:56:58] 20.00 | Piercing: +4 pts
[17:56:58]  
[17:56:58] Level Requirement: 50 Level
[17:56:58]  
[17:56:58] Magical Ability:
[17:56:58] Decreases Str/Con for a character.
[17:56:58]  
[17:56:58] Value: 56
[17:56:58] Target: Enemy
[17:56:58] Range: 300
[17:56:58] Duration: 60 sec
[17:56:58] Casting time: instant
[17:56:58] Damage Type: Body
[17:56:58]  
[17:56:58] - Spell has a chance of casting when this weapon strikes an enemy.
[17:56:58]  
[17:56:58]  
[17:56:58] Damage Modifiers:
[17:56:58] - 16.5 Base DPS
[17:56:58] - 16.5 Clamped DPS
[17:56:58] - 3.3 Weapon Speed
[17:56:58] - 100% Quality
[17:56:58] - 100% Condition
[17:56:58] - Damage Type: Thrust
[17:56:58]  
[17:56:58] Effective Damage:
[17:56:58] - 16.5 DPS
[17:56:58] <End Info>
[17:57:00] <Begin Info: Writhing Tether Snapper>
[17:57:00]  
[17:57:00] Total Utility: 66
[17:57:00]  
[17:57:00] Magical Bonuses:
[17:57:00] 12.00 | Body: +6 %
[17:57:00] 12.00 | Energy: +6 %
[17:57:00] 12.00 | Matter: +6 %
[17:57:00] 30.00 | Scythe: +6 pts
[17:57:00]  
[17:57:00] Level Requirement: 50 Level
[17:57:00]  
[17:57:00] Magical Ability:
[17:57:00] Damages the target. A portion of damage inflicted is used to heal the caster.
[17:57:00] 
[17:57:00] Damage: 65
[17:57:00] (This figure is modified by your specialization in the skill and your primary casting stat.)
[17:57:00] Damage returned to caster as health: 100%
[17:57:00] Target: Enemy Target
[17:57:00] Range: 300
[17:57:00] Damage Type: Cold
[17:57:00] Casting time: Instant
[17:57:00]  
[17:57:00] - Spell has a chance of casting when this weapon strikes an enemy.
[17:57:00]  
[17:57:00]  
[17:57:00] Damage Modifiers:
[17:57:00] - 16.5 Base DPS
[17:57:00] - 16.5 Clamped DPS
[17:57:00] - 3.6 Weapon Speed
[17:57:00] - 100% Quality
[17:57:00] - 100% Condition
[17:57:00] - Damage Type: Slash
[17:57:00]  
[17:57:00] Effective Damage:
[17:57:00] - 16.5 DPS
[17:57:00] <End Info>
[17:57:01] <Begin Info: Verdant Scythe>
[17:57:01]  
[17:57:01] Total Utility: 60
[17:57:01]  
[17:57:01] Magical Bonuses:
[17:57:01] 10.00 | Strength: +15 pts
[17:57:01] 10.00 | Dexterity: +15 pts
[17:57:01] 15.00 | Parry: +3 pts
[17:57:01] 25.00 | Scythe: +5 pts
[17:57:01]  
[17:57:01] Level Requirement: 47 Level
[17:57:01]  
[17:57:01] Magical Ability:
[17:57:01] Adds to the recipient's Armor Factor (AF) resulting in better protection againts some forms of attack. It acts in addition to any armor the target is wearing.
[17:57:01]  
[17:57:01] Value: 50
[17:57:01] Target: Self
[17:57:01] Duration: 10:00 min
[17:57:01] Casting time: instant
[17:57:01]  
[17:57:01] - Spell has a chance of casting when this weapon strikes an enemy.
[17:57:01]  
[17:57:01]  
[17:57:01] Damage Modifiers:
[17:57:01] - 16.5 Base DPS
[17:57:01] - 16.5 Clamped DPS
[17:57:01] - 5.0 Weapon Speed
[17:57:01] - 100% Quality
[17:57:01] - 100% Condition
[17:57:01] - Damage Type: Slash
[17:57:01]  
[17:57:01] Effective Damage:
[17:57:01] - 16.5 DPS
[17:57:01] <End Info>
[17:57:02] @@[Advice] Winnybit: what are typical Hero specs these days?
[17:57:02] <Begin Info: Vine Covered Scythe>
[17:57:02]  
[17:57:02] Total Utility: 60
[17:57:02]  
[17:57:02] Magical Bonuses:
[17:57:02] 10.00 | Strength: +15 pts
[17:57:02] 10.00 | Quickness: +15 pts
[17:57:02] 15.00 | Parry: +3 pts
[17:57:02] 25.00 | Scythe: +5 pts
[17:57:02]  
[17:57:02] Level Requirement: 50 Level
[17:57:02]  
[17:57:02] Magical Ability:
[17:57:02] Damages the target. A portion of damage inflicted is used to heal the caster.
[17:57:02] 
[17:57:02] Damage: 65
[17:57:02] (This figure is modified by your specialization in the skill and your primary casting stat.)
[17:57:02] Damage returned to caster as health: 100%
[17:57:02] Target: Enemy Target
[17:57:02] Range: 300
[17:57:02] Damage Type: Body
[17:57:02] Casting time: Instant
[17:57:02]  
[17:57:02] - Spell has a chance of casting when this weapon strikes an enemy.
[17:57:02]  
[17:57:02]  
[17:57:02] Damage Modifiers:
[17:57:02] - 16.5 Base DPS
[17:57:02] - 16.5 Clamped DPS
[17:57:02] - 4.0 Weapon Speed
[17:57:02] - 100% Quality
[17:57:02] - 100% Condition
[17:57:02] - Damage Type: Slash
[17:57:02]  
[17:57:02] Effective Damage:
[17:57:02] - 16.5 DPS
[17:57:02] <End Info>
[17:57:03] <Begin Info: Vine Covered Trident>
[17:57:03]  
[17:57:03] Total Utility: 60
[17:57:03]  
[17:57:03] Magical Bonuses:
[17:57:03] 10.00 | Strength: +15 pts
[17:57:03] 10.00 | Constitution: +15 pts
[17:57:03] 15.00 | Parry: +3 pts
[17:57:03] 25.00 | Celtic Spear: +5 pts
[17:57:03]  
[17:57:03] Level Requirement: 50 Level
[17:57:03]  
[17:57:03] Magical Ability:
[17:57:03] Damages the target. A portion of damage inflicted is used to heal the caster.
[17:57:03] 
[17:57:03] Damage: 65
[17:57:03] (This figure is modified by your specialization in the skill and your primary casting stat.)
[17:57:03] Damage returned to caster as health: 100%
[17:57:03] Target: Enemy Target
[17:57:03] Range: 300
[17:57:03] Damage Type: Cold
[17:57:03] Casting time: Instant
[17:57:03]  
[17:57:03] - Spell has a chance of casting when this weapon strikes an enemy.
[17:57:03]  
[17:57:03]  
[17:57:03] Damage Modifiers:
[17:57:03] - 16.5 Base DPS
[17:57:03] - 16.5 Clamped DPS
[17:57:03] - 4.0 Weapon Speed
[17:57:03] - 100% Quality
[17:57:03] - 100% Condition
[17:57:03] - Damage Type: Thrust
[17:57:03]  
[17:57:03] Effective Damage:
[17:57:03] - 16.5 DPS
[17:57:03] <End Info>
[17:57:04] <Begin Info: Primal Waterwalker's Trident>
[17:57:04] Usable by:
[17:57:04] - Hero
[17:57:04]  
[17:57:04] Total Utility: 66
[17:57:04]  
[17:57:04] Magical Bonuses:
[17:57:04] 12.00 | Cold: +6 %
[17:57:04] 12.00 | Matter: +6 %
[17:57:04] 12.00 | Slash: +6 %
[17:57:04] 30.00 | Celtic Spear: +6 pts
[17:57:04]  
[17:57:04] Level Requirement: 50 Level
[17:57:04]  
[17:57:04] Charged Magic Ability:
[17:57:04] - 10 Charges
[17:57:04] - 10 Max
[17:57:04]  
[17:57:04] Increases the player's combat speed.
[17:57:04] 
[17:57:04] Target hasted: 14%
[17:57:04] Target: Self
[17:57:04] Duration: 60 seconds
[17:57:04] Casting time: Instant
[17:57:04]  
[17:57:04] - This spell is cast when the item is used.
[17:57:04]  
[17:57:04] Can use item every: 2:00 min.
[17:57:04]  
[17:57:04]  
[17:57:04] Damage Modifiers:
[17:57:04] - 16.5 Base DPS
[17:57:04] - 16.5 Clamped DPS
[17:57:04] - 4.0 Weapon Speed
[17:57:04] - 100% Quality
[17:57:04] - 100% Condition
[17:57:04] - Damage Type: Thrust
[17:57:04]  
[17:57:04] Effective Damage:
[17:57:04] - 16.5 DPS
[17:57:04] <End Info>
[17:57:05] <Begin Info: Verdant Spear>
[17:57:05]  
[17:57:05] Total Utility: 60
[17:57:05]  
[17:57:05] Magical Bonuses:
[17:57:05] 10.00 | Strength: +15 pts
[17:57:05] 10.00 | Constitution: +15 pts
[17:57:05] 15.00 | Parry: +3 pts
[17:57:05] 25.00 | Celtic Spear: +5 pts
[17:57:05]  
[17:57:05] Level Requirement: 50 Level
[17:57:05]  
[17:57:05] Magical Ability:
[17:57:05] Damages the enemy target
[17:57:05] 
[17:57:05] Damage: 71
[17:57:05] (This figure is modified by your specialization in the skill and your primary casting stat.)
[17:57:05] Target: Enemy Target
[17:57:05] Radius: 350
[17:57:05] Damage Type: Heat
[17:57:05] Casting time: Instant
[17:57:05]  
[17:57:05] - Spell has a chance of casting when this weapon strikes an enemy.
[17:57:05]  
[17:57:05]  
[17:57:05] Damage Modifiers:
[17:57:05] - 16.5 Base DPS
[17:57:05] - 16.5 Clamped DPS
[17:57:05] - 5.0 Weapon Speed
[17:57:05] - 100% Quality
[17:57:05] - 100% Condition
[17:57:05] - Damage Type: Thrust
[17:57:05]  
[17:57:05] Effective Damage:
[17:57:05] - 16.5 DPS
[17:57:05] <End Info>
[17:57:06] <Begin Info: Aged Verdant Defender>
[17:57:06]  
[17:57:06] Total Utility: 59.333
[17:57:06]  
[17:57:06] Magical Bonuses:
[17:57:06] 14.67 | Strength: +22 pts
[17:57:06] 14.67 | Empathy: +22 pts
[17:57:06] 25.00 | Parry: +5 pts
[17:57:06] 5.00 | Nurture: +1 pts
[17:57:06]  
[17:57:06] Level Requirement: 50 Level
[17:57:06]  
[17:57:06] Magical Ability:
[17:57:06] Function: melee health buffer
[17:57:06] 
[17:57:06] Adds a shield to recipient which will temporarily absorb some of the damage type specified.
[17:57:06] 
[17:57:06] Absorption: 50%
[17:57:06] Value: 150
[17:57:06] Target: Self
[17:57:06] Duration: 10:00 min
[17:57:06] Casting time: Instant
[17:57:06] Function: melee health buffer
[17:57:06]  
[17:57:06] - Spell has a chance of casting when this weapon strikes an enemy.
[17:57:06]  
[17:57:06]  
[17:57:06]  
[17:57:06] Damage Modifiers (when used with shield styles):
[17:57:06] - 16.5 Base DPS
[17:57:06] - 16.5 Clamped DPS
[17:57:06] - 3.7 Shield Speed
[17:57:06]  
[17:57:06] - Shield Size : Medium
[17:57:06] <End Info>
[17:57:07] <Begin Info: Verdant Protector>
[17:57:07]  
[17:57:07] Total Utility: 60
[17:57:07]  
[17:57:07] Magical Bonuses:
[17:57:07] 10.00 | Empathy: +15 pts
[17:57:07] 10.00 | Constitution: +15 pts
[17:57:07] 15.00 | Nature: +3 pts
[17:57:07] 25.00 | Regrowth: +5 pts
[17:57:07]  
[17:57:07] Level Requirement: 50 Level
[17:57:07]  
[17:57:07] Charged Magic Ability:
[17:57:07] - 10 Charges
[17:57:07] - 10 Max
[17:57:07]  
[17:57:07] Target regenerates health during the duration of the spell
[17:57:07]  
[17:57:07] Value: 6
[17:57:07] Target: Self
[17:57:07] Duration: 10:00 min
[17:57:07] Casting time: instant
[17:57:07]  
[17:57:07] - This spell is cast when the item is used.
[17:57:07]  
[17:57:07] Can use item every: 2:00 min.
[17:57:07]  
[17:57:07]  
[17:57:07]  
[17:57:07] Damage Modifiers (when used with shield styles):
[17:57:07] - 16.5 Base DPS
[17:57:07] - 16.5 Clamped DPS
[17:57:07] - 3.7 Shield Speed
[17:57:07]  
[17:57:07] - Shield Size : Small
[17:57:07] <End Info>
[17:57:08] <Begin Info: Vine Wrapped Defender>
[17:57:08]  
[17:57:08] Total Utility: 59.333
[17:57:08]  
[17:57:08] Magical Bonuses:
[17:57:08] 14.67 | Strength: +22 pts
[17:57:08] 10.00 | Constitution: +15 pts
[17:57:08] 14.67 | Intelligence: +22 pts
[17:57:08] 20.00 | Shields: +4 pts
[17:57:08]  
[17:57:08] Level Requirement: 50 Level
[17:57:08]  
[17:57:08] Magical Ability:
[17:57:08] Spell line: Damage Add
[17:57:08] 
[17:57:08] Target's melee attacks do additional damage.
[17:57:08] 
[17:57:08] Target does additional damage with every melee swing.
[17:57:08] Damage: 11.3 DPS
[17:57:08] Target: Self
[17:57:08] Duration: 30 seconds
[17:57:08] Power cost: 0
[17:57:08] Casting time: Instant
[17:57:08]  
[17:57:08] - Spell has a chance of casting when this weapon strikes an enemy.
[17:57:08]  
[17:57:08]  
[17:57:08]  
[17:57:08] Damage Modifiers (when used with shield styles):
[17:57:08] - 16.5 Base DPS
[17:57:08] - 16.5 Clamped DPS
[17:57:08] - 4.1 Shield Speed
[17:57:08]  
[17:57:08] - Shield Size : Medium
[17:57:08] <End Info>
[17:57:09] <Begin Info: Vinebound Defender>
[17:57:09]  
[17:57:09] Total Utility: 70
[17:57:09]  
[17:57:09] Magical Bonuses:
[17:57:09] 16.00 | Hits: +64 pts
[17:57:09] 18.00 | Body: +9 %
[17:57:09] 18.00 | Matter: +9 %
[17:57:09] 18.00 | Spirit: +9 %
[17:57:09]  
[17:57:09] Level Requirement: 50 Level
[17:57:09]  
[17:57:09] Magical Ability:
[17:57:09] Damages the target. A portion of damage inflicted is used to heal the caster.
[17:57:09] 
[17:57:09] Damage: 65
[17:57:09] (This figure is modified by your specialization in the skill and your primary casting stat.)
[17:57:09] Damage returned to caster as health: 100%
[17:57:09] Target: Enemy Target
[17:57:09] Range: 300
[17:57:09] Damage Type: Cold
[17:57:09] Casting time: Instant
[17:57:09]  
[17:57:09] - Spell has a chance of casting when this weapon strikes an enemy.
[17:57:09]  
[17:57:09]  
[17:57:09]  
[17:57:09] Damage Modifiers (when used with shield styles):
[17:57:09] - 16.5 Base DPS
[17:57:09] - 16.5 Clamped DPS
[17:57:09] - 3.0 Shield Speed
[17:57:09]  
[17:57:09] - Shield Size : Medium
[17:57:09] <End Info>
[17:57:10] <Begin Info: Vinebound Bladeblocker>
[17:57:10] Usable by:
[17:57:10] - Hero
[17:57:10]  
[17:57:10] Total Utility: 70
[17:57:10]  
[17:57:10] Magical Bonuses:
[17:57:10] 16.00 | Hits: +64 pts
[17:57:10] 18.00 | Crush: +9 %
[17:57:10] 18.00 | Slash: +9 %
[17:57:10] 18.00 | Thrust: +9 %
[17:57:10]  
[17:57:10] Level Requirement: 50 Level
[17:57:10]  
[17:57:10] Magical Ability:
[17:57:10] Function: melee health buffer
[17:57:10] 
[17:57:10] Adds a shield to recipient which will temporarily absorb some of the damage type specified.
[17:57:10] 
[17:57:10] Absorption: 50%
[17:57:10] Value: 100
[17:57:10] Target: Self
[17:57:10] Duration: 10:00 min
[17:57:10] Casting time: Instant
[17:57:10] Function: melee health buffer
[17:57:10]  
[17:57:10] - Spell has a chance of casting when this weapon strikes an enemy.
[17:57:10]  
[17:57:10]  
[17:57:10]  
[17:57:10] Damage Modifiers (when used with shield styles):
[17:57:10] - 16.5 Base DPS
[17:57:10] - 16.5 Clamped DPS
[17:57:10] - 3.0 Shield Speed
[17:57:10]  
[17:57:10] - Shield Size : Large
[17:57:10] <End Info>
[17:57:11] <Begin Info: Olcasgean Root Harp>
[17:57:11]  
[17:57:11] Total Utility: 70
[17:57:11]  
[17:57:11] Magical Bonuses:
[17:57:11] 16.00 | Hits: +64 pts
[17:57:11] 18.00 | Cold: +9 %
[17:57:11] 18.00 | Energy: +9 %
[17:57:11] 18.00 | Heat: +9 %
[17:57:11]  
[17:57:11] Level Requirement: 50 Level
[17:57:11]  
[17:57:11] Charged Magic Ability:
[17:57:11] - 10 Charges
[17:57:11] - 10 Max
[17:57:11]  
[17:57:11] Function: melee health buffer
[17:57:11] 
[17:57:11] Adds a shield to recipient which will temporarily absorb some of the damage type specified.
[17:57:11] 
[17:57:11] Absorption: 50%
[17:57:11] Value: 150
[17:57:11] Target: Self
[17:57:11] Duration: 10:00 min
[17:57:11] Casting time: Instant
[17:57:11] Function: melee health buffer
[17:57:11]  
[17:57:11] - This spell is cast when the item is used.
[17:57:11]  
[17:57:11] Can use item every: 2:00 min.
[17:57:11]  
[17:57:11]  
[17:57:11] Damage Modifiers:
[17:57:11] - 16.2 Base DPS
[17:57:11] - 16.2 Clamped DPS
[17:57:11] - 0.0 Weapon Speed
[17:57:11] - 100% Quality
[17:57:11] - 100% Condition
[17:57:11] - Damage Type: None
[17:57:11]  
[17:57:11] Effective Damage:
[17:57:11] - 16.2 DPS
[17:57:11] <End Info>
[17:57:12] <Begin Info: Olcasgean Warped Branch>
[17:57:12]  
[17:57:12] Total Utility: 69
[17:57:12]  
[17:57:12] Magical Bonuses:
[17:57:12] 12.00 | Slash: +6 %
[17:57:12] 12.00 | Thrust: +6 %
[17:57:12] 15.00 | Stealth: +3 pts
[17:57:12] 30.00 | ALL archery skills: +6 pts
[17:57:12]  
[17:57:12] Level Requirement: 50 Level
[17:57:12]  
[17:57:12] Charged Magic Ability:
[17:57:12] - 5 Charges
[17:57:12] - 5 Max
[17:57:12]  
[17:57:12] Damages the target. A portion of damage inflicted is used to heal the caster.
[17:57:12] 
[17:57:12] Damage: 65
[17:57:12] (This figure is modified by your specialization in the skill and your primary casting stat.)
[17:57:12] Damage returned to caster as health: 100%
[17:57:12] Target: Enemy Target
[17:57:12] Range: 300
[17:57:12] Damage Type: Cold
[17:57:12] Casting time: Instant
[17:57:12]  
[17:57:12] - This spell is cast when the item is used.
[17:57:12]  
[17:57:12] Can use item every: 2:00 min.
[17:57:12]  
[17:57:12]  
[17:57:12] Damage Modifiers:
[17:57:12] - 16.5 Base DPS
[17:57:12] - 16.5 Clamped DPS
[17:57:12] - 5.2 Weapon Speed
[17:57:12] - 100% Quality
[17:57:12] - 100% Condition
[17:57:12] - Damage Type: Thrust
[17:57:12]  
[17:57:12] Effective Damage:
[17:57:12] - 16.5 DPS
[17:57:12] <End Info>
[17:57:13] <Begin Info: Shadowed Blackthorn Bow>
[17:57:13]  
[17:57:13] Total Utility: 54
[17:57:13]  
[17:57:13] Magical Bonuses:
[17:57:13] 14.67 | Strength: +22 pts
[17:57:13] 14.67 | Dexterity: +22 pts
[17:57:13] 14.67 | Constitution: +22 pts
[17:57:13] 10.00 | Quickness: +15 pts
[17:57:13]  
[17:57:13] Level Requirement: 50 Level
[17:57:13]  
[17:57:13] Charged Magic Ability:
[17:57:13] - 10 Charges
[17:57:13] - 10 Max
[17:57:13]  
[17:57:13] Creates a field that damages anyone who attacks the target in melee.
[17:57:13] 
[17:57:13] Creates a field that damages anyone who attacks the target in melee.
[17:57:13] Damage: 5.1 DPS
[17:57:13] Target: Self
[17:57:13] Duration: 20 seconds
[17:57:13] Casting time: Instant
[17:57:13]  
[17:57:13] - This spell is cast when the item is used.
[17:57:13]  
[17:57:13] Can use item every: 2:00 min.
[17:57:13]  
[17:57:13]  
[17:57:13] Damage Modifiers:
[17:57:13] - 16.5 Base DPS
[17:57:13] - 16.5 Clamped DPS
[17:57:13] - 4.5 Weapon Speed
[17:57:13] - 100% Quality
[17:57:13] - 100% Condition
[17:57:13] - Damage Type: Thrust
[17:57:13]  
[17:57:13] Effective Damage:
[17:57:13] - 16.5 DPS
[17:57:13] <End Info>
[17:57:15] <Begin Info: Braided Ivy Ring>
[17:57:15]  
[17:57:15] Total Utility: 54
[17:57:15]  
[17:57:15] Magical Bonuses:
[17:57:15] 20.00 | Strength: +30 pts
[17:57:15] 18.00 | Matter: +9 %
[17:57:15] 16.00 | Spirit: +8 %
[17:57:15]  
[17:57:15] <End Info>
[17:57:15] <Begin Info: Vine Wrapped Ring>
[17:57:15]  
[17:57:15] Total Utility: 54
[17:57:15]  
[17:57:15] Magical Bonuses:
[17:57:15] 20.00 | Charisma: +30 pts
[17:57:15] 18.00 | Body: +9 %
[17:57:15] 16.00 | Crush: +8 %
[17:57:15]  
[17:57:15] <End Info>
[17:57:16] <Begin Info: Darkened Vine Ring>
[17:57:16]  
[17:57:16] Total Utility: 54
[17:57:16]  
[17:57:16] Magical Bonuses:
[17:57:16] 20.00 | Empathy: +30 pts
[17:57:16] 16.00 | Slash: +8 %
[17:57:16] 18.00 | Spirit: +9 %
[17:57:16]  
[17:57:16] <End Info>
[17:57:17] @@[LFG] Inilleala (29, Bard): XP
[17:57:18] <Begin Info: Conservator Ring>
[17:57:18]  
[17:57:18] Total Utility: 51
[17:57:18]  
[17:57:18] Magical Bonuses:
[17:57:18] 20.00 | Dexterity: +30 pts
[17:57:18] 20.00 | Intelligence: +30 pts
[17:57:18] 11.00 | Power: +11 pts
[17:57:18]  
[17:57:18] Level Requirement: 50 Level
[17:57:18]  
[17:57:18] Charged Magic Ability:
[17:57:18] - 5 Charges
[17:57:18] - 5 Max
[17:57:18]  
[17:57:18] Heals the target
[17:57:18]  
[17:57:18] Value: 130
[17:57:18] Target: Self
[17:57:18] Casting time: instant
[17:57:18]  
[17:57:18] - This spell is cast when the item is used.
[17:57:18]  
[17:57:18] Can use item every: 2:00 min.
[17:57:18]  
[17:57:18] <End Info>
[17:57:18] <Begin Info: Phosphorescent Ring>
[17:57:18]  
[17:57:18] Total Utility: 54
[17:57:18]  
[17:57:18] Magical Bonuses:
[17:57:18] 20.00 | Quickness: +30 pts
[17:57:18] 18.00 | Heat: +9 %
[17:57:18] 16.00 | Thrust: +8 %
[17:57:18]  
[17:57:18] <End Info>
[17:57:19] <Begin Info: Primal Ring of Air>
[17:57:19]  
[17:57:19] Total Utility: 62
[17:57:19]  
[17:57:19] Magical Bonuses:
[17:57:19] 20.00 | Dexterity: +30 pts
[17:57:19] 20.00 | Charisma: +30 pts
[17:57:19] 22.00 | Spirit: +11 %
[17:57:19]  
[17:57:19] Level Requirement: 50 Level
[17:57:19]  
[17:57:19] Charged Magic Ability:
[17:57:19] - 10 Charges
[17:57:19] - 10 Max
[17:57:19]  
[17:57:19] Damages the target.
[17:57:19] 
[17:57:19] Damage: 95
[17:57:19] (This figure is modified by your specialization in the skill and your primary casting stat.)
[17:57:19] Target: Enemy Target
[17:57:19] Range: 1500
[17:57:19] Damage Type: Spirit
[17:57:19] Casting time: Instant
[17:57:19]  
[17:57:19] - This spell is cast when the item is used.
[17:57:19]  
[17:57:19] Can use item every: 2:00 min.
[17:57:19]  
[17:57:19] <End Info>
[17:57:20] @@[Trade] Ultraeldin: wts weaponless champ temp with tg chest and weapons /t me
[17:57:21] <Begin Info: Primal Ring of Earth>
[17:57:21]  
[17:57:21] Total Utility: 62
[17:57:21]  
[17:57:21] Magical Bonuses:
[17:57:21] 20.00 | Strength: +30 pts
[17:57:21] 20.00 | Dexterity: +30 pts
[17:57:21] 22.00 | Matter: +11 %
[17:57:21]  
[17:57:21] Level Requirement: 50 Level
[17:57:21]  
[17:57:21] Charged Magic Ability:
[17:57:21] - 10 Charges
[17:57:21] - 10 Max
[17:57:21]  
[17:57:21] Damages the target.
[17:57:21] 
[17:57:21] Damage: 95
[17:57:21] (This figure is modified by your specialization in the skill and your primary casting stat.)
[17:57:21] Target: Enemy Target
[17:57:21] Range: 1500
[17:57:21] Damage Type: Energy
[17:57:21] Casting time: Instant
[17:57:21]  
[17:57:21] - This spell is cast when the item is used.
[17:57:21]  
[17:57:21] Can use item every: 2:00 min.
[17:57:21]  
[17:57:21] <End Info>
[17:57:22] <Begin Info: Primal Ring of Fire>
[17:57:22]  
[17:57:22] Total Utility: 62
[17:57:22]  
[17:57:22] Magical Bonuses:
[17:57:22] 20.00 | Constitution: +30 pts
[17:57:22] 20.00 | Intelligence: +30 pts
[17:57:22] 22.00 | Matter: +11 %
[17:57:22]  
[17:57:22] Level Requirement: 50 Level
[17:57:22]  
[17:57:22] Charged Magic Ability:
[17:57:22] - 10 Charges
[17:57:22] - 10 Max
[17:57:22]  
[17:57:22] Damages the enemy target
[17:57:22] 
[17:57:22] Damage: 95
[17:57:22] (This figure is modified by your specialization in the skill and your primary casting stat.)
[17:57:22] Target: Enemy Target
[17:57:22] Range: 1500
[17:57:22] Damage Type: Heat
[17:57:22] Casting time: Instant
[17:57:22]  
[17:57:22] - This spell is cast when the item is used.
[17:57:22]  
[17:57:22] Can use item every: 2:00 min.
[17:57:22]  
[17:57:22] <End Info>
[17:57:22] <Begin Info: Primal Ring of Water>
[17:57:22]  
[17:57:22] Total Utility: 62
[17:57:22]  
[17:57:22] Magical Bonuses:
[17:57:22] 20.00 | Constitution: +30 pts
[17:57:22] 20.00 | Empathy: +30 pts
[17:57:22] 22.00 | Cold: +11 %
[17:57:22]  
[17:57:22] Level Requirement: 50 Level
[17:57:22]  
[17:57:22] Charged Magic Ability:
[17:57:22] - 10 Charges
[17:57:22] - 10 Max
[17:57:22]  
[17:57:22] Damages the target.
[17:57:22] 
[17:57:22] Damage: 95
[17:57:22] (This figure is modified by your specialization in the skill and your primary casting stat.)
[17:57:22] Target: Enemy Target
[17:57:22] Range: 1500
[17:57:22] Damage Type: Cold
[17:57:22] Casting time: Instant
[17:57:22]  
[17:57:22] - This spell is cast when the item is used.
[17:57:22]  
[17:57:22] Can use item every: 2:00 min.
[17:57:22]  
[17:57:22] <End Info>
[17:57:23] <Begin Info: Braided Ivy Bracer>
[17:57:23]  
[17:57:23] Total Utility: 52
[17:57:23]  
[17:57:23] Magical Bonuses:
[17:57:23] 22.00 | Strength: +33 pts
[17:57:23] 14.00 | Energy: +7 %
[17:57:23] 16.00 | Matter: +8 %
[17:57:23]  
[17:57:23] <End Info>
[17:57:24] <Begin Info: Conservator Bracer>
[17:57:24]  
[17:57:24] Total Utility: 51
[17:57:24]  
[17:57:24] Magical Bonuses:
[17:57:24] 20.00 | Constitution: +30 pts
[17:57:24] 20.00 | Empathy: +30 pts
[17:57:24] 11.00 | Power: +11 pts
[17:57:24]  
[17:57:24] Level Requirement: 50 Level
[17:57:24]  
[17:57:24] Charged Magic Ability:
[17:57:24] - 5 Charges
[17:57:24] - 5 Max
[17:57:24]  
[17:57:24] Replenishes the target's power pool
[17:57:24]  
[17:57:24] Value: 50
[17:57:24] Target: Self
[17:57:24] Casting time: instant
[17:57:24]  
[17:57:24] - This spell is cast when the item is used.
[17:57:24]  
[17:57:24] Can use item every: 2:00 min.
[17:57:24]  
[17:57:24] <End Info>
[17:57:25] <Begin Info: Darkened Vine Bracer>
[17:57:25]  
[17:57:25] Total Utility: 52
[17:57:25]  
[17:57:25] Magical Bonuses:
[17:57:25] 22.00 | Empathy: +33 pts
[17:57:25] 14.00 | Body: +7 %
[17:57:25] 16.00 | Heat: +8 %
[17:57:25]  
[17:57:25] <End Info>
[17:57:26] <Begin Info: Phosphorescent Bracer>
[17:57:26]  
[17:57:26] Total Utility: 52
[17:57:26]  
[17:57:26] Magical Bonuses:
[17:57:26] 22.00 | Quickness: +33 pts
[17:57:26] 14.00 | Spirit: +7 %
[17:57:26] 16.00 | Thrust: +8 %
[17:57:26]  
[17:57:26] <End Info>
[17:57:27] <Begin Info: Shadowed Blackthorn Bracer>
[17:57:27]  
[17:57:27] Total Utility: 52
[17:57:27]  
[17:57:27] Magical Bonuses:
[17:57:27] 22.00 | Dexterity: +33 pts
[17:57:27] 14.00 | Cold: +7 %
[17:57:27] 16.00 | Crush: +8 %
[17:57:27]  
[17:57:27] <End Info>
[17:57:27] @@[Advice] Wrongway: 42 shield 50 lw 10 blades rest parry
[17:57:28] <Begin Info: Verdant Bracer>
[17:57:28]  
[17:57:28] Total Utility: 52
[17:57:28]  
[17:57:28] Magical Bonuses:
[17:57:28] 22.00 | Constitution: +33 pts
[17:57:28] 16.00 | Slash: +8 %
[17:57:28] 14.00 | Heat: +7 %
[17:57:28]  
[17:57:28] <End Info>
[17:57:29] <Begin Info: Braided Ivy Jewel>
[17:57:29]  
[17:57:29] Total Utility: 52
[17:57:29]  
[17:57:29] Magical Bonuses:
[17:57:29] 18.00 | Strength: +27 pts
[17:57:29] 18.00 | Constitution: +27 pts
[17:57:29] 16.00 | Hits: +64 pts
[17:57:29]  
[17:57:29] <End Info>
[17:57:30] <Begin Info: Transmogrifying Jewel>
[17:57:30]  
[17:57:30] Total Utility: 40
[17:57:30]  
[17:57:30] Magical Bonuses:
[17:57:30] 40.00 | Hits: +160 pts
[17:57:30]  
[17:57:30] Level Requirement: 50 Level
[17:57:30]  
[17:57:30] Charged Magic Ability:
[17:57:30] - 10 Charges
[17:57:30] - 10 Max
[17:57:30]  
[17:57:30] Target regenerates power regeneration during the duration of the spell.
[17:57:30]  
[17:57:30] Value: 2
[17:57:30] Target: Self
[17:57:30] Duration: 10:00 min
[17:57:30] Casting time: instant
[17:57:30]  
[17:57:30] - This spell is cast when the item is used.
[17:57:30]  
[17:57:30] Can use item every: 2:00 min.
[17:57:30]  
[17:57:30] <End Info>
[17:57:31] <Begin Info: Primal Windwalker's Quiver>
[17:57:31] Usable by:
[17:57:31] - Ranger
[17:57:31]  
[17:57:31] Total Utility: 71.667
[17:57:31]  
[17:57:31] Magical Bonuses:
[17:57:31] 14.67 | Quickness: +22 pts
[17:57:31] 12.00 | Crush: +6 %
[17:57:31] 20.00 | Stealth: +4 pts
[17:57:31] 25.00 | ALL archery skills: +5 pts
[17:57:31]  
[17:57:31] <End Info>
[17:57:32] <Begin Info: Primal Watershed Stone>
[17:57:32] Usable by:
[17:57:32] - Animist
[17:57:32] - Valewalker
[17:57:32]  
[17:57:32] Total Utility: 56
[17:57:32]  
[17:57:32] Magical Bonuses:
[17:57:32] 10.00 | Dexterity: +15 pts
[17:57:32] 10.00 | Intelligence: +15 pts
[17:57:32] 6.00 | Power: +6 pts
[17:57:32] 30.00 | Arboreal: +6 pts
[17:57:32]  
[17:57:32] Level Requirement: 50 Level
[17:57:32]  
[17:57:32] Charged Magic Ability:
[17:57:32] - 10 Charges
[17:57:32] - 10 Max
[17:57:32]  
[17:57:32] Target regenerates power regeneration during the duration of the spell.
[17:57:32]  
[17:57:32] Value: 2
[17:57:32] Target: Self
[17:57:32] Duration: 10:00 min
[17:57:32] Casting time: instant
[17:57:32]  
[17:57:32] - This spell is cast when the item is used.
[17:57:32]  
[17:57:32] Can use item every: 2:00 min.
[17:57:32]  
[17:57:32] <End Info>
[17:57:33] <Begin Info: Darkened Vine Jewel>
[17:57:33]  
[17:57:33] Total Utility: 62
[17:57:33]  
[17:57:33] Magical Bonuses:
[17:57:33] 14.00 | Hits: +56 pts
[17:57:33] 16.00 | Crush: +8 %
[17:57:33] 16.00 | Slash: +8 %
[17:57:33] 16.00 | Thrust: +8 %
[17:57:33]  
[17:57:33] <End Info>
[17:57:34] <Begin Info: Shadowed Blackthorn Jewel>
[17:57:34]  
[17:57:34] Total Utility: 52
[17:57:34]  
[17:57:34] Magical Bonuses:
[17:57:34] 18.00 | Dexterity: +27 pts
[17:57:34] 18.00 | Quickness: +27 pts
[17:57:34] 16.00 | Hits: +64 pts
[17:57:34]  
[17:57:34] <End Info>
[17:57:35] <Begin Info: Verdant Jewel>
[17:57:35]  
[17:57:35] Total Utility: 35.667
[17:57:35]  
[17:57:35] Magical Bonuses:
[17:57:35] 11.00 | Power: +11 pts
[17:57:35] 24.67 | Empathy: +37 pts
[17:57:35]  
[17:57:35] <End Info>
[17:57:36] <Begin Info: Ancient Spore Cluster's Cloak>
[17:57:36]  
[17:57:36] Total Utility: 60.667
[17:57:36]  
[17:57:36] Magical Bonuses:
[17:57:36] 24.67 | Charisma: +37 pts
[17:57:36] 12.00 | Body: +6 %
[17:57:36] 12.00 | Slash: +6 %
[17:57:36] 12.00 | Thrust: +6 %
[17:57:36]  
[17:57:36] Level Requirement: 50 Level
[17:57:36]  
[17:57:36] Charged Magic Ability:
[17:57:36] - 10 Charges
[17:57:36] - 10 Max
[17:57:36]  
[17:57:36] Increases Str/Con for a character.
[17:57:36] 
[17:57:36] Str/Con bonus: 50
[17:57:36] Target: Self
[17:57:36] Duration: 10:00 min
[17:57:36] Casting time: Instant
[17:57:36]  
[17:57:36] - This spell is cast when the item is used.
[17:57:36]  
[17:57:36] Can use item every: 2:00 min.
[17:57:36]  
[17:57:36] <End Info>
[17:57:36] <Begin Info: Braided Ivy Cloak>
[17:57:36]  
[17:57:36] Total Utility: 56.667
[17:57:36]  
[17:57:36] Magical Bonuses:
[17:57:36] 14.67 | Constitution: +22 pts
[17:57:36] 14.00 | Charisma: +21 pts
[17:57:36] 12.00 | Hits: +48 pts
[17:57:36] 16.00 | Heat: +8 %
[17:57:36]  
[17:57:36] <End Info>
[17:57:37] <Begin Info: Darkened Vine Cloak>
[17:57:37]  
[17:57:37] Total Utility: 56.667
[17:57:37]  
[17:57:37] Magical Bonuses:
[17:57:37] 14.00 | Strength: +21 pts
[17:57:37] 14.67 | Empathy: +22 pts
[17:57:37] 12.00 | Hits: +48 pts
[17:57:37] 16.00 | Body: +8 %
[17:57:37]  
[17:57:37] <End Info>
[17:57:38] <Begin Info: Giant Spore Cluster>
[17:57:38]  
[17:57:38] Total Utility: 60.667
[17:57:38]  
[17:57:38] Magical Bonuses:
[17:57:38] 24.67 | Intelligence: +37 pts
[17:57:38] 12.00 | Body: +6 %
[17:57:38] 12.00 | Matter: +6 %
[17:57:38] 12.00 | Spirit: +6 %
[17:57:38]  
[17:57:38] Level Requirement: 50 Level
[17:57:38]  
[17:57:38] Charged Magic Ability:
[17:57:38] - 10 Charges
[17:57:38] - 10 Max
[17:57:38]  
[17:57:38] Target regenerates power regeneration during the duration of the spell.
[17:57:38]  
[17:57:38] Value: 2
[17:57:38] Target: Self
[17:57:38] Duration: 10:00 min
[17:57:38] Casting time: instant
[17:57:38]  
[17:57:38] - This spell is cast when the item is used.
[17:57:38]  
[17:57:38] Can use item every: 2:00 min.
[17:57:38]  
[17:57:38] <End Info>
[17:57:39] <Begin Info: Olcasgean Bark>
[17:57:39]  
[17:57:39] Total Utility: 70
[17:57:39]  
[17:57:39] Magical Bonuses:
[17:57:39] 16.00 | Empathy: +24 pts
[17:57:39] 18.00 | Crush: +9 %
[17:57:39] 18.00 | Slash: +9 %
[17:57:39] 18.00 | Thrust: +9 %
[17:57:39]  
[17:57:39] Level Requirement: 50 Level
[17:57:39]  
[17:57:39] Charged Magic Ability:
[17:57:39] - 10 Charges
[17:57:39] - 10 Max
[17:57:39]  
[17:57:39] Function: melee health buffer
[17:57:39] 
[17:57:39] Adds a shield to recipient which will temporarily absorb some of the damage type specified.
[17:57:39] 
[17:57:39] Absorption: 50%
[17:57:39] Value: 150
[17:57:39] Target: Self
[17:57:39] Duration: 10:00 min
[17:57:39] Casting time: Instant
[17:57:39] Function: melee health buffer
[17:57:39]  
[17:57:39] - This spell is cast when the item is used.
[17:57:39]  
[17:57:39]  
[17:57:39]  
[17:57:39] Can use item every: 2:00 min
[17:57:39] <End Info>
[17:57:40] <Begin Info: Olcasgean Moss Cloak>
[17:57:40]  
[17:57:40] Total Utility: 70
[17:57:40]  
[17:57:40] Magical Bonuses:
[17:57:40] 16.00 | Constitution: +24 pts
[17:57:40] 18.00 | Body: +9 %
[17:57:40] 18.00 | Cold: +9 %
[17:57:40] 18.00 | Crush: +9 %
[17:57:40]  
[17:57:40] Level Requirement: 50 Level
[17:57:40]  
[17:57:40] Charged Magic Ability:
[17:57:40] - 10 Charges
[17:57:40] - 10 Max
[17:57:40]  
[17:57:40] Target regenerates the given amount of health every 'tick'.
[17:57:40]  
[17:57:40] Value: 8
[17:57:40] Target: Self
[17:57:40] Duration: 10:00 min
[17:57:40] Casting time: instant
[17:57:40]  
[17:57:40] - This spell is cast when the item is used.
[17:57:40]  
[17:57:40] Can use item every: 2:00 min.
[17:57:40]  
[17:57:40] <End Info>
[17:57:41] <Begin Info: Phosphorescent Cloak>
[17:57:41]  
[17:57:41] Total Utility: 56.667
[17:57:41]  
[17:57:41] Magical Bonuses:
[17:57:41] 14.00 | Dexterity: +21 pts
[17:57:41] 14.67 | Quickness: +22 pts
[17:57:41] 12.00 | Hits: +48 pts
[17:57:41] 16.00 | Matter: +8 %
[17:57:41]  
[17:57:41] <End Info>
[17:57:42] <Begin Info: Shadowed Blackthorn Cloak>
[17:57:42]  
[17:57:42] Total Utility: 56.667
[17:57:42]  
[17:57:42] Magical Bonuses:
[17:57:42] 14.00 | Strength: +21 pts
[17:57:42] 14.67 | Dexterity: +22 pts
[17:57:42] 12.00 | Hits: +48 pts
[17:57:42] 16.00 | Cold: +8 %
[17:57:42]  
[17:57:42] <End Info>
[17:57:43] <Begin Info: Shadowed Blackthorn Cloak>
[17:57:43]  
[17:57:43] Total Utility: 56.667
[17:57:43]  
[17:57:43] Magical Bonuses:
[17:57:43] 14.00 | Strength: +21 pts
[17:57:43] 14.67 | Dexterity: +22 pts
[17:57:43] 12.00 | Hits: +48 pts
[17:57:43] 16.00 | Cold: +8 %
[17:57:43]  
[17:57:43] <End Info>
[17:57:46] <Begin Info: Braided Ivy Belt>
[17:57:46]  
[17:57:46] Total Utility: 59.333
[17:57:46]  
[17:57:46] Magical Bonuses:
[17:57:46] 20.00 | Stealth: +4 pts
[17:57:46] 14.00 | Constitution: +21 pts
[17:57:46] 12.67 | Dexterity: +19 pts
[17:57:46] 12.67 | Quickness: +19 pts
[17:57:46]  
[17:57:46] <End Info>
[17:57:47] <Begin Info: Verdant Cloak>
[17:57:47]  
[17:57:47] Total Utility: 56.667
[17:57:47]  
[17:57:47] Magical Bonuses:
[17:57:47] 14.67 | Constitution: +22 pts
[17:57:47] 14.00 | Empathy: +21 pts
[17:57:47] 12.00 | Hits: +48 pts
[17:57:47] 16.00 | Energy: +8 %
[17:57:47]  
[17:57:47] <End Info>
[17:57:48] <Begin Info: Darkened Vine Belt>
[17:57:48]  
[17:57:48] Total Utility: 48.667
[17:57:48]  
[17:57:48] Magical Bonuses:
[17:57:48] 14.00 | Constitution: +21 pts
[17:57:48] 14.67 | Charisma: +22 pts
[17:57:48] 8.00 | Power: +8 pts
[17:57:48] 12.00 | Hits: +48 pts
[17:57:48]  
[17:57:48] <End Info>
[17:57:49] <Begin Info: Darkened Vine Belt>
[17:57:49]  
[17:57:49] Total Utility: 48.667
[17:57:49]  
[17:57:49] Magical Bonuses:
[17:57:49] 14.00 | Constitution: +21 pts
[17:57:49] 14.67 | Charisma: +22 pts
[17:57:49] 8.00 | Power: +8 pts
[17:57:49] 12.00 | Hits: +48 pts
[17:57:49]  
[17:57:49] <End Info>
[17:57:50] <Begin Info: Hurionthex's Belt of Intellect>
[17:57:50]  
[17:57:50] Total Utility: 60.667
[17:57:50]  
[17:57:50] Magical Bonuses:
[17:57:50] 24.67 | Intelligence: +37 pts
[17:57:50] 12.00 | Body: +6 %
[17:57:50] 12.00 | Spirit: +6 %
[17:57:50] 12.00 | Thrust: +6 %
[17:57:50]  
[17:57:50] Level Requirement: 47 Level
[17:57:50]  
[17:57:50] Charged Magic Ability:
[17:57:50] - 10 Charges
[17:57:50] - 10 Max
[17:57:50]  
[17:57:50] Increases Acuity for a character.
[17:57:50]  
[17:57:50] Value: 50
[17:57:50] Target: Self
[17:57:50] Duration: 10:00 min
[17:57:50] Casting time: instant
[17:57:50]  
[17:57:50] - This spell is cast when the item is used.
[17:57:50]  
[17:57:50] Can use item every: 2:00 min.
[17:57:50]  
[17:57:50] <End Info>
[17:57:51] <Begin Info: Verdant Belt>
[17:57:51]  
[17:57:51] Total Utility: 61.333
[17:57:51]  
[17:57:51] Magical Bonuses:
[17:57:51] 12.67 | Strength: +19 pts
[17:57:51] 12.67 | Quickness: +19 pts
[17:57:51] 16.00 | Crush: +8 %
[17:57:51] 20.00 | Parry: +4 pts
[17:57:51]  
[17:57:51] <End Info>
[17:57:52] <Begin Info: Shadowed Blackthorn Belt>
[17:57:52]  
[17:57:52] Total Utility: 59.333
[17:57:52]  
[17:57:52] Magical Bonuses:
[17:57:52] 20.00 | Shields: +4 pts
[17:57:52] 12.67 | Dexterity: +19 pts
[17:57:52] 14.00 | Quickness: +21 pts
[17:57:52] 12.67 | Constitution: +19 pts
[17:57:52]  
[17:57:52] <End Info>
[17:57:53] <Begin Info: Darkened Vine Necklace>
[17:57:53]  
[17:57:53] Total Utility: 32
[17:57:53]  
[17:57:53] Magical Bonuses:
[17:57:53] 18.00 | Empathy: +27 pts
[17:57:53] 14.00 | Power: +14 pts
[17:57:53]  
[17:57:53] <End Info>
[17:57:54] <Begin Info: Blackthorn Pendant>
[17:57:54]  
[17:57:54] Total Utility: 74
[17:57:54]  
[17:57:54] Magical Bonuses:
[17:57:54] 14.00 | Charisma: +21 pts
[17:57:54] 20.00 | Body: +10 %
[17:57:54] 20.00 | Cold: +10 %
[17:57:54] 20.00 | Crush: +10 %
[17:57:54]  
[17:57:54] Level Requirement: 50 Level
[17:57:54]  
[17:57:54] Charged Magic Ability:
[17:57:54] - 10 Charges
[17:57:54] - 10 Max
[17:57:54]  
[17:57:54] Increases Str/Con for a character.
[17:57:54] 
[17:57:54] Str/Con bonus: 30
[17:57:54] Target: Self
[17:57:54] Duration: 10:00 min
[17:57:54] Casting time: Instant
[17:57:54]  
[17:57:54] - This spell is cast when the item is used.
[17:57:54]  
[17:57:54] Can use item every: 2:00 min.
[17:57:54]  
[17:57:54] <End Info>
[17:57:55] <Begin Info: Braided Ivy Necklace>
[17:57:55]  
[17:57:55] Total Utility: 32
[17:57:55]  
[17:57:55] Magical Bonuses:
[17:57:55] 18.00 | Constitution: +27 pts
[17:57:55] 14.00 | Power: +14 pts
[17:57:55]  
[17:57:55] <End Info>
[17:57:56] <Begin Info: Dire Vine Choker>
[17:57:56]  
[17:57:56] Total Utility: 74
[17:57:56]  
[17:57:56] Magical Bonuses:
[17:57:56] 14.00 | Dexterity: +21 pts
[17:57:56] 20.00 | Crush: +10 %
[17:57:56] 20.00 | Matter: +10 %
[17:57:56] 20.00 | Spirit: +10 %
[17:57:56]  
[17:57:56] Level Requirement: 50 Level
[17:57:56]  
[17:57:56] Charged Magic Ability:
[17:57:56] - 10 Charges
[17:57:56] - 10 Max
[17:57:56]  
[17:57:56] Target regenerates health during the duration of the spell
[17:57:56]  
[17:57:56] Value: 6
[17:57:56] Target: Self
[17:57:56] Duration: 10:00 min
[17:57:56] Casting time: instant
[17:57:56]  
[17:57:56] - This spell is cast when the item is used.
[17:57:56]  
[17:57:56] Can use item every: 2:00 min.
[17:57:56]  
[17:57:56] <End Info>
[17:57:56] <Begin Info: Pendant of Adroitness>
[17:57:56]  
[17:57:56] Total Utility: 74
[17:57:56]  
[17:57:56] Magical Bonuses:
[17:57:56] 14.00 | Quickness: +21 pts
[17:57:56] 20.00 | Energy: +10 %
[17:57:56] 20.00 | Heat: +10 %
[17:57:56] 20.00 | Thrust: +10 %
[17:57:56]  
[17:57:56] Level Requirement: 50 Level
[17:57:56]  
[17:57:56] Charged Magic Ability:
[17:57:56] - 10 Charges
[17:57:56] - 10 Max
[17:57:56]  
[17:57:56] Increases Dex/Qui for a character.
[17:57:56] 
[17:57:56] Dex/Qui bonus: 30
[17:57:56] Target: Self
[17:57:56] Duration: 10:00 min
[17:57:56] Casting time: Instant
[17:57:56]  
[17:57:56] - This spell is cast when the item is used.
[17:57:56]  
[17:57:56] Can use item every: 2:00 min.
[17:57:56]  
[17:57:56] <End Info>
[17:57:57] <Begin Info: Phosphorescent Necklace>
[17:57:57]  
[17:57:57] Total Utility: 52
[17:57:57]  
[17:57:57] Magical Bonuses:
[17:57:57] 18.00 | Constitution: +27 pts
[17:57:57] 18.00 | Quickness: +27 pts
[17:57:57] 16.00 | Hits: +64 pts
[17:57:57]  
[17:57:57] <End Info>
[17:57:58] <Begin Info: Shadowed Blackthorn Necklace>
[17:57:58]  
[17:57:58] Total Utility: 52
[17:57:58]  
[17:57:58] Magical Bonuses:
[17:57:58] 18.00 | Strength: +27 pts
[17:57:58] 18.00 | Dexterity: +27 pts
[17:57:58] 16.00 | Hits: +64 pts
[17:57:58]  
[17:57:58] <End Info>
[17:58:00] <Begin Info: Shadowed Blackthorn Ring>
[17:58:00]  
[17:58:00] Total Utility: 54
[17:58:00]  
[17:58:00] Magical Bonuses:
[17:58:00] 20.00 | Dexterity: +30 pts
[17:58:00] 16.00 | Body: +8 %
[17:58:00] 18.00 | Energy: +9 %
[17:58:00]  
[17:58:00] <End Info>
[17:58:06] You need 15000 Phoenix Feather to buy Shadowed Blackthorn Ring.
[17:58:07] You need 10000 Phoenix Feather to buy Shadowed Blackthorn Necklace.
[17:58:07] You need 10000 Phoenix Feather to buy Phosphorescent Necklace.
[17:58:08] You need 15000 Phoenix Feather to buy Pendant of Adroitness.
[17:58:09] You need 15000 Phoenix Feather to buy Dire Vine Choker.
[17:58:09] You need 15000 Phoenix Feather to buy Braided Ivy Necklace.
[17:58:10] You need 15000 Phoenix Feather to buy Blackthorn Pendant.
[17:58:10] You need 10000 Phoenix Feather to buy Darkened Vine Necklace.
[17:58:11] You need 10000 Phoenix Feather to buy Shadowed Blackthorn Belt.
[17:58:12] You need 10000 Phoenix Feather to buy Verdant Belt.
[17:58:12] You need 15000 Phoenix Feather to buy Hurionthex's Belt of Intellect.
[17:58:13] You need 10000 Phoenix Feather to buy Darkened Vine Belt.
[17:58:14] You need 10000 Phoenix Feather to buy Braided Ivy Belt.
[17:58:14] You need 15000 Phoenix Feather to buy Verdant Cloak.
[17:58:17] You need 15000 Phoenix Feather to buy Shadowed Blackthorn Cloak.
[17:58:17] You need 15000 Phoenix Feather to buy Phosphorescent Cloak.
[17:58:18] You need 15000 Phoenix Feather to buy Olcasgean Moss Cloak.
[17:58:18] You need 15000 Phoenix Feather to buy Olcasgean Bark.
[17:58:19] You need 15000 Phoenix Feather to buy Giant Spore Cluster.
[17:58:19] The forces of Hibernia led by Umbrellas have captured Hlidskialf Faste Spire!
[17:58:19] Made in Italy has lost control of Hlidskialf Faste Spire!
[17:58:19] You need 15000 Phoenix Feather to buy Darkened Vine Cloak.
[17:58:20] You need 15000 Phoenix Feather to buy Braided Ivy Cloak.
[17:58:21] You need 15000 Phoenix Feather to buy Ancient Spore Cluster's Cloak.
[17:58:21] You need 15000 Phoenix Feather to buy Verdant Jewel.
[17:58:22] You need 10000 Phoenix Feather to buy Shadowed Blackthorn Jewel.
[17:58:22] You need 15000 Phoenix Feather to buy Darkened Vine Jewel.
[17:58:23] You need 10000 Phoenix Feather to buy Primal Watershed Stone.
[17:58:24] You need 20000 Phoenix Feather to buy Primal Windwalker's Quiver.
[17:58:25] You need 10000 Phoenix Feather to buy Transmogrifying Jewel.
[17:58:25] You need 15000 Phoenix Feather to buy Braided Ivy Jewel.
[17:58:26] You need 10000 Phoenix Feather to buy Verdant Bracer.
[17:58:26] You need 10000 Phoenix Feather to buy Shadowed Blackthorn Bracer.
[17:58:27] You need 10000 Phoenix Feather to buy Phosphorescent Bracer.
[17:58:28] You need 10000 Phoenix Feather to buy Darkened Vine Bracer.
[17:58:29] You need 10000 Phoenix Feather to buy Conservator Bracer.
[17:58:29] You need 10000 Phoenix Feather to buy Braided Ivy Bracer.
[17:58:30] You need 10000 Phoenix Feather to buy Primal Ring of Water.
[17:58:31] You need 10000 Phoenix Feather to buy Primal Ring of Fire.
[17:58:31] You need 10000 Phoenix Feather to buy Primal Ring of Earth.
[17:58:32] You need 10000 Phoenix Feather to buy Primal Ring of Air.
[17:58:33] You need 10000 Phoenix Feather to buy Phosphorescent Ring.
[17:58:33] You need 10000 Phoenix Feather to buy Conservator Ring.
[17:58:34] You need 10000 Phoenix Feather to buy Darkened Vine Ring.
[17:58:35] You need 10000 Phoenix Feather to buy Vine Wrapped Ring.
[17:58:35] You need 10000 Phoenix Feather to buy Braided Ivy Ring.
[17:58:38] You need 10000 Phoenix Feather to buy Shadowed Blackthorn Bow.
[17:58:38] You need 15000 Phoenix Feather to buy Olcasgean Warped Branch.
[17:58:39] You need 15000 Phoenix Feather to buy Olcasgean Root Harp.
[17:58:39] You need 15000 Phoenix Feather to buy Vinebound Bladeblocker.
[17:58:40] You need 15000 Phoenix Feather to buy Vinebound Defender.
[17:58:40] You need 15000 Phoenix Feather to buy Vine Wrapped Defender.
[17:58:41] Tyctac's mount rears at the sight of Farmaeldritch.
[17:58:41] You need 15000 Phoenix Feather to buy Verdant Protector.
[17:58:42] You need 15000 Phoenix Feather to buy Aged Verdant Defender.
[17:58:42] @@[LFG] Zapfjane (50, Druid): Suchen fr unsere Deutschsprachige Gilde Ausgangssperre noch Member fr RVR und alles was Spa macht /w me
[17:58:42] You need 15000 Phoenix Feather to buy Verdant Spear.
[17:58:42] @@[LFG] Azzizza (45, Champion): LFM last pbaoe FIN
[17:58:43] You need 15000 Phoenix Feather to buy Primal Waterwalker's Trident.
[17:58:44] You need 15000 Phoenix Feather to buy Vine Covered Trident.
[17:58:45] You need 15000 Phoenix Feather to buy Vine Covered Scythe.
[17:58:46] Account Hibernated has claimed Hlidskialf Faste Spire!
[17:58:46] You need 15000 Phoenix Feather to buy Verdant Scythe.
[17:58:47] You need 15000 Phoenix Feather to buy Writhing Tether Snapper.
[17:58:50] You need 15000 Phoenix Feather to buy Vine Wrapped Bladed Crystal.
[17:58:51] You need 15000 Phoenix Feather to buy Spined Piercer.
[17:58:52] You need 15000 Phoenix Feather to buy Bladed Crystal Rapier.
[17:58:52] You need 15000 Phoenix Feather to buy Vine Wrapped Impaler.
[17:58:53] You need 15000 Phoenix Feather to buy Darkened Vine Dirk.
[17:58:53] You need 15000 Phoenix Feather to buy Easmarach's Stinger.
[17:58:54] You need 15000 Phoenix Feather to buy Shadowed Blackthorn Stiletto.
[17:58:55] You need 15000 Phoenix Feather to buy Vine Wrapped Piercer.
[17:58:55] You need 20000 Phoenix Feather to buy Broodmother Fang.
[17:58:56] You need 15000 Phoenix Feather to buy Shadowed Vine Covered Mace.
[17:58:56] You need 15000 Phoenix Feather to buy Shadowed Blackthorn Mace.
[17:58:57] You need 15000 Phoenix Feather to buy Nature's Blessed Cudgel.
[17:58:58] You need 15000 Phoenix Feather to buy Mace of the Valiant.
[17:58:58] You need 15000 Phoenix Feather to buy Mace of the Under Forest.
[17:58:59] @@[Advice] Sheelba: yeah it really depends on what you plan to do w your hero. PvE vs Solo rvr vs grouped rvr all have diff specs
[17:58:59] You need 15000 Phoenix Feather to buy Darkened Vine Mace.
[17:58:59] You need 15000 Phoenix Feather to buy Transmogrifying Crystal Hammer.
[17:59:00] You need 15000 Phoenix Feather to buy Primal Water Crusher.
[17:59:02] You need 15000 Phoenix Feather to buy Vine Covered Sword.
[17:59:03] You need 15000 Phoenix Feather to buy Primal Corrupt Warsword.
[17:59:03] You need 15000 Phoenix Feather to buy Shadowed Blackthorn Sword.
[17:59:04] You need 10000 Phoenix Feather to buy Nature Walker's Blade.
[17:59:04] You need 15000 Phoenix Feather to buy Shadow Walker's Blade.
[17:59:05] You need 15000 Phoenix Feather to buy Light Walker's Blade.
[17:59:06] You need 15000 Phoenix Feather to buy Uaimh's Rending Claw.
[17:59:06] You need 15000 Phoenix Feather to buy Olcasgean Barbed Claw.
[17:59:07] You need 15000 Phoenix Feather to buy Corrupt Primal Warsword.
[17:59:08] You need 15000 Phoenix Feather to buy Darkened Vine Covered Sickle.
[17:59:08] You need 10000 Phoenix Feather to buy Primal Great Sword of Fire.
[17:59:09] You need 15000 Phoenix Feather to buy Primal Great Shard.
[17:59:09] You need 15000 Phoenix Feather to buy Verdant Mace.
[17:59:10] You need 15000 Phoenix Feather to buy Vine Covered Hammer.
[17:59:11] You need 15000 Phoenix Feather to buy Knobled Great Hammer.
[17:59:11] You need 10000 Phoenix Feather to buy Xaga's Tethered Staff.
[17:59:12] @@[LFG] Dasso (7, Blademaster): lfm lowbie xp 2/8
[17:59:12] You need 10000 Phoenix Feather to buy Xaga's Enshrouded Staff.
[17:59:13] You need 15000 Phoenix Feather to buy Verdant Staff.
[17:59:13] You need 10000 Phoenix Feather to buy Braided Ivy Staff.
[17:59:14] You need 15000 Phoenix Feather to buy Ancient Verdant Staff.
[17:59:15] You need 10000 Phoenix Feather to buy Aroon's Verdant Staff.
[17:59:16] You need 10000 Phoenix Feather to buy Aroon's Ancient Staff.

*** Chat Log Closed: Sun May 30 17:59:17 2021


