
*** Chat Log Opened: Sun May 30 18:01:44 2021

[18:01:44]                                       
[18:01:47] <Begin Info: Towering Avernal Defender>
[18:01:47]  
[18:01:47] Total Utility: 69.667
[18:01:47]  
[18:01:47] Magical Bonuses:
[18:01:47] 14.67 | Constitution: +22 pts
[18:01:47] 20.00 | Energy: +10 %
[18:01:47] 15.00 | Parry: +3 pts
[18:01:47] 20.00 | Shields: +4 pts
[18:01:47]  
[18:01:47]  
[18:01:47]  
[18:01:47] Damage Modifiers (when used with shield styles):
[18:01:47] - 16.5 Base DPS
[18:01:47] - 16.5 Clamped DPS
[18:01:47] - 4.4 Shield Speed
[18:01:47]  
[18:01:47] - Shield Size : Large
[18:01:47] <End Info>
[18:01:48] <Begin Info: Sword of Sorrow>
[18:01:48]  
[18:01:48] Total Utility: 65.333
[18:01:48]  
[18:01:48] Magical Bonuses:
[18:01:48] 12.67 | Strength: +19 pts
[18:01:48] 12.67 | Quickness: +19 pts
[18:01:48] 20.00 | Parry: +4 pts
[18:01:48] 20.00 | Blades: +4 pts
[18:01:48]  
[18:01:48] Level Requirement: 49 Level
[18:01:48]  
[18:01:48] Magical Ability:
[18:01:48] Name: Proc Endurance Drain
[18:01:48] Description: 
[18:01:48] Target: Enemy
[18:01:48] Casting time: instant
[18:01:48] Range: 1500
[18:01:48] Endurance drained: 15
[18:01:48]  
[18:01:48] - Spell has a chance of casting when this weapon strikes an enemy.
[18:01:48]  
[18:01:48]  
[18:01:48] Damage Modifiers:
[18:01:48] - 16.5 Base DPS
[18:01:48] - 16.5 Clamped DPS
[18:01:48] - 4.3 Weapon Speed
[18:01:48] - 100% Quality
[18:01:48] - 100% Condition
[18:01:48] - Damage Type: Slash
[18:01:48]  
[18:01:48] Effective Damage:
[18:01:48] - 16.5 DPS
[18:01:48] <End Info>
[18:01:50] <Begin Info: Sleeves of Strife>
[18:01:50]  
[18:01:50] Total Utility: 63
[18:01:50]  
[18:01:50] Magical Bonuses:
[18:01:50] 15.00 | Hits: +60 pts
[18:01:50] 16.00 | Crush: +8 %
[18:01:50] 16.00 | Slash: +8 %
[18:01:50] 16.00 | Thrust: +8 %
[18:01:50]  
[18:01:50] Level Requirement: 50 Level
[18:01:50]  
[18:01:50] Magical Ability:
[18:01:50] Heals the target
[18:01:50]  
[18:01:50] Value: 80
[18:01:50] Target: Self
[18:01:50] Casting time: instant
[18:01:50]  
[18:01:50] - Spell has a chance of casting when enemy strikes at this armor.
[18:01:50]  
[18:01:50] Armor Modifiers:
[18:01:50] - 51 Base Factor
[18:01:50] - 51 Clamped Factor
[18:01:50] - 0% Absorption
[18:01:50] - 100% Quality
[18:01:50] - 100% Condition
[18:01:50]  
[18:01:50] Effective Armor:
[18:01:50] - 51 Factor
[18:01:50] <End Info>
[18:01:51] <Begin Info: Twinkling Tiara>
[18:01:51]  
[18:01:51] Total Utility: 76
[18:01:51] Single Skill Utility: 61
[18:01:51]  
[18:01:51] Magical Bonuses:
[18:01:51] 14.00 | Dexterity: +21 pts
[18:01:51] 12.00 | Hits: +48 pts
[18:01:51] 20.00 | Thrust: +10 %
[18:01:51] 30.00 | ALL magic skills: +3 pts
[18:01:51]  
[18:01:51] Level Requirement: 50 Level
[18:01:51]  
[18:01:51] Charged Magic Ability:
[18:01:51] - 10 Charges
[18:01:51] - 10 Max
[18:01:51]  
[18:01:51]  
[18:01:51] Value: 20%
[18:01:51] Target: Self
[18:01:51] Casting time: instant
[18:01:51]  
[18:01:51] - This spell is cast when the item is used.
[18:01:51]  
[18:01:51] Can use item every: 2:00 min.
[18:01:51]  
[18:01:51] Armor Modifiers:
[18:01:51] - 102 Base Factor
[18:01:51] - 102 Clamped Factor
[18:01:51] - 27% Absorption
[18:01:51] - 100% Quality
[18:01:51] - 100% Condition
[18:01:51]  
[18:01:51] Effective Armor:
[18:01:51] - 129 Factor
[18:01:51] <End Info>
[18:01:52] <Begin Info: Ancient Daemon Jerkin>
[18:01:52] Usable by:
[18:01:52] - Nightshade
[18:01:52]  
[18:01:52] Total Utility: 64
[18:01:52]  
[18:01:52] Magical Bonuses:
[18:01:52] 12.00 | Strength: +18 pts
[18:01:52] 12.00 | Dexterity: +18 pts
[18:01:52] 20.00 | Body: +10 %
[18:01:52] 20.00 | Slash: +10 %
[18:01:52]  
[18:01:52] Level Requirement: 50 Level
[18:01:52]  
[18:01:52] Magical Ability:
[18:01:52] Creates a field that damages anyone who attacks the target in melee.
[18:01:52] 
[18:01:52] Creates a field that damages anyone who attacks the target in melee.
[18:01:52] Damage: 5.1 DPS
[18:01:52] Target: Self
[18:01:52] Duration: 20 seconds
[18:01:52] Casting time: Instant
[18:01:52]  
[18:01:52] - Spell has a chance of casting when enemy strikes at this armor.
[18:01:52]  
[18:01:52] Armor Modifiers:
[18:01:52] - 102 Base Factor
[18:01:52] - 102 Clamped Factor
[18:01:52] - 10% Absorption
[18:01:52] - 100% Quality
[18:01:52] - 100% Condition
[18:01:52]  
[18:01:52] Effective Armor:
[18:01:52] - 112 Factor
[18:01:52] <End Info>
[18:01:52] <Begin Info: Shimmering Hauberk of Forlorn Deeds>
[18:01:52]  
[18:01:52] Total Utility: 64
[18:01:52]  
[18:01:52] Magical Bonuses:
[18:01:52] 8.00 | Strength: +12 pts
[18:01:52] 16.00 | Constitution: +24 pts
[18:01:52] 20.00 | Body: +10 %
[18:01:52] 20.00 | Crush: +10 %
[18:01:52]  
[18:01:52] Armor Modifiers:
[18:01:52] - 102 Base Factor
[18:01:52] - 102 Clamped Factor
[18:01:52] - 27% Absorption
[18:01:52] - 100% Quality
[18:01:52] - 100% Condition
[18:01:52]  
[18:01:52] Effective Armor:
[18:01:52] - 129 Factor
[18:01:52] <End Info>
[18:01:53] <Begin Info: Shimmering Hauberk of Forlorn Souls>
[18:01:53]  
[18:01:53] Total Utility: 64
[18:01:53]  
[18:01:53] Magical Bonuses:
[18:01:53] 8.00 | Strength: +12 pts
[18:01:53] 16.00 | Constitution: +24 pts
[18:01:53] 20.00 | Body: +10 %
[18:01:53] 20.00 | Crush: +10 %
[18:01:53]  
[18:01:53] Armor Modifiers:
[18:01:53] - 102 Base Factor
[18:01:53] - 102 Clamped Factor
[18:01:53] - 27% Absorption
[18:01:53] - 100% Quality
[18:01:53] - 100% Condition
[18:01:53]  
[18:01:53] Effective Armor:
[18:01:53] - 129 Factor
[18:01:53] <End Info>
[18:01:54] <Begin Info: Vest of Hateful Deceit>
[18:01:54]  
[18:01:54] Total Utility: 64
[18:01:54]  
[18:01:54] Magical Bonuses:
[18:01:54] 12.00 | Strength: +18 pts
[18:01:54] 12.00 | Dexterity: +18 pts
[18:01:54] 20.00 | Cold: +10 %
[18:01:54] 20.00 | Thrust: +10 %
[18:01:54]  
[18:01:54] Level Requirement: 50 Level
[18:01:54]  
[18:01:54] Magical Ability:
[18:01:54] Creates a field that damages anyone who attacks the target in melee.
[18:01:54] 
[18:01:54] Creates a field that damages anyone who attacks the target in melee.
[18:01:54] Damage: 5.1 DPS
[18:01:54] Target: Self
[18:01:54] Duration: 20 seconds
[18:01:54] Casting time: Instant
[18:01:54]  
[18:01:54] - Spell has a chance of casting when enemy strikes at this armor.
[18:01:54]  
[18:01:54] Armor Modifiers:
[18:01:54] - 102 Base Factor
[18:01:54] - 102 Clamped Factor
[18:01:54] - 19% Absorption
[18:01:54] - 100% Quality
[18:01:54] - 100% Condition
[18:01:54]  
[18:01:54] Effective Armor:
[18:01:54] - 121 Factor
[18:01:54] <End Info>
[18:01:57] <Begin Info: Ethereal Drakescale Band>
[18:01:57]  
[18:01:57] Total Utility: 38.5
[18:01:57]  
[18:01:57] Magical Bonuses:
[18:01:57] 10.00 | Dexterity: +15 pts
[18:01:57] 10.00 | Empathy: +15 pts
[18:01:57] 6.00 | Power: +6 pts
[18:01:57] 12.50 | Hits: +50 pts
[18:01:57]  
[18:01:57] <End Info>
[18:01:57] <Begin Info: Verdant Ring>
[18:01:57]  
[18:01:57] Total Utility: 45
[18:01:57]  
[18:01:57] Magical Bonuses:
[18:01:57] 10.00 | Strength: +15 pts
[18:01:57] 10.00 | Quickness: +15 pts
[18:01:57] 10.00 | Hits: +40 pts
[18:01:57] 15.00 | Parry: +3 pts
[18:01:57]  
[18:01:57] <End Info>
[18:01:58] <Begin Info: Glacial Emerald Ring>
[18:01:58]  
[18:01:58] Total Utility: 50
[18:01:58]  
[18:01:58] Magical Bonuses:
[18:01:58] 12.00 | Strength: +18 pts
[18:01:58] 12.00 | Quickness: +18 pts
[18:01:58] 12.00 | Charisma: +18 pts
[18:01:58] 14.00 | Crush: +7 %
[18:01:58]  
[18:01:58] <End Info>
[18:01:59] <Begin Info: Band of Eternity>
[18:01:59]  
[18:01:59] Total Utility: 63
[18:01:59]  
[18:01:59] Magical Bonuses:
[18:01:59] 14.00 | Constitution: +21 pts
[18:01:59] 15.00 | Hits: +60 pts
[18:01:59] 14.00 | Body: +7 %
[18:01:59] 20.00 | Parry: +4 pts
[18:01:59]  
[18:01:59] <End Info>
[18:02:00] <Begin Info: Ethereal Drakescale Bracer>
[18:02:00]  
[18:02:00] Total Utility: 47
[18:02:00]  
[18:02:00] Magical Bonuses:
[18:02:00] 10.00 | Dexterity: +15 pts
[18:02:00] 10.00 | Quickness: +15 pts
[18:02:00] 15.00 | Hits: +60 pts
[18:02:00] 12.00 | Spirit: +6 %
[18:02:00]  
[18:02:00] Level Requirement: 45 Level
[18:02:00]  
[18:02:00] Charged Magic Ability:
[18:02:00] - 10 Charges
[18:02:00] - 10 Max
[18:02:00]  
[18:02:00] Increases Dex/Qui for a character.
[18:02:00] 
[18:02:00] Dex/Qui bonus: 50
[18:02:00] Target: Self
[18:02:00] Duration: 10:00 min
[18:02:00] Casting time: Instant
[18:02:00]  
[18:02:00] - This spell is cast when the item is used.
[18:02:00]  
[18:02:00] Can use item every: 2:00 min.
[18:02:00]  
[18:02:00] <End Info>
[18:02:00] <Begin Info: Gilded Verdant Bracer>
[18:02:00]  
[18:02:00] Total Utility: 41
[18:02:00]  
[18:02:00] Magical Bonuses:
[18:02:00] 10.00 | Dexterity: +15 pts
[18:02:00] 6.00 | Power: +6 pts
[18:02:00] 15.00 | Hits: +60 pts
[18:02:00] 10.00 | Acuity: +15 pts
[18:02:00]  
[18:02:00] <End Info>
[18:02:01] <Begin Info: Icebound Bracer>
[18:02:01]  
[18:02:01] Total Utility: 50
[18:02:01]  
[18:02:01] Magical Bonuses:
[18:02:01] 12.00 | Strength: +18 pts
[18:02:01] 12.00 | Quickness: +18 pts
[18:02:01] 12.00 | Hits: +48 pts
[18:02:01] 14.00 | Thrust: +7 %
[18:02:01]  
[18:02:01] <End Info>
[18:02:02] <Begin Info: Worked Wormhide Wrap>
[18:02:02]  
[18:02:02] Total Utility: 62
[18:02:02]  
[18:02:02] Magical Bonuses:
[18:02:02] 14.00 | Dexterity: +21 pts
[18:02:02] 16.00 | Cold: +8 %
[18:02:02] 16.00 | Slash: +8 %
[18:02:02] 16.00 | Spirit: +8 %
[18:02:02]  
[18:02:02] <End Info>
[18:02:03] <Begin Info: Wormskin Wrap>
[18:02:03]  
[18:02:03] Total Utility: 64
[18:02:03]  
[18:02:03] Magical Bonuses:
[18:02:03] 16.00 | Constitution: +24 pts
[18:02:03] 16.00 | Crush: +8 %
[18:02:03] 16.00 | Slash: +8 %
[18:02:03] 16.00 | Thrust: +8 %
[18:02:03]  
[18:02:03] Level Requirement: 50 Level
[18:02:03]  
[18:02:03] Charged Magic Ability:
[18:02:03] - 10 Charges
[18:02:03] - 10 Max
[18:02:03]  
[18:02:03] Target regenerates the given amount of health every 'tick'.
[18:02:03]  
[18:02:03] Value: 29
[18:02:03] Target: Self
[18:02:03] Duration: 20 sec
[18:02:03] Casting time: instant
[18:02:03]  
[18:02:03] - This spell is cast when the item is used.
[18:02:03]  
[18:02:03]  
[18:02:03]  
[18:02:03] Can use item every: 2:00 min
[18:02:03] <End Info>
[18:02:03] <Begin Info: Tasty Chunk of Legion>
[18:02:03]  
[18:02:03] Total Utility: 61.667
[18:02:03]  
[18:02:03] Magical Bonuses:
[18:02:03] 14.67 | Constitution: +22 pts
[18:02:03] 19.00 | Hits: +76 pts
[18:02:03] 14.00 | Energy: +7 %
[18:02:03] 14.00 | Spirit: +7 %
[18:02:03]  
[18:02:03] Level Requirement: 40 Level
[18:02:03]  
[18:02:03] Charged Magic Ability:
[18:02:03] - 10 Charges
[18:02:03] - 10 Max
[18:02:03]  
[18:02:03] Target gains Power
[18:02:03]  
[18:02:03] Value: 99
[18:02:03] Target: Self
[18:02:03] Casting time: instant
[18:02:03]  
[18:02:03] - This spell is cast when the item is used.
[18:02:03]  
[18:02:03] Can use item every: 2:00 min.
[18:02:03]  
[18:02:03] <End Info>
[18:02:04] <Begin Info: Heart of Legion>
[18:02:04]  
[18:02:04] Total Utility: 61.667
[18:02:04]  
[18:02:04] Magical Bonuses:
[18:02:04] 14.67 | Constitution: +22 pts
[18:02:04] 19.00 | Hits: +76 pts
[18:02:04] 14.00 | Energy: +7 %
[18:02:04] 14.00 | Spirit: +7 %
[18:02:04]  
[18:02:04] Level Requirement: 40 Level
[18:02:04]  
[18:02:04] Charged Magic Ability:
[18:02:04] - 10 Charges
[18:02:04] - 10 Max
[18:02:04]  
[18:02:04] Target gains health
[18:02:04]  
[18:02:04] Value: 230
[18:02:04] Target: Self
[18:02:04] Casting time: instant
[18:02:04]  
[18:02:04] - This spell is cast when the item is used.
[18:02:04]  
[18:02:04] Can use item every: 2:00 min.
[18:02:04]  
[18:02:04] <End Info>
[18:02:05] <Begin Info: Ethereal Drakescale Chain>
[18:02:05]  
[18:02:05] Total Utility: 43
[18:02:05]  
[18:02:05] Magical Bonuses:
[18:02:05] 10.00 | Intelligence: +15 pts
[18:02:05] 12.00 | Crush: +6 %
[18:02:05] 6.00 | Power: +6 pts
[18:02:05] 15.00 | Hits: +60 pts
[18:02:05]  
[18:02:05] <End Info>
[18:02:06] <Begin Info: Verdant Necklace>
[18:02:06]  
[18:02:06] Total Utility: 32
[18:02:06]  
[18:02:06] Magical Bonuses:
[18:02:06] 14.00 | Power: +14 pts
[18:02:06] 18.00 | Charisma: +27 pts
[18:02:06]  
[18:02:06]  
[18:02:06] Can use item every: 2:00 min
[18:02:06] <End Info>
[18:02:07] <Begin Info: Skin Scrap of Legion>
[18:02:07]  
[18:02:07] Total Utility: 61.667
[18:02:07]  
[18:02:07] Magical Bonuses:
[18:02:07] 14.67 | Constitution: +22 pts
[18:02:07] 19.00 | Hits: +76 pts
[18:02:07] 14.00 | Energy: +7 %
[18:02:07] 14.00 | Spirit: +7 %
[18:02:07]  
[18:02:07] Level Requirement: 40 Level
[18:02:07]  
[18:02:07] Charged Magic Ability:
[18:02:07] - 10 Charges
[18:02:07] - 10 Max
[18:02:07]  
[18:02:07] Description: Target gains Endurance
[18:02:07]  
[18:02:07] Value: 80
[18:02:07] Target: Self
[18:02:07] Casting time: instant
[18:02:07]  
[18:02:07] - This spell is cast when the item is used.
[18:02:07]  
[18:02:07] Can use item every: 2:00 min.
[18:02:07]  
[18:02:07] <End Info>
[18:02:07] <Begin Info: Frosty Glacier Skin>
[18:02:07]  
[18:02:07] Total Utility: 56.667
[18:02:07]  
[18:02:07] Magical Bonuses:
[18:02:07] 8.67 | Constitution: +13 pts
[18:02:07] 8.00 | Intelligence: +12 pts
[18:02:07] 20.00 | Cold: +10 %
[18:02:07] 20.00 | Slash: +10 %
[18:02:07]  
[18:02:07] <End Info>
[18:02:08] <Begin Info: Frosty Glacier Skin>
[18:02:08]  
[18:02:08] Total Utility: 56.667
[18:02:08]  
[18:02:08] Magical Bonuses:
[18:02:08] 8.67 | Constitution: +13 pts
[18:02:08] 8.00 | Empathy: +12 pts
[18:02:08] 20.00 | Cold: +10 %
[18:02:08] 20.00 | Slash: +10 %
[18:02:08]  
[18:02:08] <End Info>
[18:02:09] <Begin Info: Frosty Glacier Skin>
[18:02:09]  
[18:02:09] Total Utility: 71.667
[18:02:09]  
[18:02:09] Magical Bonuses:
[18:02:09] 6.67 | Constitution: +10 pts
[18:02:09] 20.00 | Cold: +10 %
[18:02:09] 20.00 | Slash: +10 %
[18:02:09] 25.00 | Parry: +5 pts
[18:02:09]  
[18:02:09] <End Info>
[18:02:10] <Begin Info: Frosty Glacier Skin>
[18:02:10] Usable by:
[18:02:10] - Ranger
[18:02:10]  
[18:02:10] Total Utility: 75
[18:02:10]  
[18:02:10] Magical Bonuses:
[18:02:10] 20.00 | Cold: +10 %
[18:02:10] 20.00 | Slash: +10 %
[18:02:10] 20.00 | Stealth: +4 pts
[18:02:10] 15.00 | ALL archery skills: +3 pts
[18:02:10]  
[18:02:10] <End Info>
[18:02:11] <Begin Info: Frosty Glacier Skin>
[18:02:11] Usable by:
[18:02:11] - Nightshade
[18:02:11]  
[18:02:11] Total Utility: 75
[18:02:11]  
[18:02:11] Magical Bonuses:
[18:02:11] 20.00 | Cold: +10 %
[18:02:11] 20.00 | Slash: +10 %
[18:02:11] 20.00 | Critical Strike: +4 pts
[18:02:11] 15.00 | Stealth: +3 pts
[18:02:11]  
[18:02:11] <End Info>
[18:02:12] <Begin Info: Frosty Glacier Skin>
[18:02:12]  
[18:02:12] Total Utility: 56.667
[18:02:12]  
[18:02:12] Magical Bonuses:
[18:02:12] 8.67 | Constitution: +13 pts
[18:02:12] 8.00 | Charisma: +12 pts
[18:02:12] 20.00 | Cold: +10 %
[18:02:12] 20.00 | Slash: +10 %
[18:02:12]  
[18:02:12] <End Info>
[18:02:13] <Begin Info: Cerulescent Silken Cloak>
[18:02:13]  
[18:02:13] Total Utility: 60
[18:02:13]  
[18:02:13] Magical Bonuses:
[18:02:13] 14.00 | Strength: +21 pts
[18:02:13] 14.00 | Quickness: +21 pts
[18:02:13] 16.00 | Hits: +64 pts
[18:02:13] 16.00 | Slash: +8 %
[18:02:13]  
[18:02:13] <End Info>
[18:02:13] <Begin Info: Cloak of Icy Vigor>
[18:02:13]  
[18:02:13] Total Utility: 50
[18:02:13]  
[18:02:13] Magical Bonuses:
[18:02:13] 12.00 | Dexterity: +18 pts
[18:02:13] 12.00 | Constitution: +18 pts
[18:02:13] 12.00 | Hits: +48 pts
[18:02:13] 14.00 | Slash: +7 %
[18:02:13]  
[18:02:13] <End Info>
[18:02:14] @@[Advice] Qwazi: advice dont go solo around prime times :P
[18:02:14] <Begin Info: Grand Summoner's Silken Mantle>
[18:02:14]  
[18:02:14] Total Utility: 72
[18:02:14]  
[18:02:14] Magical Bonuses:
[18:02:14] 12.00 | Hits: +48 pts
[18:02:14] 20.00 | Crush: +10 %
[18:02:14] 20.00 | Slash: +10 %
[18:02:14] 20.00 | Thrust: +10 %
[18:02:14]  
[18:02:14] <End Info>
[18:02:15] <Begin Info: Hardened Wormhide Cloak>
[18:02:15]  
[18:02:15] Total Utility: 62
[18:02:15]  
[18:02:15] Magical Bonuses:
[18:02:15] 14.00 | Hits: +56 pts
[18:02:15] 16.00 | Body: +8 %
[18:02:15] 16.00 | Crush: +8 %
[18:02:15] 16.00 | Heat: +8 %
[18:02:15]  
[18:02:15] Level Requirement: 50 Level
[18:02:15]  
[18:02:15] Charged Magic Ability:
[18:02:15] - 10 Charges
[18:02:15] - 10 Max
[18:02:15]  
[18:02:15] Target regenerates the given amount of health every 'tick'.
[18:02:15]  
[18:02:15] Value: 29
[18:02:15] Target: Self
[18:02:15] Duration: 20 sec
[18:02:15] Casting time: instant
[18:02:15]  
[18:02:15] - This spell is cast when the item is used.
[18:02:15]  
[18:02:15]  
[18:02:15]  
[18:02:15] Can use item every: 2:00 min
[18:02:15] <End Info>
[18:02:16] <Begin Info: Snow Emerald>
[18:02:16]  
[18:02:16] Total Utility: 44
[18:02:16]  
[18:02:16] Magical Bonuses:
[18:02:16] 20.00 | Hits: +80 pts
[18:02:16] 12.00 | Crush: +6 %
[18:02:16] 12.00 | Slash: +6 %
[18:02:16]  
[18:02:16] Level Requirement: 50 Level
[18:02:16]  
[18:02:16] Charged Magic Ability:
[18:02:16] - 10 Charges
[18:02:16] - 10 Max
[18:02:16]  
[18:02:16] Increases the player's combat speed.
[18:02:16] 
[18:02:16] Target hasted: 20%
[18:02:16] Target: Self
[18:02:16] Duration: 60 seconds
[18:02:16] Casting time: Instant
[18:02:16]  
[18:02:16] - This spell is cast when the item is used.
[18:02:16]  
[18:02:16] Can use item every: 2:00 min.
[18:02:16]  
[18:02:16] <End Info>

*** Chat Log Closed: Sun May 30 18:02:19 2021



*** Chat Log Opened: Sun May 30 18:02:22 2021

[18:02:22]                                       
[18:02:25] You need 10000 Phoenix Feather to buy Snow Emerald.
[18:02:25] You have to kill Beliathan before you can purchase this item.
[18:02:26] You need 15000 Phoenix Feather to buy Grand Summoner's Silken Mantle.
[18:02:26] You have to kill Thane_Dyggve before you can purchase this item.
[18:02:27] You need 15000 Phoenix Feather to buy Cerulescent Silken Cloak.
[18:02:28] You need 10000 Phoenix Feather to buy Frosty Glacier Skin.
[18:02:28] You need 10000 Phoenix Feather to buy Frosty Glacier Skin.
[18:02:29] You need 10000 Phoenix Feather to buy Frosty Glacier Skin.
[18:02:29] You need 10000 Phoenix Feather to buy Frosty Glacier Skin.
[18:02:30] You need 10000 Phoenix Feather to buy Frosty Glacier Skin.
[18:02:31] You need 10000 Phoenix Feather to buy Frosty Glacier Skin.
[18:02:31] You need 20000 Phoenix Feather to buy Skin Scrap of Legion.
[18:02:32] You need 20000 Phoenix Feather to buy Verdant Necklace.
[18:02:32] You have to kill Evern before you can purchase this item.
[18:02:33] You need 20000 Phoenix Feather to buy Tasty Chunk of Legion.
[18:02:34] You need 20000 Phoenix Feather to buy Heart of Legion.
[18:02:35] You have to kill Beliathan before you can purchase this item.
[18:02:35] You have to kill Beliathan before you can purchase this item.
[18:02:36] You need 15000 Phoenix Feather to buy Icebound Bracer.
[18:02:37] You need 15000 Phoenix Feather to buy Gilded Verdant Bracer.
[18:02:37] You have to kill Evern before you can purchase this item.
[18:02:38] You need 15000 Phoenix Feather to buy Band of Eternity.
[18:02:38] You need 10000 Phoenix Feather to buy Glacial Emerald Ring.
[18:02:39] You need 10000 Phoenix Feather to buy Verdant Ring.
[18:02:39] @@Aneurin speaks to Iarno
[18:02:39] You have to kill Evern before you can purchase this item.
[18:02:41] You need 15000 Phoenix Feather to buy Vest of Hateful Deceit.
[18:02:42] You need 15000 Phoenix Feather to buy Shimmering Hauberk of Forlorn Souls.
[18:02:42] You need 15000 Phoenix Feather to buy Shimmering Hauberk of Forlorn Deeds.
[18:02:43] @@Aneurin speaks to Iarno
[18:02:43] You need 15000 Phoenix Feather to buy Ancient Daemon Jerkin.
[18:02:43] You need 20000 Phoenix Feather to buy Twinkling Tiara.
[18:02:44] You need 15000 Phoenix Feather to buy Sleeves of Strife.
[18:02:46] You need 20000 Phoenix Feather to buy Sword of Sorrow.
[18:02:46] You need 15000 Phoenix Feather to buy Towering Avernal Defender.
[18:02:50] @@Aneurin speaks to Iarno

*** Chat Log Closed: Sun May 30 18:02:51 2021


