
*** Chat Log Opened: Sun May 30 16:49:54 2021

[16:49:54]                                       
[16:49:58] @@[LFG] Thanouu (36, Thane): any lfg for xp ?
[16:50:03] <Begin Info: Brittlebone Vest>
[16:50:03] Usable by:
[16:50:03] - Bonedancer
[16:50:03]  
[16:50:03] Total Utility: 74.333
[16:50:03] Single Skill Utility: 59.333
[16:50:03]  
[16:50:03] Magical Bonuses:
[16:50:03] 14.67 | Dexterity: +22 pts
[16:50:03] 14.67 | Piety: +22 pts
[16:50:03] 15.00 | Hits: +60 pts
[16:50:03] 30.00 | ALL magic skills: +3 pts
[16:50:03]  
[16:50:03] Level Requirement: 50 Level
[16:50:03]  
[16:50:03] Magical Ability:
[16:50:03] Heals the target.
[16:50:03]  
[16:50:03] Value: 180
[16:50:03] Target: Self
[16:50:03] Casting time: instant
[16:50:03]  
[16:50:03] - Spell has a chance of casting when enemy strikes at this armor.
[16:50:03]  
[16:50:03] Armor Modifiers:
[16:50:03] - 51 Base Factor
[16:50:03] - 50 Clamped Factor
[16:50:03] - 0% Absorption
[16:50:03] - 100% Quality
[16:50:03] - 100% Condition
[16:50:03]  
[16:50:03] Effective Armor:
[16:50:03] - 50 Factor
[16:50:03] <End Info>
[16:50:04] <Begin Info: Brittlebone Pants>
[16:50:04] Usable by:
[16:50:04] - Bonedancer
[16:50:04]  
[16:50:04] Total Utility: 74.333
[16:50:04] Single Skill Utility: 59.333
[16:50:04]  
[16:50:04] Magical Bonuses:
[16:50:04] 14.67 | Dexterity: +22 pts
[16:50:04] 14.67 | Constitution: +22 pts
[16:50:04] 15.00 | Hits: +60 pts
[16:50:04] 30.00 | ALL magic skills: +3 pts
[16:50:04]  
[16:50:04] Level Requirement: 50 Level
[16:50:04]  
[16:50:04] Magical Ability:
[16:50:04] Function: melee health buffer
[16:50:04] 
[16:50:04] Adds a shield to recipient which will temporarily absorb some of the damage type specified.
[16:50:04] 
[16:50:04] Absorption: 50%
[16:50:04] Value: 150
[16:50:04] Target: Self
[16:50:04] Duration: 10:00 min
[16:50:04] Casting time: Instant
[16:50:04] Function: melee health buffer
[16:50:04]  
[16:50:04] - Spell has a chance of casting when enemy strikes at this armor.
[16:50:04]  
[16:50:04] Armor Modifiers:
[16:50:04] - 51 Base Factor
[16:50:04] - 50 Clamped Factor
[16:50:04] - 0% Absorption
[16:50:04] - 100% Quality
[16:50:04] - 100% Condition
[16:50:04]  
[16:50:04] Effective Armor:
[16:50:04] - 50 Factor
[16:50:04] <End Info>
[16:50:05] <Begin Info: Brittlebone Sleeves>
[16:50:05] Usable by:
[16:50:05] - Bonedancer
[16:50:05]  
[16:50:05] Total Utility: 74.333
[16:50:05] Single Skill Utility: 59.333
[16:50:05]  
[16:50:05] Magical Bonuses:
[16:50:05] 14.67 | Constitution: +22 pts
[16:50:05] 14.67 | Piety: +22 pts
[16:50:05] 15.00 | Hits: +60 pts
[16:50:05] 30.00 | ALL magic skills: +3 pts
[16:50:05]  
[16:50:05] Level Requirement: 50 Level
[16:50:05]  
[16:50:05] Magical Ability:
[16:50:05] Function: melee health buffer
[16:50:05] 
[16:50:05] Adds a shield to recipient which will temporarily absorb some of the damage type specified.
[16:50:05] 
[16:50:05] Absorption: 50%
[16:50:05] Value: 150
[16:50:05] Target: Self
[16:50:05] Duration: 10:00 min
[16:50:05] Casting time: Instant
[16:50:05] Function: melee health buffer
[16:50:05]  
[16:50:05] - Spell has a chance of casting when enemy strikes at this armor.
[16:50:05]  
[16:50:05] Armor Modifiers:
[16:50:05] - 51 Base Factor
[16:50:05] - 50 Clamped Factor
[16:50:05] - 0% Absorption
[16:50:05] - 100% Quality
[16:50:05] - 100% Condition
[16:50:05]  
[16:50:05] Effective Armor:
[16:50:05] - 50 Factor
[16:50:05] <End Info>
[16:50:06] <Begin Info: Brittlebone Gloves>
[16:50:06] Usable by:
[16:50:06] - Bonedancer
[16:50:06]  
[16:50:06] Total Utility: 65
[16:50:06]  
[16:50:06] Magical Bonuses:
[16:50:06] 18.00 | Crush: +9 %
[16:50:06] 14.00 | Heat: +7 %
[16:50:06] 18.00 | Matter: +9 %
[16:50:06] 15.00 | Bone Army: +3 pts
[16:50:06]  
[16:50:06] Level Requirement: 50 Level
[16:50:06]  
[16:50:06] Magical Ability:
[16:50:06] Damages the target.
[16:50:06] 
[16:50:06] Damage: 95
[16:50:06] (This figure is modified by your specialization in the skill and your primary casting stat.)
[16:50:06] Target: Enemy Target
[16:50:06] Range: 1500
[16:50:06] Damage Type: Cold
[16:50:06] Casting time: Instant
[16:50:06]  
[16:50:06] - Spell has a chance of casting when enemy strikes at this armor.
[16:50:06]  
[16:50:06] Armor Modifiers:
[16:50:06] - 51 Base Factor
[16:50:06] - 50 Clamped Factor
[16:50:06] - 0% Absorption
[16:50:06] - 100% Quality
[16:50:06] - 100% Condition
[16:50:06]  
[16:50:06] Effective Armor:
[16:50:06] - 50 Factor
[16:50:06] <End Info>
[16:50:06] <Begin Info: Brittlebone Boots>
[16:50:06] Usable by:
[16:50:06] - Bonedancer
[16:50:06]  
[16:50:06] Total Utility: 64
[16:50:06]  
[16:50:06] Magical Bonuses:
[16:50:06] 10.00 | Piety: +15 pts
[16:50:06] 18.00 | Energy: +9 %
[16:50:06] 18.00 | Spirit: +9 %
[16:50:06] 18.00 | Thrust: +9 %
[16:50:06]  
[16:50:06] Level Requirement: 50 Level
[16:50:06]  
[16:50:06] Magical Ability:
[16:50:06] Damages the target.
[16:50:06] 
[16:50:06] Damage: 50
[16:50:06] (This figure is modified by your specialization in the skill and your primary casting stat.)
[16:50:06] Target: Enemy Target
[16:50:06] Range: 1500
[16:50:06] Damage Type: Cold
[16:50:06] Casting time: Instant
[16:50:06]  
[16:50:06] - Spell has a chance of casting when enemy strikes at this armor.
[16:50:06]  
[16:50:06] Armor Modifiers:
[16:50:06] - 51 Base Factor
[16:50:06] - 50 Clamped Factor
[16:50:06] - 0% Absorption
[16:50:06] - 100% Quality
[16:50:06] - 100% Condition
[16:50:06]  
[16:50:06] Effective Armor:
[16:50:06] - 50 Factor
[16:50:06] <End Info>
[16:50:07] <Begin Info: Brittlebone Crown>
[16:50:07] Usable by:
[16:50:07] - Bonedancer
[16:50:07]  
[16:50:07] Total Utility: 64
[16:50:07]  
[16:50:07] Magical Bonuses:
[16:50:07] 10.00 | Constitution: +15 pts
[16:50:07] 18.00 | Body: +9 %
[16:50:07] 18.00 | Cold: +9 %
[16:50:07] 18.00 | Slash: +9 %
[16:50:07]  
[16:50:07] Level Requirement: 50 Level
[16:50:07]  
[16:50:07] Magical Ability:
[16:50:07] Damages the target.
[16:50:07] 
[16:50:07] Damage: 95
[16:50:07] (This figure is modified by your specialization in the skill and your primary casting stat.)
[16:50:07] Target: Enemy Target
[16:50:07] Range: 1500
[16:50:07] Damage Type: Cold
[16:50:07] Casting time: Instant
[16:50:07]  
[16:50:07] - Spell has a chance of casting when enemy strikes at this armor.
[16:50:07]  
[16:50:07] Armor Modifiers:
[16:50:07] - 51 Base Factor
[16:50:07] - 50 Clamped Factor
[16:50:07] - 0% Absorption
[16:50:07] - 100% Quality
[16:50:07] - 100% Condition
[16:50:07]  
[16:50:07] Effective Armor:
[16:50:07] - 50 Factor
[16:50:07] <End Info>
[16:50:08] <Begin Info: Runed Tuscarian Vest>
[16:50:08] Usable by:
[16:50:08] - Runemaster
[16:50:08]  
[16:50:08] Total Utility: 79.333
[16:50:08] Single Skill Utility: 59.333
[16:50:08]  
[16:50:08] Magical Bonuses:
[16:50:08] 14.67 | Dexterity: +22 pts
[16:50:08] 14.67 | Piety: +22 pts
[16:50:08] 10.00 | Hits: +40 pts
[16:50:08] 40.00 | ALL magic skills: +4 pts
[16:50:08]  
[16:50:08] Level Requirement: 50 Level
[16:50:08]  
[16:50:08] Magical Ability:
[16:50:08] Heals the target.
[16:50:08]  
[16:50:08] Value: 180
[16:50:08] Target: Self
[16:50:08] Casting time: instant
[16:50:08]  
[16:50:08] - Spell has a chance of casting when enemy strikes at this armor.
[16:50:08]  
[16:50:08] Armor Modifiers:
[16:50:08] - 51 Base Factor
[16:50:08] - 50 Clamped Factor
[16:50:08] - 0% Absorption
[16:50:08] - 100% Quality
[16:50:08] - 100% Condition
[16:50:08]  
[16:50:08] Effective Armor:
[16:50:08] - 50 Factor
[16:50:08] <End Info>
[16:50:09] <Begin Info: Runed Tuscarian Pants>
[16:50:09] Usable by:
[16:50:09] - Runemaster
[16:50:09]  
[16:50:09] Total Utility: 74.333
[16:50:09] Single Skill Utility: 59.333
[16:50:09]  
[16:50:09] Magical Bonuses:
[16:50:09] 14.67 | Dexterity: +22 pts
[16:50:09] 14.67 | Constitution: +22 pts
[16:50:09] 15.00 | Hits: +60 pts
[16:50:09] 30.00 | ALL magic skills: +3 pts
[16:50:09]  
[16:50:09] Level Requirement: 50 Level
[16:50:09]  
[16:50:09] Magical Ability:
[16:50:09] Function: melee health buffer
[16:50:09] 
[16:50:09] Adds a shield to recipient which will temporarily absorb some of the damage type specified.
[16:50:09] 
[16:50:09] Absorption: 50%
[16:50:09] Value: 150
[16:50:09] Target: Self
[16:50:09] Duration: 10:00 min
[16:50:09] Casting time: Instant
[16:50:09] Function: melee health buffer
[16:50:09]  
[16:50:09] - Spell has a chance of casting when enemy strikes at this armor.
[16:50:09]  
[16:50:09] Armor Modifiers:
[16:50:09] - 51 Base Factor
[16:50:09] - 50 Clamped Factor
[16:50:09] - 0% Absorption
[16:50:09] - 100% Quality
[16:50:09] - 100% Condition
[16:50:09]  
[16:50:09] Effective Armor:
[16:50:09] - 50 Factor
[16:50:09] <End Info>
[16:50:10] <Begin Info: Runed Tuscarian Sleeves>
[16:50:10] Usable by:
[16:50:10] - Runemaster
[16:50:10]  
[16:50:10] Total Utility: 74.333
[16:50:10] Single Skill Utility: 59.333
[16:50:10]  
[16:50:10] Magical Bonuses:
[16:50:10] 14.67 | Constitution: +22 pts
[16:50:10] 14.67 | Piety: +22 pts
[16:50:10] 15.00 | Hits: +60 pts
[16:50:10] 30.00 | ALL magic skills: +3 pts
[16:50:10]  
[16:50:10] Level Requirement: 50 Level
[16:50:10]  
[16:50:10] Magical Ability:
[16:50:10] Function: melee health buffer
[16:50:10] 
[16:50:10] Adds a shield to recipient which will temporarily absorb some of the damage type specified.
[16:50:10] 
[16:50:10] Absorption: 50%
[16:50:10] Value: 150
[16:50:10] Target: Self
[16:50:10] Duration: 10:00 min
[16:50:10] Casting time: Instant
[16:50:10] Function: melee health buffer
[16:50:10]  
[16:50:10] - Spell has a chance of casting when enemy strikes at this armor.
[16:50:10]  
[16:50:10] Armor Modifiers:
[16:50:10] - 51 Base Factor
[16:50:10] - 50 Clamped Factor
[16:50:10] - 0% Absorption
[16:50:10] - 100% Quality
[16:50:10] - 100% Condition
[16:50:10]  
[16:50:10] Effective Armor:
[16:50:10] - 50 Factor
[16:50:10] <End Info>
[16:50:11] <Begin Info: Runed Tuscarian Gloves>
[16:50:11] Usable by:
[16:50:11] - Runemaster
[16:50:11]  
[16:50:11] Total Utility: 60
[16:50:11]  
[16:50:11] Magical Bonuses:
[16:50:11] 10.00 | Piety: +15 pts
[16:50:11] 14.00 | Crush: +7 %
[16:50:11] 18.00 | Heat: +9 %
[16:50:11] 18.00 | Matter: +9 %
[16:50:11]  
[16:50:11] Level Requirement: 50 Level
[16:50:11]  
[16:50:11] Magical Ability:
[16:50:11] Damages the target.
[16:50:11] 
[16:50:11] Damage: 95
[16:50:11] (This figure is modified by your specialization in the skill and your primary casting stat.)
[16:50:11] Target: Enemy Target
[16:50:11] Range: 1500
[16:50:11] Damage Type: Cold
[16:50:11] Casting time: Instant
[16:50:11]  
[16:50:11] - Spell has a chance of casting when enemy strikes at this armor.
[16:50:11]  
[16:50:11] Armor Modifiers:
[16:50:11] - 51 Base Factor
[16:50:11] - 50 Clamped Factor
[16:50:11] - 0% Absorption
[16:50:11] - 100% Quality
[16:50:11] - 100% Condition
[16:50:11]  
[16:50:11] Effective Armor:
[16:50:11] - 50 Factor
[16:50:11] <End Info>
[16:50:11] <Begin Info: Runed Tuscarian Boots>
[16:50:11] Usable by:
[16:50:11] - Runemaster
[16:50:11]  
[16:50:11] Total Utility: 60
[16:50:11]  
[16:50:11] Magical Bonuses:
[16:50:11] 10.00 | Dexterity: +15 pts
[16:50:11] 18.00 | Energy: +9 %
[16:50:11] 14.00 | Spirit: +7 %
[16:50:11] 18.00 | Thrust: +9 %
[16:50:11]  
[16:50:11] Level Requirement: 50 Level
[16:50:11]  
[16:50:11] Magical Ability:
[16:50:11] Damages the target.
[16:50:11] 
[16:50:11] Damage: 95
[16:50:11] (This figure is modified by your specialization in the skill and your primary casting stat.)
[16:50:11] Target: Enemy Target
[16:50:11] Range: 1500
[16:50:11] Damage Type: Cold
[16:50:11] Casting time: Instant
[16:50:11]  
[16:50:11] - Spell has a chance of casting when enemy strikes at this armor.
[16:50:11]  
[16:50:11] Armor Modifiers:
[16:50:11] - 51 Base Factor
[16:50:11] - 50 Clamped Factor
[16:50:11] - 0% Absorption
[16:50:11] - 100% Quality
[16:50:11] - 100% Condition
[16:50:11]  
[16:50:11] Effective Armor:
[16:50:11] - 50 Factor
[16:50:11] <End Info>
[16:50:12] <Begin Info: Runed Tuscarian Crown>
[16:50:12] Usable by:
[16:50:12] - Runemaster
[16:50:12]  
[16:50:12] Total Utility: 60
[16:50:12]  
[16:50:12] Magical Bonuses:
[16:50:12] 10.00 | Constitution: +15 pts
[16:50:12] 14.00 | Body: +7 %
[16:50:12] 18.00 | Cold: +9 %
[16:50:12] 18.00 | Slash: +9 %
[16:50:12]  
[16:50:12] Level Requirement: 50 Level
[16:50:12]  
[16:50:12] Magical Ability:
[16:50:12] Damages the target.
[16:50:12] 
[16:50:12] Damage: 95
[16:50:12] (This figure is modified by your specialization in the skill and your primary casting stat.)
[16:50:12] Target: Enemy Target
[16:50:12] Range: 1500
[16:50:12] Damage Type: Cold
[16:50:12] Casting time: Instant
[16:50:12]  
[16:50:12] - Spell has a chance of casting when enemy strikes at this armor.
[16:50:12]  
[16:50:12] Armor Modifiers:
[16:50:12] - 51 Base Factor
[16:50:12] - 50 Clamped Factor
[16:50:12] - 0% Absorption
[16:50:12] - 100% Quality
[16:50:12] - 100% Condition
[16:50:12]  
[16:50:12] Effective Armor:
[16:50:12] - 50 Factor
[16:50:12] <End Info>
[16:50:13] <Begin Info: Soul-scarred Vest>
[16:50:13] Usable by:
[16:50:13] - Spiritmaster
[16:50:13]  
[16:50:13] Total Utility: 74.333
[16:50:13] Single Skill Utility: 59.333
[16:50:13]  
[16:50:13] Magical Bonuses:
[16:50:13] 14.67 | Dexterity: +22 pts
[16:50:13] 14.67 | Piety: +22 pts
[16:50:13] 15.00 | Hits: +60 pts
[16:50:13] 30.00 | ALL magic skills: +3 pts
[16:50:13]  
[16:50:13] Level Requirement: 50 Level
[16:50:13]  
[16:50:13] Magical Ability:
[16:50:13] Heals the target.
[16:50:13]  
[16:50:13] Value: 180
[16:50:13] Target: Self
[16:50:13] Casting time: instant
[16:50:13]  
[16:50:13] - Spell has a chance of casting when enemy strikes at this armor.
[16:50:13]  
[16:50:13] Armor Modifiers:
[16:50:13] - 51 Base Factor
[16:50:13] - 50 Clamped Factor
[16:50:13] - 0% Absorption
[16:50:13] - 100% Quality
[16:50:13] - 100% Condition
[16:50:13]  
[16:50:13] Effective Armor:
[16:50:13] - 50 Factor
[16:50:13] <End Info>
[16:50:14] <Begin Info: Soul-scarred Pants>
[16:50:14] Usable by:
[16:50:14] - Spiritmaster
[16:50:14]  
[16:50:14] Total Utility: 59.333
[16:50:14]  
[16:50:14] Magical Bonuses:
[16:50:14] 14.67 | Dexterity: +22 pts
[16:50:14] 14.67 | Constitution: +22 pts
[16:50:14] 15.00 | Hits: +60 pts
[16:50:14] 15.00 | Suppression: +3 pts
[16:50:14]  
[16:50:14] Level Requirement: 50 Level
[16:50:14]  
[16:50:14] Magical Ability:
[16:50:14] Function: melee health buffer
[16:50:14] 
[16:50:14] Adds a shield to recipient which will temporarily absorb some of the damage type specified.
[16:50:14] 
[16:50:14] Absorption: 50%
[16:50:14] Value: 150
[16:50:14] Target: Self
[16:50:14] Duration: 10:00 min
[16:50:14] Casting time: Instant
[16:50:14] Function: melee health buffer
[16:50:14]  
[16:50:14] - Spell has a chance of casting when enemy strikes at this armor.
[16:50:14]  
[16:50:14] Armor Modifiers:
[16:50:14] - 51 Base Factor
[16:50:14] - 50 Clamped Factor
[16:50:14] - 0% Absorption
[16:50:14] - 100% Quality
[16:50:14] - 100% Condition
[16:50:14]  
[16:50:14] Effective Armor:
[16:50:14] - 50 Factor
[16:50:14] <End Info>
[16:50:15] <Begin Info: Soul-scarred Sleeves>
[16:50:15] Usable by:
[16:50:15] - Spiritmaster
[16:50:15]  
[16:50:15] Total Utility: 59.333
[16:50:15]  
[16:50:15] Magical Bonuses:
[16:50:15] 14.67 | Constitution: +22 pts
[16:50:15] 14.67 | Piety: +22 pts
[16:50:15] 15.00 | Hits: +60 pts
[16:50:15] 15.00 | Darkness: +3 pts
[16:50:15]  
[16:50:15] Level Requirement: 50 Level
[16:50:15]  
[16:50:15] Magical Ability:
[16:50:15] Function: melee health buffer
[16:50:15] 
[16:50:15] Adds a shield to recipient which will temporarily absorb some of the damage type specified.
[16:50:15] 
[16:50:15] Absorption: 50%
[16:50:15] Value: 150
[16:50:15] Target: Self
[16:50:15] Duration: 10:00 min
[16:50:15] Casting time: Instant
[16:50:15] Function: melee health buffer
[16:50:15]  
[16:50:15] - Spell has a chance of casting when enemy strikes at this armor.
[16:50:15]  
[16:50:15] Armor Modifiers:
[16:50:15] - 51 Base Factor
[16:50:15] - 50 Clamped Factor
[16:50:15] - 0% Absorption
[16:50:15] - 100% Quality
[16:50:15] - 100% Condition
[16:50:15]  
[16:50:15] Effective Armor:
[16:50:15] - 50 Factor
[16:50:15] <End Info>
[16:50:15] <Begin Info: Soul-scarred Gloves>
[16:50:15] Usable by:
[16:50:15] - Spiritmaster
[16:50:15]  
[16:50:15] Total Utility: 60
[16:50:15]  
[16:50:15] Magical Bonuses:
[16:50:15] 10.00 | Constitution: +15 pts
[16:50:15] 18.00 | Crush: +9 %
[16:50:15] 18.00 | Slash: +9 %
[16:50:15] 14.00 | Thrust: +7 %
[16:50:15]  
[16:50:15] Level Requirement: 50 Level
[16:50:15]  
[16:50:15] Magical Ability:
[16:50:15] Damages the target.
[16:50:15] 
[16:50:15] Damage: 95
[16:50:15] (This figure is modified by your specialization in the skill and your primary casting stat.)
[16:50:15] Target: Enemy Target
[16:50:15] Range: 1500
[16:50:15] Damage Type: Cold
[16:50:15] Casting time: Instant
[16:50:15]  
[16:50:15] - Spell has a chance of casting when enemy strikes at this armor.
[16:50:15]  
[16:50:15] Armor Modifiers:
[16:50:15] - 51 Base Factor
[16:50:15] - 50 Clamped Factor
[16:50:15] - 0% Absorption
[16:50:15] - 100% Quality
[16:50:15] - 100% Condition
[16:50:15]  
[16:50:15] Effective Armor:
[16:50:15] - 50 Factor
[16:50:15] <End Info>
[16:50:16] <Begin Info: Soul-scarred Boots>
[16:50:16] Usable by:
[16:50:16] - Spiritmaster
[16:50:16]  
[16:50:16] Total Utility: 60
[16:50:16]  
[16:50:16] Magical Bonuses:
[16:50:16] 10.00 | Piety: +15 pts
[16:50:16] 18.00 | Body: +9 %
[16:50:16] 18.00 | Matter: +9 %
[16:50:16] 14.00 | Spirit: +7 %
[16:50:16]  
[16:50:16] Level Requirement: 50 Level
[16:50:16]  
[16:50:16] Magical Ability:
[16:50:16] Damages the target.
[16:50:16] 
[16:50:16] Damage: 95
[16:50:16] (This figure is modified by your specialization in the skill and your primary casting stat.)
[16:50:16] Target: Enemy Target
[16:50:16] Range: 1500
[16:50:16] Damage Type: Cold
[16:50:16] Casting time: Instant
[16:50:16]  
[16:50:16] - Spell has a chance of casting when enemy strikes at this armor.
[16:50:16]  
[16:50:16] Armor Modifiers:
[16:50:16] - 51 Base Factor
[16:50:16] - 50 Clamped Factor
[16:50:16] - 0% Absorption
[16:50:16] - 100% Quality
[16:50:16] - 100% Condition
[16:50:16]  
[16:50:16] Effective Armor:
[16:50:16] - 50 Factor
[16:50:16] <End Info>
[16:50:17] <Begin Info: Soul-scarred Crown>
[16:50:17] Usable by:
[16:50:17] - Spiritmaster
[16:50:17]  
[16:50:17] Total Utility: 60
[16:50:17]  
[16:50:17] Magical Bonuses:
[16:50:17] 10.00 | Dexterity: +15 pts
[16:50:17] 18.00 | Cold: +9 %
[16:50:17] 14.00 | Energy: +7 %
[16:50:17] 18.00 | Heat: +9 %
[16:50:17]  
[16:50:17] Level Requirement: 50 Level
[16:50:17]  
[16:50:17] Magical Ability:
[16:50:17] Damages the target.
[16:50:17] 
[16:50:17] Damage: 95
[16:50:17] (This figure is modified by your specialization in the skill and your primary casting stat.)
[16:50:17] Target: Enemy Target
[16:50:17] Range: 1500
[16:50:17] Damage Type: Cold
[16:50:17] Casting time: Instant
[16:50:17]  
[16:50:17] - Spell has a chance of casting when enemy strikes at this armor.
[16:50:17]  
[16:50:17] Armor Modifiers:
[16:50:17] - 51 Base Factor
[16:50:17] - 50 Clamped Factor
[16:50:17] - 0% Absorption
[16:50:17] - 100% Quality
[16:50:17] - 100% Condition
[16:50:17]  
[16:50:17] Effective Armor:
[16:50:17] - 50 Factor
[16:50:17] <End Info>
[16:50:18] <Begin Info: Suttung's Spiteful Vest>
[16:50:18] Usable by:
[16:50:18] - Bonedancer
[16:50:18] - Runemaster
[16:50:18] - Spiritmaster
[16:50:18]  
[16:50:18] Total Utility: 63
[16:50:18]  
[16:50:18] Magical Bonuses:
[16:50:18] 9.00 | Power: +9 pts
[16:50:18] 18.00 | Body: +9 %
[16:50:18] 18.00 | Cold: +9 %
[16:50:18] 18.00 | Spirit: +9 %
[16:50:18]  
[16:50:18] Level Requirement: 50 Level
[16:50:18]  
[16:50:18] Magical Ability:
[16:50:18] Spell line: Damage over Time
[16:50:18] 
[16:50:18] Inflicts damage to the target repeatedly over a given time period. This spell can be cast during combat.
[16:50:18] 
[16:50:18] Damage per tick: 64
[16:50:18] (This figure is modified by your specialization in the skill and your primary casting stat.)
[16:50:18] Target: Enemy Target
[16:50:18] Range: 1500
[16:50:18] Damage Type: Body
[16:50:18] Duration: 20 seconds
[16:50:18] Casting time: Instant
[16:50:18]  
[16:50:18] - Spell has a chance of casting when enemy strikes at this armor.
[16:50:18]  
[16:50:18] Armor Modifiers:
[16:50:18] - 51 Base Factor
[16:50:18] - 50 Clamped Factor
[16:50:18] - 0% Absorption
[16:50:18] - 100% Quality
[16:50:18] - 100% Condition
[16:50:18]  
[16:50:18] Effective Armor:
[16:50:18] - 50 Factor
[16:50:18] <End Info>
[16:50:19] <Begin Info: Suttung's Vest of Clarity>
[16:50:19] Usable by:
[16:50:19] - Bonedancer
[16:50:19] - Runemaster
[16:50:19] - Spiritmaster
[16:50:19]  
[16:50:19] Total Utility: 57
[16:50:19]  
[16:50:19] Magical Bonuses:
[16:50:19] 16.00 | Dexterity: +24 pts
[16:50:19] 16.00 | Piety: +24 pts
[16:50:19] 9.00 | Power: +9 pts
[16:50:19] 16.00 | Hits: +64 pts
[16:50:19]  
[16:50:19] Level Requirement: 50 Level
[16:50:19]  
[16:50:19] Charged Magic Ability:
[16:50:19] - 10 Charges
[16:50:19] - 10 Max
[16:50:19]  
[16:50:19] Target regenerates power regeneration during the duration of the spell.
[16:50:19]  
[16:50:19] Value: 3
[16:50:19] Target: Self
[16:50:19] Duration: 10:00 min
[16:50:19] Casting time: instant
[16:50:19]  
[16:50:19] - This spell is cast when the item is used.
[16:50:19]  
[16:50:19] Can use item every: 2:00 min.
[16:50:19]  
[16:50:19] Armor Modifiers:
[16:50:19] - 51 Base Factor
[16:50:19] - 50 Clamped Factor
[16:50:19] - 0% Absorption
[16:50:19] - 100% Quality
[16:50:19] - 100% Condition
[16:50:19]  
[16:50:19] Effective Armor:
[16:50:19] - 50 Factor
[16:50:19] <End Info>
[16:50:20] <Begin Info: Woven Ice Queen Crown>
[16:50:20] Usable by:
[16:50:20] - Bonedancer
[16:50:20] - Runemaster
[16:50:20] - Spiritmaster
[16:50:20]  
[16:50:20] Total Utility: 66
[16:50:20]  
[16:50:20] Magical Bonuses:
[16:50:20] 16.00 | Dexterity: +24 pts
[16:50:20] 16.00 | Piety: +24 pts
[16:50:20] 16.00 | Hits: +64 pts
[16:50:20] 18.00 | Thrust: +9 %
[16:50:20]  
[16:50:20] Level Requirement: 50 Level
[16:50:20]  
[16:50:20] Magical Ability:
[16:50:20] Damages the target.
[16:50:20] 
[16:50:20] Damage: 95
[16:50:20] (This figure is modified by your specialization in the skill and your primary casting stat.)
[16:50:20] Target: Enemy Target
[16:50:20] Range: 1500
[16:50:20] Damage Type: Cold
[16:50:20] Casting time: Instant
[16:50:20]  
[16:50:20] - Spell has a chance of casting when enemy strikes at this armor.
[16:50:20]  
[16:50:20] Armor Modifiers:
[16:50:20] - 50 Base Factor
[16:50:20] - 50 Clamped Factor
[16:50:20] - 0% Absorption
[16:50:20] - 100% Quality
[16:50:20] - 100% Condition
[16:50:20]  
[16:50:20] Effective Armor:
[16:50:20] - 50 Factor
[16:50:20] <End Info>
[16:50:22] <Begin Info: Ice-Shadow Jerkin>
[16:50:22] Usable by:
[16:50:22] - Shadowblade
[16:50:22]  
[16:50:22] Total Utility: 77
[16:50:22] Single Skill Utility: 62
[16:50:22]  
[16:50:22] Magical Bonuses:
[16:50:22] 14.00 | Strength: +21 pts
[16:50:22] 18.00 | Constitution: +27 pts
[16:50:22] 15.00 | Envenom: +3 pts
[16:50:22] 30.00 | ALL melee weapon skills: +3 pts
[16:50:22]  
[16:50:22] Level Requirement: 50 Level
[16:50:22]  
[16:50:22] Magical Ability:
[16:50:22] Heals the target.
[16:50:22]  
[16:50:22] Value: 180
[16:50:22] Target: Self
[16:50:22] Casting time: instant
[16:50:22]  
[16:50:22] - Spell has a chance of casting when enemy strikes at this armor.
[16:50:22]  
[16:50:22] Armor Modifiers:
[16:50:22] - 102 Base Factor
[16:50:22] - 100 Clamped Factor
[16:50:22] - 10% Absorption
[16:50:22] - 100% Quality
[16:50:22] - 100% Condition
[16:50:22]  
[16:50:22] Effective Armor:
[16:50:22] - 110 Factor
[16:50:22] <End Info>
[16:50:23] <Begin Info: Ice-Shadow Leggings>
[16:50:23] Usable by:
[16:50:23] - Shadowblade
[16:50:23]  
[16:50:23] Total Utility: 65
[16:50:23]  
[16:50:23] Magical Bonuses:
[16:50:23] 18.00 | Heat: +9 %
[16:50:23] 14.00 | Matter: +7 %
[16:50:23] 18.00 | Slash: +9 %
[16:50:23] 15.00 | Stealth: +3 pts
[16:50:23]  
[16:50:23] Level Requirement: 50 Level
[16:50:23]  
[16:50:23] Magical Ability:
[16:50:23] Function: melee health buffer
[16:50:23] 
[16:50:23] Adds a shield to recipient which will temporarily absorb some of the damage type specified.
[16:50:23] 
[16:50:23] Absorption: 50%
[16:50:23] Value: 150
[16:50:23] Target: Self
[16:50:23] Duration: 10:00 min
[16:50:23] Casting time: Instant
[16:50:23] Function: melee health buffer
[16:50:23]  
[16:50:23] - Spell has a chance of casting when enemy strikes at this armor.
[16:50:23]  
[16:50:23] Armor Modifiers:
[16:50:23] - 102 Base Factor
[16:50:23] - 100 Clamped Factor
[16:50:23] - 10% Absorption
[16:50:23] - 100% Quality
[16:50:23] - 100% Condition
[16:50:23]  
[16:50:23] Effective Armor:
[16:50:23] - 110 Factor
[16:50:23] <End Info>
[16:50:24] <Begin Info: Ice-Shadow Sleeves>
[16:50:24] Usable by:
[16:50:24] - Shadowblade
[16:50:24]  
[16:50:24] Total Utility: 65
[16:50:24]  
[16:50:24] Magical Bonuses:
[16:50:24] 14.00 | Body: +7 %
[16:50:24] 18.00 | Cold: +9 %
[16:50:24] 18.00 | Slash: +9 %
[16:50:24] 15.00 | Critical Strike: +3 pts
[16:50:24]  
[16:50:24] Level Requirement: 50 Level
[16:50:24]  
[16:50:24] Magical Ability:
[16:50:24] Function: melee health buffer
[16:50:24] 
[16:50:24] Adds a shield to recipient which will temporarily absorb some of the damage type specified.
[16:50:24] 
[16:50:24] Absorption: 50%
[16:50:24] Value: 150
[16:50:24] Target: Self
[16:50:24] Duration: 10:00 min
[16:50:24] Casting time: Instant
[16:50:24] Function: melee health buffer
[16:50:24]  
[16:50:24] - Spell has a chance of casting when enemy strikes at this armor.
[16:50:24]  
[16:50:24] Armor Modifiers:
[16:50:24] - 102 Base Factor
[16:50:24] - 100 Clamped Factor
[16:50:24] - 10% Absorption
[16:50:24] - 100% Quality
[16:50:24] - 100% Condition
[16:50:24]  
[16:50:24] Effective Armor:
[16:50:24] - 110 Factor
[16:50:24] <End Info>
[16:50:25] <Begin Info: Ice-Shadow Gloves>
[16:50:25] Usable by:
[16:50:25] - Shadowblade
[16:50:25]  
[16:50:25] Total Utility: 59.333
[16:50:25]  
[16:50:25] Magical Bonuses:
[16:50:25] 14.67 | Strength: +22 pts
[16:50:25] 14.67 | Quickness: +22 pts
[16:50:25] 15.00 | Hits: +60 pts
[16:50:25] 15.00 | Left Axe: +3 pts
[16:50:25]  
[16:50:25] Level Requirement: 50 Level
[16:50:25]  
[16:50:25] Magical Ability:
[16:50:25] Damages the target.
[16:50:25] 
[16:50:25] Damage: 95
[16:50:25] (This figure is modified by your specialization in the skill and your primary casting stat.)
[16:50:25] Target: Enemy Target
[16:50:25] Range: 1500
[16:50:25] Damage Type: Cold
[16:50:25] Casting time: Instant
[16:50:25]  
[16:50:25] - Spell has a chance of casting when enemy strikes at this armor.
[16:50:25]  
[16:50:25] Armor Modifiers:
[16:50:25] - 102 Base Factor
[16:50:25] - 100 Clamped Factor
[16:50:25] - 10% Absorption
[16:50:25] - 100% Quality
[16:50:25] - 100% Condition
[16:50:25]  
[16:50:25] Effective Armor:
[16:50:25] - 110 Factor
[16:50:25] <End Info>
[16:50:25] <Begin Info: Ice-Shadow Boots>
[16:50:25] Usable by:
[16:50:25] - Shadowblade
[16:50:25]  
[16:50:25] Total Utility: 65
[16:50:25]  
[16:50:25] Magical Bonuses:
[16:50:25] 18.00 | Energy: +9 %
[16:50:25] 18.00 | Spirit: +9 %
[16:50:25] 14.00 | Thrust: +7 %
[16:50:25] 15.00 | Envenom: +3 pts
[16:50:25]  
[16:50:25] Level Requirement: 50 Level
[16:50:25]  
[16:50:25] Magical Ability:
[16:50:25] Damages the target.
[16:50:25] 
[16:50:25] Damage: 95
[16:50:25] (This figure is modified by your specialization in the skill and your primary casting stat.)
[16:50:25] Target: Enemy Target
[16:50:25] Range: 1500
[16:50:25] Damage Type: Cold
[16:50:25] Casting time: Instant
[16:50:25]  
[16:50:25] - Spell has a chance of casting when enemy strikes at this armor.
[16:50:25]  
[16:50:25] Armor Modifiers:
[16:50:25] - 102 Base Factor
[16:50:25] - 100 Clamped Factor
[16:50:25] - 10% Absorption
[16:50:25] - 100% Quality
[16:50:25] - 100% Condition
[16:50:25]  
[16:50:25] Effective Armor:
[16:50:25] - 110 Factor
[16:50:25] <End Info>
[16:50:26] @@[LFG] Pabbels (35, Shadowblade): 3/8 xp
[16:50:26] <Begin Info: Ice-Shadow Crown>
[16:50:26] Usable by:
[16:50:26] - Shadowblade
[16:50:26]  
[16:50:26] Total Utility: 59.333
[16:50:26]  
[16:50:26] Magical Bonuses:
[16:50:26] 14.67 | Dexterity: +22 pts
[16:50:26] 14.67 | Constitution: +22 pts
[16:50:26] 15.00 | Hits: +60 pts
[16:50:26] 15.00 | Stealth: +3 pts
[16:50:26]  
[16:50:26] Level Requirement: 50 Level
[16:50:26]  
[16:50:26] Magical Ability:
[16:50:26] Damages the target.
[16:50:26] 
[16:50:26] Damage: 95
[16:50:26] (This figure is modified by your specialization in the skill and your primary casting stat.)
[16:50:26] Target: Enemy Target
[16:50:26] Range: 1500
[16:50:26] Damage Type: Cold
[16:50:26] Casting time: Instant
[16:50:26]  
[16:50:26] - Spell has a chance of casting when enemy strikes at this armor.
[16:50:26]  
[16:50:26] Armor Modifiers:
[16:50:26] - 102 Base Factor
[16:50:26] - 100 Clamped Factor
[16:50:26] - 10% Absorption
[16:50:26] - 100% Quality
[16:50:26] - 100% Condition
[16:50:26]  
[16:50:26] Effective Armor:
[16:50:26] - 110 Factor
[16:50:26] <End Info>
[16:50:27] <Begin Info: Birghirian Hauberk>
[16:50:27] Usable by:
[16:50:27] - Shadowblade
[16:50:27]  
[16:50:27] Total Utility: 71.667
[16:50:27]  
[16:50:27] Magical Bonuses:
[16:50:27] 14.67 | Constitution: +22 pts
[16:50:27] 12.00 | Cold: +6 %
[16:50:27] 20.00 | Critical Strike: +4 pts
[16:50:27] 25.00 | Envenom: +5 pts
[16:50:27]  
[16:50:27] Level Requirement: 50 Level
[16:50:27]  
[16:50:27] Magical Ability:
[16:50:27] Creates a field that damages anyone who attacks the target in melee.
[16:50:27] 
[16:50:27] Creates a field that damages anyone who attacks the target in melee.
[16:50:27] Damage: 5.1 DPS
[16:50:27] Target: Self
[16:50:27] Duration: 20 seconds
[16:50:27] Casting time: Instant
[16:50:27]  
[16:50:27] - Spell has a chance of casting when enemy strikes at this armor.
[16:50:27]  
[16:50:27] Armor Modifiers:
[16:50:27] - 102 Base Factor
[16:50:27] - 100 Clamped Factor
[16:50:27] - 10% Absorption
[16:50:27] - 100% Quality
[16:50:27] - 100% Condition
[16:50:27]  
[16:50:27] Effective Armor:
[16:50:27] - 110 Factor
[16:50:27] <End Info>
[16:50:28] <Begin Info: Jailor's Gloves>
[16:50:28] Usable by:
[16:50:28] - Shadowblade
[16:50:28]  
[16:50:28] Total Utility: 66
[16:50:28]  
[16:50:28] Magical Bonuses:
[16:50:28] 12.00 | Body: +6 %
[16:50:28] 12.00 | Matter: +6 %
[16:50:28] 12.00 | Spirit: +6 %
[16:50:28] 30.00 | Critical Strike: +6 pts
[16:50:28]  
[16:50:28] Level Requirement: 50 Level
[16:50:28]  
[16:50:28] Magical Ability:
[16:50:28] Creates a field that damages anyone who attacks the target in melee.
[16:50:28] 
[16:50:28] Creates a field that damages anyone who attacks the target in melee.
[16:50:28] Damage: 5.1 DPS
[16:50:28] Target: Self
[16:50:28] Duration: 20 seconds
[16:50:28] Casting time: Instant
[16:50:28]  
[16:50:28] - Spell has a chance of casting when enemy strikes at this armor.
[16:50:28]  
[16:50:28] Armor Modifiers:
[16:50:28] - 102 Base Factor
[16:50:28] - 100 Clamped Factor
[16:50:28] - 10% Absorption
[16:50:28] - 100% Quality
[16:50:28] - 100% Condition
[16:50:28]  
[16:50:28] Effective Armor:
[16:50:28] - 110 Factor
[16:50:28] <End Info>
[16:50:29] <Begin Info: Shadowed Ice Queen Crown>
[16:50:29] Usable by:
[16:50:29] - Shadowblade
[16:50:29]  
[16:50:29] Total Utility: 66
[16:50:29]  
[16:50:29] Magical Bonuses:
[16:50:29] 16.00 | Strength: +24 pts
[16:50:29] 16.00 | Dexterity: +24 pts
[16:50:29] 16.00 | Hits: +64 pts
[16:50:29] 18.00 | Slash: +9 %
[16:50:29]  
[16:50:29] Level Requirement: 50 Level
[16:50:29]  
[16:50:29] Magical Ability:
[16:50:29] Damages the target.
[16:50:29] 
[16:50:29] Damage: 95
[16:50:29] (This figure is modified by your specialization in the skill and your primary casting stat.)
[16:50:29] Target: Enemy Target
[16:50:29] Range: 1500
[16:50:29] Damage Type: Cold
[16:50:29] Casting time: Instant
[16:50:29]  
[16:50:29] - Spell has a chance of casting when enemy strikes at this armor.
[16:50:29]  
[16:50:29] Armor Modifiers:
[16:50:29] - 102 Base Factor
[16:50:29] - 100 Clamped Factor
[16:50:29] - 10% Absorption
[16:50:29] - 100% Quality
[16:50:29] - 100% Condition
[16:50:29]  
[16:50:29] Effective Armor:
[16:50:29] - 110 Factor
[16:50:29] <End Info>
[16:50:31] <Begin Info: Dragon-shadow Vest>
[16:50:31] Usable by:
[16:50:31] - Savage
[16:50:31]  
[16:50:31] Total Utility: 80
[16:50:31] Single Skill Utility: 65
[16:50:31]  
[16:50:31] Magical Bonuses:
[16:50:31] 18.00 | Crush: +9 %
[16:50:31] 18.00 | Heat: +9 %
[16:50:31] 14.00 | Matter: +7 %
[16:50:31] 30.00 | ALL melee weapon skills: +3 pts
[16:50:31]  
[16:50:31] Level Requirement: 50 Level
[16:50:31]  
[16:50:31] Magical Ability:
[16:50:31] Heals the target.
[16:50:31]  
[16:50:31] Value: 180
[16:50:31] Target: Self
[16:50:31] Casting time: instant
[16:50:31]  
[16:50:31] - Spell has a chance of casting when enemy strikes at this armor.
[16:50:31]  
[16:50:31] Armor Modifiers:
[16:50:31] - 102 Base Factor
[16:50:31] - 100 Clamped Factor
[16:50:31] - 19% Absorption
[16:50:31] - 100% Quality
[16:50:31] - 100% Condition
[16:50:31]  
[16:50:31] Effective Armor:
[16:50:31] - 119 Factor
[16:50:31] <End Info>
[16:50:32] <Begin Info: Dragon-shadow Leggings>
[16:50:32] Usable by:
[16:50:32] - Savage
[16:50:32]  
[16:50:32] Total Utility: 65
[16:50:32]  
[16:50:32] Magical Bonuses:
[16:50:32] 14.00 | Body: +7 %
[16:50:32] 18.00 | Cold: +9 %
[16:50:32] 18.00 | Slash: +9 %
[16:50:32] 15.00 | Parry: +3 pts
[16:50:32]  
[16:50:32] Level Requirement: 50 Level
[16:50:32]  
[16:50:32] Magical Ability:
[16:50:32] Function: melee health buffer
[16:50:32] 
[16:50:32] Adds a shield to recipient which will temporarily absorb some of the damage type specified.
[16:50:32] 
[16:50:32] Absorption: 50%
[16:50:32] Value: 150
[16:50:32] Target: Self
[16:50:32] Duration: 10:00 min
[16:50:32] Casting time: Instant
[16:50:32] Function: melee health buffer
[16:50:32]  
[16:50:32] - Spell has a chance of casting when enemy strikes at this armor.
[16:50:32]  
[16:50:32] Armor Modifiers:
[16:50:32] - 102 Base Factor
[16:50:32] - 100 Clamped Factor
[16:50:32] - 19% Absorption
[16:50:32] - 100% Quality
[16:50:32] - 100% Condition
[16:50:32]  
[16:50:32] Effective Armor:
[16:50:32] - 119 Factor
[16:50:32] <End Info>
[16:50:33] <Begin Info: Dragon-shadow Sleeves>
[16:50:33] Usable by:
[16:50:33] - Savage
[16:50:33]  
[16:50:33] Total Utility: 80
[16:50:33] Single Skill Utility: 65
[16:50:33]  
[16:50:33] Magical Bonuses:
[16:50:33] 18.00 | Energy: +9 %
[16:50:33] 14.00 | Spirit: +7 %
[16:50:33] 18.00 | Thrust: +9 %
[16:50:33] 30.00 | ALL melee weapon skills: +3 pts
[16:50:33]  
[16:50:33] Level Requirement: 50 Level
[16:50:33]  
[16:50:33] Magical Ability:
[16:50:33] Function: melee health buffer
[16:50:33] 
[16:50:33] Adds a shield to recipient which will temporarily absorb some of the damage type specified.
[16:50:33] 
[16:50:33] Absorption: 50%
[16:50:33] Value: 150
[16:50:33] Target: Self
[16:50:33] Duration: 10:00 min
[16:50:33] Casting time: Instant
[16:50:33] Function: melee health buffer
[16:50:33]  
[16:50:33] - Spell has a chance of casting when enemy strikes at this armor.
[16:50:33]  
[16:50:33] Armor Modifiers:
[16:50:33] - 102 Base Factor
[16:50:33] - 100 Clamped Factor
[16:50:33] - 19% Absorption
[16:50:33] - 100% Quality
[16:50:33] - 100% Condition
[16:50:33]  
[16:50:33] Effective Armor:
[16:50:33] - 119 Factor
[16:50:33] <End Info>
[16:50:34] <Begin Info: Dragon-shadow Gauntlets>
[16:50:34] Usable by:
[16:50:34] - Savage
[16:50:34]  
[16:50:34] Total Utility: 59.333
[16:50:34]  
[16:50:34] Magical Bonuses:
[16:50:34] 14.67 | Constitution: +22 pts
[16:50:34] 14.67 | Quickness: +22 pts
[16:50:34] 15.00 | Hits: +60 pts
[16:50:34] 15.00 | Parry: +3 pts
[16:50:34]  
[16:50:34] Level Requirement: 50 Level
[16:50:34]  
[16:50:34] Magical Ability:
[16:50:34] Damages the target.
[16:50:34] 
[16:50:34] Damage: 50
[16:50:34] (This figure is modified by your specialization in the skill and your primary casting stat.)
[16:50:34] Target: Enemy Target
[16:50:34] Range: 1500
[16:50:34] Damage Type: Cold
[16:50:34] Casting time: Instant
[16:50:34]  
[16:50:34] - Spell has a chance of casting when enemy strikes at this armor.
[16:50:34]  
[16:50:34] Armor Modifiers:
[16:50:34] - 102 Base Factor
[16:50:34] - 100 Clamped Factor
[16:50:34] - 19% Absorption
[16:50:34] - 100% Quality
[16:50:34] - 100% Condition
[16:50:34]  
[16:50:34] Effective Armor:
[16:50:34] - 119 Factor
[16:50:34] <End Info>
[16:50:35] <Begin Info: Dragon-shadow Boots>
[16:50:35] Usable by:
[16:50:35] - Savage
[16:50:35]  
[16:50:35] Total Utility: 74.333
[16:50:35] Single Skill Utility: 59.333
[16:50:35]  
[16:50:35] Magical Bonuses:
[16:50:35] 14.67 | Strength: +22 pts
[16:50:35] 14.67 | Dexterity: +22 pts
[16:50:35] 15.00 | Hits: +60 pts
[16:50:35] 30.00 | ALL melee weapon skills: +3 pts
[16:50:35]  
[16:50:35] Level Requirement: 50 Level
[16:50:35]  
[16:50:35] Magical Ability:
[16:50:35] Damages the target.
[16:50:35] 
[16:50:35] Damage: 50
[16:50:35] (This figure is modified by your specialization in the skill and your primary casting stat.)
[16:50:35] Target: Enemy Target
[16:50:35] Range: 1500
[16:50:35] Damage Type: Cold
[16:50:35] Casting time: Instant
[16:50:35]  
[16:50:35] - Spell has a chance of casting when enemy strikes at this armor.
[16:50:35]  
[16:50:35] Armor Modifiers:
[16:50:35] - 102 Base Factor
[16:50:35] - 100 Clamped Factor
[16:50:35] - 19% Absorption
[16:50:35] - 100% Quality
[16:50:35] - 100% Condition
[16:50:35]  
[16:50:35] Effective Armor:
[16:50:35] - 119 Factor
[16:50:35] <End Info>
[16:50:35] <Begin Info: Dragon-shadow Crown>
[16:50:35] Usable by:
[16:50:35] - Savage
[16:50:35]  
[16:50:35] Total Utility: 59.333
[16:50:35]  
[16:50:35] Magical Bonuses:
[16:50:35] 14.67 | Dexterity: +22 pts
[16:50:35] 14.67 | Constitution: +22 pts
[16:50:35] 15.00 | Hits: +60 pts
[16:50:35] 15.00 | Parry: +3 pts
[16:50:35]  
[16:50:35] Level Requirement: 50 Level
[16:50:35]  
[16:50:35] Magical Ability:
[16:50:35] Damages the target.
[16:50:35] 
[16:50:35] Damage: 50
[16:50:35] (This figure is modified by your specialization in the skill and your primary casting stat.)
[16:50:35] Target: Enemy Target
[16:50:35] Range: 1500
[16:50:35] Damage Type: Cold
[16:50:35] Casting time: Instant
[16:50:35]  
[16:50:35] - Spell has a chance of casting when enemy strikes at this armor.
[16:50:35]  
[16:50:35] Armor Modifiers:
[16:50:35] - 102 Base Factor
[16:50:35] - 100 Clamped Factor
[16:50:35] - 19% Absorption
[16:50:35] - 100% Quality
[16:50:35] - 100% Condition
[16:50:35]  
[16:50:35] Effective Armor:
[16:50:35] - 119 Factor
[16:50:35] <End Info>
[16:50:36] <Begin Info: Tuscarian Clan Vest>
[16:50:36] Usable by:
[16:50:36] - Berserker
[16:50:36]  
[16:50:36] Total Utility: 84
[16:50:36] Single Skill Utility: 64
[16:50:36]  
[16:50:36] Magical Bonuses:
[16:50:36] 12.00 | Hits: +48 pts
[16:50:36] 16.00 | Cold: +8 %
[16:50:36] 16.00 | Heat: +8 %
[16:50:36] 40.00 | ALL melee weapon skills: +4 pts
[16:50:36]  
[16:50:36] Level Requirement: 50 Level
[16:50:36]  
[16:50:36] Magical Ability:
[16:50:36] Heals the target.
[16:50:36]  
[16:50:36] Value: 180
[16:50:36] Target: Self
[16:50:36] Casting time: instant
[16:50:36]  
[16:50:36] - Spell has a chance of casting when enemy strikes at this armor.
[16:50:36]  
[16:50:36] Armor Modifiers:
[16:50:36] - 102 Base Factor
[16:50:36] - 100 Clamped Factor
[16:50:36] - 19% Absorption
[16:50:36] - 100% Quality
[16:50:36] - 100% Condition
[16:50:36]  
[16:50:36] Effective Armor:
[16:50:36] - 119 Factor
[16:50:36] <End Info>
[16:50:37] <Begin Info: Tuscarian Clan Leggings>
[16:50:37] Usable by:
[16:50:37] - Berserker
[16:50:37]  
[16:50:37] Total Utility: 74
[16:50:37] Single Skill Utility: 59
[16:50:37]  
[16:50:37] Magical Bonuses:
[16:50:37] 10.00 | Constitution: +15 pts
[16:50:37] 18.00 | Energy: +9 %
[16:50:37] 16.00 | Matter: +8 %
[16:50:37] 30.00 | ALL melee weapon skills: +3 pts
[16:50:37]  
[16:50:37] Level Requirement: 50 Level
[16:50:37]  
[16:50:37] Magical Ability:
[16:50:37] Function: melee health buffer
[16:50:37] 
[16:50:37] Adds a shield to recipient which will temporarily absorb some of the damage type specified.
[16:50:37] 
[16:50:37] Absorption: 50%
[16:50:37] Value: 150
[16:50:37] Target: Self
[16:50:37] Duration: 10:00 min
[16:50:37] Casting time: Instant
[16:50:37] Function: melee health buffer
[16:50:37]  
[16:50:37] - Spell has a chance of casting when enemy strikes at this armor.
[16:50:37]  
[16:50:37] Armor Modifiers:
[16:50:37] - 102 Base Factor
[16:50:37] - 100 Clamped Factor
[16:50:37] - 19% Absorption
[16:50:37] - 100% Quality
[16:50:37] - 100% Condition
[16:50:37]  
[16:50:37] Effective Armor:
[16:50:37] - 119 Factor
[16:50:37] <End Info>
[16:50:38] <Begin Info: Tuscarian Clan Sleeves>
[16:50:38] Usable by:
[16:50:38] - Berserker
[16:50:38]  
[16:50:38] Total Utility: 74
[16:50:38] Single Skill Utility: 59
[16:50:38]  
[16:50:38] Magical Bonuses:
[16:50:38] 12.00 | Dexterity: +18 pts
[16:50:38] 14.00 | Body: +7 %
[16:50:38] 18.00 | Spirit: +9 %
[16:50:38] 30.00 | ALL melee weapon skills: +3 pts
[16:50:38]  
[16:50:38] Level Requirement: 50 Level
[16:50:38]  
[16:50:38] Magical Ability:
[16:50:38] Function: melee health buffer
[16:50:38] 
[16:50:38] Adds a shield to recipient which will temporarily absorb some of the damage type specified.
[16:50:38] 
[16:50:38] Absorption: 50%
[16:50:38] Value: 150
[16:50:38] Target: Self
[16:50:38] Duration: 10:00 min
[16:50:38] Casting time: Instant
[16:50:38] Function: melee health buffer
[16:50:38]  
[16:50:38] - Spell has a chance of casting when enemy strikes at this armor.
[16:50:38]  
[16:50:38] Armor Modifiers:
[16:50:38] - 102 Base Factor
[16:50:38] - 100 Clamped Factor
[16:50:38] - 19% Absorption
[16:50:38] - 100% Quality
[16:50:38] - 100% Condition
[16:50:38]  
[16:50:38] Effective Armor:
[16:50:38] - 119 Factor
[16:50:38] <End Info>
[16:50:39] <Begin Info: Tuscarian Clan Gauntlets>
[16:50:39] Usable by:
[16:50:39] - Berserker
[16:50:39]  
[16:50:39] Total Utility: 57
[16:50:39]  
[16:50:39] Magical Bonuses:
[16:50:39] 14.00 | Dexterity: +21 pts
[16:50:39] 18.00 | Constitution: +27 pts
[16:50:39] 10.00 | Hits: +40 pts
[16:50:39] 15.00 | Axe: +3 pts
[16:50:39]  
[16:50:39] Level Requirement: 50 Level
[16:50:39]  
[16:50:39] Magical Ability:
[16:50:39] Damages the target.
[16:50:39] 
[16:50:39] Damage: 95
[16:50:39] (This figure is modified by your specialization in the skill and your primary casting stat.)
[16:50:39] Target: Enemy Target
[16:50:39] Range: 1500
[16:50:39] Damage Type: Cold
[16:50:39] Casting time: Instant
[16:50:39]  
[16:50:39] - Spell has a chance of casting when enemy strikes at this armor.
[16:50:39]  
[16:50:39] Armor Modifiers:
[16:50:39] - 102 Base Factor
[16:50:39] - 100 Clamped Factor
[16:50:39] - 19% Absorption
[16:50:39] - 100% Quality
[16:50:39] - 100% Condition
[16:50:39]  
[16:50:39] Effective Armor:
[16:50:39] - 119 Factor
[16:50:39] <End Info>
[16:50:40] <Begin Info: Tuscarian Clan Boots>
[16:50:40] Usable by:
[16:50:40] - Berserker
[16:50:40]  
[16:50:40] Total Utility: 65
[16:50:40]  
[16:50:40] Magical Bonuses:
[16:50:40] 16.00 | Crush: +8 %
[16:50:40] 16.00 | Slash: +8 %
[16:50:40] 18.00 | Thrust: +9 %
[16:50:40] 15.00 | Left Axe: +3 pts
[16:50:40]  
[16:50:40] Level Requirement: 50 Level
[16:50:40]  
[16:50:40] Magical Ability:
[16:50:40] Damages the target.
[16:50:40] 
[16:50:40] Damage: 95
[16:50:40] (This figure is modified by your specialization in the skill and your primary casting stat.)
[16:50:40] Target: Enemy Target
[16:50:40] Range: 1500
[16:50:40] Damage Type: Cold
[16:50:40] Casting time: Instant
[16:50:40]  
[16:50:40] - Spell has a chance of casting when enemy strikes at this armor.
[16:50:40]  
[16:50:40] Armor Modifiers:
[16:50:40] - 102 Base Factor
[16:50:40] - 100 Clamped Factor
[16:50:40] - 19% Absorption
[16:50:40] - 100% Quality
[16:50:40] - 100% Condition
[16:50:40]  
[16:50:40] Effective Armor:
[16:50:40] - 119 Factor
[16:50:40] <End Info>
[16:50:41] <Begin Info: Tuscarian Clan Crown>
[16:50:41] Usable by:
[16:50:41] - Berserker
[16:50:41]  
[16:50:41] Total Utility: 54
[16:50:41]  
[16:50:41] Magical Bonuses:
[16:50:41] 14.67 | Strength: +22 pts
[16:50:41] 14.67 | Dexterity: +22 pts
[16:50:41] 14.67 | Constitution: +22 pts
[16:50:41] 10.00 | Hits: +40 pts
[16:50:41]  
[16:50:41] Level Requirement: 50 Level
[16:50:41]  
[16:50:41] Magical Ability:
[16:50:41] Damages the target.
[16:50:41] 
[16:50:41] Damage: 95
[16:50:41] (This figure is modified by your specialization in the skill and your primary casting stat.)
[16:50:41] Target: Enemy Target
[16:50:41] Range: 1500
[16:50:41] Damage Type: Cold
[16:50:41] Casting time: Instant
[16:50:41]  
[16:50:41] - Spell has a chance of casting when enemy strikes at this armor.
[16:50:41]  
[16:50:41] Armor Modifiers:
[16:50:41] - 102 Base Factor
[16:50:41] - 100 Clamped Factor
[16:50:41] - 19% Absorption
[16:50:41] - 100% Quality
[16:50:41] - 100% Condition
[16:50:41]  
[16:50:41] Effective Armor:
[16:50:41] - 119 Factor
[16:50:41] <End Info>
[16:50:42] <Begin Info: Wintery Seeker's Vest>
[16:50:42] Usable by:
[16:50:42] - Hunter
[16:50:42]  
[16:50:42] Total Utility: 62
[16:50:42]  
[16:50:42] Magical Bonuses:
[16:50:42] 14.00 | Strength: +21 pts
[16:50:42] 18.00 | Dexterity: +27 pts
[16:50:42] 15.00 | Stealth: +3 pts
[16:50:42] 15.00 | ALL archery skills: +3 pts
[16:50:42]  
[16:50:42] Level Requirement: 50 Level
[16:50:42]  
[16:50:42] Magical Ability:
[16:50:42] Heals the target.
[16:50:42]  
[16:50:42] Value: 180
[16:50:42] Target: Self
[16:50:42] Casting time: instant
[16:50:42]  
[16:50:42] - Spell has a chance of casting when enemy strikes at this armor.
[16:50:42]  
[16:50:42] Armor Modifiers:
[16:50:42] - 102 Base Factor
[16:50:42] - 100 Clamped Factor
[16:50:42] - 19% Absorption
[16:50:42] - 100% Quality
[16:50:42] - 100% Condition
[16:50:42]  
[16:50:42] Effective Armor:
[16:50:42] - 119 Factor
[16:50:42] <End Info>
[16:50:43] <Begin Info: Wintery Seeker's Leggings>
[16:50:43] Usable by:
[16:50:43] - Hunter
[16:50:43]  
[16:50:43] Total Utility: 74.333
[16:50:43] Single Skill Utility: 59.333
[16:50:43]  
[16:50:43] Magical Bonuses:
[16:50:43] 14.67 | Strength: +22 pts
[16:50:43] 14.67 | Constitution: +22 pts
[16:50:43] 15.00 | Hits: +60 pts
[16:50:43] 30.00 | ALL melee weapon skills: +3 pts
[16:50:43]  
[16:50:43] Level Requirement: 50 Level
[16:50:43]  
[16:50:43] Magical Ability:
[16:50:43] Function: melee health buffer
[16:50:43] 
[16:50:43] Adds a shield to recipient which will temporarily absorb some of the damage type specified.
[16:50:43] 
[16:50:43] Absorption: 50%
[16:50:43] Value: 150
[16:50:43] Target: Self
[16:50:43] Duration: 10:00 min
[16:50:43] Casting time: Instant
[16:50:43] Function: melee health buffer
[16:50:43]  
[16:50:43] - Spell has a chance of casting when enemy strikes at this armor.
[16:50:43]  
[16:50:43] Armor Modifiers:
[16:50:43] - 102 Base Factor
[16:50:43] - 100 Clamped Factor
[16:50:43] - 19% Absorption
[16:50:43] - 100% Quality
[16:50:43] - 100% Condition
[16:50:43]  
[16:50:43] Effective Armor:
[16:50:43] - 119 Factor
[16:50:43] <End Info>
[16:50:44] <Begin Info: Wintery Seeker's Sleeves>
[16:50:44] Usable by:
[16:50:44] - Hunter
[16:50:44]  
[16:50:44] Total Utility: 59.333
[16:50:44]  
[16:50:44] Magical Bonuses:
[16:50:44] 14.67 | Dexterity: +22 pts
[16:50:44] 14.67 | Quickness: +22 pts
[16:50:44] 15.00 | Hits: +60 pts
[16:50:44] 15.00 | ALL archery skills: +3 pts
[16:50:44]  
[16:50:44] Level Requirement: 50 Level
[16:50:44]  
[16:50:44] Magical Ability:
[16:50:44] Function: melee health buffer
[16:50:44] 
[16:50:44] Adds a shield to recipient which will temporarily absorb some of the damage type specified.
[16:50:44] 
[16:50:44] Absorption: 50%
[16:50:44] Value: 150
[16:50:44] Target: Self
[16:50:44] Duration: 10:00 min
[16:50:44] Casting time: Instant
[16:50:44] Function: melee health buffer
[16:50:44]  
[16:50:44] - Spell has a chance of casting when enemy strikes at this armor.
[16:50:44]  
[16:50:44] Armor Modifiers:
[16:50:44] - 102 Base Factor
[16:50:44] - 100 Clamped Factor
[16:50:44] - 19% Absorption
[16:50:44] - 100% Quality
[16:50:44] - 100% Condition
[16:50:44]  
[16:50:44] Effective Armor:
[16:50:44] - 119 Factor
[16:50:44] <End Info>
[16:50:44] <Begin Info: Wintery Seeker's Gloves>
[16:50:44] Usable by:
[16:50:44] - Hunter
[16:50:44]  
[16:50:44] Total Utility: 65
[16:50:44]  
[16:50:44] Magical Bonuses:
[16:50:44] 18.00 | Cold: +9 %
[16:50:44] 18.00 | Matter: +9 %
[16:50:44] 14.00 | Slash: +7 %
[16:50:44] 15.00 | Stealth: +3 pts
[16:50:44]  
[16:50:44] Level Requirement: 50 Level
[16:50:44]  
[16:50:44] Magical Ability:
[16:50:44] Damages the target.
[16:50:44] 
[16:50:44] Damage: 95
[16:50:44] (This figure is modified by your specialization in the skill and your primary casting stat.)
[16:50:44] Target: Enemy Target
[16:50:44] Range: 1500
[16:50:44] Damage Type: Cold
[16:50:44] Casting time: Instant
[16:50:44]  
[16:50:44] - Spell has a chance of casting when enemy strikes at this armor.
[16:50:44]  
[16:50:44] Armor Modifiers:
[16:50:44] - 102 Base Factor
[16:50:44] - 100 Clamped Factor
[16:50:44] - 19% Absorption
[16:50:44] - 100% Quality
[16:50:44] - 100% Condition
[16:50:44]  
[16:50:44] Effective Armor:
[16:50:44] - 119 Factor
[16:50:44] <End Info>
[16:50:45] <Begin Info: Wintery Seeker's Boots>
[16:50:45] Usable by:
[16:50:45] - Hunter
[16:50:45]  
[16:50:45] Total Utility: 78
[16:50:45] Single Skill Utility: 63
[16:50:45]  
[16:50:45] Magical Bonuses:
[16:50:45] 16.00 | Hits: +64 pts
[16:50:45] 18.00 | Crush: +9 %
[16:50:45] 14.00 | Heat: +7 %
[16:50:45] 30.00 | ALL melee weapon skills: +3 pts
[16:50:45]  
[16:50:45] Level Requirement: 50 Level
[16:50:45]  
[16:50:45] Magical Ability:
[16:50:45] Damages the target.
[16:50:45] 
[16:50:45] Damage: 95
[16:50:45] (This figure is modified by your specialization in the skill and your primary casting stat.)
[16:50:45] Target: Enemy Target
[16:50:45] Range: 1500
[16:50:45] Damage Type: Cold
[16:50:45] Casting time: Instant
[16:50:45]  
[16:50:45] - Spell has a chance of casting when enemy strikes at this armor.
[16:50:45]  
[16:50:45] Armor Modifiers:
[16:50:45] - 102 Base Factor
[16:50:45] - 100 Clamped Factor
[16:50:45] - 19% Absorption
[16:50:45] - 100% Quality
[16:50:45] - 100% Condition
[16:50:45]  
[16:50:45] Effective Armor:
[16:50:45] - 119 Factor
[16:50:45] <End Info>
[16:50:46] <Begin Info: Wintery Seeker's Crown>
[16:50:46] Usable by:
[16:50:46] - Hunter
[16:50:46]  
[16:50:46] Total Utility: 64
[16:50:46]  
[16:50:46] Magical Bonuses:
[16:50:46] 16.00 | Body: +8 %
[16:50:46] 16.00 | Energy: +8 %
[16:50:46] 16.00 | Spirit: +8 %
[16:50:46] 16.00 | Thrust: +8 %
[16:50:46]  
[16:50:46] Level Requirement: 50 Level
[16:50:46]  
[16:50:46] Magical Ability:
[16:50:46] Damages the target.
[16:50:46] 
[16:50:46] Damage: 95
[16:50:46] (This figure is modified by your specialization in the skill and your primary casting stat.)
[16:50:46] Target: Enemy Target
[16:50:46] Range: 1500
[16:50:46] Damage Type: Cold
[16:50:46] Casting time: Instant
[16:50:46]  
[16:50:46] - Spell has a chance of casting when enemy strikes at this armor.
[16:50:46]  
[16:50:46] Armor Modifiers:
[16:50:46] - 102 Base Factor
[16:50:46] - 100 Clamped Factor
[16:50:46] - 19% Absorption
[16:50:46] - 100% Quality
[16:50:46] - 100% Condition
[16:50:46]  
[16:50:46] Effective Armor:
[16:50:46] - 119 Factor
[16:50:46] <End Info>
[16:50:47] <Begin Info: Ancient Spined Skin>
[16:50:47] Usable by:
[16:50:47] - Berserker
[16:50:47]  
[16:50:47] Total Utility: 64
[16:50:47]  
[16:50:47] Magical Bonuses:
[16:50:47] 16.00 | Strength: +24 pts
[16:50:47] 16.00 | Dexterity: +24 pts
[16:50:47] 16.00 | Quickness: +24 pts
[16:50:47] 16.00 | Hits: +64 pts
[16:50:47]  
[16:50:47] Level Requirement: 50 Level
[16:50:47]  
[16:50:47] Magical Ability:
[16:50:47] Adds to the recipient's Armor Factor (AF) resulting in better protection againts some forms of attack. It acts in addition to any armor the target is wearing.
[16:50:47]  
[16:50:47] Value: 75
[16:50:47] Target: Self
[16:50:47] Duration: 60 sec
[16:50:47] Casting time: instant
[16:50:47]  
[16:50:47] - Spell has a chance of casting when enemy strikes at this armor.
[16:50:47]  
[16:50:47] Armor Modifiers:
[16:50:47] - 102 Base Factor
[16:50:47] - 100 Clamped Factor
[16:50:47] - 19% Absorption
[16:50:47] - 100% Quality
[16:50:47] - 100% Condition
[16:50:47]  
[16:50:47] Effective Armor:
[16:50:47] - 119 Factor
[16:50:47] <End Info>
[16:50:48] <Begin Info: Spiked Jailor's Gloves>
[16:50:48] Usable by:
[16:50:48] - Berserker
[16:50:48] - Hunter
[16:50:48] - Savage
[16:50:48]  
[16:50:48] Total Utility: 66
[16:50:48]  
[16:50:48] Magical Bonuses:
[16:50:48] 20.00 | Quickness: +30 pts
[16:50:48] 16.00 | Body: +8 %
[16:50:48] 14.00 | Crush: +7 %
[16:50:48] 16.00 | Energy: +8 %
[16:50:48]  
[16:50:48] Level Requirement: 50 Level
[16:50:48]  
[16:50:48] Magical Ability:
[16:50:48] Creates a field that damages anyone who attacks the target in melee.
[16:50:48] 
[16:50:48] Creates a field that damages anyone who attacks the target in melee.
[16:50:48] Damage: 5.1 DPS
[16:50:48] Target: Self
[16:50:48] Duration: 20 seconds
[16:50:48] Casting time: Instant
[16:50:48]  
[16:50:48] - Spell has a chance of casting when enemy strikes at this armor.
[16:50:48]  
[16:50:48] Armor Modifiers:
[16:50:48] - 102 Base Factor
[16:50:48] - 100 Clamped Factor
[16:50:48] - 19% Absorption
[16:50:48] - 100% Quality
[16:50:48] - 100% Condition
[16:50:48]  
[16:50:48] Effective Armor:
[16:50:48] - 119 Factor
[16:50:48] <End Info>
[16:50:49] <Begin Info: Crystaline Ice Queen Crown>
[16:50:49] Usable by:
[16:50:49] - Berserker
[16:50:49] - Savage
[16:50:49]  
[16:50:49] Total Utility: 66
[16:50:49]  
[16:50:49] Magical Bonuses:
[16:50:49] 16.00 | Strength: +24 pts
[16:50:49] 16.00 | Dexterity: +24 pts
[16:50:49] 16.00 | Hits: +64 pts
[16:50:49] 18.00 | Thrust: +9 %
[16:50:49]  
[16:50:49] Level Requirement: 50 Level
[16:50:49]  
[16:50:49] Magical Ability:
[16:50:49] Damages the target.
[16:50:49] 
[16:50:49] Damage: 95
[16:50:49] (This figure is modified by your specialization in the skill and your primary casting stat.)
[16:50:49] Target: Enemy Target
[16:50:49] Range: 1500
[16:50:49] Damage Type: Cold
[16:50:49] Casting time: Instant
[16:50:49]  
[16:50:49] - Spell has a chance of casting when enemy strikes at this armor.
[16:50:49]  
[16:50:49] Armor Modifiers:
[16:50:49] - 102 Base Factor
[16:50:49] - 100 Clamped Factor
[16:50:49] - 19% Absorption
[16:50:49] - 100% Quality
[16:50:49] - 100% Condition
[16:50:49]  
[16:50:49] Effective Armor:
[16:50:49] - 119 Factor
[16:50:49] <End Info>
[16:50:51] <Begin Info: Tuscarian Oracle Vest>
[16:50:51] Usable by:
[16:50:51] - Shaman
[16:50:51]  
[16:50:51] Total Utility: 78
[16:50:51] Single Skill Utility: 63
[16:50:51]  
[16:50:51] Magical Bonuses:
[16:50:51] 12.00 | Piety: +18 pts
[16:50:51] 18.00 | Body: +9 %
[16:50:51] 18.00 | Spirit: +9 %
[16:50:51] 30.00 | ALL magic skills: +3 pts
[16:50:51]  
[16:50:51] Level Requirement: 50 Level
[16:50:51]  
[16:50:51] Magical Ability:
[16:50:51] Heals the target.
[16:50:51]  
[16:50:51] Value: 180
[16:50:51] Target: Self
[16:50:51] Casting time: instant
[16:50:51]  
[16:50:51] - Spell has a chance of casting when enemy strikes at this armor.
[16:50:51]  
[16:50:51] Armor Modifiers:
[16:50:51] - 102 Base Factor
[16:50:51] - 100 Clamped Factor
[16:50:51] - 27% Absorption
[16:50:51] - 100% Quality
[16:50:51] - 100% Condition
[16:50:51]  
[16:50:51] Effective Armor:
[16:50:51] - 127 Factor
[16:50:51] <End Info>
[16:50:52] <Begin Info: Tuscarian Oracle Leggings>
[16:50:52] Usable by:
[16:50:52] - Shaman
[16:50:52]  
[16:50:52] Total Utility: 78
[16:50:52] Single Skill Utility: 63
[16:50:52]  
[16:50:52] Magical Bonuses:
[16:50:52] 12.00 | Dexterity: +18 pts
[16:50:52] 18.00 | Energy: +9 %
[16:50:52] 18.00 | Matter: +9 %
[16:50:52] 30.00 | ALL magic skills: +3 pts
[16:50:52]  
[16:50:52] Level Requirement: 50 Level
[16:50:52]  
[16:50:52] Magical Ability:
[16:50:52] Function: melee health buffer
[16:50:52] 
[16:50:52] Adds a shield to recipient which will temporarily absorb some of the damage type specified.
[16:50:52] 
[16:50:52] Absorption: 50%
[16:50:52] Value: 150
[16:50:52] Target: Self
[16:50:52] Duration: 10:00 min
[16:50:52] Casting time: Instant
[16:50:52] Function: melee health buffer
[16:50:52]  
[16:50:52] - Spell has a chance of casting when enemy strikes at this armor.
[16:50:52]  
[16:50:52] Armor Modifiers:
[16:50:52] - 102 Base Factor
[16:50:52] - 100 Clamped Factor
[16:50:52] - 27% Absorption
[16:50:52] - 100% Quality
[16:50:52] - 100% Condition
[16:50:52]  
[16:50:52] Effective Armor:
[16:50:52] - 127 Factor
[16:50:52] <End Info>
[16:50:53] <Begin Info: Tuscarian Oracle Sleeves>
[16:50:53] Usable by:
[16:50:53] - Shaman
[16:50:53]  
[16:50:53] Total Utility: 78
[16:50:53] Single Skill Utility: 63
[16:50:53]  
[16:50:53] Magical Bonuses:
[16:50:53] 12.00 | Constitution: +18 pts
[16:50:53] 18.00 | Cold: +9 %
[16:50:53] 18.00 | Heat: +9 %
[16:50:53] 30.00 | ALL magic skills: +3 pts
[16:50:53]  
[16:50:53] Level Requirement: 50 Level
[16:50:53]  
[16:50:53] Magical Ability:
[16:50:53] Function: melee health buffer
[16:50:53] 
[16:50:53] Adds a shield to recipient which will temporarily absorb some of the damage type specified.
[16:50:53] 
[16:50:53] Absorption: 50%
[16:50:53] Value: 150
[16:50:53] Target: Self
[16:50:53] Duration: 10:00 min
[16:50:53] Casting time: Instant
[16:50:53] Function: melee health buffer
[16:50:53]  
[16:50:53] - Spell has a chance of casting when enemy strikes at this armor.
[16:50:53]  
[16:50:53] Armor Modifiers:
[16:50:53] - 102 Base Factor
[16:50:53] - 100 Clamped Factor
[16:50:53] - 27% Absorption
[16:50:53] - 100% Quality
[16:50:53] - 100% Condition
[16:50:53]  
[16:50:53] Effective Armor:
[16:50:53] - 127 Factor
[16:50:53] <End Info>
[16:50:55] @@[LFG] Lilcutie (32, Healer): xp
[16:50:55] <Begin Info: Tuscarian Oracle Gloves>
[16:50:55] Usable by:
[16:50:55] - Shaman
[16:50:55]  
[16:50:55] Total Utility: 56
[16:50:55]  
[16:50:55] Magical Bonuses:
[16:50:55] 16.00 | Dexterity: +24 pts
[16:50:55] 10.00 | Constitution: +15 pts
[16:50:55] 12.00 | Hits: +48 pts
[16:50:55] 18.00 | Slash: +9 %
[16:50:55]  
[16:50:55] Level Requirement: 50 Level
[16:50:55]  
[16:50:55] Magical Ability:
[16:50:55] Damages the target.
[16:50:55] 
[16:50:55] Damage: 95
[16:50:55] (This figure is modified by your specialization in the skill and your primary casting stat.)
[16:50:55] Target: Enemy Target
[16:50:55] Range: 1500
[16:50:55] Damage Type: Cold
[16:50:55] Casting time: Instant
[16:50:55]  
[16:50:55] - Spell has a chance of casting when enemy strikes at this armor.
[16:50:55]  
[16:50:55] Armor Modifiers:
[16:50:55] - 102 Base Factor
[16:50:55] - 100 Clamped Factor
[16:50:55] - 27% Absorption
[16:50:55] - 100% Quality
[16:50:55] - 100% Condition
[16:50:55]  
[16:50:55] Effective Armor:
[16:50:55] - 127 Factor
[16:50:55] <End Info>
[16:50:56] <Begin Info: Tuscarian Oracle Boots>
[16:50:56] Usable by:
[16:50:56] - Shaman
[16:50:56]  
[16:50:56] Total Utility: 56
[16:50:56]  
[16:50:56] Magical Bonuses:
[16:50:56] 10.00 | Dexterity: +15 pts
[16:50:56] 16.00 | Piety: +24 pts
[16:50:56] 12.00 | Hits: +48 pts
[16:50:56] 18.00 | Crush: +9 %
[16:50:56]  
[16:50:56] Level Requirement: 50 Level
[16:50:56]  
[16:50:56] Magical Ability:
[16:50:56] Damages the target.
[16:50:56] 
[16:50:56] Damage: 95
[16:50:56] (This figure is modified by your specialization in the skill and your primary casting stat.)
[16:50:56] Target: Enemy Target
[16:50:56] Range: 1500
[16:50:56] Damage Type: Cold
[16:50:56] Casting time: Instant
[16:50:56]  
[16:50:56] - Spell has a chance of casting when enemy strikes at this armor.
[16:50:56]  
[16:50:56] Armor Modifiers:
[16:50:56] - 102 Base Factor
[16:50:56] - 100 Clamped Factor
[16:50:56] - 27% Absorption
[16:50:56] - 100% Quality
[16:50:56] - 100% Condition
[16:50:56]  
[16:50:56] Effective Armor:
[16:50:56] - 127 Factor
[16:50:56] <End Info>
[16:50:57] <Begin Info: Tuscarian Oracle Crown>
[16:50:57] Usable by:
[16:50:57] - Shaman
[16:50:57]  
[16:50:57] Total Utility: 56
[16:50:57]  
[16:50:57] Magical Bonuses:
[16:50:57] 16.00 | Constitution: +24 pts
[16:50:57] 10.00 | Piety: +15 pts
[16:50:57] 12.00 | Hits: +48 pts
[16:50:57] 18.00 | Thrust: +9 %
[16:50:57]  
[16:50:57] Level Requirement: 50 Level
[16:50:57]  
[16:50:57] Magical Ability:
[16:50:57] Damages the target.
[16:50:57] 
[16:50:57] Damage: 95
[16:50:57] (This figure is modified by your specialization in the skill and your primary casting stat.)
[16:50:57] Target: Enemy Target
[16:50:57] Range: 1500
[16:50:57] Damage Type: Cold
[16:50:57] Casting time: Instant
[16:50:57]  
[16:50:57] - Spell has a chance of casting when enemy strikes at this armor.
[16:50:57]  
[16:50:57] Armor Modifiers:
[16:50:57] - 102 Base Factor
[16:50:57] - 100 Clamped Factor
[16:50:57] - 27% Absorption
[16:50:57] - 100% Quality
[16:50:57] - 100% Condition
[16:50:57]  
[16:50:57] Effective Armor:
[16:50:57] - 127 Factor
[16:50:57] <End Info>
[16:50:58] <Begin Info: Tuscarian Discordant Hauberk>
[16:50:58] Usable by:
[16:50:58] - Skald
[16:50:58]  
[16:50:58] Total Utility: 79.333
[16:50:58] Single Skill Utility: 64.333
[16:50:58]  
[16:50:58] Magical Bonuses:
[16:50:58] 14.67 | Strength: +22 pts
[16:50:58] 14.67 | Charisma: +22 pts
[16:50:58] 20.00 | Parry: +4 pts
[16:50:58] 30.00 | ALL melee weapon skills: +3 pts
[16:50:58]  
[16:50:58] Level Requirement: 50 Level
[16:50:58]  
[16:50:58] Magical Ability:
[16:50:58] Heals the target.
[16:50:58]  
[16:50:58] Value: 180
[16:50:58] Target: Self
[16:50:58] Casting time: instant
[16:50:58]  
[16:50:58] - Spell has a chance of casting when enemy strikes at this armor.
[16:50:58]  
[16:50:58] Armor Modifiers:
[16:50:58] - 102 Base Factor
[16:50:58] - 100 Clamped Factor
[16:50:58] - 27% Absorption
[16:50:58] - 100% Quality
[16:50:58] - 100% Condition
[16:50:58]  
[16:50:58] Effective Armor:
[16:50:58] - 127 Factor
[16:50:58] <End Info>
[16:50:59] <Begin Info: Tuscarian Discordant Leggings>
[16:50:59] Usable by:
[16:50:59] - Skald
[16:50:59]  
[16:50:59] Total Utility: 79
[16:50:59] Single Skill Utility: 64
[16:50:59]  
[16:50:59] Magical Bonuses:
[16:50:59] 14.00 | Constitution: +21 pts
[16:50:59] 20.00 | Cold: +10 %
[16:50:59] 15.00 | Parry: +3 pts
[16:50:59] 30.00 | ALL melee weapon skills: +3 pts
[16:50:59]  
[16:50:59] Level Requirement: 50 Level
[16:50:59]  
[16:50:59] Magical Ability:
[16:50:59] Function: melee health buffer
[16:50:59] 
[16:50:59] Adds a shield to recipient which will temporarily absorb some of the damage type specified.
[16:50:59] 
[16:50:59] Absorption: 50%
[16:50:59] Value: 150
[16:50:59] Target: Self
[16:50:59] Duration: 10:00 min
[16:50:59] Casting time: Instant
[16:50:59] Function: melee health buffer
[16:50:59]  
[16:50:59] - Spell has a chance of casting when enemy strikes at this armor.
[16:50:59]  
[16:50:59] Armor Modifiers:
[16:50:59] - 102 Base Factor
[16:50:59] - 100 Clamped Factor
[16:50:59] - 27% Absorption
[16:50:59] - 100% Quality
[16:50:59] - 100% Condition
[16:50:59]  
[16:50:59] Effective Armor:
[16:50:59] - 127 Factor
[16:50:59] <End Info>
[16:51:00] <Begin Info: Tuscarian Discordant Sleeves>
[16:51:00] Usable by:
[16:51:00] - Skald
[16:51:00]  
[16:51:00] Total Utility: 78
[16:51:00] Single Skill Utility: 63
[16:51:00]  
[16:51:00] Magical Bonuses:
[16:51:00] 12.00 | Charisma: +18 pts
[16:51:00] 18.00 | Crush: +9 %
[16:51:00] 18.00 | Matter: +9 %
[16:51:00] 30.00 | ALL melee weapon skills: +3 pts
[16:51:00]  
[16:51:00] Level Requirement: 50 Level
[16:51:00]  
[16:51:00] Magical Ability:
[16:51:00] Function: melee health buffer
[16:51:00] 
[16:51:00] Adds a shield to recipient which will temporarily absorb some of the damage type specified.
[16:51:00] 
[16:51:00] Absorption: 50%
[16:51:00] Value: 150
[16:51:00] Target: Self
[16:51:00] Duration: 10:00 min
[16:51:00] Casting time: Instant
[16:51:00] Function: melee health buffer
[16:51:00]  
[16:51:00] - Spell has a chance of casting when enemy strikes at this armor.
[16:51:00]  
[16:51:00] Armor Modifiers:
[16:51:00] - 102 Base Factor
[16:51:00] - 100 Clamped Factor
[16:51:00] - 27% Absorption
[16:51:00] - 100% Quality
[16:51:00] - 100% Condition
[16:51:00]  
[16:51:00] Effective Armor:
[16:51:00] - 127 Factor
[16:51:00] <End Info>
[16:51:00] <Begin Info: Tuscarian Discordant Gloves>
[16:51:00] Usable by:
[16:51:00] - Skald
[16:51:00]  
[16:51:00] Total Utility: 58
[16:51:00]  
[16:51:00] Magical Bonuses:
[16:51:00] 12.00 | Constitution: +18 pts
[16:51:00] 10.00 | Hits: +40 pts
[16:51:00] 18.00 | Spirit: +9 %
[16:51:00] 18.00 | Thrust: +9 %
[16:51:00]  
[16:51:00] Level Requirement: 50 Level
[16:51:00]  
[16:51:00] Magical Ability:
[16:51:00] Damages the target.
[16:51:00] 
[16:51:00] Damage: 95
[16:51:00] (This figure is modified by your specialization in the skill and your primary casting stat.)
[16:51:00] Target: Enemy Target
[16:51:00] Range: 1500
[16:51:00] Damage Type: Cold
[16:51:00] Casting time: Instant
[16:51:00]  
[16:51:00] - Spell has a chance of casting when enemy strikes at this armor.
[16:51:00]  
[16:51:00] Armor Modifiers:
[16:51:00] - 102 Base Factor
[16:51:00] - 100 Clamped Factor
[16:51:00] - 27% Absorption
[16:51:00] - 100% Quality
[16:51:00] - 100% Condition
[16:51:00]  
[16:51:00] Effective Armor:
[16:51:00] - 127 Factor
[16:51:00] <End Info>
[16:51:01] <Begin Info: Tuscarian Discordant Boots>
[16:51:01] Usable by:
[16:51:01] - Skald
[16:51:01]  
[16:51:01] Total Utility: 58
[16:51:01]  
[16:51:01] Magical Bonuses:
[16:51:01] 12.00 | Dexterity: +18 pts
[16:51:01] 10.00 | Hits: +40 pts
[16:51:01] 18.00 | Body: +9 %
[16:51:01] 18.00 | Slash: +9 %
[16:51:01]  
[16:51:01] Level Requirement: 50 Level
[16:51:01]  
[16:51:01] Magical Ability:
[16:51:01] Damages the target.
[16:51:01] 
[16:51:01] Damage: 95
[16:51:01] (This figure is modified by your specialization in the skill and your primary casting stat.)
[16:51:01] Target: Enemy Target
[16:51:01] Range: 1500
[16:51:01] Damage Type: Cold
[16:51:01] Casting time: Instant
[16:51:01]  
[16:51:01] - Spell has a chance of casting when enemy strikes at this armor.
[16:51:01]  
[16:51:01] Armor Modifiers:
[16:51:01] - 102 Base Factor
[16:51:01] - 100 Clamped Factor
[16:51:01] - 27% Absorption
[16:51:01] - 100% Quality
[16:51:01] - 100% Condition
[16:51:01]  
[16:51:01] Effective Armor:
[16:51:01] - 127 Factor
[16:51:01] <End Info>
[16:51:02] <Begin Info: Tuscarian Discordant Crown>
[16:51:02] Usable by:
[16:51:02] - Skald
[16:51:02]  
[16:51:02] Total Utility: 58
[16:51:02]  
[16:51:02] Magical Bonuses:
[16:51:02] 12.00 | Quickness: +18 pts
[16:51:02] 10.00 | Hits: +40 pts
[16:51:02] 18.00 | Energy: +9 %
[16:51:02] 18.00 | Heat: +9 %
[16:51:02]  
[16:51:02] Level Requirement: 50 Level
[16:51:02]  
[16:51:02] Magical Ability:
[16:51:02] Damages the target.
[16:51:02] 
[16:51:02] Damage: 95
[16:51:02] (This figure is modified by your specialization in the skill and your primary casting stat.)
[16:51:02] Target: Enemy Target
[16:51:02] Range: 1500
[16:51:02] Damage Type: Cold
[16:51:02] Casting time: Instant
[16:51:02]  
[16:51:02] - Spell has a chance of casting when enemy strikes at this armor.
[16:51:02]  
[16:51:02] Armor Modifiers:
[16:51:02] - 102 Base Factor
[16:51:02] - 100 Clamped Factor
[16:51:02] - 27% Absorption
[16:51:02] - 100% Quality
[16:51:02] - 100% Condition
[16:51:02]  
[16:51:02] Effective Armor:
[16:51:02] - 127 Factor
[16:51:02] <End Info>
[16:51:03] <Begin Info: Tuscarian Bloodforged Hauberk>
[16:51:03] Usable by:
[16:51:03] - Warrior
[16:51:03]  
[16:51:03] Total Utility: 62
[16:51:03]  
[16:51:03] Magical Bonuses:
[16:51:03] 18.00 | Strength: +27 pts
[16:51:03] 14.00 | Hits: +56 pts
[16:51:03] 15.00 | Parry: +3 pts
[16:51:03] 15.00 | Shields: +3 pts
[16:51:03]  
[16:51:03] Level Requirement: 50 Level
[16:51:03]  
[16:51:03] Magical Ability:
[16:51:03] Heals the target.
[16:51:03]  
[16:51:03] Value: 180
[16:51:03] Target: Self
[16:51:03] Casting time: instant
[16:51:03]  
[16:51:03] - Spell has a chance of casting when enemy strikes at this armor.
[16:51:03]  
[16:51:03] Armor Modifiers:
[16:51:03] - 102 Base Factor
[16:51:03] - 100 Clamped Factor
[16:51:03] - 27% Absorption
[16:51:03] - 100% Quality
[16:51:03] - 100% Condition
[16:51:03]  
[16:51:03] Effective Armor:
[16:51:03] - 127 Factor
[16:51:03] <End Info>
[16:51:04] <Begin Info: Tuscarian Bloodforged Leggings>
[16:51:04] Usable by:
[16:51:04] - Warrior
[16:51:04]  
[16:51:04] Total Utility: 75
[16:51:04] Single Skill Utility: 60
[16:51:04]  
[16:51:04] Magical Bonuses:
[16:51:04] 20.00 | Dexterity: +30 pts
[16:51:04] 10.00 | Hits: +40 pts
[16:51:04] 15.00 | Parry: +3 pts
[16:51:04] 30.00 | ALL melee weapon skills: +3 pts
[16:51:04]  
[16:51:04] Level Requirement: 50 Level
[16:51:04]  
[16:51:04] Magical Ability:
[16:51:04] Function: melee health buffer
[16:51:04] 
[16:51:04] Adds a shield to recipient which will temporarily absorb some of the damage type specified.
[16:51:04] 
[16:51:04] Absorption: 50%
[16:51:04] Value: 150
[16:51:04] Target: Self
[16:51:04] Duration: 10:00 min
[16:51:04] Casting time: Instant
[16:51:04] Function: melee health buffer
[16:51:04]  
[16:51:04] - Spell has a chance of casting when enemy strikes at this armor.
[16:51:04]  
[16:51:04] Armor Modifiers:
[16:51:04] - 102 Base Factor
[16:51:04] - 100 Clamped Factor
[16:51:04] - 27% Absorption
[16:51:04] - 100% Quality
[16:51:04] - 100% Condition
[16:51:04]  
[16:51:04] Effective Armor:
[16:51:04] - 127 Factor
[16:51:04] <End Info>
[16:51:05] <Begin Info: Tuscarian Bloodforged Sleeves>
[16:51:05] Usable by:
[16:51:05] - Warrior
[16:51:05]  
[16:51:05] Total Utility: 75.667
[16:51:05] Single Skill Utility: 60.667
[16:51:05]  
[16:51:05] Magical Bonuses:
[16:51:05] 18.67 | Constitution: +28 pts
[16:51:05] 12.00 | Quickness: +18 pts
[16:51:05] 15.00 | Parry: +3 pts
[16:51:05] 30.00 | ALL melee weapon skills: +3 pts
[16:51:05]  
[16:51:05] Level Requirement: 50 Level
[16:51:05]  
[16:51:05] Magical Ability:
[16:51:05] Function: melee health buffer
[16:51:05] 
[16:51:05] Adds a shield to recipient which will temporarily absorb some of the damage type specified.
[16:51:05] 
[16:51:05] Absorption: 50%
[16:51:05] Value: 150
[16:51:05] Target: Self
[16:51:05] Duration: 10:00 min
[16:51:05] Casting time: Instant
[16:51:05] Function: melee health buffer
[16:51:05]  
[16:51:05] - Spell has a chance of casting when enemy strikes at this armor.
[16:51:05]  
[16:51:05] Armor Modifiers:
[16:51:05] - 102 Base Factor
[16:51:05] - 100 Clamped Factor
[16:51:05] - 27% Absorption
[16:51:05] - 100% Quality
[16:51:05] - 100% Condition
[16:51:05]  
[16:51:05] Effective Armor:
[16:51:05] - 127 Factor
[16:51:05] <End Info>
[16:51:05] <Begin Info: Tuscarian Bloodforged Gloves>
[16:51:05] Usable by:
[16:51:05] - Warrior
[16:51:05]  
[16:51:05] Total Utility: 60
[16:51:05]  
[16:51:05] Magical Bonuses:
[16:51:05] 10.00 | Dexterity: +15 pts
[16:51:05] 14.00 | Body: +7 %
[16:51:05] 18.00 | Cold: +9 %
[16:51:05] 18.00 | Slash: +9 %
[16:51:05]  
[16:51:05] Level Requirement: 50 Level
[16:51:05]  
[16:51:05] Magical Ability:
[16:51:05] Damages the target.
[16:51:05] 
[16:51:05] Damage: 50
[16:51:05] (This figure is modified by your specialization in the skill and your primary casting stat.)
[16:51:05] Target: Enemy Target
[16:51:05] Range: 1500
[16:51:05] Damage Type: Cold
[16:51:05] Casting time: Instant
[16:51:05]  
[16:51:05] - Spell has a chance of casting when enemy strikes at this armor.
[16:51:05]  
[16:51:05] Armor Modifiers:
[16:51:05] - 102 Base Factor
[16:51:05] - 100 Clamped Factor
[16:51:05] - 27% Absorption
[16:51:05] - 100% Quality
[16:51:05] - 100% Condition
[16:51:05]  
[16:51:05] Effective Armor:
[16:51:05] - 127 Factor
[16:51:05] <End Info>
[16:51:06] <Begin Info: Tuscarian Bloodforged Boots>
[16:51:06] Usable by:
[16:51:06] - Warrior
[16:51:06]  
[16:51:06] Total Utility: 60
[16:51:06]  
[16:51:06] Magical Bonuses:
[16:51:06] 10.00 | Strength: +15 pts
[16:51:06] 18.00 | Crush: +9 %
[16:51:06] 18.00 | Heat: +9 %
[16:51:06] 14.00 | Matter: +7 %
[16:51:06]  
[16:51:06] Level Requirement: 50 Level
[16:51:06]  
[16:51:06] Magical Ability:
[16:51:06] Damages the target.
[16:51:06] 
[16:51:06] Damage: 50
[16:51:06] (This figure is modified by your specialization in the skill and your primary casting stat.)
[16:51:06] Target: Enemy Target
[16:51:06] Range: 1500
[16:51:06] Damage Type: Cold
[16:51:06] Casting time: Instant
[16:51:06]  
[16:51:06] - Spell has a chance of casting when enemy strikes at this armor.
[16:51:06]  
[16:51:06] Armor Modifiers:
[16:51:06] - 102 Base Factor
[16:51:06] - 100 Clamped Factor
[16:51:06] - 27% Absorption
[16:51:06] - 100% Quality
[16:51:06] - 100% Condition
[16:51:06]  
[16:51:06] Effective Armor:
[16:51:06] - 127 Factor
[16:51:06] <End Info>
[16:51:07] <Begin Info: Tuscarian Bloodforged Crown>
[16:51:07] Usable by:
[16:51:07] - Warrior
[16:51:07]  
[16:51:07] Total Utility: 60
[16:51:07]  
[16:51:07] Magical Bonuses:
[16:51:07] 10.00 | Constitution: +15 pts
[16:51:07] 18.00 | Energy: +9 %
[16:51:07] 14.00 | Spirit: +7 %
[16:51:07] 18.00 | Thrust: +9 %
[16:51:07]  
[16:51:07] Level Requirement: 50 Level
[16:51:07]  
[16:51:07] Magical Ability:
[16:51:07] Damages the target.
[16:51:07] 
[16:51:07] Damage: 50
[16:51:07] (This figure is modified by your specialization in the skill and your primary casting stat.)
[16:51:07] Target: Enemy Target
[16:51:07] Range: 1500
[16:51:07] Damage Type: Cold
[16:51:07] Casting time: Instant
[16:51:07]  
[16:51:07] - Spell has a chance of casting when enemy strikes at this armor.
[16:51:07]  
[16:51:07] Armor Modifiers:
[16:51:07] - 102 Base Factor
[16:51:07] - 100 Clamped Factor
[16:51:07] - 27% Absorption
[16:51:07] - 100% Quality
[16:51:07] - 100% Condition
[16:51:07]  
[16:51:07] Effective Armor:
[16:51:07] - 127 Factor
[16:51:07] <End Info>
[16:51:08] <Begin Info: Foe Hammer's Vest>
[16:51:08] Usable by:
[16:51:08] - Thane
[16:51:08]  
[16:51:08] Total Utility: 59.333
[16:51:08]  
[16:51:08] Magical Bonuses:
[16:51:08] 14.67 | Strength: +22 pts
[16:51:08] 14.67 | Constitution: +22 pts
[16:51:08] 15.00 | Hits: +60 pts
[16:51:08] 15.00 | Stormcalling: +3 pts
[16:51:08]  
[16:51:08] Level Requirement: 50 Level
[16:51:08]  
[16:51:08] Magical Ability:
[16:51:08] Heals the target.
[16:51:08]  
[16:51:08] Value: 180
[16:51:08] Target: Self
[16:51:08] Casting time: instant
[16:51:08]  
[16:51:08] - Spell has a chance of casting when enemy strikes at this armor.
[16:51:08]  
[16:51:08] Armor Modifiers:
[16:51:08] - 102 Base Factor
[16:51:08] - 100 Clamped Factor
[16:51:08] - 27% Absorption
[16:51:08] - 100% Quality
[16:51:08] - 100% Condition
[16:51:08]  
[16:51:08] Effective Armor:
[16:51:08] - 127 Factor
[16:51:08] <End Info>
[16:51:09] <Begin Info: Foe Hammer's Leggings>
[16:51:09] Usable by:
[16:51:09] - Thane
[16:51:09]  
[16:51:09] Total Utility: 59
[16:51:09]  
[16:51:09] Magical Bonuses:
[16:51:09] 16.00 | Dexterity: +24 pts
[16:51:09] 16.00 | Quickness: +24 pts
[16:51:09] 12.00 | Hits: +48 pts
[16:51:09] 15.00 | Parry: +3 pts
[16:51:09]  
[16:51:09] Level Requirement: 50 Level
[16:51:09]  
[16:51:09] Magical Ability:
[16:51:09] Function: melee health buffer
[16:51:09] 
[16:51:09] Adds a shield to recipient which will temporarily absorb some of the damage type specified.
[16:51:09] 
[16:51:09] Absorption: 50%
[16:51:09] Value: 150
[16:51:09] Target: Self
[16:51:09] Duration: 10:00 min
[16:51:09] Casting time: Instant
[16:51:09] Function: melee health buffer
[16:51:09]  
[16:51:09] - Spell has a chance of casting when enemy strikes at this armor.
[16:51:09]  
[16:51:09] Armor Modifiers:
[16:51:09] - 102 Base Factor
[16:51:09] - 100 Clamped Factor
[16:51:09] - 27% Absorption
[16:51:09] - 100% Quality
[16:51:09] - 100% Condition
[16:51:09]  
[16:51:09] Effective Armor:
[16:51:09] - 127 Factor
[16:51:09] <End Info>
[16:51:10] <Begin Info: Foe Hammer's Sleeves>
[16:51:10] Usable by:
[16:51:10] - Thane
[16:51:10]  
[16:51:10] Total Utility: 59
[16:51:10]  
[16:51:10] Magical Bonuses:
[16:51:10] 16.00 | Constitution: +24 pts
[16:51:10] 16.00 | Piety: +24 pts
[16:51:10] 12.00 | Hits: +48 pts
[16:51:10] 15.00 | Shields: +3 pts
[16:51:10]  
[16:51:10] Level Requirement: 50 Level
[16:51:10]  
[16:51:10] Magical Ability:
[16:51:10] Function: melee health buffer
[16:51:10] 
[16:51:10] Adds a shield to recipient which will temporarily absorb some of the damage type specified.
[16:51:10] 
[16:51:10] Absorption: 50%
[16:51:10] Value: 150
[16:51:10] Target: Self
[16:51:10] Duration: 10:00 min
[16:51:10] Casting time: Instant
[16:51:10] Function: melee health buffer
[16:51:10]  
[16:51:10] - Spell has a chance of casting when enemy strikes at this armor.
[16:51:10]  
[16:51:10] Armor Modifiers:
[16:51:10] - 102 Base Factor
[16:51:10] - 100 Clamped Factor
[16:51:10] - 27% Absorption
[16:51:10] - 100% Quality
[16:51:10] - 100% Condition
[16:51:10]  
[16:51:10] Effective Armor:
[16:51:10] - 127 Factor
[16:51:10] <End Info>
[16:51:11] <Begin Info: Foe Hammer's Gloves>
[16:51:11] Usable by:
[16:51:11] - Thane
[16:51:11]  
[16:51:11] Total Utility: 65
[16:51:11]  
[16:51:11] Magical Bonuses:
[16:51:11] 14.00 | Body: +7 %
[16:51:11] 18.00 | Cold: +9 %
[16:51:11] 18.00 | Slash: +9 %
[16:51:11] 15.00 | Hammer: +3 pts
[16:51:11]  
[16:51:11] Level Requirement: 50 Level
[16:51:11]  
[16:51:11] Magical Ability:
[16:51:11] Damages the target.
[16:51:11] 
[16:51:11] Damage: 95
[16:51:11] (This figure is modified by your specialization in the skill and your primary casting stat.)
[16:51:11] Target: Enemy Target
[16:51:11] Range: 1500
[16:51:11] Damage Type: Cold
[16:51:11] Casting time: Instant
[16:51:11]  
[16:51:11] - Spell has a chance of casting when enemy strikes at this armor.
[16:51:11]  
[16:51:11] Armor Modifiers:
[16:51:11] - 102 Base Factor
[16:51:11] - 100 Clamped Factor
[16:51:11] - 27% Absorption
[16:51:11] - 100% Quality
[16:51:11] - 100% Condition
[16:51:11]  
[16:51:11] Effective Armor:
[16:51:11] - 127 Factor
[16:51:11] <End Info>
[16:51:12] <Begin Info: Foe Hammer's Boots>
[16:51:12] Usable by:
[16:51:12] - Thane
[16:51:12]  
[16:51:12] Total Utility: 80
[16:51:12] Single Skill Utility: 65
[16:51:12]  
[16:51:12] Magical Bonuses:
[16:51:12] 18.00 | Crush: +9 %
[16:51:12] 18.00 | Heat: +9 %
[16:51:12] 14.00 | Matter: +7 %
[16:51:12] 30.00 | ALL melee weapon skills: +3 pts
[16:51:12]  
[16:51:12] Level Requirement: 50 Level
[16:51:12]  
[16:51:12] Magical Ability:
[16:51:12] Damages the target.
[16:51:12] 
[16:51:12] Damage: 95
[16:51:12] (This figure is modified by your specialization in the skill and your primary casting stat.)
[16:51:12] Target: Enemy Target
[16:51:12] Range: 1500
[16:51:12] Damage Type: Cold
[16:51:12] Casting time: Instant
[16:51:12]  
[16:51:12] - Spell has a chance of casting when enemy strikes at this armor.
[16:51:12]  
[16:51:12] Armor Modifiers:
[16:51:12] - 102 Base Factor
[16:51:12] - 100 Clamped Factor
[16:51:12] - 27% Absorption
[16:51:12] - 100% Quality
[16:51:12] - 100% Condition
[16:51:12]  
[16:51:12] Effective Armor:
[16:51:12] - 127 Factor
[16:51:12] <End Info>
[16:51:13] <Begin Info: Foe Hammer's Crown>
[16:51:13] Usable by:
[16:51:13] - Thane
[16:51:13]  
[16:51:13] Total Utility: 80
[16:51:13] Single Skill Utility: 65
[16:51:13]  
[16:51:13] Magical Bonuses:
[16:51:13] 18.00 | Energy: +9 %
[16:51:13] 14.00 | Spirit: +7 %
[16:51:13] 18.00 | Thrust: +9 %
[16:51:13] 30.00 | ALL melee weapon skills: +3 pts
[16:51:13]  
[16:51:13] Level Requirement: 50 Level
[16:51:13]  
[16:51:13] Magical Ability:
[16:51:13] Damages the target.
[16:51:13] 
[16:51:13] Damage: 50
[16:51:13] (This figure is modified by your specialization in the skill and your primary casting stat.)
[16:51:13] Target: Enemy Target
[16:51:13] Range: 1500
[16:51:13] Damage Type: Cold
[16:51:13] Casting time: Instant
[16:51:13]  
[16:51:13] - Spell has a chance of casting when enemy strikes at this armor.
[16:51:13]  
[16:51:13] Armor Modifiers:
[16:51:13] - 102 Base Factor
[16:51:13] - 100 Clamped Factor
[16:51:13] - 27% Absorption
[16:51:13] - 100% Quality
[16:51:13] - 100% Condition
[16:51:13]  
[16:51:13] Effective Armor:
[16:51:13] - 127 Factor
[16:51:13] <End Info>
[16:51:15] <Begin Info: Tuscarian Monitor Vest>
[16:51:15] Usable by:
[16:51:15] - Healer
[16:51:15]  
[16:51:15] Total Utility: 78
[16:51:15] Single Skill Utility: 63
[16:51:15]  
[16:51:15] Magical Bonuses:
[16:51:15] 12.00 | Piety: +18 pts
[16:51:15] 18.00 | Crush: +9 %
[16:51:15] 18.00 | Heat: +9 %
[16:51:15] 30.00 | ALL magic skills: +3 pts
[16:51:15]  
[16:51:15] Level Requirement: 50 Level
[16:51:15]  
[16:51:15] Magical Ability:
[16:51:15] Heals the target.
[16:51:15]  
[16:51:15] Value: 180
[16:51:15] Target: Self
[16:51:15] Casting time: instant
[16:51:15]  
[16:51:15] - Spell has a chance of casting when enemy strikes at this armor.
[16:51:15]  
[16:51:15] Armor Modifiers:
[16:51:15] - 102 Base Factor
[16:51:15] - 100 Clamped Factor
[16:51:15] - 27% Absorption
[16:51:15] - 100% Quality
[16:51:15] - 100% Condition
[16:51:15]  
[16:51:15] Effective Armor:
[16:51:15] - 127 Factor
[16:51:15] <End Info>
[16:51:15] <Begin Info: Tuscarian Monitor Leggings>
[16:51:15] Usable by:
[16:51:15] - Healer
[16:51:15]  
[16:51:15] Total Utility: 63
[16:51:15]  
[16:51:15] Magical Bonuses:
[16:51:15] 14.00 | Dexterity: +21 pts
[16:51:15] 16.00 | Cold: +8 %
[16:51:15] 18.00 | Slash: +9 %
[16:51:15] 15.00 | Mending: +3 pts
[16:51:15]  
[16:51:15] Level Requirement: 50 Level
[16:51:15]  
[16:51:15] Magical Ability:
[16:51:15] Function: melee health buffer
[16:51:15] 
[16:51:15] Adds a shield to recipient which will temporarily absorb some of the damage type specified.
[16:51:15] 
[16:51:15] Absorption: 50%
[16:51:15] Value: 150
[16:51:15] Target: Self
[16:51:15] Duration: 10:00 min
[16:51:15] Casting time: Instant
[16:51:15] Function: melee health buffer
[16:51:15]  
[16:51:15] - Spell has a chance of casting when enemy strikes at this armor.
[16:51:15]  
[16:51:15] Armor Modifiers:
[16:51:15] - 102 Base Factor
[16:51:15] - 100 Clamped Factor
[16:51:15] - 27% Absorption
[16:51:15] - 100% Quality
[16:51:15] - 100% Condition
[16:51:15]  
[16:51:15] Effective Armor:
[16:51:15] - 127 Factor
[16:51:15] <End Info>
[16:51:16] <Begin Info: Tuscarian Monitor Sleeves>
[16:51:16] Usable by:
[16:51:16] - Healer
[16:51:16]  
[16:51:16] Total Utility: 78
[16:51:16] Single Skill Utility: 63
[16:51:16]  
[16:51:16] Magical Bonuses:
[16:51:16] 12.00 | Constitution: +18 pts
[16:51:16] 18.00 | Energy: +9 %
[16:51:16] 18.00 | Thrust: +9 %
[16:51:16] 30.00 | ALL magic skills: +3 pts
[16:51:16]  
[16:51:16] Level Requirement: 50 Level
[16:51:16]  
[16:51:16] Magical Ability:
[16:51:16] Function: melee health buffer
[16:51:16] 
[16:51:16] Adds a shield to recipient which will temporarily absorb some of the damage type specified.
[16:51:16] 
[16:51:16] Absorption: 50%
[16:51:16] Value: 150
[16:51:16] Target: Self
[16:51:16] Duration: 10:00 min
[16:51:16] Casting time: Instant
[16:51:16] Function: melee health buffer
[16:51:16]  
[16:51:16] - Spell has a chance of casting when enemy strikes at this armor.
[16:51:16]  
[16:51:16] Armor Modifiers:
[16:51:16] - 102 Base Factor
[16:51:16] - 100 Clamped Factor
[16:51:16] - 27% Absorption
[16:51:16] - 100% Quality
[16:51:16] - 100% Condition
[16:51:16]  
[16:51:16] Effective Armor:
[16:51:16] - 127 Factor
[16:51:16] <End Info>
[16:51:17] <Begin Info: Tuscarian Monitor Gloves>
[16:51:17] Usable by:
[16:51:17] - Healer
[16:51:17]  
[16:51:17] Total Utility: 56
[16:51:17]  
[16:51:17] Magical Bonuses:
[16:51:17] 10.00 | Dexterity: +15 pts
[16:51:17] 16.00 | Constitution: +24 pts
[16:51:17] 12.00 | Hits: +48 pts
[16:51:17] 18.00 | Body: +9 %
[16:51:17]  
[16:51:17] Level Requirement: 50 Level
[16:51:17]  
[16:51:17] Magical Ability:
[16:51:17] Damages the target.
[16:51:17] 
[16:51:17] Damage: 95
[16:51:17] (This figure is modified by your specialization in the skill and your primary casting stat.)
[16:51:17] Target: Enemy Target
[16:51:17] Range: 1500
[16:51:17] Damage Type: Cold
[16:51:17] Casting time: Instant
[16:51:17]  
[16:51:17] - Spell has a chance of casting when enemy strikes at this armor.
[16:51:17]  
[16:51:17] Armor Modifiers:
[16:51:17] - 102 Base Factor
[16:51:17] - 100 Clamped Factor
[16:51:17] - 27% Absorption
[16:51:17] - 100% Quality
[16:51:17] - 100% Condition
[16:51:17]  
[16:51:17] Effective Armor:
[16:51:17] - 127 Factor
[16:51:17] <End Info>
[16:51:18] <Begin Info: Tuscarian Monitor Boots>
[16:51:18] Usable by:
[16:51:18] - Healer
[16:51:18]  
[16:51:18] Total Utility: 56
[16:51:18]  
[16:51:18] Magical Bonuses:
[16:51:18] 16.00 | Dexterity: +24 pts
[16:51:18] 10.00 | Piety: +15 pts
[16:51:18] 12.00 | Hits: +48 pts
[16:51:18] 18.00 | Matter: +9 %
[16:51:18]  
[16:51:18] Level Requirement: 50 Level
[16:51:18]  
[16:51:18] Magical Ability:
[16:51:18] Damages the target.
[16:51:18] 
[16:51:18] Damage: 95
[16:51:18] (This figure is modified by your specialization in the skill and your primary casting stat.)
[16:51:18] Target: Enemy Target
[16:51:18] Range: 1500
[16:51:18] Damage Type: Cold
[16:51:18] Casting time: Instant
[16:51:18]  
[16:51:18] - Spell has a chance of casting when enemy strikes at this armor.
[16:51:18]  
[16:51:18] Armor Modifiers:
[16:51:18] - 102 Base Factor
[16:51:18] - 100 Clamped Factor
[16:51:18] - 27% Absorption
[16:51:18] - 100% Quality
[16:51:18] - 100% Condition
[16:51:18]  
[16:51:18] Effective Armor:
[16:51:18] - 127 Factor
[16:51:18] <End Info>
[16:51:19] <Begin Info: Tuscarian Monitor Crown>
[16:51:19] Usable by:
[16:51:19] - Healer
[16:51:19]  
[16:51:19] Total Utility: 56
[16:51:19]  
[16:51:19] Magical Bonuses:
[16:51:19] 10.00 | Constitution: +15 pts
[16:51:19] 16.00 | Piety: +24 pts
[16:51:19] 12.00 | Hits: +48 pts
[16:51:19] 18.00 | Spirit: +9 %
[16:51:19]  
[16:51:19] Level Requirement: 50 Level
[16:51:19]  
[16:51:19] Magical Ability:
[16:51:19] Damages the target.
[16:51:19] 
[16:51:19] Damage: 95
[16:51:19] (This figure is modified by your specialization in the skill and your primary casting stat.)
[16:51:19] Target: Enemy Target
[16:51:19] Range: 1500
[16:51:19] Damage Type: Cold
[16:51:19] Casting time: Instant
[16:51:19]  
[16:51:19] - Spell has a chance of casting when enemy strikes at this armor.
[16:51:19]  
[16:51:19] Armor Modifiers:
[16:51:19] - 102 Base Factor
[16:51:19] - 100 Clamped Factor
[16:51:19] - 27% Absorption
[16:51:19] - 100% Quality
[16:51:19] - 100% Condition
[16:51:19]  
[16:51:19] Effective Armor:
[16:51:19] - 127 Factor
[16:51:19] <End Info>
[16:51:20] <Begin Info: Hakr's Hauberk>
[16:51:20] Usable by:
[16:51:20] - Skald
[16:51:20] - Thane
[16:51:20] - Warrior
[16:51:20]  
[16:51:20] Total Utility: 64
[16:51:20]  
[16:51:20] Magical Bonuses:
[16:51:20] 16.00 | Strength: +24 pts
[16:51:20] 16.00 | Dexterity: +24 pts
[16:51:20] 16.00 | Constitution: +24 pts
[16:51:20] 16.00 | Quickness: +24 pts
[16:51:20]  
[16:51:20] Level Requirement: 50 Level
[16:51:20]  
[16:51:20] Magical Ability:
[16:51:20] Spell line: Damage Add
[16:51:20] 
[16:51:20] Target's melee attacks do additional damage.
[16:51:20] 
[16:51:20] Target does additional damage with every melee swing.
[16:51:20] Damage: 11.3 DPS
[16:51:20] Target: Self
[16:51:20] Duration: 30 seconds
[16:51:20] Power cost: 0
[16:51:20] Casting time: Instant
[16:51:20]  
[16:51:20] - Spell has a chance of casting when enemy strikes at this armor.
[16:51:20]  
[16:51:20] Armor Modifiers:
[16:51:20] - 102 Base Factor
[16:51:20] - 100 Clamped Factor
[16:51:20] - 27% Absorption
[16:51:20] - 100% Quality
[16:51:20] - 100% Condition
[16:51:20]  
[16:51:20] Effective Armor:
[16:51:20] - 127 Factor
[16:51:20] <End Info>
[16:51:21] <Begin Info: Kvasir's Hauberk>
[16:51:21] Usable by:
[16:51:21] - Healer
[16:51:21] - Shaman
[16:51:21]  
[16:51:21] Total Utility: 70
[16:51:21]  
[16:51:21] Magical Bonuses:
[16:51:21] 16.00 | Piety: +24 pts
[16:51:21] 18.00 | Body: +9 %
[16:51:21] 18.00 | Matter: +9 %
[16:51:21] 18.00 | Spirit: +9 %
[16:51:21]  
[16:51:21] Level Requirement: 50 Level
[16:51:21]  
[16:51:21] Magical Ability:
[16:51:21] Damages the enemy target
[16:51:21] 
[16:51:21] Damage: 95
[16:51:21] (This figure is modified by your specialization in the skill and your primary casting stat.)
[16:51:21] Target: Enemy Target
[16:51:21] Range: 1500
[16:51:21] Damage Type: Heat
[16:51:21] Casting time: Instant
[16:51:21]  
[16:51:21] - Spell has a chance of casting when enemy strikes at this armor.
[16:51:21]  
[16:51:21] Armor Modifiers:
[16:51:21] - 102 Base Factor
[16:51:21] - 100 Clamped Factor
[16:51:21] - 27% Absorption
[16:51:21] - 100% Quality
[16:51:21] - 100% Condition
[16:51:21]  
[16:51:21] Effective Armor:
[16:51:21] - 127 Factor
[16:51:21] <End Info>
[16:51:22] <Begin Info: Barbed Ice Queen Crown>
[16:51:22] Usable by:
[16:51:22] - Skald
[16:51:22] - Thane
[16:51:22] - Warrior
[16:51:22]  
[16:51:22] Total Utility: 66
[16:51:22]  
[16:51:22] Magical Bonuses:
[16:51:22] 16.00 | Strength: +24 pts
[16:51:22] 16.00 | Dexterity: +24 pts
[16:51:22] 16.00 | Hits: +64 pts
[16:51:22] 18.00 | Crush: +9 %
[16:51:22]  
[16:51:22] Level Requirement: 50 Level
[16:51:22]  
[16:51:22] Magical Ability:
[16:51:22] Damages the target.
[16:51:22] 
[16:51:22] Damage: 50
[16:51:22] (This figure is modified by your specialization in the skill and your primary casting stat.)
[16:51:22] Target: Enemy Target
[16:51:22] Range: 1500
[16:51:22] Damage Type: Cold
[16:51:22] Casting time: Instant
[16:51:22]  
[16:51:22] - Spell has a chance of casting when enemy strikes at this armor.
[16:51:22]  
[16:51:22] Armor Modifiers:
[16:51:22] - 102 Base Factor
[16:51:22] - 100 Clamped Factor
[16:51:22] - 27% Absorption
[16:51:22] - 100% Quality
[16:51:22] - 100% Condition
[16:51:22]  
[16:51:22] Effective Armor:
[16:51:22] - 127 Factor
[16:51:22] <End Info>

*** Chat Log Closed: Sun May 30 16:51:24 2021


*** Chat Log Opened: Sun May 30 17:03:46 2021

[17:03:46]                                       
[17:03:48] You target [Bjorn's Assistant]
You examine Bjorn's Assistant. He is friendly towards you and is a merchant.
[Right click to display a shop window]
[17:03:48] @@Bjorn's Assistant says, "You can buy items here for Phoenix Feathers."
[17:03:49] You need 20000 Phoenix Feather to buy Brittlebone Vest.
[17:03:49] You need 15000 Phoenix Feather to buy Brittlebone Pants.
[17:03:50] You need 15000 Phoenix Feather to buy Brittlebone Sleeves.
[17:03:51] You need 10000 Phoenix Feather to buy Brittlebone Gloves.
[17:03:51] You need 10000 Phoenix Feather to buy Brittlebone Boots.
[17:03:51] @@[LFG] Fluppy (50, Savage): FZ raid
[17:03:52] You need 15000 Phoenix Feather to buy Brittlebone Crown.
[17:03:52] You need 20000 Phoenix Feather to buy Runed Tuscarian Vest.
[17:03:53] You need 15000 Phoenix Feather to buy Runed Tuscarian Pants.
[17:03:53] You need 15000 Phoenix Feather to buy Runed Tuscarian Sleeves.
[17:03:54] You need 10000 Phoenix Feather to buy Runed Tuscarian Gloves.
[17:03:55] You need 10000 Phoenix Feather to buy Runed Tuscarian Boots.
[17:03:55] You need 15000 Phoenix Feather to buy Runed Tuscarian Crown.
[17:03:56] You need 20000 Phoenix Feather to buy Soul-scarred Vest.
[17:03:56] You need 15000 Phoenix Feather to buy Soul-scarred Pants.
[17:03:57] You need 15000 Phoenix Feather to buy Soul-scarred Sleeves.
[17:03:57] You need 10000 Phoenix Feather to buy Soul-scarred Gloves.
[17:03:58] You need 10000 Phoenix Feather to buy Soul-scarred Boots.
[17:03:58] You need 15000 Phoenix Feather to buy Soul-scarred Crown.
[17:03:59] You need 15000 Phoenix Feather to buy Suttung's Spiteful Vest.
[17:04:00] You need 15000 Phoenix Feather to buy Suttung's Vest of Clarity.
[17:04:00] You need 15000 Phoenix Feather to buy Woven Ice Queen Crown.
[17:04:02] You need 20000 Phoenix Feather to buy Ice-Shadow Jerkin.
[17:04:03] @@[Trade] Nealie: tg in 55 mins
[17:04:03] You need 15000 Phoenix Feather to buy Ice-Shadow Leggings.
[17:04:03] You need 15000 Phoenix Feather to buy Ice-Shadow Sleeves.
[17:04:04] You need 10000 Phoenix Feather to buy Ice-Shadow Gloves.
[17:04:05] You need 10000 Phoenix Feather to buy Ice-Shadow Boots.
[17:04:05] You need 15000 Phoenix Feather to buy Ice-Shadow Crown.
[17:04:06] You need 15000 Phoenix Feather to buy Birghirian Hauberk.
[17:04:06] You need 15000 Phoenix Feather to buy Jailor's Gloves.
[17:04:07] You need 15000 Phoenix Feather to buy Shadowed Ice Queen Crown.
[17:04:09] You need 20000 Phoenix Feather to buy Dragon-shadow Vest.
[17:04:09] You need 15000 Phoenix Feather to buy Dragon-shadow Leggings.
[17:04:10] You need 15000 Phoenix Feather to buy Dragon-shadow Sleeves.
[17:04:11] You need 10000 Phoenix Feather to buy Dragon-shadow Gauntlets.
[17:04:11] You need 10000 Phoenix Feather to buy Dragon-shadow Boots.
[17:04:12] You need 15000 Phoenix Feather to buy Dragon-shadow Crown.
[17:04:13] You need 20000 Phoenix Feather to buy Tuscarian Clan Vest.
[17:04:13] You need 15000 Phoenix Feather to buy Tuscarian Clan Leggings.
[17:04:14] You need 15000 Phoenix Feather to buy Tuscarian Clan Sleeves.
[17:04:14] You need 10000 Phoenix Feather to buy Tuscarian Clan Gauntlets.
[17:04:15] @@[LFG] Nealie (50, Shadowblade): tg in 55 mins
[17:04:15] You need 10000 Phoenix Feather to buy Tuscarian Clan Boots.
[17:04:15] You need 15000 Phoenix Feather to buy Tuscarian Clan Crown.
[17:04:16] You need 20000 Phoenix Feather to buy Wintery Seeker's Vest.
[17:04:17] You need 15000 Phoenix Feather to buy Wintery Seeker's Leggings.
[17:04:18] You need 15000 Phoenix Feather to buy Wintery Seeker's Sleeves.
[17:04:18] You need 10000 Phoenix Feather to buy Wintery Seeker's Gloves.
[17:04:19] You need 10000 Phoenix Feather to buy Wintery Seeker's Boots.
[17:04:20] You need 15000 Phoenix Feather to buy Wintery Seeker's Crown.
[17:04:20] You need 15000 Phoenix Feather to buy Ancient Spined Skin.
[17:04:21] You need 15000 Phoenix Feather to buy Spiked Jailor's Gloves.
[17:04:21] You need 15000 Phoenix Feather to buy Crystaline Ice Queen Crown.
[17:04:23] You need 20000 Phoenix Feather to buy Tuscarian Oracle Vest.
[17:04:24] You need 15000 Phoenix Feather to buy Tuscarian Oracle Leggings.
[17:04:25] You need 15000 Phoenix Feather to buy Tuscarian Oracle Sleeves.
[17:04:25] You need 10000 Phoenix Feather to buy Tuscarian Oracle Gloves.
[17:04:26] You need 10000 Phoenix Feather to buy Tuscarian Oracle Boots.
[17:04:26] @@[LFG] Healeress (50, Healer): need 2 SM for moderna
[17:04:27] You need 15000 Phoenix Feather to buy Tuscarian Oracle Crown.
[17:04:27] You need 20000 Phoenix Feather to buy Tuscarian Discordant Hauberk.
[17:04:28] You need 15000 Phoenix Feather to buy Tuscarian Discordant Leggings.
[17:04:29] You need 15000 Phoenix Feather to buy Tuscarian Discordant Sleeves.
[17:04:30] You need 10000 Phoenix Feather to buy Tuscarian Discordant Gloves.
[17:04:31] You need 10000 Phoenix Feather to buy Tuscarian Discordant Boots.
[17:04:31] You need 15000 Phoenix Feather to buy Tuscarian Discordant Crown.
[17:04:32] You need 20000 Phoenix Feather to buy Tuscarian Bloodforged Hauberk.
[17:04:33] You need 15000 Phoenix Feather to buy Tuscarian Bloodforged Leggings.
[17:04:33] You need 15000 Phoenix Feather to buy Tuscarian Bloodforged Sleeves.
[17:04:34] You need 10000 Phoenix Feather to buy Tuscarian Bloodforged Gloves.
[17:04:35] You need 10000 Phoenix Feather to buy Tuscarian Bloodforged Boots.
[17:04:35] @@[LFG] Chuvaxoxox (50, Healer): LFG DS: Healer, SM, zerk, sham, RM, BD
[17:04:35] You need 15000 Phoenix Feather to buy Tuscarian Bloodforged Crown.
[17:04:36] You need 20000 Phoenix Feather to buy Foe Hammer's Vest.
[17:04:36] You need 15000 Phoenix Feather to buy Foe Hammer's Leggings.
[17:04:37] You need 15000 Phoenix Feather to buy Foe Hammer's Sleeves.
[17:04:38] You need 10000 Phoenix Feather to buy Foe Hammer's Gloves.
[17:04:39] You need 10000 Phoenix Feather to buy Foe Hammer's Boots.
[17:04:39] You need 15000 Phoenix Feather to buy Foe Hammer's Crown.
[17:04:41] You need 20000 Phoenix Feather to buy Tuscarian Monitor Vest.
[17:04:42] You need 15000 Phoenix Feather to buy Tuscarian Monitor Leggings.
[17:04:42] @@[LFG] Healeress (50, Healer): need 2 SM for moderna 42 +
[17:04:42] You need 15000 Phoenix Feather to buy Tuscarian Monitor Sleeves.
[17:04:43] You need 10000 Phoenix Feather to buy Tuscarian Monitor Gloves.
[17:04:44] You need 10000 Phoenix Feather to buy Tuscarian Monitor Boots.
[17:04:44] You need 15000 Phoenix Feather to buy Tuscarian Monitor Crown.
[17:04:45] You need 15000 Phoenix Feather to buy Hakr's Hauberk.
[17:04:46] You need 15000 Phoenix Feather to buy Kvasir's Hauberk.
[17:04:47] You need 15000 Phoenix Feather to buy Barbed Ice Queen Crown.

*** Chat Log Closed: Sun May 30 17:04:49 2021



